#
# There is insufficient memory for the Java Runtime Environment to continue.
# Native memory allocation (malloc) failed to allocate 1518416 bytes for Chunk::new
# Possible reasons:
#   The system is out of physical RAM or swap space
#   The process is running with CompressedOops enabled, and the Java Heap may be blocking the growth of the native heap
# Possible solutions:
#   Reduce memory load on the system
#   Increase physical memory or swap space
#   Check if swap backing store is full
#   Decrease Java heap size (-Xmx/-Xms)
#   Decrease number of Java threads
#   Decrease Java thread stack sizes (-Xss)
#   Set larger code cache with -XX:ReservedCodeCacheSize=
#   JVM is running with Zero Based Compressed Oops mode in which the Java heap is
#     placed in the first 32GB address space. The Java Heap base address is the
#     maximum limit for the native heap growth. Please use -XX:HeapBaseMinAddress
#     to set the Java Heap base and to place the Java Heap above 32GB virtual address.
# This output file may be truncated or incomplete.
#
#  Out of Memory Error (allocation.cpp:389), pid=10236, tid=0x0000000000001b10
#
# JRE version: Java(TM) SE Runtime Environment (8.0_241-b07) (build 1.8.0_241-b07)
# Java VM: Java HotSpot(TM) 64-Bit Server VM (25.241-b07 mixed mode windows-amd64 compressed oops)
# Failed to write core dump. Minidumps are not enabled by default on client versions of Windows
#

---------------  T H R E A D  ---------------

Current thread (0x0000000052418800):  JavaThread "C2 CompilerThread0" daemon [_thread_in_native, id=6928, stack(0x0000000057030000,0x0000000057130000)]

Stack: [0x0000000057030000,0x0000000057130000]
[error occurred during error reporting (printing stack bounds), id 0xc0000005]

Native frames: (J=compiled Java code, j=interpreted, Vv=VM code, C=native code)


Current CompileTask:
C2:  53634 2699       4       soot.jimple.toolkits.base.Aggregator::internalAggregate (914 bytes)


---------------  P R O C E S S  ---------------

Java Threads: ( => current thread )
  0x000000005d961000 JavaThread "Service Thread" daemon [_thread_blocked, id=3440, stack(0x000000083e800000,0x000000087d000000)]
  0x000000005d919800 JavaThread "C1 CompilerThread2" daemon [_thread_blocked, id=6036, stack(0x000000005dde0000,0x000000005dee0000)]
  0x000000005d8fd000 JavaThread "C2 CompilerThread1" daemon [_thread_in_native, id=10304, stack(0x000000005dce0000,0x000000005dde0000)]
=>0x0000000052418800 JavaThread "C2 CompilerThread0" daemon [_thread_in_native, id=6928, stack(0x0000000057030000,0x0000000057130000)]
  0x0000000052417000 JavaThread "Attach Listener" daemon [_thread_blocked, id=10176, stack(0x0000000800000000,0x000000083e800000)]
  0x0000000052413800 JavaThread "Signal Dispatcher" daemon [_thread_blocked, id=10184, stack(0x000000012dd30000,0x000000016c530000)]
  0x00000000523b0000 JavaThread "Finalizer" daemon [_thread_blocked, id=6968, stack(0x00000000ef530000,0x000000012dd30000)]
  0x00000000014f2000 JavaThread "Reference Handler" daemon [_thread_blocked, id=9416, stack(0x00000000b0d30000,0x00000000ef530000)]
  0x0000000001402800 JavaThread "main" [_thread_in_Java, id=6728, stack(0x0000000003b70000,0x0000000042370000)]

Other Threads:
  0x0000000052387800 VMThread [stack: 0x0000000053270000,0x0000000053370000] [id=4308]
  0x000000005d9aa000 WatcherThread [stack: 0x000000005dee0000,0x000000005dfe0000] [id=9752]

VM state:not at safepoint (normal execution)

VM Mutex/Monitor currently owned by a thread: None

heap address: 0x00000001a5800000, size: 25000 MB, Compressed Oops mode: Zero based, Oop shift amount: 3
Narrow klass base: 0x0000000000000000, Narrow klass shift: 3
Compressed class space size: 1073741824 Address: 0x00000007c0000000

Heap:
 PSYoungGen      total 791552K, used 110122K [0x00000005b7300000, 0x00000005f4400000, 0x00000007c0000000)
  eden space 755712K, 11% used [0x00000005b7300000,0x00000005bcb6a330,0x00000005e5500000)
  from space 35840K, 54% used [0x00000005e5500000,0x00000005e6820528,0x00000005e7800000)
  to   space 33792K, 0% used [0x00000005f2300000,0x00000005f2300000,0x00000005f4400000)
 ParOldGen       total 190976K, used 146804K [0x00000001a5800000, 0x00000001b1280000, 0x00000005b7300000)
  object space 190976K, 76% used [0x00000001a5800000,0x00000001ae75d058,0x00000001b1280000)
 Metaspace       used 10779K, capacity 10916K, committed 11136K, reserved 1058816K
  class space    used 1348K, capacity 1401K, committed 1408K, reserved 1048576K

Card table byte_map: [0x0000000053c20000,0x0000000056d00000] byte_map_base: 0x0000000052ef4000

Marking Bits: (ParMarkBitMap*) 0x0000000053b9be30
 Begin Bits: [0x000000007fff0000, 0x0000000098690000)
 End Bits:   [0x0000000098690000, 0x00000000b0d30000)

Polling page: 0x0000000001210000

CodeCache: size=245760Kb used=13324Kb max_used=13337Kb free=232436Kb
 bounds [0x0000000042370000, 0x00000000430c0000, 0x0000000051370000]
 total_blobs=2481 nmethods=2173 adapters=221
 compilation: enabled

Compilation events (10 events):
Event: 53.601 Thread 0x000000005d8fd000 nmethod 2570 0x0000000042fd8e90 code [0x0000000042fd8fc0, 0x0000000042fd90f8]
Event: 53.601 Thread 0x000000005d8fd000 2503       4       soot.util.PhaseDumper::dumpBefore (47 bytes)
Event: 53.604 Thread 0x000000005d8fd000 nmethod 2503 0x0000000042757a90 code [0x0000000042757be0, 0x0000000042757f98]
Event: 53.604 Thread 0x000000005d8fd000 2737  s    4       java.util.Hashtable::put (104 bytes)
Event: 53.608 Thread 0x000000005d8fd000 nmethod 2737 0x0000000042b9e010 code [0x0000000042b9e180, 0x0000000042b9e7d8]
Event: 53.608 Thread 0x000000005d8fd000 2504       4       soot.util.PhaseDumper::dumpAfter (82 bytes)
Event: 53.609 Thread 0x000000005d8fd000 nmethod 2504 0x0000000042513590 code [0x00000000425136e0, 0x0000000042513878]
Event: 53.609 Thread 0x000000005d8fd000 2598       4       soot.toolkits.graph.ExceptionalUnitGraph::addDestToMap (96 bytes)
Event: 53.620 Thread 0x000000005d8fd000 nmethod 2598 0x0000000042895410 code [0x0000000042895600, 0x0000000042896488]
Event: 53.620 Thread 0x000000005d8fd000 2260       4       soot.PatchingChain::remove (55 bytes)

GC Heap History (10 events):
Event: 49.049 GC heap before
{Heap before GC invocations=15 (full 1):
 PSYoungGen      total 549888K, used 524768K [0x00000005b7300000, 0x00000005e9c80000, 0x00000007c0000000)
  eden space 510976K, 100% used [0x00000005b7300000,0x00000005d6600000,0x00000005d6600000)
  from space 38912K, 35% used [0x00000005d6600000,0x00000005d7378030,0x00000005d8c00000)
  to   space 37376K, 0% used [0x00000005e7800000,0x00000005e7800000,0x00000005e9c80000)
 ParOldGen       total 150528K, used 122559K [0x00000001a5800000, 0x00000001aeb00000, 0x00000005b7300000)
  object space 150528K, 81% used [0x00000001a5800000,0x00000001acfafec8,0x00000001aeb00000)
 Metaspace       used 10573K, capacity 10724K, committed 10880K, reserved 1058816K
  class space    used 1335K, capacity 1401K, committed 1408K, reserved 1048576K
Event: 49.086 GC heap after
Heap after GC invocations=15 (full 1):
 PSYoungGen      total 793088K, used 12192K [0x00000005b7300000, 0x00000005ea280000, 0x00000007c0000000)
  eden space 755712K, 0% used [0x00000005b7300000,0x00000005b7300000,0x00000005e5500000)
  from space 37376K, 32% used [0x00000005e7800000,0x00000005e83e82c0,0x00000005e9c80000)
  to   space 35840K, 0% used [0x00000005e5500000,0x00000005e5500000,0x00000005e7800000)
 ParOldGen       total 150528K, used 136350K [0x00000001a5800000, 0x00000001aeb00000, 0x00000005b7300000)
  object space 150528K, 90% used [0x00000001a5800000,0x00000001add27ab8,0x00000001aeb00000)
 Metaspace       used 10573K, capacity 10724K, committed 10880K, reserved 1058816K
  class space    used 1335K, capacity 1401K, committed 1408K, reserved 1048576K
}
Event: 49.086 GC heap before
{Heap before GC invocations=16 (full 2):
 PSYoungGen      total 793088K, used 12192K [0x00000005b7300000, 0x00000005ea280000, 0x00000007c0000000)
  eden space 755712K, 0% used [0x00000005b7300000,0x00000005b7300000,0x00000005e5500000)
  from space 37376K, 32% used [0x00000005e7800000,0x00000005e83e82c0,0x00000005e9c80000)
  to   space 35840K, 0% used [0x00000005e5500000,0x00000005e5500000,0x00000005e7800000)
 ParOldGen       total 150528K, used 136350K [0x00000001a5800000, 0x00000001aeb00000, 0x00000005b7300000)
  object space 150528K, 90% used [0x00000001a5800000,0x00000001add27ab8,0x00000001aeb00000)
 Metaspace       used 10573K, capacity 10724K, committed 10880K, reserved 1058816K
  class space    used 1335K, capacity 1401K, committed 1408K, reserved 1048576K
Event: 49.392 GC heap after
Heap after GC invocations=16 (full 2):
 PSYoungGen      total 793088K, used 0K [0x00000005b7300000, 0x00000005ea280000, 0x00000007c0000000)
  eden space 755712K, 0% used [0x00000005b7300000,0x00000005b7300000,0x00000005e5500000)
  from space 37376K, 0% used [0x00000005e7800000,0x00000005e7800000,0x00000005e9c80000)
  to   space 35840K, 0% used [0x00000005e5500000,0x00000005e5500000,0x00000005e7800000)
 ParOldGen       total 190976K, used 109111K [0x00000001a5800000, 0x00000001b1280000, 0x00000005b7300000)
  object space 190976K, 57% used [0x00000001a5800000,0x00000001ac28df68,0x00000001b1280000)
 Metaspace       used 10573K, capacity 10724K, committed 10880K, reserved 1058816K
  class space    used 1335K, capacity 1401K, committed 1408K, reserved 1048576K
}
Event: 50.870 GC heap before
{Heap before GC invocations=17 (full 2):
 PSYoungGen      total 793088K, used 755712K [0x00000005b7300000, 0x00000005ea280000, 0x00000007c0000000)
  eden space 755712K, 100% used [0x00000005b7300000,0x00000005e5500000,0x00000005e5500000)
  from space 37376K, 0% used [0x00000005e7800000,0x00000005e7800000,0x00000005e9c80000)
  to   space 35840K, 0% used [0x00000005e5500000,0x00000005e5500000,0x00000005e7800000)
 ParOldGen       total 190976K, used 109111K [0x00000001a5800000, 0x00000001b1280000, 0x00000005b7300000)
  object space 190976K, 57% used [0x00000001a5800000,0x00000001ac28df68,0x00000001b1280000)
 Metaspace       used 10586K, capacity 10724K, committed 10880K, reserved 1058816K
  class space    used 1335K, capacity 1401K, committed 1408K, reserved 1048576K
Event: 50.891 GC heap after
Heap after GC invocations=17 (full 2):
 PSYoungGen      total 791552K, used 16192K [0x00000005b7300000, 0x00000005ea280000, 0x00000007c0000000)
  eden space 755712K, 0% used [0x00000005b7300000,0x00000005b7300000,0x00000005e5500000)
  from space 35840K, 45% used [0x00000005e5500000,0x00000005e64d0030,0x00000005e7800000)
  to   space 37376K, 0% used [0x00000005e7800000,0x00000005e7800000,0x00000005e9c80000)
 ParOldGen       total 190976K, used 109119K [0x00000001a5800000, 0x00000001b1280000, 0x00000005b7300000)
  object space 190976K, 57% used [0x00000001a5800000,0x00000001ac28ff68,0x00000001b1280000)
 Metaspace       used 10586K, capacity 10724K, committed 10880K, reserved 1058816K
  class space    used 1335K, capacity 1401K, committed 1408K, reserved 1048576K
}
Event: 52.273 GC heap before
{Heap before GC invocations=18 (full 2):
 PSYoungGen      total 791552K, used 771904K [0x00000005b7300000, 0x00000005ea280000, 0x00000007c0000000)
  eden space 755712K, 100% used [0x00000005b7300000,0x00000005e5500000,0x00000005e5500000)
  from space 35840K, 45% used [0x00000005e5500000,0x00000005e64d0030,0x00000005e7800000)
  to   space 37376K, 0% used [0x00000005e7800000,0x00000005e7800000,0x00000005e9c80000)
 ParOldGen       total 190976K, used 109119K [0x00000001a5800000, 0x00000001b1280000, 0x00000005b7300000)
  object space 190976K, 57% used [0x00000001a5800000,0x00000001ac28ff68,0x00000001b1280000)
 Metaspace       used 10717K, capacity 10852K, committed 11136K, reserved 1058816K
  class space    used 1343K, capacity 1401K, committed 1408K, reserved 1048576K
Event: 52.314 GC heap after
Heap after GC invocations=18 (full 2):
 PSYoungGen      total 793088K, used 21728K [0x00000005b7300000, 0x00000005ea280000, 0x00000007c0000000)
  eden space 755712K, 0% used [0x00000005b7300000,0x00000005b7300000,0x00000005e5500000)
  from space 37376K, 58% used [0x00000005e7800000,0x00000005e8d38070,0x00000005e9c80000)
  to   space 35840K, 0% used [0x00000005e5500000,0x00000005e5500000,0x00000005e7800000)
 ParOldGen       total 190976K, used 125287K [0x00000001a5800000, 0x00000001b1280000, 0x00000005b7300000)
  object space 190976K, 65% used [0x00000001a5800000,0x00000001ad259f98,0x00000001b1280000)
 Metaspace       used 10717K, capacity 10852K, committed 11136K, reserved 1058816K
  class space    used 1343K, capacity 1401K, committed 1408K, reserved 1048576K
}
Event: 53.457 GC heap before
{Heap before GC invocations=19 (full 2):
 PSYoungGen      total 793088K, used 777440K [0x00000005b7300000, 0x00000005ea280000, 0x00000007c0000000)
  eden space 755712K, 100% used [0x00000005b7300000,0x00000005e5500000,0x00000005e5500000)
  from space 37376K, 58% used [0x00000005e7800000,0x00000005e8d38070,0x00000005e9c80000)
  to   space 35840K, 0% used [0x00000005e5500000,0x00000005e5500000,0x00000005e7800000)
 ParOldGen       total 190976K, used 125287K [0x00000001a5800000, 0x00000001b1280000, 0x00000005b7300000)
  object space 190976K, 65% used [0x00000001a5800000,0x00000001ad259f98,0x00000001b1280000)
 Metaspace       used 10779K, capacity 10916K, committed 11136K, reserved 1058816K
  class space    used 1348K, capacity 1401K, committed 1408K, reserved 1048576K
Event: 53.503 GC heap after
Heap after GC invocations=19 (full 2):
 PSYoungGen      total 791552K, used 19585K [0x00000005b7300000, 0x00000005f4400000, 0x00000007c0000000)
  eden space 755712K, 0% used [0x00000005b7300000,0x00000005b7300000,0x00000005e5500000)
  from space 35840K, 54% used [0x00000005e5500000,0x00000005e6820528,0x00000005e7800000)
  to   space 33792K, 0% used [0x00000005f2300000,0x00000005f2300000,0x00000005f4400000)
 ParOldGen       total 190976K, used 146804K [0x00000001a5800000, 0x00000001b1280000, 0x00000005b7300000)
  object space 190976K, 76% used [0x00000001a5800000,0x00000001ae75d058,0x00000001b1280000)
 Metaspace       used 10779K, capacity 10916K, committed 11136K, reserved 1058816K
  class space    used 1348K, capacity 1401K, committed 1408K, reserved 1048576K
}

Deoptimization events (10 events):
Event: 51.489 Thread 0x0000000001402800 Uncommon trap: reason=bimorphic action=maybe_recompile pc=0x0000000042fb2aec method=java.util.Collections$UnmodifiableCollection$1.<init>(Ljava/util/Collections$UnmodifiableCollection;)V @ 17
Event: 51.489 Thread 0x0000000001402800 Uncommon trap: reason=bimorphic action=maybe_recompile pc=0x0000000042fb2aec method=java.util.Collections$UnmodifiableCollection$1.<init>(Ljava/util/Collections$UnmodifiableCollection;)V @ 17
Event: 51.489 Thread 0x0000000001402800 Uncommon trap: reason=bimorphic action=maybe_recompile pc=0x0000000042fb2aec method=java.util.Collections$UnmodifiableCollection$1.<init>(Ljava/util/Collections$UnmodifiableCollection;)V @ 17
Event: 51.489 Thread 0x0000000001402800 Uncommon trap: reason=bimorphic action=maybe_recompile pc=0x0000000042fb2aec method=java.util.Collections$UnmodifiableCollection$1.<init>(Ljava/util/Collections$UnmodifiableCollection;)V @ 17
Event: 51.814 Thread 0x0000000001402800 Uncommon trap: reason=unstable_if action=reinterpret pc=0x0000000042e7ebbc method=soot.jimple.toolkits.typing.fast.AugHierarchy.ancestor_(Lsoot/Type;Lsoot/Type;)Z @ 181
Event: 51.851 Thread 0x0000000001402800 Uncommon trap: reason=unstable_if action=reinterpret pc=0x00000000425d8130 method=soot.jimple.toolkits.typing.fast.TypeResolver.typesEqual(Lsoot/Type;Lsoot/Type;)Z @ 32
Event: 52.207 Thread 0x0000000001402800 Uncommon trap: reason=null_check action=make_not_entrant pc=0x00000000430079e0 method=soot.jimple.toolkits.callgraph.VirtualCalls.resolveNonSpecial(Lsoot/RefType;Lsoot/util/NumberedString;)Lsoot/SootMethod; @ 45
Event: 52.252 Thread 0x0000000001402800 Uncommon trap: reason=unstable_if action=reinterpret pc=0x0000000042fee680 method=soot.FastHierarchy.canStoreType(Lsoot/Type;Lsoot/Type;)Z @ 370
Event: 52.503 Thread 0x0000000001402800 Uncommon trap: reason=unloaded action=reinterpret pc=0x0000000042bc6cfc method=soot.coffi.ByteCode.disassemble_bytecode([BI)Lsoot/coffi/Instruction; @ 2115
Event: 53.396 Thread 0x0000000001402800 Uncommon trap: reason=null_check action=make_not_entrant pc=0x000000004293253c method=soot.jimple.toolkits.callgraph.VirtualCalls.resolveNonSpecial(Lsoot/RefType;Lsoot/util/NumberedString;)Lsoot/SootMethod; @ 8

Classes redefined (0 events):
No events

Internal exceptions (10 events):
Event: 39.561 Thread 0x0000000001402800 Implicit null exception at 0x00000000428462e9 to 0x000000004284679d
Event: 39.859 Thread 0x0000000001402800 Implicit null exception at 0x0000000042732b15 to 0x0000000042734d61
Event: 40.816 Thread 0x0000000001402800 Implicit null exception at 0x00000000427d642f to 0x00000000427d649d
Event: 42.264 Thread 0x0000000001402800 Implicit null exception at 0x00000000428e1943 to 0x00000000428e1be5
Event: 42.264 Thread 0x0000000001402800 Implicit null exception at 0x00000000428ddfe8 to 0x00000000428de345
Event: 42.828 Thread 0x0000000001402800 Implicit null exception at 0x000000004294c4b7 to 0x000000004294c609
Event: 51.275 Thread 0x0000000001402800 Implicit null exception at 0x0000000042a1c68d to 0x0000000042a1c7f9
Event: 51.275 Thread 0x0000000001402800 Implicit null exception at 0x0000000042abd208 to 0x0000000042abd2c9
Event: 52.207 Thread 0x0000000001402800 Implicit null exception at 0x000000004300536a to 0x00000000430079b5
Event: 53.396 Thread 0x0000000001402800 Implicit null exception at 0x0000000042930a56 to 0x0000000042932515

Events (10 events):
Event: 53.425 Thread 0x0000000001402800 DEOPT PACKING pc=0x0000000042c4f301 sp=0x000000004236e0c0
Event: 53.425 Thread 0x0000000001402800 DEOPT UNPACKING pc=0x00000000423b7490 sp=0x000000004236e080 mode 0
Event: 53.457 Executing VM operation: ParallelGCFailedAllocation
Event: 53.503 Executing VM operation: ParallelGCFailedAllocation done
Event: 53.522 Thread 0x0000000001402800 DEOPT PACKING pc=0x0000000042c26ccf sp=0x000000004236e210
Event: 53.522 Thread 0x0000000001402800 DEOPT UNPACKING pc=0x00000000423b7490 sp=0x000000004236e010 mode 0
Event: 53.530 Thread 0x0000000001402800 DEOPT PACKING pc=0x0000000042eb9ee1 sp=0x000000004236e180
Event: 53.530 Thread 0x0000000001402800 DEOPT UNPACKING pc=0x00000000423b7490 sp=0x000000004236df88 mode 0
Event: 53.545 Thread 0x0000000001402800 DEOPT PACKING pc=0x0000000042c4f4a5 sp=0x000000004236e0c0
Event: 53.545 Thread 0x0000000001402800 DEOPT UNPACKING pc=0x00000000423b7490 sp=0x000000004236e080 mode 0


Dynamic libraries:
0x00007ff6c4b10000 - 0x00007ff6c4b47000 	C:\Program Files\Java\jre1.8.0_241\bin\javaw.exe
0x00007ffdd34f0000 - 0x00007ffdd36c0000 	C:\Windows\SYSTEM32\ntdll.dll
0x00007ffdd0ce0000 - 0x00007ffdd0d8c000 	C:\Windows\System32\KERNEL32.DLL
0x00007ffdcfd50000 - 0x00007ffdcff6d000 	C:\Windows\System32\KERNELBASE.dll
0x00007ffdd14d0000 - 0x00007ffdd1572000 	C:\Windows\System32\ADVAPI32.dll
0x00007ffdd1590000 - 0x00007ffdd162e000 	C:\Windows\System32\msvcrt.dll
0x00007ffdd1630000 - 0x00007ffdd1689000 	C:\Windows\System32\sechost.dll
0x00007ffdd1be0000 - 0x00007ffdd1d01000 	C:\Windows\System32\RPCRT4.dll
0x00007ffdd0e90000 - 0x00007ffdd0ff5000 	C:\Windows\System32\USER32.dll
0x00007ffdcfb30000 - 0x00007ffdcfb4e000 	C:\Windows\System32\win32u.dll
0x00007ffdd1690000 - 0x00007ffdd16c4000 	C:\Windows\System32\GDI32.dll
0x00007ffdcfb50000 - 0x00007ffdcfcd1000 	C:\Windows\System32\gdi32full.dll
0x00007ffdc76e0000 - 0x00007ffdc795a000 	C:\Windows\WinSxS\amd64_microsoft.windows.common-controls_6595b64144ccf1df_6.0.14393.3053_none_7de042968342015d\COMCTL32.dll
0x00007ffdd1200000 - 0x00007ffdd14c5000 	C:\Windows\System32\combase.dll
0x00007ffdd0820000 - 0x00007ffdd0914000 	C:\Windows\System32\ucrtbase.dll
0x00007ffdcfce0000 - 0x00007ffdcfd4a000 	C:\Windows\System32\bcryptPrimitives.dll
0x00007ffdd0b40000 - 0x00007ffdd0b6e000 	C:\Windows\System32\IMM32.DLL
0x0000000180000000 - 0x000000018000d000 	C:\Windows\KATRK64.DLL
0x00007ffdcdf20000 - 0x00007ffdcdf33000 	C:\Windows\SYSTEM32\WTSAPI32.dll
0x00007ffdc7460000 - 0x00007ffdc750c000 	C:\Windows\system32\tmumh\20019\AddOn\7.0.0.1169\TmUmEvt64.dll
0x00007ffdd1d70000 - 0x00007ffdd1d78000 	C:\Windows\System32\PSAPI.DLL
0x00007ffdd0ae0000 - 0x00007ffdd0b32000 	C:\Windows\System32\SHLWAPI.dll
0x0000000057140000 - 0x000000005725a000 	C:\Windows\system32\tmumh\20019\TmMon\2.5.0.2095\tmmon64.dll
0x0000000053080000 - 0x0000000053152000 	C:\Program Files\Java\jre1.8.0_241\bin\msvcr100.dll
0x0000000053370000 - 0x0000000053c1c000 	C:\Program Files\Java\jre1.8.0_241\bin\server\jvm.dll
0x00007ffdbefd0000 - 0x00007ffdbefd9000 	C:\Windows\SYSTEM32\WSOCK32.dll
0x00007ffdd1740000 - 0x00007ffdd17aa000 	C:\Windows\System32\WS2_32.dll
0x00007ffdc9cc0000 - 0x00007ffdc9ce3000 	C:\Windows\SYSTEM32\WINMM.dll
0x00007ffdc5290000 - 0x00007ffdc529a000 	C:\Windows\SYSTEM32\VERSION.dll
0x00007ffdc9c90000 - 0x00007ffdc9cbb000 	C:\Windows\SYSTEM32\WINMMBASE.dll
0x00007ffdd0920000 - 0x00007ffdd0962000 	C:\Windows\System32\cfgmgr32.dll
0x00007ffdbb8e0000 - 0x00007ffdbb8ef000 	C:\Program Files\Java\jre1.8.0_241\bin\verify.dll
0x00007ffdbb8b0000 - 0x00007ffdbb8d9000 	C:\Program Files\Java\jre1.8.0_241\bin\java.dll
0x00007ffdbb890000 - 0x00007ffdbb8a6000 	C:\Program Files\Java\jre1.8.0_241\bin\zip.dll
0x000000005c3d0000 - 0x000000005d8d5000 	C:\Windows\System32\SHELL32.dll
0x00007ffdd0140000 - 0x00007ffdd081a000 	C:\Windows\System32\windows.storage.dll
0x00007ffdcf990000 - 0x00007ffdcf9dc000 	C:\Windows\System32\powrprof.dll
0x00007ffdcf980000 - 0x00007ffdcf98f000 	C:\Windows\System32\kernel.appcore.dll
0x00007ffdd0970000 - 0x00007ffdd0a19000 	C:\Windows\System32\shcore.dll
0x00007ffdcf960000 - 0x00007ffdcf974000 	C:\Windows\System32\profapi.dll
0x00007ffdbb870000 - 0x00007ffdbb88a000 	C:\Program Files\Java\jre1.8.0_241\bin\net.dll
0x00007ffdcf210000 - 0x00007ffdcf26c000 	C:\Windows\system32\mswsock.dll
0x00007ffdbb850000 - 0x00007ffdbb862000 	C:\Program Files\Java\jre1.8.0_241\bin\nio.dll

VM Arguments:
jvm_args: -Xss1000m -Xmx25000M -Dfile.encoding=UTF-8 
java_command: dataflow.util.CGCreator -whole-program -xml-attributes -keep-line-number -f jimple -p cg.cha enabled:true -app simple.logic.Logic -p cg verbose:true,all-reachable:true,,safe-forname:true,safe-newinstance:true
java_class_path (initial): Z:\01.mydrive\eclipseWorkspace\tmp\bin;Z:\01.mydrive\eclipseWorkspace\tmp\lib\annotations-api.jar;Z:\01.mydrive\eclipseWorkspace\tmp\lib\catalina-ant.jar;Z:\01.mydrive\eclipseWorkspace\tmp\lib\catalina-ha.jar;Z:\01.mydrive\eclipseWorkspace\tmp\lib\catalina-tribes.jar;Z:\01.mydrive\eclipseWorkspace\tmp\lib\catalina.jar;Z:\01.mydrive\eclipseWorkspace\tmp\lib\ecj-4.4.2.jar;Z:\01.mydrive\eclipseWorkspace\tmp\lib\el-api.jar;Z:\01.mydrive\eclipseWorkspace\tmp\lib\jasper-el.jar;Z:\01.mydrive\eclipseWorkspace\tmp\lib\jasper.jar;Z:\01.mydrive\eclipseWorkspace\tmp\lib\jsp-api.jar;Z:\01.mydrive\eclipseWorkspace\tmp\lib\servlet-api.jar;Z:\01.mydrive\eclipseWorkspace\tmp\lib\tomcat-api.jar;Z:\01.mydrive\eclipseWorkspace\tmp\lib\tomcat-coyote.jar;Z:\01.mydrive\eclipseWorkspace\tmp\lib\tomcat-dbcp.jar;Z:\01.mydrive\eclipseWorkspace\tmp\lib\tomcat-i18n-es.jar;Z:\01.mydrive\eclipseWorkspace\tmp\lib\tomcat-i18n-fr.jar;Z:\01.mydrive\eclipseWorkspace\tmp\lib\tomcat-i18n-ja.jar;Z:\01.mydrive\eclipseWorkspace\tmp\lib\tomcat-i18n-ru.jar;Z:\01.mydrive\eclipseWorkspace\tmp\lib\tomcat-jdbc.jar;Z:\01.mydrive\eclipseWorkspace\tmp\lib\tomcat-util.jar;Z:\01.mydrive\eclipseWorkspace\tmp\lib\tomcat7-websocket.jar;Z:\01.mydrive\eclipseWorkspace\tmp\lib\websocket-api.jar;C:\Program Files\eclipse javaEE\plugins\org.junit_4.11.0.v201303080030\junit.jar;C:\Program Files\eclipse javaEE\plugins\org.hamcrest.core_1.3.0.v201303031735.jar;Z:\01.mydrive\eclipseWorkspace\tmp\lib\soot-2.5.0.jar;Z:\01.mydrive\eclipseWorkspace\tmp\lib\rt.jar
Launcher Type: SUN_STANDARD

Environment Variables:
PATH=C:/Program Files/Java/jre1.8.0_241/bin/server;C:/Program Files/Java/jre1.8.0_241/bin;C:/Program Files/Java/jre1.8.0_241/lib/amd64;C:\Program Files (x86)\NVIDIA Corporation\PhysX\Common;C:\Program Files (x86)\Common Files\Oracle\Java\javapath;C:\Program Files\Haskell\bin;C:\Program Files\Haskell Platform\8.2.2\lib\extralibs\bin;C:\Program Files\Haskell Platform\8.2.2\bin;C:\ProgramData\Oracle\Java\javapath;C:\Windows\system32;C:\Windows;C:\Windows\System32\Wbem;C:\Windows\System32\WindowsPowerShell\v1.0\;c:\Program Files (x86)\Microsoft SQL Server\110\Tools\Binn\;c:\Program Files\Microsoft SQL Server\110\Tools\Binn\;c:\Program Files\Microsoft SQL Server\110\DTS\Binn\;C:\Program Files (x86)\Shoes;C:\MinGW\bin;C:\Ruby25-x64\bin;C:\Ruby23-x64\bin;C:\Program Files (x86)\gnuplot\bin;C:\Program Files (x86)\Windows Kits\10\Windows Performance Toolkit\;C:\ProgramData\Anaconda3;C:\Python36\Scripts\;C:\Python36\;C:\Program Files (x86)\LilyPond\usr\bin;C:\Program Files (x86)\Windows Kits\8.1\Windows Performance Toolkit\;C:\Program Files (x86)\PuTTY\;C:\Program Files\IBM\SPSS\Statistics\25\JRE\bin;C:\Program Files\Haskell Platform\8.2.2\mingw\bin;C:\texlive\2018\bin\win32;C:\Program Files\Microsoft VS Code\bin;C:\Program Files (x86)\scala\bin;C:\Program Files\MATLAB\R2018b\bin;C:\Program Files (x86)\Wolfram Research\WolframScript\;C:\Program Files (x86)\mysql\bin;C:\Program Files (x86)\php;C:\Program Files\gs\gs9.50\bin;C:\Users\s1930149\AppData\Local\Microsoft\WindowsApps;;C:\Program Files\eclipse javaEE;
USERNAME=s1930149
OS=Windows_NT
PROCESSOR_IDENTIFIER=Intel64 Family 6 Model 94 Stepping 3, GenuineIntel



---------------  S Y S T E M  ---------------

OS: Windows 10.0 , 64 bit Build 14393 (10.0.14393.2969)

CPU:total 4 (initial active 4) (4 cores per cpu, 1 threads per core) family 6 model 94 stepping 3, cmov, cx8, fxsr, mmx, sse, sse2, sse3, ssse3, sse4.1, sse4.2, popcnt, aes, clmul, erms, rtm, 3dnowpref, lzcnt, tsc, tscinvbit, bmi1, bmi2, adx

Memory: 4k page, physical 8142772k(1744756k free), swap 8142772k(5704k free)

vm_info: Java HotSpot(TM) 64-Bit Server VM (25.241-b07) for windows-amd64 JRE (1.8.0_241-b07), built on Dec 11 2019 10:21:40 by "rejava" with MS VC++ 10.0 (VS2010)

time: Wed Feb 05 22:36:54 2020
timezone: ìåãû (ïWèÄéû)
elapsed time: 53 seconds (0d 0h 0m 53s)

