#
# There is insufficient memory for the Java Runtime Environment to continue.
# Native memory allocation (malloc) failed to allocate 1257936 bytes for Chunk::new
# Possible reasons:
#   The system is out of physical RAM or swap space
#   The process is running with CompressedOops enabled, and the Java Heap may be blocking the growth of the native heap
# Possible solutions:
#   Reduce memory load on the system
#   Increase physical memory or swap space
#   Check if swap backing store is full
#   Decrease Java heap size (-Xmx/-Xms)
#   Decrease number of Java threads
#   Decrease Java thread stack sizes (-Xss)
#   Set larger code cache with -XX:ReservedCodeCacheSize=
#   JVM is running with Zero Based Compressed Oops mode in which the Java heap is
#     placed in the first 32GB address space. The Java Heap base address is the
#     maximum limit for the native heap growth. Please use -XX:HeapBaseMinAddress
#     to set the Java Heap base and to place the Java Heap above 32GB virtual address.
# This output file may be truncated or incomplete.
#
#  Out of Memory Error (allocation.cpp:389), pid=14996, tid=0x0000000000003830
#
# JRE version: Java(TM) SE Runtime Environment (8.0_241-b07) (build 1.8.0_241-b07)
# Java VM: Java HotSpot(TM) 64-Bit Server VM (25.241-b07 mixed mode windows-amd64 compressed oops)
# Failed to write core dump. Minidumps are not enabled by default on client versions of Windows
#

---------------  T H R E A D  ---------------

Current thread (0x00000000389a9800):  JavaThread "C2 CompilerThread1" daemon [_thread_in_native, id=14384, stack(0x0000000058fa0000,0x00000000590a0000)]

Stack: [0x0000000058fa0000,0x00000000590a0000]
[error occurred during error reporting (printing stack bounds), id 0xc0000005]

Native frames: (J=compiled Java code, j=interpreted, Vv=VM code, C=native code)


Current CompileTask:
C2:  44956 2216 % !   4       soot.coffi.CFG::jimplify @ 908 (2043 bytes)


---------------  P R O C E S S  ---------------

Java Threads: ( => current thread )
  0x000000005910d800 JavaThread "Service Thread" daemon [_thread_blocked, id=14584, stack(0x00000000ddbf0000,0x00000000fcff0000)]
  0x00000000389ae800 JavaThread "C1 CompilerThread2" daemon [_thread_blocked, id=16352, stack(0x00000000594a0000,0x00000000595a0000)]
=>0x00000000389a9800 JavaThread "C2 CompilerThread1" daemon [_thread_in_native, id=14384, stack(0x0000000058fa0000,0x00000000590a0000)]
  0x00000000389a6800 JavaThread "C2 CompilerThread0" daemon [_thread_in_native, id=3644, stack(0x0000000058ea0000,0x0000000058fa0000)]
  0x00000000389a4800 JavaThread "Attach Listener" daemon [_thread_blocked, id=6100, stack(0x00000000be7f0000,0x00000000ddbf0000)]
  0x00000000389a3800 JavaThread "Signal Dispatcher" daemon [_thread_blocked, id=14408, stack(0x000000009f3f0000,0x00000000be7f0000)]
  0x000000003893f800 JavaThread "Finalizer" daemon [_thread_blocked, id=11048, stack(0x000000007fff0000,0x000000009f3f0000)]
  0x0000000038918800 JavaThread "Reference Handler" daemon [_thread_blocked, id=13588, stack(0x0000000039aa0000,0x0000000058ea0000)]
  0x0000000001382800 JavaThread "main" [_thread_in_Java, id=14836, stack(0x00000000039a0000,0x0000000022da0000)]

Other Threads:
  0x0000000038917800 VMThread [stack: 0x00000000399a0000,0x0000000039aa0000] [id=11652]
  0x0000000059148800 WatcherThread [stack: 0x00000000595a0000,0x00000000596a0000] [id=12016]

VM state:not at safepoint (normal execution)

VM Mutex/Monitor currently owned by a thread: None

heap address: 0x0000000723c00000, size: 2500 MB, Compressed Oops mode: Zero based, Oop shift amount: 3
Narrow klass base: 0x0000000000000000, Narrow klass shift: 3
Compressed class space size: 1073741824 Address: 0x00000007c0000000

Heap:
 PSYoungGen      total 276992K, used 156261K [0x000000078bf00000, 0x00000007a1200000, 0x00000007c0000000)
  eden space 246784K, 57% used [0x000000078bf00000,0x0000000794a24f30,0x000000079b000000)
  from space 30208K, 45% used [0x000000079da80000,0x000000079e7f4528,0x000000079f800000)
  to   space 43520K, 0% used [0x000000079b000000,0x000000079b000000,0x000000079da80000)
 ParOldGen       total 150528K, used 91477K [0x0000000723c00000, 0x000000072cf00000, 0x000000078bf00000)
  object space 150528K, 60% used [0x0000000723c00000,0x00000007295556a0,0x000000072cf00000)
 Metaspace       used 10486K, capacity 10660K, committed 10880K, reserved 1058816K
  class space    used 1329K, capacity 1401K, committed 1408K, reserved 1048576K

Card table byte_map: [0x0000000032160000,0x0000000032650000] byte_map_base: 0x000000002e842000

Marking Bits: (ParMarkBitMap*) 0x000000006b7fbe30
 Begin Bits: [0x0000000032ca0000, 0x00000000353b0000)
 End Bits:   [0x00000000353b0000, 0x0000000037ac0000)

Polling page: 0x0000000001290000

CodeCache: size=245760Kb used=10966Kb max_used=10989Kb free=234793Kb
 bounds [0x0000000022da0000, 0x0000000023870000, 0x0000000031da0000]
 total_blobs=2438 nmethods=2130 adapters=221
 compilation: enabled

Compilation events (10 events):
Event: 44.294 Thread 0x00000000389a9800 nmethod 2210 0x0000000023823650 code [0x00000000238237a0, 0x0000000023823918]
Event: 44.294 Thread 0x00000000389a9800 2216 % !   4       soot.coffi.CFG::jimplify @ 908 (2043 bytes)
Event: 44.341 Thread 0x00000000389a6800 nmethod 2146% 0x0000000023855910 code [0x0000000023855ec0, 0x000000002385b968]
Event: 44.341 Thread 0x00000000389a6800 2199       4       java.util.StringTokenizer::skipDelimiters (116 bytes)
Event: 44.344 Thread 0x00000000389a6800 nmethod 2199 0x0000000023822f50 code [0x00000000238230a0, 0x0000000023823398]
Event: 44.344 Thread 0x00000000389a6800 2176       4       soot.Pack::get (47 bytes)
Event: 44.350 Thread 0x00000000389a6800 nmethod 2176 0x00000000238202d0 code [0x0000000023820440, 0x0000000023820a88]
Event: 44.350 Thread 0x00000000389a6800 2088 %     4       soot.toolkits.scalar.SimpleLocalUses::<init> @ 212 (558 bytes)
Event: 44.457 Thread 0x00000000389a6800 nmethod 2088% 0x0000000023863b10 code [0x0000000023863e60, 0x0000000023866ce8]
Event: 44.457 Thread 0x00000000389a6800 2225 %     4       soot.toolkits.scalar.ForwardFlowAnalysis::doAnalysis @ 33 (786 bytes)

GC Heap History (10 events):
Event: 24.074 GC heap before
{Heap before GC invocations=7 (full 0):
 PSYoungGen      total 148480K, used 145205K [0x000000078bf00000, 0x0000000796500000, 0x00000007c0000000)
  eden space 130048K, 100% used [0x000000078bf00000,0x0000000793e00000,0x0000000793e00000)
  from space 18432K, 82% used [0x0000000795100000,0x0000000795fcd670,0x0000000796300000)
  to   space 19456K, 0% used [0x0000000793e00000,0x0000000793e00000,0x0000000795100000)
 ParOldGen       total 86016K, used 32390K [0x0000000723c00000, 0x0000000729000000, 0x000000078bf00000)
  object space 86016K, 37% used [0x0000000723c00000,0x0000000725ba1800,0x0000000729000000)
 Metaspace       used 8152K, capacity 8322K, committed 8576K, reserved 1056768K
  class space    used 999K, capacity 1049K, committed 1152K, reserved 1048576K
Event: 24.101 GC heap after
Heap after GC invocations=7 (full 0):
 PSYoungGen      total 149504K, used 19452K [0x000000078bf00000, 0x000000079f800000, 0x00000007c0000000)
  eden space 130048K, 0% used [0x000000078bf00000,0x000000078bf00000,0x0000000793e00000)
  from space 19456K, 99% used [0x0000000793e00000,0x00000007950ff120,0x0000000795100000)
  to   space 30208K, 0% used [0x000000079da80000,0x000000079da80000,0x000000079f800000)
 ParOldGen       total 86016K, used 48587K [0x0000000723c00000, 0x0000000729000000, 0x000000078bf00000)
  object space 86016K, 56% used [0x0000000723c00000,0x0000000726b72ef0,0x0000000729000000)
 Metaspace       used 8152K, capacity 8322K, committed 8576K, reserved 1056768K
  class space    used 999K, capacity 1049K, committed 1152K, reserved 1048576K
}
Event: 39.967 GC heap before
{Heap before GC invocations=8 (full 0):
 PSYoungGen      total 149504K, used 149500K [0x000000078bf00000, 0x000000079f800000, 0x00000007c0000000)
  eden space 130048K, 100% used [0x000000078bf00000,0x0000000793e00000,0x0000000793e00000)
  from space 19456K, 99% used [0x0000000793e00000,0x00000007950ff120,0x0000000795100000)
  to   space 30208K, 0% used [0x000000079da80000,0x000000079da80000,0x000000079f800000)
 ParOldGen       total 86016K, used 48587K [0x0000000723c00000, 0x0000000729000000, 0x000000078bf00000)
  object space 86016K, 56% used [0x0000000723c00000,0x0000000726b72ef0,0x0000000729000000)
 Metaspace       used 8157K, capacity 8322K, committed 8576K, reserved 1056768K
  class space    used 999K, capacity 1049K, committed 1152K, reserved 1048576K
Event: 40.007 GC heap after
Heap after GC invocations=8 (full 0):
 PSYoungGen      total 276992K, used 30177K [0x000000078bf00000, 0x00000007a1200000, 0x00000007c0000000)
  eden space 246784K, 0% used [0x000000078bf00000,0x000000078bf00000,0x000000079b000000)
  from space 30208K, 99% used [0x000000079da80000,0x000000079f7f8640,0x000000079f800000)
  to   space 43520K, 0% used [0x000000079b000000,0x000000079b000000,0x000000079da80000)
 ParOldGen       total 86016K, used 68361K [0x0000000723c00000, 0x0000000729000000, 0x000000078bf00000)
  object space 86016K, 79% used [0x0000000723c00000,0x0000000727ec2550,0x0000000729000000)
 Metaspace       used 8157K, capacity 8322K, committed 8576K, reserved 1056768K
  class space    used 999K, capacity 1049K, committed 1152K, reserved 1048576K
}
Event: 40.007 GC heap before
{Heap before GC invocations=9 (full 1):
 PSYoungGen      total 276992K, used 30177K [0x000000078bf00000, 0x00000007a1200000, 0x00000007c0000000)
  eden space 246784K, 0% used [0x000000078bf00000,0x000000078bf00000,0x000000079b000000)
  from space 30208K, 99% used [0x000000079da80000,0x000000079f7f8640,0x000000079f800000)
  to   space 43520K, 0% used [0x000000079b000000,0x000000079b000000,0x000000079da80000)
 ParOldGen       total 86016K, used 68361K [0x0000000723c00000, 0x0000000729000000, 0x000000078bf00000)
  object space 86016K, 79% used [0x0000000723c00000,0x0000000727ec2550,0x0000000729000000)
 Metaspace       used 8157K, capacity 8322K, committed 8576K, reserved 1056768K
  class space    used 999K, capacity 1049K, committed 1152K, reserved 1048576K
Event: 40.245 GC heap after
Heap after GC invocations=9 (full 1):
 PSYoungGen      total 276992K, used 5585K [0x000000078bf00000, 0x00000007a1200000, 0x00000007c0000000)
  eden space 246784K, 0% used [0x000000078bf00000,0x000000078bf00000,0x000000079b000000)
  from space 30208K, 18% used [0x000000079da80000,0x000000079dff45e8,0x000000079f800000)
  to   space 43520K, 0% used [0x000000079b000000,0x000000079b000000,0x000000079da80000)
 ParOldGen       total 150528K, used 85877K [0x0000000723c00000, 0x000000072cf00000, 0x000000078bf00000)
  object space 150528K, 57% used [0x0000000723c00000,0x0000000728fdd418,0x000000072cf00000)
 Metaspace       used 8157K, capacity 8322K, committed 8576K, reserved 1056768K
  class space    used 999K, capacity 1049K, committed 1152K, reserved 1048576K
}
Event: 43.374 GC heap before
{Heap before GC invocations=10 (full 1):
 PSYoungGen      total 276992K, used 252369K [0x000000078bf00000, 0x00000007a1200000, 0x00000007c0000000)
  eden space 246784K, 100% used [0x000000078bf00000,0x000000079b000000,0x000000079b000000)
  from space 30208K, 18% used [0x000000079da80000,0x000000079dff45e8,0x000000079f800000)
  to   space 43520K, 0% used [0x000000079b000000,0x000000079b000000,0x000000079da80000)
 ParOldGen       total 150528K, used 85877K [0x0000000723c00000, 0x000000072cf00000, 0x000000078bf00000)
  object space 150528K, 57% used [0x0000000723c00000,0x0000000728fdd418,0x000000072cf00000)
 Metaspace       used 10450K, capacity 10596K, committed 10880K, reserved 1058816K
  class space    used 1328K, capacity 1401K, committed 1408K, reserved 1048576K
Event: 43.398 GC heap after
Heap after GC invocations=10 (full 1):
 PSYoungGen      total 290304K, used 15288K [0x000000078bf00000, 0x00000007a1200000, 0x00000007c0000000)
  eden space 246784K, 0% used [0x000000078bf00000,0x000000078bf00000,0x000000079b000000)
  from space 43520K, 35% used [0x000000079b000000,0x000000079beee148,0x000000079da80000)
  to   space 30208K, 0% used [0x000000079da80000,0x000000079da80000,0x000000079f800000)
 ParOldGen       total 150528K, used 86061K [0x0000000723c00000, 0x000000072cf00000, 0x000000078bf00000)
  object space 150528K, 57% used [0x0000000723c00000,0x000000072900b418,0x000000072cf00000)
 Metaspace       used 10450K, capacity 10596K, committed 10880K, reserved 1058816K
  class space    used 1328K, capacity 1401K, committed 1408K, reserved 1048576K
}
Event: 44.059 GC heap before
{Heap before GC invocations=11 (full 1):
 PSYoungGen      total 290304K, used 262072K [0x000000078bf00000, 0x00000007a1200000, 0x00000007c0000000)
  eden space 246784K, 100% used [0x000000078bf00000,0x000000079b000000,0x000000079b000000)
  from space 43520K, 35% used [0x000000079b000000,0x000000079beee148,0x000000079da80000)
  to   space 30208K, 0% used [0x000000079da80000,0x000000079da80000,0x000000079f800000)
 ParOldGen       total 150528K, used 86061K [0x0000000723c00000, 0x000000072cf00000, 0x000000078bf00000)
  object space 150528K, 57% used [0x0000000723c00000,0x000000072900b418,0x000000072cf00000)
 Metaspace       used 10479K, capacity 10660K, committed 10880K, reserved 1058816K
  class space    used 1328K, capacity 1401K, committed 1408K, reserved 1048576K
Event: 44.089 GC heap after
Heap after GC invocations=11 (full 1):
 PSYoungGen      total 276992K, used 13777K [0x000000078bf00000, 0x00000007a1200000, 0x00000007c0000000)
  eden space 246784K, 0% used [0x000000078bf00000,0x000000078bf00000,0x000000079b000000)
  from space 30208K, 45% used [0x000000079da80000,0x000000079e7f4528,0x000000079f800000)
  to   space 43520K, 0% used [0x000000079b000000,0x000000079b000000,0x000000079da80000)
 ParOldGen       total 150528K, used 91477K [0x0000000723c00000, 0x000000072cf00000, 0x000000078bf00000)
  object space 150528K, 60% used [0x0000000723c00000,0x00000007295556a0,0x000000072cf00000)
 Metaspace       used 10479K, capacity 10660K, committed 10880K, reserved 1058816K
  class space    used 1328K, capacity 1401K, committed 1408K, reserved 1048576K
}

Deoptimization events (10 events):
Event: 43.155 Thread 0x0000000001382800 Uncommon trap: reason=class_check action=maybe_recompile pc=0x0000000023553bec method=java.util.Collections$UnmodifiableCollection.contains(Ljava/lang/Object;)Z @ 5
Event: 43.155 Thread 0x0000000001382800 Uncommon trap: reason=bimorphic action=maybe_recompile pc=0x00000000233cf494 method=java.util.Collections$UnmodifiableCollection.size()I @ 4
Event: 43.157 Thread 0x0000000001382800 Uncommon trap: reason=class_check action=maybe_recompile pc=0x0000000023553bec method=java.util.Collections$UnmodifiableCollection.contains(Ljava/lang/Object;)Z @ 5
Event: 43.164 Thread 0x0000000001382800 Uncommon trap: reason=class_check action=maybe_recompile pc=0x0000000023553bec method=java.util.Collections$UnmodifiableCollection.contains(Ljava/lang/Object;)Z @ 5
Event: 43.178 Thread 0x0000000001382800 Uncommon trap: reason=unstable_if action=reinterpret pc=0x0000000023754d84 method=soot.jimple.toolkits.typing.fast.AugEvalFunction.eval_(Lsoot/jimple/toolkits/typing/fast/Typing;Lsoot/Value;Lsoot/jimple/Stmt;Lsoot/jimple/JimpleBody;)Lsoot/Type; @ 826
Event: 43.192 Thread 0x0000000001382800 Uncommon trap: reason=bimorphic action=maybe_recompile pc=0x00000000235967b0 method=java.util.AbstractCollection.toArray()[Ljava/lang/Object; @ 22
Event: 43.192 Thread 0x0000000001382800 Uncommon trap: reason=bimorphic action=maybe_recompile pc=0x00000000235968a4 method=java.util.AbstractCollection.toArray()[Ljava/lang/Object; @ 52
Event: 43.192 Thread 0x0000000001382800 Uncommon trap: reason=bimorphic action=maybe_recompile pc=0x00000000235968a4 method=java.util.AbstractCollection.toArray()[Ljava/lang/Object; @ 52
Event: 43.192 Thread 0x0000000001382800 Uncommon trap: reason=bimorphic action=maybe_recompile pc=0x00000000235967b0 method=java.util.AbstractCollection.toArray()[Ljava/lang/Object; @ 22
Event: 44.195 Thread 0x0000000001382800 Uncommon trap: reason=class_check action=maybe_recompile pc=0x000000002343c30c method=java.util.AbstractSet.equals(Ljava/lang/Object;)Z @ 8

Classes redefined (0 events):
No events

Internal exceptions (10 events):
Event: 1.520 Thread 0x0000000001382800 Exception <a 'java/security/PrivilegedActionException'> (0x000000078c739fa0) thrown at [C:\ade\jenkins\workspace\8-2-build-windows-amd64-cygwin\jdk8u241\331\hotspot\src\share\vm\prims\jvm.cpp, line 1502]
Event: 1.520 Thread 0x0000000001382800 Exception <a 'java/security/PrivilegedActionException'> (0x000000078c73a398) thrown at [C:\ade\jenkins\workspace\8-2-build-windows-amd64-cygwin\jdk8u241\331\hotspot\src\share\vm\prims\jvm.cpp, line 1502]
Event: 21.337 Thread 0x0000000001382800 Exception <a 'java/lang/ArrayIndexOutOfBoundsException': 18> (0x0000000791fd4f38) thrown at [C:\ade\jenkins\workspace\8-2-build-windows-amd64-cygwin\jdk8u241\331\hotspot\src\share\vm\interpreter\interpreterRuntime.cpp, line 368]
Event: 39.093 Thread 0x0000000001382800 Implicit null exception at 0x00000000232cf699 to 0x00000000232cf6cd
Event: 39.308 Thread 0x0000000001382800 Implicit null exception at 0x00000000231c717b to 0x00000000231c7229
Event: 39.581 Thread 0x0000000001382800 Implicit null exception at 0x000000002325f069 to 0x000000002325f51d
Event: 39.916 Thread 0x0000000001382800 Implicit null exception at 0x000000002315d495 to 0x000000002315f6ed
Event: 40.892 Thread 0x0000000001382800 Implicit null exception at 0x000000002322a56f to 0x000000002322a5dd
Event: 42.270 Thread 0x0000000001382800 Implicit null exception at 0x000000002332cde9 to 0x000000002332d171
Event: 42.833 Thread 0x0000000001382800 Implicit null exception at 0x000000002339f7f7 to 0x000000002339f949

Events (10 events):
Event: 44.181 loading class soot/jimple/internal/JCmpgExpr done
Event: 44.195 Thread 0x0000000001382800 Uncommon trap: trap_request=0xffffffde fr.pc=0x000000002343c30c
Event: 44.195 Thread 0x0000000001382800 DEOPT PACKING pc=0x000000002343c30c sp=0x0000000022d9d9d0
Event: 44.195 Thread 0x0000000001382800 DEOPT UNPACKING pc=0x0000000022de583b sp=0x0000000022d9d998 mode 2
Event: 44.196 Thread 0x0000000001382800 DEOPT PACKING pc=0x000000002341a567 sp=0x0000000022d9dc20
Event: 44.196 Thread 0x0000000001382800 DEOPT UNPACKING pc=0x0000000022de7490 sp=0x0000000022d9dae0 mode 0
Event: 44.241 Thread 0x0000000001382800 DEOPT PACKING pc=0x000000002341a567 sp=0x0000000022d9db90
Event: 44.241 Thread 0x0000000001382800 DEOPT UNPACKING pc=0x0000000022de7490 sp=0x0000000022d9da50 mode 0
Event: 44.443 Thread 0x0000000001382800 DEOPT PACKING pc=0x000000002341a2af sp=0x0000000022d9dc20
Event: 44.443 Thread 0x0000000001382800 DEOPT UNPACKING pc=0x0000000022de7490 sp=0x0000000022d9dae0 mode 0


Dynamic libraries:
0x00007ff6defb0000 - 0x00007ff6defe7000 	C:\Program Files\Java\jre1.8.0_241\bin\javaw.exe
0x00007ffbdc560000 - 0x00007ffbdc730000 	C:\Windows\SYSTEM32\ntdll.dll
0x00007ffbdbc30000 - 0x00007ffbdbcdc000 	C:\Windows\System32\KERNEL32.DLL
0x00007ffbd9600000 - 0x00007ffbd981d000 	C:\Windows\System32\KERNELBASE.dll
0x00007ffbdc170000 - 0x00007ffbdc212000 	C:\Windows\System32\ADVAPI32.dll
0x00007ffbdbb90000 - 0x00007ffbdbc2e000 	C:\Windows\System32\msvcrt.dll
0x00007ffbdbb30000 - 0x00007ffbdbb89000 	C:\Windows\System32\sechost.dll
0x00007ffbdba00000 - 0x00007ffbdbb21000 	C:\Windows\System32\RPCRT4.dll
0x00007ffbdc000000 - 0x00007ffbdc165000 	C:\Windows\System32\USER32.dll
0x00007ffbd95e0000 - 0x00007ffbd95fe000 	C:\Windows\System32\win32u.dll
0x00007ffbdb220000 - 0x00007ffbdb254000 	C:\Windows\System32\GDI32.dll
0x00007ffbd92e0000 - 0x00007ffbd9461000 	C:\Windows\System32\gdi32full.dll
0x00007ffbd2740000 - 0x00007ffbd29ba000 	C:\Windows\WinSxS\amd64_microsoft.windows.common-controls_6595b64144ccf1df_6.0.14393.3053_none_7de042968342015d\COMCTL32.dll
0x00007ffbdc290000 - 0x00007ffbdc555000 	C:\Windows\System32\combase.dll
0x00007ffbd94e0000 - 0x00007ffbd95d4000 	C:\Windows\System32\ucrtbase.dll
0x00007ffbd9470000 - 0x00007ffbd94da000 	C:\Windows\System32\bcryptPrimitives.dll
0x00007ffbdb9d0000 - 0x00007ffbdb9fe000 	C:\Windows\System32\IMM32.DLL
0x0000000180000000 - 0x000000018000d000 	C:\Windows\KATRK64.DLL
0x00007ffbd6f90000 - 0x00007ffbd6fa3000 	C:\Windows\SYSTEM32\WTSAPI32.dll
0x00007ffbd24f0000 - 0x00007ffbd259c000 	C:\Windows\system32\tmumh\20019\AddOn\7.0.0.1169\TmUmEvt64.dll
0x00007ffbdbe20000 - 0x00007ffbdbe28000 	C:\Windows\System32\PSAPI.DLL
0x00007ffbdbce0000 - 0x00007ffbdbd32000 	C:\Windows\System32\SHLWAPI.dll
0x000000006ec70000 - 0x000000006ed8a000 	C:\Windows\system32\tmumh\20019\TmMon\2.5.0.2095\tmmon64.dll
0x000000006ad20000 - 0x000000006adf2000 	C:\Program Files\Java\jre1.8.0_241\bin\msvcr100.dll
0x000000006afd0000 - 0x000000006b87c000 	C:\Program Files\Java\jre1.8.0_241\bin\server\jvm.dll
0x00007ffbc8f20000 - 0x00007ffbc8f29000 	C:\Windows\SYSTEM32\WSOCK32.dll
0x00007ffbdbd40000 - 0x00007ffbdbdaa000 	C:\Windows\System32\WS2_32.dll
0x00007ffbd3000000 - 0x00007ffbd3023000 	C:\Windows\SYSTEM32\WINMM.dll
0x00007ffbcfa80000 - 0x00007ffbcfa8a000 	C:\Windows\SYSTEM32\VERSION.dll
0x00007ffbd2fd0000 - 0x00007ffbd2ffb000 	C:\Windows\SYSTEM32\WINMMBASE.dll
0x00007ffbd8a50000 - 0x00007ffbd8a92000 	C:\Windows\System32\cfgmgr32.dll
0x00007ffbd04e0000 - 0x00007ffbd04ef000 	C:\Program Files\Java\jre1.8.0_241\bin\verify.dll
0x00007ffba8150000 - 0x00007ffba8179000 	C:\Program Files\Java\jre1.8.0_241\bin\java.dll
0x00007ffbb9980000 - 0x00007ffbb9996000 	C:\Program Files\Java\jre1.8.0_241\bin\zip.dll
0x00007ffbd9d10000 - 0x00007ffbdb215000 	C:\Windows\System32\SHELL32.dll
0x00007ffbd8b50000 - 0x00007ffbd922a000 	C:\Windows\System32\windows.storage.dll
0x00007ffbd89f0000 - 0x00007ffbd8a3c000 	C:\Windows\System32\powrprof.dll
0x00007ffbd89e0000 - 0x00007ffbd89ef000 	C:\Windows\System32\kernel.appcore.dll
0x00007ffbd8aa0000 - 0x00007ffbd8b49000 	C:\Windows\System32\shcore.dll
0x00007ffbd89c0000 - 0x00007ffbd89d4000 	C:\Windows\System32\profapi.dll
0x00007ffbd04c0000 - 0x00007ffbd04da000 	C:\Program Files\Java\jre1.8.0_241\bin\net.dll
0x00007ffbd8280000 - 0x00007ffbd82dc000 	C:\Windows\system32\mswsock.dll
0x00007ffbc1610000 - 0x00007ffbc1622000 	C:\Program Files\Java\jre1.8.0_241\bin\nio.dll

VM Arguments:
jvm_args: -Xss500m -Xmx2500M -Dfile.encoding=UTF-8 
java_command: dataflow.util.CallFlowCreator -whole-program -xml-attributes -keep-line-number -f jimple -p cg.cha enabled:true -app simple.logic.Logic -p cg verbose:true,all-reachable:true,,safe-forname:true,safe-newinstance:true
java_class_path (initial): Z:\01.mydrive\eclipseWorkspace\tmp\bin;Z:\01.mydrive\eclipseWorkspace\tmp\lib\annotations-api.jar;Z:\01.mydrive\eclipseWorkspace\tmp\lib\catalina-ant.jar;Z:\01.mydrive\eclipseWorkspace\tmp\lib\catalina-ha.jar;Z:\01.mydrive\eclipseWorkspace\tmp\lib\catalina-tribes.jar;Z:\01.mydrive\eclipseWorkspace\tmp\lib\catalina.jar;Z:\01.mydrive\eclipseWorkspace\tmp\lib\ecj-4.4.2.jar;Z:\01.mydrive\eclipseWorkspace\tmp\lib\el-api.jar;Z:\01.mydrive\eclipseWorkspace\tmp\lib\jasper-el.jar;Z:\01.mydrive\eclipseWorkspace\tmp\lib\jasper.jar;Z:\01.mydrive\eclipseWorkspace\tmp\lib\jsp-api.jar;Z:\01.mydrive\eclipseWorkspace\tmp\lib\servlet-api.jar;Z:\01.mydrive\eclipseWorkspace\tmp\lib\tomcat-api.jar;Z:\01.mydrive\eclipseWorkspace\tmp\lib\tomcat-coyote.jar;Z:\01.mydrive\eclipseWorkspace\tmp\lib\tomcat-dbcp.jar;Z:\01.mydrive\eclipseWorkspace\tmp\lib\tomcat-i18n-es.jar;Z:\01.mydrive\eclipseWorkspace\tmp\lib\tomcat-i18n-fr.jar;Z:\01.mydrive\eclipseWorkspace\tmp\lib\tomcat-i18n-ja.jar;Z:\01.mydrive\eclipseWorkspace\tmp\lib\tomcat-i18n-ru.jar;Z:\01.mydrive\eclipseWorkspace\tmp\lib\tomcat-jdbc.jar;Z:\01.mydrive\eclipseWorkspace\tmp\lib\tomcat-util.jar;Z:\01.mydrive\eclipseWorkspace\tmp\lib\tomcat7-websocket.jar;Z:\01.mydrive\eclipseWorkspace\tmp\lib\websocket-api.jar;C:\Program Files\eclipse javaEE\plugins\org.junit_4.11.0.v201303080030\junit.jar;C:\Program Files\eclipse javaEE\plugins\org.hamcrest.core_1.3.0.v201303031735.jar;Z:\01.mydrive\eclipseWorkspace\tmp\lib\soot-2.5.0.jar;Z:\01.mydrive\eclipseWorkspace\tmp\lib\rt.jar
Launcher Type: SUN_STANDARD

Environment Variables:
PATH=C:/Program Files/Java/jre1.8.0_241/bin/server;C:/Program Files/Java/jre1.8.0_241/bin;C:/Program Files/Java/jre1.8.0_241/lib/amd64;C:\Program Files (x86)\NVIDIA Corporation\PhysX\Common;C:\Program Files (x86)\Common Files\Oracle\Java\javapath;C:\Program Files\Haskell\bin;C:\Program Files\Haskell Platform\8.2.2\lib\extralibs\bin;C:\Program Files\Haskell Platform\8.2.2\bin;C:\ProgramData\Oracle\Java\javapath;C:\Windows\system32;C:\Windows;C:\Windows\System32\Wbem;C:\Windows\System32\WindowsPowerShell\v1.0\;c:\Program Files (x86)\Microsoft SQL Server\110\Tools\Binn\;c:\Program Files\Microsoft SQL Server\110\Tools\Binn\;c:\Program Files\Microsoft SQL Server\110\DTS\Binn\;C:\Program Files (x86)\Shoes;C:\MinGW\bin;C:\Ruby25-x64\bin;C:\Ruby23-x64\bin;C:\Program Files (x86)\gnuplot\bin;C:\Program Files (x86)\Windows Kits\10\Windows Performance Toolkit\;C:\ProgramData\Anaconda3;C:\Python36\Scripts\;C:\Python36\;C:\Program Files (x86)\LilyPond\usr\bin;C:\Program Files (x86)\Windows Kits\8.1\Windows Performance Toolkit\;C:\Program Files (x86)\PuTTY\;C:\Program Files\IBM\SPSS\Statistics\25\JRE\bin;C:\Program Files\Haskell Platform\8.2.2\mingw\bin;C:\texlive\2018\bin\win32;C:\Program Files\Microsoft VS Code\bin;C:\Program Files (x86)\scala\bin;C:\Program Files\MATLAB\R2018b\bin;C:\Program Files (x86)\Wolfram Research\WolframScript\;C:\Program Files (x86)\mysql\bin;C:\Program Files (x86)\php;C:\Program Files\gs\gs9.50\bin;C:\Users\s1930149\AppData\Local\Microsoft\WindowsApps;;C:\Program Files\eclipse javaEE;
USERNAME=s1930149
OS=Windows_NT
PROCESSOR_IDENTIFIER=Intel64 Family 6 Model 94 Stepping 3, GenuineIntel



---------------  S Y S T E M  ---------------

OS: Windows 10.0 , 64 bit Build 14393 (10.0.14393.2969)

CPU:total 4 (initial active 4) (4 cores per cpu, 1 threads per core) family 6 model 94 stepping 3, cmov, cx8, fxsr, mmx, sse, sse2, sse3, ssse3, sse4.1, sse4.2, popcnt, aes, clmul, erms, rtm, 3dnowpref, lzcnt, tsc, tscinvbit, bmi1, bmi2, adx

Memory: 4k page, physical 8142772k(1047632k free), swap 8142772k(5140k free)

vm_info: Java HotSpot(TM) 64-Bit Server VM (25.241-b07) for windows-amd64 JRE (1.8.0_241-b07), built on Dec 11 2019 10:21:40 by "rejava" with MS VC++ 10.0 (VS2010)

time: Sat Jan 25 21:29:08 2020
timezone: ìåãû (ïWèÄéû)
elapsed time: 44 seconds (0d 0h 0m 44s)

