#
# There is insufficient memory for the Java Runtime Environment to continue.
# Native memory allocation (malloc) failed to allocate 1351296 bytes for Chunk::new
# Possible reasons:
#   The system is out of physical RAM or swap space
# Possible solutions:
#   Reduce memory load on the system
#   Increase physical memory or swap space
#   Check if swap backing store is full
#   Decrease Java heap size (-Xmx/-Xms)
#   Decrease number of Java threads
#   Decrease Java thread stack sizes (-Xss)
#   Set larger code cache with -XX:ReservedCodeCacheSize=
# This output file may be truncated or incomplete.
#
#  Out of Memory Error (allocation.cpp:389), pid=9436, tid=0x0000000000002778
#
# JRE version: Java(TM) SE Runtime Environment (8.0_241-b07) (build 1.8.0_241-b07)
# Java VM: Java HotSpot(TM) 64-Bit Server VM (25.241-b07 mixed mode windows-amd64 )
# Failed to write core dump. Minidumps are not enabled by default on client versions of Windows
#

---------------  T H R E A D  ---------------

Current thread (0x0000000034998000):  JavaThread "C2 CompilerThread1" daemon [_thread_in_native, id=10104, stack(0x0000000035c20000,0x0000000035d20000)]

Stack: [0x0000000035c20000,0x0000000035d20000]
[error occurred during error reporting (printing stack bounds), id 0xc0000005]

Native frames: (J=compiled Java code, j=interpreted, Vv=VM code, C=native code)


Current CompileTask:
C2:  49068 2334 % !   4       soot.coffi.CFG::jimplify @ 315 (2043 bytes)


---------------  P R O C E S S  ---------------

Java Threads: ( => current thread )
  0x0000000035e91800 JavaThread "Service Thread" daemon [_thread_blocked, id=3164, stack(0x0000001d53700000,0x0000001dfcf00000)]
  0x000000003499d800 JavaThread "C1 CompilerThread2" daemon [_thread_blocked, id=9736, stack(0x0000000035d20000,0x0000000035e20000)]
=>0x0000000034998000 JavaThread "C2 CompilerThread1" daemon [_thread_in_native, id=10104, stack(0x0000000035c20000,0x0000000035d20000)]
  0x0000000034995800 JavaThread "C2 CompilerThread0" daemon [_thread_in_native, id=6928, stack(0x0000000035b20000,0x0000000035c20000)]
  0x0000000034994000 JavaThread "Attach Listener" daemon [_thread_blocked, id=6496, stack(0x0000001ca9f00000,0x0000001d53700000)]
  0x000000003494a000 JavaThread "Signal Dispatcher" daemon [_thread_blocked, id=1740, stack(0x0000001c00700000,0x0000001ca9f00000)]
  0x000000003492a800 JavaThread "Finalizer" daemon [_thread_blocked, id=8088, stack(0x0000001b56f00000,0x0000001c00700000)]
  0x00000000012f2800 JavaThread "Reference Handler" daemon [_thread_blocked, id=3304, stack(0x0000001aad700000,0x0000001b56f00000)]
  0x0000000001202800 JavaThread "main" [_thread_in_Java, id=5800, stack(0x000000007fff0000,0x00000001297f0000)]

Other Threads:
  0x0000000034907800 VMThread [stack: 0x0000000035990000,0x0000000035a90000] [id=6152]
  0x0000000035ecd000 WatcherThread [stack: 0x0000000036220000,0x0000000036320000] [id=9652]

VM state:not at safepoint (normal execution)

VM Mutex/Monitor currently owned by a thread: None

Heap:
 PSYoungGen      total 826880K, used 660789K [0x00000011c6d00000, 0x00000011fcf80000, 0x00000019ea200000)
  eden space 768512K, 83% used [0x00000011c6d00000,0x00000011ee2a5428,0x00000011f5b80000)
  from space 58368K, 27% used [0x00000011f9280000,0x00000011fa228060,0x00000011fcb80000)
  to   space 56320K, 0% used [0x00000011f5b80000,0x00000011f5b80000,0x00000011f9280000)
 ParOldGen       total 180224K, used 126307K [0x0000000180200000, 0x000000018b200000, 0x00000011c6d00000)
  object space 180224K, 70% used [0x0000000180200000,0x0000000187d58d28,0x000000018b200000)
 Metaspace       used 10551K, capacity 10807K, committed 11008K, reserved 12288K

Card table byte_map: [0x0000000012e00000,0x000000001f160000] byte_map_base: 0x00000000121ff000

Marking Bits: (ParMarkBitMap*) 0x000000006d91be30
 Begin Bits: [0x00000019ea200000, 0x0000001a4bc80000)
 End Bits:   [0x0000001a4bc80000, 0x0000001aad700000)

Polling page: 0x00000000011e0000

CodeCache: size=245760Kb used=11475Kb max_used=12536Kb free=234284Kb
 bounds [0x0000000003a40000, 0x0000000004690000, 0x0000000012a40000]
 total_blobs=2502 nmethods=2194 adapters=221
 compilation: enabled

Compilation events (10 events):
Event: 48.918 Thread 0x000000003499d800 2470       2       soot.jimple.toolkits.callgraph.VirtualCalls::resolveSpecial (93 bytes)
Event: 48.919 Thread 0x000000003499d800 nmethod 2470 0x0000000003cbe3d0 code [0x0000000003cbe600, 0x0000000003cbeca8]
Event: 48.996 Thread 0x000000003499d800 2472       2       soot.coffi.Instruction_Ifne::<init> (13 bytes)
Event: 48.996 Thread 0x000000003499d800 nmethod 2472 0x0000000003baae10 code [0x0000000003baaf80, 0x0000000003bab128]
Event: 49.048 Thread 0x000000003499d800 2474       2       soot.SootClass::getMethods (43 bytes)
Event: 49.048 Thread 0x000000003499d800 nmethod 2474 0x0000000003cda450 code [0x0000000003cda620, 0x0000000003cdaa78]
Event: 49.052 Thread 0x000000003499d800 2475 %     3       soot.SootClass::getMethods @ 18 (43 bytes)
Event: 49.052 Thread 0x000000003499d800 nmethod 2475% 0x0000000003c77150 code [0x0000000003c77380, 0x0000000003c77ff8]
Event: 49.053 Thread 0x000000003499d800 2476       3       soot.SootClass::getMethods (43 bytes)
Event: 49.053 Thread 0x000000003499d800 nmethod 2476 0x0000000003ce7ed0 code [0x0000000003ce8100, 0x0000000003ce8d18]

GC Heap History (10 events):
Event: 44.339 GC heap before
{Heap before GC invocations=12 (full 1):
 PSYoungGen      total 416256K, used 384200K [0x00000011c6d00000, 0x00000011e3d80000, 0x00000019ea200000)
  eden space 356352K, 100% used [0x00000011c6d00000,0x00000011dc900000,0x00000011dc900000)
  from space 59904K, 46% used [0x00000011e0100000,0x00000011e1c323d8,0x00000011e3b80000)
  to   space 57344K, 0% used [0x00000011dc900000,0x00000011dc900000,0x00000011e0100000)
 ParOldGen       total 147968K, used 111897K [0x0000000180200000, 0x0000000189280000, 0x00000011c6d00000)
  object space 147968K, 75% used [0x0000000180200000,0x0000000186f46468,0x0000000189280000)
 Metaspace       used 10481K, capacity 10743K, committed 11008K, reserved 12288K
Event: 44.366 GC heap after
Heap after GC invocations=12 (full 1):
 PSYoungGen      total 413696K, used 10420K [0x00000011c6d00000, 0x00000011ee800000, 0x00000019ea200000)
  eden space 356352K, 0% used [0x00000011c6d00000,0x00000011c6d00000,0x00000011dc900000)
  from space 57344K, 18% used [0x00000011dc900000,0x00000011dd32d190,0x00000011e0100000)
  to   space 56832K, 0% used [0x00000011eb080000,0x00000011eb080000,0x00000011ee800000)
 ParOldGen       total 147968K, used 139302K [0x0000000180200000, 0x0000000189280000, 0x00000011c6d00000)
  object space 147968K, 94% used [0x0000000180200000,0x0000000188a09b90,0x0000000189280000)
 Metaspace       used 10481K, capacity 10743K, committed 11008K, reserved 12288K
}
Event: 44.366 GC heap before
{Heap before GC invocations=13 (full 2):
 PSYoungGen      total 413696K, used 10420K [0x00000011c6d00000, 0x00000011ee800000, 0x00000019ea200000)
  eden space 356352K, 0% used [0x00000011c6d00000,0x00000011c6d00000,0x00000011dc900000)
  from space 57344K, 18% used [0x00000011dc900000,0x00000011dd32d190,0x00000011e0100000)
  to   space 56832K, 0% used [0x00000011eb080000,0x00000011eb080000,0x00000011ee800000)
 ParOldGen       total 147968K, used 139302K [0x0000000180200000, 0x0000000189280000, 0x00000011c6d00000)
  object space 147968K, 94% used [0x0000000180200000,0x0000000188a09b90,0x0000000189280000)
 Metaspace       used 10481K, capacity 10743K, committed 11008K, reserved 12288K
Event: 44.529 GC heap after
Heap after GC invocations=13 (full 2):
 PSYoungGen      total 413696K, used 0K [0x00000011c6d00000, 0x00000011ee800000, 0x00000019ea200000)
  eden space 356352K, 0% used [0x00000011c6d00000,0x00000011c6d00000,0x00000011dc900000)
  from space 57344K, 0% used [0x00000011dc900000,0x00000011dc900000,0x00000011e0100000)
  to   space 56832K, 0% used [0x00000011eb080000,0x00000011eb080000,0x00000011ee800000)
 ParOldGen       total 180224K, used 104751K [0x0000000180200000, 0x000000018b200000, 0x00000011c6d00000)
  object space 180224K, 58% used [0x0000000180200000,0x000000018684be70,0x000000018b200000)
 Metaspace       used 10481K, capacity 10743K, committed 11008K, reserved 12288K
}
Event: 46.427 GC heap before
{Heap before GC invocations=14 (full 2):
 PSYoungGen      total 413696K, used 356352K [0x00000011c6d00000, 0x00000011ee800000, 0x00000019ea200000)
  eden space 356352K, 100% used [0x00000011c6d00000,0x00000011dc900000,0x00000011dc900000)
  from space 57344K, 0% used [0x00000011dc900000,0x00000011dc900000,0x00000011e0100000)
  to   space 56832K, 0% used [0x00000011eb080000,0x00000011eb080000,0x00000011ee800000)
 ParOldGen       total 180224K, used 104751K [0x0000000180200000, 0x000000018b200000, 0x00000011c6d00000)
  object space 180224K, 58% used [0x0000000180200000,0x000000018684be70,0x000000018b200000)
 Metaspace       used 10492K, capacity 10807K, committed 11008K, reserved 12288K
Event: 46.451 GC heap after
Heap after GC invocations=14 (full 2):
 PSYoungGen      total 574976K, used 40368K [0x00000011c6d00000, 0x00000011ee200000, 0x00000019ea200000)
  eden space 524288K, 0% used [0x00000011c6d00000,0x00000011c6d00000,0x00000011e6d00000)
  from space 50688K, 79% used [0x00000011eb080000,0x00000011ed7ec180,0x00000011ee200000)
  to   space 59904K, 0% used [0x00000011e6d00000,0x00000011e6d00000,0x00000011ea780000)
 ParOldGen       total 180224K, used 104751K [0x0000000180200000, 0x000000018b200000, 0x00000011c6d00000)
  object space 180224K, 58% used [0x0000000180200000,0x000000018684be70,0x000000018b200000)
 Metaspace       used 10492K, capacity 10807K, committed 11008K, reserved 12288K
}
Event: 47.492 GC heap before
{Heap before GC invocations=15 (full 2):
 PSYoungGen      total 574976K, used 564656K [0x00000011c6d00000, 0x00000011ee200000, 0x00000019ea200000)
  eden space 524288K, 100% used [0x00000011c6d00000,0x00000011e6d00000,0x00000011e6d00000)
  from space 50688K, 79% used [0x00000011eb080000,0x00000011ed7ec180,0x00000011ee200000)
  to   space 59904K, 0% used [0x00000011e6d00000,0x00000011e6d00000,0x00000011ea780000)
 ParOldGen       total 180224K, used 104751K [0x0000000180200000, 0x000000018b200000, 0x00000011c6d00000)
  object space 180224K, 58% used [0x0000000180200000,0x000000018684be70,0x000000018b200000)
 Metaspace       used 10510K, capacity 10807K, committed 11008K, reserved 12288K
Event: 47.513 GC heap after
Heap after GC invocations=15 (full 2):
 PSYoungGen      total 584192K, used 12192K [0x00000011c6d00000, 0x00000011fcb80000, 0x00000019ea200000)
  eden space 524288K, 0% used [0x00000011c6d00000,0x00000011c6d00000,0x00000011e6d00000)
  from space 59904K, 20% used [0x00000011e6d00000,0x00000011e78e82c0,0x00000011ea780000)
  to   space 58368K, 0% used [0x00000011f9280000,0x00000011f9280000,0x00000011fcb80000)
 ParOldGen       total 180224K, used 116244K [0x0000000180200000, 0x000000018b200000, 0x00000011c6d00000)
  object space 180224K, 64% used [0x0000000180200000,0x0000000187385038,0x000000018b200000)
 Metaspace       used 10510K, capacity 10807K, committed 11008K, reserved 12288K
}
Event: 48.153 GC heap before
{Heap before GC invocations=16 (full 2):
 PSYoungGen      total 584192K, used 536480K [0x00000011c6d00000, 0x00000011fcb80000, 0x00000019ea200000)
  eden space 524288K, 100% used [0x00000011c6d00000,0x00000011e6d00000,0x00000011e6d00000)
  from space 59904K, 20% used [0x00000011e6d00000,0x00000011e78e82c0,0x00000011ea780000)
  to   space 58368K, 0% used [0x00000011f9280000,0x00000011f9280000,0x00000011fcb80000)
 ParOldGen       total 180224K, used 116244K [0x0000000180200000, 0x000000018b200000, 0x00000011c6d00000)
  object space 180224K, 64% used [0x0000000180200000,0x0000000187385038,0x000000018b200000)
 Metaspace       used 10525K, capacity 10807K, committed 11008K, reserved 12288K
Event: 48.181 GC heap after
Heap after GC invocations=16 (full 2):
 PSYoungGen      total 826880K, used 16032K [0x00000011c6d00000, 0x00000011fcf80000, 0x00000019ea200000)
  eden space 768512K, 0% used [0x00000011c6d00000,0x00000011c6d00000,0x00000011f5b80000)
  from space 58368K, 27% used [0x00000011f9280000,0x00000011fa228060,0x00000011fcb80000)
  to   space 56320K, 0% used [0x00000011f5b80000,0x00000011f5b80000,0x00000011f9280000)
 ParOldGen       total 180224K, used 126307K [0x0000000180200000, 0x000000018b200000, 0x00000011c6d00000)
  object space 180224K, 70% used [0x0000000180200000,0x0000000187d58d28,0x000000018b200000)
 Metaspace       used 10525K, capacity 10807K, committed 11008K, reserved 12288K
}

Deoptimization events (10 events):
Event: 46.607 Thread 0x0000000001202800 Uncommon trap: reason=unstable_if action=reinterpret pc=0x0000000003cef948 method=java.util.HashMap.getNode(ILjava/lang/Object;)Ljava/util/HashMap$Node; @ 62
Event: 47.629 Thread 0x0000000001202800 Uncommon trap: reason=class_check action=maybe_recompile pc=0x00000000040fc0fc method=java.util.AbstractSet.equals(Ljava/lang/Object;)Z @ 8
Event: 47.984 Thread 0x0000000001202800 Uncommon trap: reason=unstable_if action=reinterpret pc=0x000000000435a2e4 method=java.util.IdentityHashMap.capacity(I)I @ 13
Event: 48.011 Thread 0x0000000001202800 Uncommon trap: reason=class_check action=maybe_recompile pc=0x00000000040fc0fc method=java.util.AbstractSet.equals(Ljava/lang/Object;)Z @ 8
Event: 48.143 Thread 0x0000000001202800 Uncommon trap: reason=class_check action=maybe_recompile pc=0x00000000040fc0fc method=java.util.AbstractSet.equals(Ljava/lang/Object;)Z @ 8
Event: 48.524 Thread 0x0000000001202800 Uncommon trap: reason=unstable_if action=reinterpret pc=0x0000000003ef0818 method=soot.util.SmallNumberedMap.findPosition(Lsoot/util/Numberable;)I @ 38
Event: 48.541 Thread 0x0000000001202800 Uncommon trap: reason=class_check action=maybe_recompile pc=0x000000000464f2bc method=soot.toolkits.graph.UnitGraph.combineMapValues(Ljava/util/Map;Ljava/util/Map;)Ljava/util/Map; @ 201
Event: 48.772 Thread 0x0000000001202800 Uncommon trap: reason=class_check action=maybe_recompile pc=0x000000000464f2bc method=soot.toolkits.graph.UnitGraph.combineMapValues(Ljava/util/Map;Ljava/util/Map;)Ljava/util/Map; @ 201
Event: 48.781 Thread 0x0000000001202800 Uncommon trap: reason=class_check action=maybe_recompile pc=0x000000000464f2bc method=soot.toolkits.graph.UnitGraph.combineMapValues(Ljava/util/Map;Ljava/util/Map;)Ljava/util/Map; @ 201
Event: 48.794 Thread 0x0000000001202800 Uncommon trap: reason=class_check action=maybe_recompile pc=0x000000000464f2bc method=soot.toolkits.graph.UnitGraph.combineMapValues(Ljava/util/Map;Ljava/util/Map;)Ljava/util/Map; @ 201

Classes redefined (0 events):
No events

Internal exceptions (10 events):
Event: 1.449 Thread 0x0000000001202800 Exception <a 'java/security/PrivilegedActionException'> (0x00000011c7652c28) thrown at [C:\ade\jenkins\workspace\8-2-build-windows-amd64-cygwin\jdk8u241\331\hotspot\src\share\vm\prims\jvm.cpp, line 1502]
Event: 1.449 Thread 0x0000000001202800 Exception <a 'java/security/PrivilegedActionException'> (0x00000011c76531a8) thrown at [C:\ade\jenkins\workspace\8-2-build-windows-amd64-cygwin\jdk8u241\331\hotspot\src\share\vm\prims\jvm.cpp, line 1502]
Event: 1.449 Thread 0x0000000001202800 Exception <a 'java/security/PrivilegedActionException'> (0x00000011c7657b70) thrown at [C:\ade\jenkins\workspace\8-2-build-windows-amd64-cygwin\jdk8u241\331\hotspot\src\share\vm\prims\jvm.cpp, line 1502]
Event: 1.449 Thread 0x0000000001202800 Exception <a 'java/security/PrivilegedActionException'> (0x00000011c76580f0) thrown at [C:\ade\jenkins\workspace\8-2-build-windows-amd64-cygwin\jdk8u241\331\hotspot\src\share\vm\prims\jvm.cpp, line 1502]
Event: 21.649 Thread 0x0000000001202800 Exception <a 'java/lang/ArrayIndexOutOfBoundsException': 18> (0x00000011caf25490) thrown at [C:\ade\jenkins\workspace\8-2-build-windows-amd64-cygwin\jdk8u241\331\hotspot\src\share\vm\interpreter\interpreterRuntime.cpp, line 368]
Event: 39.800 Thread 0x0000000001202800 Implicit null exception at 0x0000000003f8474e to 0x0000000003f8477d
Event: 40.263 Thread 0x0000000001202800 Implicit null exception at 0x0000000003f375c7 to 0x0000000003f37a4d
Event: 40.571 Thread 0x0000000001202800 Implicit null exception at 0x0000000003e03c69 to 0x0000000003e057e9
Event: 41.226 Thread 0x0000000001202800 Implicit null exception at 0x0000000003eceadf to 0x0000000003eceb39
Event: 42.751 Thread 0x0000000001202800 Implicit null exception at 0x0000000003fd0de9 to 0x0000000003fd116d

Events (10 events):
Event: 49.014 Thread 0x0000000001202800 DEOPT PACKING pc=0x00000000040eb018 sp=0x00000001297ee000
Event: 49.014 Thread 0x0000000001202800 DEOPT UNPACKING pc=0x0000000003a87490 sp=0x00000001297edec0 mode 0
Event: 49.021 Thread 0x0000000001202800 DEOPT PACKING pc=0x00000000040df1f4 sp=0x00000001297edc40
Event: 49.021 Thread 0x0000000001202800 DEOPT UNPACKING pc=0x0000000003a87490 sp=0x00000001297edae0 mode 0
Event: 49.022 Thread 0x0000000001202800 DEOPT PACKING pc=0x0000000004274f93 sp=0x00000001297ee360
Event: 49.022 Thread 0x0000000001202800 DEOPT UNPACKING pc=0x0000000003a87490 sp=0x00000001297ee178 mode 0
Event: 49.034 Thread 0x0000000001202800 DEOPT PACKING pc=0x00000000040eb45c sp=0x00000001297eddf0
Event: 49.034 Thread 0x0000000001202800 DEOPT UNPACKING pc=0x0000000003a87490 sp=0x00000001297edcb0 mode 0
Event: 49.045 Thread 0x0000000001202800 DEOPT PACKING pc=0x00000000040df1f4 sp=0x00000001297edc40
Event: 49.045 Thread 0x0000000001202800 DEOPT UNPACKING pc=0x0000000003a87490 sp=0x00000001297edae0 mode 0


Dynamic libraries:
0x00007ff647220000 - 0x00007ff647257000 	C:\Program Files\Java\jre1.8.0_241\bin\javaw.exe
0x00007ffde38e0000 - 0x00007ffde3ab0000 	C:\Windows\SYSTEM32\ntdll.dll
0x00007ffde2b20000 - 0x00007ffde2bcc000 	C:\Windows\System32\KERNEL32.DLL
0x00007ffde0a30000 - 0x00007ffde0c4d000 	C:\Windows\System32\KERNELBASE.dll
0x00007ffde2850000 - 0x00007ffde28f2000 	C:\Windows\System32\ADVAPI32.dll
0x00007ffde2da0000 - 0x00007ffde2e3e000 	C:\Windows\System32\msvcrt.dll
0x00007ffde2d40000 - 0x00007ffde2d99000 	C:\Windows\System32\sechost.dll
0x00007ffde23e0000 - 0x00007ffde2501000 	C:\Windows\System32\RPCRT4.dll
0x00007ffde2f40000 - 0x00007ffde30a5000 	C:\Windows\System32\USER32.dll
0x00007ffde0da0000 - 0x00007ffde0dbe000 	C:\Windows\System32\win32u.dll
0x00007ffde2d00000 - 0x00007ffde2d34000 	C:\Windows\System32\GDI32.dll
0x00007ffddfe40000 - 0x00007ffddffc1000 	C:\Windows\System32\gdi32full.dll
0x00007ffdd7c70000 - 0x00007ffdd7eea000 	C:\Windows\WinSxS\amd64_microsoft.windows.common-controls_6595b64144ccf1df_6.0.14393.3053_none_7de042968342015d\COMCTL32.dll
0x00007ffde3560000 - 0x00007ffde3825000 	C:\Windows\System32\combase.dll
0x00007ffde0930000 - 0x00007ffde0a24000 	C:\Windows\System32\ucrtbase.dll
0x00007ffddfdd0000 - 0x00007ffddfe3a000 	C:\Windows\System32\bcryptPrimitives.dll
0x00007ffde38a0000 - 0x00007ffde38ce000 	C:\Windows\System32\IMM32.DLL
0x0000000180000000 - 0x000000018000d000 	C:\Windows\KATRK64.DLL
0x00007ffddccb0000 - 0x00007ffddccc3000 	C:\Windows\SYSTEM32\WTSAPI32.dll
0x00007ffdd7a20000 - 0x00007ffdd7acc000 	C:\Windows\system32\tmumh\20019\AddOn\7.0.0.1169\TmUmEvt64.dll
0x00007ffde30b0000 - 0x00007ffde30b8000 	C:\Windows\System32\PSAPI.DLL
0x00007ffde2380000 - 0x00007ffde23d2000 	C:\Windows\System32\SHLWAPI.dll
0x0000000070ec0000 - 0x0000000070fda000 	C:\Windows\system32\tmumh\20019\TmMon\2.5.0.2095\tmmon64.dll
0x000000006cf90000 - 0x000000006d062000 	C:\Program Files\Java\jre1.8.0_241\bin\msvcr100.dll
0x000000006d0f0000 - 0x000000006d99c000 	C:\Program Files\Java\jre1.8.0_241\bin\server\jvm.dll
0x00007ffdcf3c0000 - 0x00007ffdcf3c9000 	C:\Windows\SYSTEM32\WSOCK32.dll
0x00007ffde3830000 - 0x00007ffde389a000 	C:\Windows\System32\WS2_32.dll
0x00007ffdd7f50000 - 0x00007ffdd7f73000 	C:\Windows\SYSTEM32\WINMM.dll
0x00007ffdd5230000 - 0x00007ffdd523a000 	C:\Windows\SYSTEM32\VERSION.dll
0x00007ffdd7f20000 - 0x00007ffdd7f4b000 	C:\Windows\SYSTEM32\WINMMBASE.dll
0x00007ffde0e20000 - 0x00007ffde0e62000 	C:\Windows\System32\cfgmgr32.dll
0x00007ffddce50000 - 0x00007ffddce5f000 	C:\Program Files\Java\jre1.8.0_241\bin\verify.dll
0x00007ffdd74a0000 - 0x00007ffdd74c9000 	C:\Program Files\Java\jre1.8.0_241\bin\java.dll
0x00007ffdd6630000 - 0x00007ffdd6646000 	C:\Program Files\Java\jre1.8.0_241\bin\zip.dll
0x00007ffde0e70000 - 0x00007ffde2375000 	C:\Windows\System32\SHELL32.dll
0x00007ffddffd0000 - 0x00007ffde06aa000 	C:\Windows\System32\windows.storage.dll
0x00007ffddfd70000 - 0x00007ffddfdbc000 	C:\Windows\System32\powrprof.dll
0x00007ffddfd60000 - 0x00007ffddfd6f000 	C:\Windows\System32\kernel.appcore.dll
0x00007ffde0c50000 - 0x00007ffde0cf9000 	C:\Windows\System32\shcore.dll
0x00007ffddfd40000 - 0x00007ffddfd54000 	C:\Windows\System32\profapi.dll
0x00007ffdc8bf0000 - 0x00007ffdc8c0a000 	C:\Program Files\Java\jre1.8.0_241\bin\net.dll
0x00007ffddf660000 - 0x00007ffddf6bc000 	C:\Windows\system32\mswsock.dll
0x00007ffdc8bd0000 - 0x00007ffdc8be2000 	C:\Program Files\Java\jre1.8.0_241\bin\nio.dll

VM Arguments:
jvm_args: -Xss15000m -Xmx100000M -Dfile.encoding=UTF-8 
java_command: dataflow.util.CGCreator -whole-program -xml-attributes -keep-line-number -f jimple -p cg.cha enabled:true -app simple.logic.Logic -p cg verbose:true,all-reachable:true,,safe-forname:true,safe-newinstance:true
java_class_path (initial): Z:\01.mydrive\eclipseWorkspace\tmp\bin;Z:\01.mydrive\eclipseWorkspace\tmp\lib\annotations-api.jar;Z:\01.mydrive\eclipseWorkspace\tmp\lib\catalina-ant.jar;Z:\01.mydrive\eclipseWorkspace\tmp\lib\catalina-ha.jar;Z:\01.mydrive\eclipseWorkspace\tmp\lib\catalina-tribes.jar;Z:\01.mydrive\eclipseWorkspace\tmp\lib\catalina.jar;Z:\01.mydrive\eclipseWorkspace\tmp\lib\ecj-4.4.2.jar;Z:\01.mydrive\eclipseWorkspace\tmp\lib\el-api.jar;Z:\01.mydrive\eclipseWorkspace\tmp\lib\jasper-el.jar;Z:\01.mydrive\eclipseWorkspace\tmp\lib\jasper.jar;Z:\01.mydrive\eclipseWorkspace\tmp\lib\jsp-api.jar;Z:\01.mydrive\eclipseWorkspace\tmp\lib\servlet-api.jar;Z:\01.mydrive\eclipseWorkspace\tmp\lib\tomcat-api.jar;Z:\01.mydrive\eclipseWorkspace\tmp\lib\tomcat-coyote.jar;Z:\01.mydrive\eclipseWorkspace\tmp\lib\tomcat-dbcp.jar;Z:\01.mydrive\eclipseWorkspace\tmp\lib\tomcat-i18n-es.jar;Z:\01.mydrive\eclipseWorkspace\tmp\lib\tomcat-i18n-fr.jar;Z:\01.mydrive\eclipseWorkspace\tmp\lib\tomcat-i18n-ja.jar;Z:\01.mydrive\eclipseWorkspace\tmp\lib\tomcat-i18n-ru.jar;Z:\01.mydrive\eclipseWorkspace\tmp\lib\tomcat-jdbc.jar;Z:\01.mydrive\eclipseWorkspace\tmp\lib\tomcat-util.jar;Z:\01.mydrive\eclipseWorkspace\tmp\lib\tomcat7-websocket.jar;Z:\01.mydrive\eclipseWorkspace\tmp\lib\websocket-api.jar;C:\Program Files\eclipse javaEE\plugins\org.junit_4.11.0.v201303080030\junit.jar;C:\Program Files\eclipse javaEE\plugins\org.hamcrest.core_1.3.0.v201303031735.jar;Z:\01.mydrive\eclipseWorkspace\tmp\lib\soot-2.5.0.jar;Z:\01.mydrive\eclipseWorkspace\tmp\lib\rt.jar
Launcher Type: SUN_STANDARD

Environment Variables:
PATH=C:/Program Files/Java/jre1.8.0_241/bin/server;C:/Program Files/Java/jre1.8.0_241/bin;C:/Program Files/Java/jre1.8.0_241/lib/amd64;C:\Program Files (x86)\NVIDIA Corporation\PhysX\Common;C:\Program Files (x86)\Common Files\Oracle\Java\javapath;C:\Program Files\Haskell\bin;C:\Program Files\Haskell Platform\8.2.2\lib\extralibs\bin;C:\Program Files\Haskell Platform\8.2.2\bin;C:\ProgramData\Oracle\Java\javapath;C:\Windows\system32;C:\Windows;C:\Windows\System32\Wbem;C:\Windows\System32\WindowsPowerShell\v1.0\;c:\Program Files (x86)\Microsoft SQL Server\110\Tools\Binn\;c:\Program Files\Microsoft SQL Server\110\Tools\Binn\;c:\Program Files\Microsoft SQL Server\110\DTS\Binn\;C:\Program Files (x86)\Shoes;C:\MinGW\bin;C:\Ruby25-x64\bin;C:\Ruby23-x64\bin;C:\Program Files (x86)\gnuplot\bin;C:\Program Files (x86)\Windows Kits\10\Windows Performance Toolkit\;C:\ProgramData\Anaconda3;C:\Python36\Scripts\;C:\Python36\;C:\Program Files (x86)\LilyPond\usr\bin;C:\Program Files (x86)\Windows Kits\8.1\Windows Performance Toolkit\;C:\Program Files (x86)\PuTTY\;C:\Program Files\IBM\SPSS\Statistics\25\JRE\bin;C:\Program Files\Haskell Platform\8.2.2\mingw\bin;C:\texlive\2018\bin\win32;C:\Program Files\Microsoft VS Code\bin;C:\Program Files (x86)\scala\bin;C:\Program Files\MATLAB\R2018b\bin;C:\Program Files (x86)\Wolfram Research\WolframScript\;C:\Program Files (x86)\mysql\bin;C:\Program Files (x86)\php;C:\Program Files\gs\gs9.50\bin;C:\Users\s1930149\AppData\Local\Microsoft\WindowsApps;;C:\Program Files\eclipse javaEE;
USERNAME=s1930149
OS=Windows_NT
PROCESSOR_IDENTIFIER=Intel64 Family 6 Model 94 Stepping 3, GenuineIntel



---------------  S Y S T E M  ---------------

OS: Windows 10.0 , 64 bit Build 14393 (10.0.14393.2969)

CPU:total 4 (initial active 4) (4 cores per cpu, 1 threads per core) family 6 model 94 stepping 3, cmov, cx8, fxsr, mmx, sse, sse2, sse3, ssse3, sse4.1, sse4.2, popcnt, aes, clmul, erms, rtm, 3dnowpref, lzcnt, tsc, tscinvbit, bmi1, bmi2, adx

Memory: 4k page, physical 8142772k(3862360k free), swap 8142772k(10984k free)

vm_info: Java HotSpot(TM) 64-Bit Server VM (25.241-b07) for windows-amd64 JRE (1.8.0_241-b07), built on Dec 11 2019 10:21:40 by "rejava" with MS VC++ 10.0 (VS2010)

time: Thu Jan 30 17:21:05 2020
timezone: ìåãû (ïWèÄéû)
elapsed time: 49 seconds (0d 0h 0m 49s)

