#
# There is insufficient memory for the Java Runtime Environment to continue.
# Native memory allocation (malloc) failed to allocate 65552 bytes for Chunk::new
# Possible reasons:
#   The system is out of physical RAM or swap space
# Possible solutions:
#   Reduce memory load on the system
#   Increase physical memory or swap space
#   Check if swap backing store is full
#   Decrease Java heap size (-Xmx/-Xms)
#   Decrease number of Java threads
#   Decrease Java thread stack sizes (-Xss)
#   Set larger code cache with -XX:ReservedCodeCacheSize=
# This output file may be truncated or incomplete.
#
#  Out of Memory Error (allocation.cpp:389), pid=6508, tid=0x00000000000024a8
#
# JRE version: Java(TM) SE Runtime Environment (8.0_241-b07) (build 1.8.0_241-b07)
# Java VM: Java HotSpot(TM) 64-Bit Server VM (25.241-b07 mixed mode windows-amd64 )
# Failed to write core dump. Minidumps are not enabled by default on client versions of Windows
#

---------------  T H R E A D  ---------------

Current thread (0x0000000034d15800):  JavaThread "C2 CompilerThread0" daemon [_thread_in_native, id=9384, stack(0x0000000035e10000,0x0000000035f10000)]

Stack: [0x0000000035e10000,0x0000000035f10000]
[error occurred during error reporting (printing stack bounds), id 0xc0000005]

Native frames: (J=compiled Java code, j=interpreted, Vv=VM code, C=native code)


Current CompileTask:
C2:  51149 2585       4       soot.toolkits.scalar.BackwardFlowAnalysis::doAnalysis (743 bytes)


---------------  P R O C E S S  ---------------

Java Threads: ( => current thread )
  0x0000000036084000 JavaThread "Service Thread" daemon [_thread_blocked, id=8560, stack(0x0000001d53700000,0x0000001dfcf00000)]
  0x0000000034d1e000 JavaThread "C1 CompilerThread2" daemon [_thread_blocked, id=8544, stack(0x0000000036410000,0x0000000036510000)]
  0x0000000034d18000 JavaThread "C2 CompilerThread1" daemon [_thread_in_native, id=8656, stack(0x0000000035f10000,0x0000000036010000)]
=>0x0000000034d15800 JavaThread "C2 CompilerThread0" daemon [_thread_in_native, id=9384, stack(0x0000000035e10000,0x0000000035f10000)]
  0x0000000034d14000 JavaThread "Attach Listener" daemon [_thread_blocked, id=6940, stack(0x0000001ca9f00000,0x0000001d53700000)]
  0x0000000034cca000 JavaThread "Signal Dispatcher" daemon [_thread_blocked, id=6628, stack(0x0000001c00700000,0x0000001ca9f00000)]
  0x0000000034caa800 JavaThread "Finalizer" daemon [_thread_blocked, id=9612, stack(0x0000001b56f00000,0x0000001c00700000)]
  0x0000000001752800 JavaThread "Reference Handler" daemon [_thread_blocked, id=8660, stack(0x0000001aad700000,0x0000001b56f00000)]
  0x0000000001662800 JavaThread "main" [_thread_in_Java, id=7296, stack(0x000000007fff0000,0x00000001297f0000)]

Other Threads:
  0x0000000034c87800 VMThread [stack: 0x0000000035d10000,0x0000000035e10000] [id=10104]
  0x00000000360ba800 WatcherThread [stack: 0x0000000036510000,0x0000000036610000] [id=7172]

VM state:not at safepoint (normal execution)

VM Mutex/Monitor currently owned by a thread: None

Heap:
 PSYoungGen      total 706048K, used 82600K [0x00000011c6d00000, 0x00000011f5280000, 0x00000019ea200000)
  eden space 652800K, 5% used [0x00000011c6d00000,0x00000011c9332068,0x00000011eea80000)
  from space 53248K, 81% used [0x00000011eea80000,0x00000011f14f8090,0x00000011f1e80000)
  to   space 50176K, 0% used [0x00000011f2180000,0x00000011f2180000,0x00000011f5280000)
 ParOldGen       total 235008K, used 160590K [0x0000000180200000, 0x000000018e780000, 0x00000011c6d00000)
  object space 235008K, 68% used [0x0000000180200000,0x0000000189ed3818,0x000000018e780000)
 Metaspace       used 10711K, capacity 10999K, committed 11264K, reserved 12288K

Card table byte_map: [0x0000000012f80000,0x000000001f2e0000] byte_map_base: 0x000000001237f000

Marking Bits: (ParMarkBitMap*) 0x000000006d91be30
 Begin Bits: [0x00000019ea200000, 0x0000001a4bc80000)
 End Bits:   [0x0000001a4bc80000, 0x0000001aad700000)

Polling page: 0x0000000001640000

CodeCache: size=245760Kb used=12422Kb max_used=12483Kb free=233337Kb
 bounds [0x0000000003bc0000, 0x0000000004800000, 0x0000000012bc0000]
 total_blobs=2545 nmethods=2237 adapters=221
 compilation: enabled

Compilation events (10 events):
Event: 51.116 Thread 0x0000000034d1e000 2625       2       soot.jimple.Jimple::newIdentityStmt (10 bytes)
Event: 51.117 Thread 0x0000000034d1e000 nmethod 2625 0x0000000003d70ad0 code [0x0000000003d70c60, 0x0000000003d71178]
Event: 51.117 Thread 0x0000000034d1e000 2626       2       soot.jimple.internal.JIdentityStmt::<init> (19 bytes)
Event: 51.117 Thread 0x0000000034d1e000 nmethod 2626 0x0000000003ce4190 code [0x0000000003ce4320, 0x0000000003ce47d8]
Event: 51.118 Thread 0x0000000034d1e000 2627       2       soot.jimple.Jimple::newIdentityRefBox (9 bytes)
Event: 51.118 Thread 0x0000000034d1e000 nmethod 2627 0x0000000003ccd090 code [0x0000000003ccd200, 0x0000000003ccd3e8]
Event: 51.118 Thread 0x0000000034d1e000 2628       2       soot.jimple.internal.IdentityRefBox::<init> (10 bytes)
Event: 51.118 Thread 0x0000000034d1e000 nmethod 2628 0x0000000003cd2e50 code [0x0000000003cd2fc0, 0x0000000003cd3148]
Event: 51.118 Thread 0x0000000034d1e000 2629       2       soot.jimple.internal.JIdentityStmt::<init> (26 bytes)
Event: 51.118 Thread 0x0000000034d1e000 nmethod 2629 0x0000000003deb810 code [0x0000000003deb960, 0x0000000003debb90]

GC Heap History (10 events):
Event: 47.865 GC heap before
{Heap before GC invocations=18 (full 3):
 PSYoungGen      total 595456K, used 543744K [0x00000011c6d00000, 0x00000011eeb80000, 0x00000019ea200000)
  eden space 543744K, 100% used [0x00000011c6d00000,0x00000011e8000000,0x00000011e8000000)
  from space 51712K, 0% used [0x00000011eb580000,0x00000011eb580000,0x00000011ee800000)
  to   space 54784K, 0% used [0x00000011e8000000,0x00000011e8000000,0x00000011eb580000)
 ParOldGen       total 235008K, used 133402K [0x0000000180200000, 0x000000018e780000, 0x00000011c6d00000)
  object space 235008K, 56% used [0x0000000180200000,0x0000000188446b78,0x000000018e780000)
 Metaspace       used 10548K, capacity 10807K, committed 11008K, reserved 12288K
Event: 47.888 GC heap after
Heap after GC invocations=18 (full 3):
 PSYoungGen      total 598528K, used 12320K [0x00000011c6d00000, 0x00000011f5800000, 0x00000019ea200000)
  eden space 543744K, 0% used [0x00000011c6d00000,0x00000011c6d00000,0x00000011e8000000)
  from space 54784K, 22% used [0x00000011e8000000,0x00000011e8c08048,0x00000011eb580000)
  to   space 55808K, 0% used [0x00000011f2180000,0x00000011f2180000,0x00000011f5800000)
 ParOldGen       total 235008K, used 133402K [0x0000000180200000, 0x000000018e780000, 0x00000011c6d00000)
  object space 235008K, 56% used [0x0000000180200000,0x0000000188446b78,0x000000018e780000)
 Metaspace       used 10548K, capacity 10807K, committed 11008K, reserved 12288K
}
Event: 48.526 GC heap before
{Heap before GC invocations=19 (full 3):
 PSYoungGen      total 598528K, used 556064K [0x00000011c6d00000, 0x00000011f5800000, 0x00000019ea200000)
  eden space 543744K, 100% used [0x00000011c6d00000,0x00000011e8000000,0x00000011e8000000)
  from space 54784K, 22% used [0x00000011e8000000,0x00000011e8c08048,0x00000011eb580000)
  to   space 55808K, 0% used [0x00000011f2180000,0x00000011f2180000,0x00000011f5800000)
 ParOldGen       total 235008K, used 133402K [0x0000000180200000, 0x000000018e780000, 0x00000011c6d00000)
  object space 235008K, 56% used [0x0000000180200000,0x0000000188446b78,0x000000018e780000)
 Metaspace       used 10562K, capacity 10871K, committed 11008K, reserved 12288K
Event: 48.548 GC heap after
Heap after GC invocations=19 (full 3):
 PSYoungGen      total 702976K, used 26113K [0x00000011c6d00000, 0x00000011f5280000, 0x00000019ea200000)
  eden space 652800K, 0% used [0x00000011c6d00000,0x00000011c6d00000,0x00000011eea80000)
  from space 50176K, 52% used [0x00000011f2180000,0x00000011f3b00580,0x00000011f5280000)
  to   space 53248K, 0% used [0x00000011eea80000,0x00000011eea80000,0x00000011f1e80000)
 ParOldGen       total 235008K, used 133402K [0x0000000180200000, 0x000000018e780000, 0x00000011c6d00000)
  object space 235008K, 56% used [0x0000000180200000,0x0000000188446b78,0x000000018e780000)
 Metaspace       used 10562K, capacity 10871K, committed 11008K, reserved 12288K
}
Event: 49.290 GC heap before
{Heap before GC invocations=20 (full 3):
 PSYoungGen      total 702976K, used 678913K [0x00000011c6d00000, 0x00000011f5280000, 0x00000019ea200000)
  eden space 652800K, 100% used [0x00000011c6d00000,0x00000011eea80000,0x00000011eea80000)
  from space 50176K, 52% used [0x00000011f2180000,0x00000011f3b00580,0x00000011f5280000)
  to   space 53248K, 0% used [0x00000011eea80000,0x00000011eea80000,0x00000011f1e80000)
 ParOldGen       total 235008K, used 133402K [0x0000000180200000, 0x000000018e780000, 0x00000011c6d00000)
  object space 235008K, 56% used [0x0000000180200000,0x0000000188446b78,0x000000018e780000)
 Metaspace       used 10573K, capacity 10871K, committed 11008K, reserved 12288K
Event: 49.321 GC heap after
Heap after GC invocations=20 (full 3):
 PSYoungGen      total 706048K, used 38487K [0x00000011c6d00000, 0x00000011f5280000, 0x00000019ea200000)
  eden space 652800K, 0% used [0x00000011c6d00000,0x00000011c6d00000,0x00000011eea80000)
  from space 53248K, 72% used [0x00000011eea80000,0x00000011f1015c70,0x00000011f1e80000)
  to   space 50176K, 0% used [0x00000011f2180000,0x00000011f2180000,0x00000011f5280000)
 ParOldGen       total 235008K, used 133402K [0x0000000180200000, 0x000000018e780000, 0x00000011c6d00000)
  object space 235008K, 56% used [0x0000000180200000,0x0000000188446b78,0x000000018e780000)
 Metaspace       used 10573K, capacity 10871K, committed 11008K, reserved 12288K
}
Event: 50.047 GC heap before
{Heap before GC invocations=21 (full 3):
 PSYoungGen      total 706048K, used 691287K [0x00000011c6d00000, 0x00000011f5280000, 0x00000019ea200000)
  eden space 652800K, 100% used [0x00000011c6d00000,0x00000011eea80000,0x00000011eea80000)
  from space 53248K, 72% used [0x00000011eea80000,0x00000011f1015c70,0x00000011f1e80000)
  to   space 50176K, 0% used [0x00000011f2180000,0x00000011f2180000,0x00000011f5280000)
 ParOldGen       total 235008K, used 133402K [0x0000000180200000, 0x000000018e780000, 0x00000011c6d00000)
  object space 235008K, 56% used [0x0000000180200000,0x0000000188446b78,0x000000018e780000)
 Metaspace       used 10577K, capacity 10871K, committed 11008K, reserved 12288K
Event: 50.094 GC heap after
Heap after GC invocations=21 (full 3):
 PSYoungGen      total 702976K, used 50165K [0x00000011c6d00000, 0x00000011f5280000, 0x00000019ea200000)
  eden space 652800K, 0% used [0x00000011c6d00000,0x00000011c6d00000,0x00000011eea80000)
  from space 50176K, 99% used [0x00000011f2180000,0x00000011f527d7b0,0x00000011f5280000)
  to   space 53248K, 0% used [0x00000011eea80000,0x00000011eea80000,0x00000011f1e80000)
 ParOldGen       total 235008K, used 136644K [0x0000000180200000, 0x000000018e780000, 0x00000011c6d00000)
  object space 235008K, 58% used [0x0000000180200000,0x0000000188771068,0x000000018e780000)
 Metaspace       used 10577K, capacity 10871K, committed 11008K, reserved 12288K
}
Event: 51.057 GC heap before
{Heap before GC invocations=22 (full 3):
 PSYoungGen      total 702976K, used 702965K [0x00000011c6d00000, 0x00000011f5280000, 0x00000019ea200000)
  eden space 652800K, 100% used [0x00000011c6d00000,0x00000011eea80000,0x00000011eea80000)
  from space 50176K, 99% used [0x00000011f2180000,0x00000011f527d7b0,0x00000011f5280000)
  to   space 53248K, 0% used [0x00000011eea80000,0x00000011eea80000,0x00000011f1e80000)
 ParOldGen       total 235008K, used 136644K [0x0000000180200000, 0x000000018e780000, 0x00000011c6d00000)
  object space 235008K, 58% used [0x0000000180200000,0x0000000188771068,0x000000018e780000)
 Metaspace       used 10711K, capacity 10999K, committed 11264K, reserved 12288K
Event: 51.104 GC heap after
Heap after GC invocations=22 (full 3):
 PSYoungGen      total 706048K, used 43488K [0x00000011c6d00000, 0x00000011f5280000, 0x00000019ea200000)
  eden space 652800K, 0% used [0x00000011c6d00000,0x00000011c6d00000,0x00000011eea80000)
  from space 53248K, 81% used [0x00000011eea80000,0x00000011f14f8090,0x00000011f1e80000)
  to   space 50176K, 0% used [0x00000011f2180000,0x00000011f2180000,0x00000011f5280000)
 ParOldGen       total 235008K, used 160590K [0x0000000180200000, 0x000000018e780000, 0x00000011c6d00000)
  object space 235008K, 68% used [0x0000000180200000,0x0000000189ed3818,0x000000018e780000)
 Metaspace       used 10711K, capacity 10999K, committed 11264K, reserved 12288K
}

Deoptimization events (10 events):
Event: 50.543 Thread 0x0000000001662800 Uncommon trap: reason=unstable_if action=reinterpret pc=0x0000000004309144 method=java.util.TreeMap.getEntry(Ljava/lang/Object;)Ljava/util/TreeMap$Entry; @ 4
Event: 50.548 Thread 0x0000000001662800 Uncommon trap: reason=unstable_if action=reinterpret pc=0x000000000436d6a0 method=java.util.TreeMap.deleteEntry(Ljava/util/TreeMap$Entry;)V @ 24
Event: 50.548 Thread 0x0000000001662800 Uncommon trap: reason=unstable_if action=reinterpret pc=0x000000000433674c method=java.util.TreeMap.fixAfterDeletion(Ljava/util/TreeMap$Entry;)V @ 24
Event: 50.549 Thread 0x0000000001662800 Uncommon trap: reason=unstable_if action=reinterpret pc=0x00000000043470a4 method=java.util.TreeMap.getFirstEntry()Ljava/util/TreeMap$Entry; @ 6
Event: 50.549 Thread 0x0000000001662800 Uncommon trap: reason=class_check action=maybe_recompile pc=0x000000000422e29c method=java.util.Collections$UnmodifiableList.get(I)Ljava/lang/Object; @ 5
Event: 50.549 Thread 0x0000000001662800 Uncommon trap: reason=unstable_if action=reinterpret pc=0x0000000004348688 method=java.util.TreeMap.getFirstEntry()Ljava/util/TreeMap$Entry; @ 6
Event: 50.549 Thread 0x0000000001662800 Uncommon trap: reason=class_check action=maybe_recompile pc=0x000000000422e29c method=java.util.Collections$UnmodifiableList.get(I)Ljava/lang/Object; @ 5
Event: 50.549 Thread 0x0000000001662800 Uncommon trap: reason=class_check action=maybe_recompile pc=0x000000000422e29c method=java.util.Collections$UnmodifiableList.get(I)Ljava/lang/Object; @ 5
Event: 50.549 Thread 0x0000000001662800 Uncommon trap: reason=class_check action=maybe_recompile pc=0x000000000422e29c method=java.util.Collections$UnmodifiableList.get(I)Ljava/lang/Object; @ 5
Event: 50.684 Thread 0x0000000001662800 Uncommon trap: reason=unstable_if action=reinterpret pc=0x0000000004761cc8 method=soot.FastHierarchy.canStoreType(Lsoot/Type;Lsoot/Type;)Z @ 322

Classes redefined (0 events):
No events

Internal exceptions (10 events):
Event: 1.156 Thread 0x0000000001662800 Exception <a 'java/security/PrivilegedActionException'> (0x00000011c7657c10) thrown at [C:\ade\jenkins\workspace\8-2-build-windows-amd64-cygwin\jdk8u241\331\hotspot\src\share\vm\prims\jvm.cpp, line 1502]
Event: 1.156 Thread 0x0000000001662800 Exception <a 'java/security/PrivilegedActionException'> (0x00000011c7658190) thrown at [C:\ade\jenkins\workspace\8-2-build-windows-amd64-cygwin\jdk8u241\331\hotspot\src\share\vm\prims\jvm.cpp, line 1502]
Event: 20.736 Thread 0x0000000001662800 Exception <a 'java/lang/ArrayIndexOutOfBoundsException': 18> (0x00000011cb00eb90) thrown at [C:\ade\jenkins\workspace\8-2-build-windows-amd64-cygwin\jdk8u241\331\hotspot\src\share\vm\interpreter\interpreterRuntime.cpp, line 368]
Event: 38.582 Thread 0x0000000001662800 Implicit null exception at 0x000000000410f70e to 0x000000000410f73d
Event: 39.033 Thread 0x0000000001662800 Implicit null exception at 0x00000000040a61c7 to 0x00000000040a664d
Event: 39.329 Thread 0x0000000001662800 Implicit null exception at 0x0000000003f75929 to 0x0000000003f774f9
Event: 39.972 Thread 0x0000000001662800 Implicit null exception at 0x00000000040255df to 0x0000000004025639
Event: 41.378 Thread 0x0000000001662800 Implicit null exception at 0x0000000003d39329 to 0x0000000003d396ad
Event: 50.549 Thread 0x0000000001662800 Implicit null exception at 0x0000000004346f3b to 0x000000000434708d
Event: 50.549 Thread 0x0000000001662800 Implicit null exception at 0x00000000043485c9 to 0x0000000004348679

Events (10 events):
Event: 51.118 Thread 0x0000000034d1e000 flushing nmethod 0x0000000003d4add0
Event: 51.118 Thread 0x0000000034d1e000 flushing nmethod 0x0000000003d7fe10
Event: 51.118 Thread 0x0000000034d1e000 flushing nmethod 0x0000000003d8c190
Event: 51.118 Thread 0x0000000034d1e000 flushing nmethod 0x0000000003deb810
Event: 51.118 Thread 0x0000000034d1e000 flushing nmethod 0x0000000003e24c90
Event: 51.118 Thread 0x0000000034d1e000 flushing nmethod 0x0000000003e46dd0
Event: 51.118 Thread 0x0000000034d1e000 flushing nmethod 0x0000000003e692d0
Event: 51.118 Thread 0x0000000034d1e000 flushing nmethod 0x0000000003e6a5d0
Event: 51.122 Thread 0x0000000001662800 DEOPT PACKING pc=0x0000000004365b44 sp=0x00000001297edf10
Event: 51.122 Thread 0x0000000001662800 DEOPT UNPACKING pc=0x0000000003c07490 sp=0x00000001297eddb0 mode 0


Dynamic libraries:
0x00007ff647220000 - 0x00007ff647257000 	C:\Program Files\Java\jre1.8.0_241\bin\javaw.exe
0x00007ffde38e0000 - 0x00007ffde3ab0000 	C:\Windows\SYSTEM32\ntdll.dll
0x00007ffde2b20000 - 0x00007ffde2bcc000 	C:\Windows\System32\KERNEL32.DLL
0x00007ffde0a30000 - 0x00007ffde0c4d000 	C:\Windows\System32\KERNELBASE.dll
0x00007ffde2850000 - 0x00007ffde28f2000 	C:\Windows\System32\ADVAPI32.dll
0x00007ffde2da0000 - 0x00007ffde2e3e000 	C:\Windows\System32\msvcrt.dll
0x00007ffde2d40000 - 0x00007ffde2d99000 	C:\Windows\System32\sechost.dll
0x00007ffde23e0000 - 0x00007ffde2501000 	C:\Windows\System32\RPCRT4.dll
0x00007ffde2f40000 - 0x00007ffde30a5000 	C:\Windows\System32\USER32.dll
0x00007ffde0da0000 - 0x00007ffde0dbe000 	C:\Windows\System32\win32u.dll
0x00007ffde2d00000 - 0x00007ffde2d34000 	C:\Windows\System32\GDI32.dll
0x00007ffddfe40000 - 0x00007ffddffc1000 	C:\Windows\System32\gdi32full.dll
0x00007ffdd7c70000 - 0x00007ffdd7eea000 	C:\Windows\WinSxS\amd64_microsoft.windows.common-controls_6595b64144ccf1df_6.0.14393.3053_none_7de042968342015d\COMCTL32.dll
0x00007ffde3560000 - 0x00007ffde3825000 	C:\Windows\System32\combase.dll
0x00007ffde0930000 - 0x00007ffde0a24000 	C:\Windows\System32\ucrtbase.dll
0x00007ffddfdd0000 - 0x00007ffddfe3a000 	C:\Windows\System32\bcryptPrimitives.dll
0x00007ffde38a0000 - 0x00007ffde38ce000 	C:\Windows\System32\IMM32.DLL
0x0000000180000000 - 0x000000018000d000 	C:\Windows\KATRK64.DLL
0x00007ffddccb0000 - 0x00007ffddccc3000 	C:\Windows\SYSTEM32\WTSAPI32.dll
0x00007ffdd7a20000 - 0x00007ffdd7acc000 	C:\Windows\system32\tmumh\20019\AddOn\7.0.0.1169\TmUmEvt64.dll
0x00007ffde30b0000 - 0x00007ffde30b8000 	C:\Windows\System32\PSAPI.DLL
0x00007ffde2380000 - 0x00007ffde23d2000 	C:\Windows\System32\SHLWAPI.dll
0x0000000070ec0000 - 0x0000000070fda000 	C:\Windows\system32\tmumh\20019\TmMon\2.5.0.2095\tmmon64.dll
0x000000006cf90000 - 0x000000006d062000 	C:\Program Files\Java\jre1.8.0_241\bin\msvcr100.dll
0x000000006d0f0000 - 0x000000006d99c000 	C:\Program Files\Java\jre1.8.0_241\bin\server\jvm.dll
0x00007ffdcf3c0000 - 0x00007ffdcf3c9000 	C:\Windows\SYSTEM32\WSOCK32.dll
0x00007ffde3830000 - 0x00007ffde389a000 	C:\Windows\System32\WS2_32.dll
0x00007ffdd7f50000 - 0x00007ffdd7f73000 	C:\Windows\SYSTEM32\WINMM.dll
0x00007ffdd5230000 - 0x00007ffdd523a000 	C:\Windows\SYSTEM32\VERSION.dll
0x00007ffdd7f20000 - 0x00007ffdd7f4b000 	C:\Windows\SYSTEM32\WINMMBASE.dll
0x00007ffde0e20000 - 0x00007ffde0e62000 	C:\Windows\System32\cfgmgr32.dll
0x00007ffddce50000 - 0x00007ffddce5f000 	C:\Program Files\Java\jre1.8.0_241\bin\verify.dll
0x00007ffdd74a0000 - 0x00007ffdd74c9000 	C:\Program Files\Java\jre1.8.0_241\bin\java.dll
0x00007ffdd6630000 - 0x00007ffdd6646000 	C:\Program Files\Java\jre1.8.0_241\bin\zip.dll
0x00007ffde0e70000 - 0x00007ffde2375000 	C:\Windows\System32\SHELL32.dll
0x00007ffddffd0000 - 0x00007ffde06aa000 	C:\Windows\System32\windows.storage.dll
0x00007ffddfd70000 - 0x00007ffddfdbc000 	C:\Windows\System32\powrprof.dll
0x00007ffddfd60000 - 0x00007ffddfd6f000 	C:\Windows\System32\kernel.appcore.dll
0x00007ffde0c50000 - 0x00007ffde0cf9000 	C:\Windows\System32\shcore.dll
0x00007ffddfd40000 - 0x00007ffddfd54000 	C:\Windows\System32\profapi.dll
0x00007ffdc8bf0000 - 0x00007ffdc8c0a000 	C:\Program Files\Java\jre1.8.0_241\bin\net.dll
0x00007ffddf660000 - 0x00007ffddf6bc000 	C:\Windows\system32\mswsock.dll
0x00007ffdc8bd0000 - 0x00007ffdc8be2000 	C:\Program Files\Java\jre1.8.0_241\bin\nio.dll

VM Arguments:
jvm_args: -Xss15000m -Xmx100000M -Dfile.encoding=UTF-8 
java_command: dataflow.util.CGCreator -whole-program -xml-attributes -keep-line-number -f jimple -p cg.cha enabled:true -app simple.logic.Logic -p cg verbose:true,all-reachable:true,,safe-forname:true,safe-newinstance:true
java_class_path (initial): Z:\01.mydrive\eclipseWorkspace\tmp\bin;Z:\01.mydrive\eclipseWorkspace\tmp\lib\annotations-api.jar;Z:\01.mydrive\eclipseWorkspace\tmp\lib\catalina-ant.jar;Z:\01.mydrive\eclipseWorkspace\tmp\lib\catalina-ha.jar;Z:\01.mydrive\eclipseWorkspace\tmp\lib\catalina-tribes.jar;Z:\01.mydrive\eclipseWorkspace\tmp\lib\catalina.jar;Z:\01.mydrive\eclipseWorkspace\tmp\lib\ecj-4.4.2.jar;Z:\01.mydrive\eclipseWorkspace\tmp\lib\el-api.jar;Z:\01.mydrive\eclipseWorkspace\tmp\lib\jasper-el.jar;Z:\01.mydrive\eclipseWorkspace\tmp\lib\jasper.jar;Z:\01.mydrive\eclipseWorkspace\tmp\lib\jsp-api.jar;Z:\01.mydrive\eclipseWorkspace\tmp\lib\servlet-api.jar;Z:\01.mydrive\eclipseWorkspace\tmp\lib\tomcat-api.jar;Z:\01.mydrive\eclipseWorkspace\tmp\lib\tomcat-coyote.jar;Z:\01.mydrive\eclipseWorkspace\tmp\lib\tomcat-dbcp.jar;Z:\01.mydrive\eclipseWorkspace\tmp\lib\tomcat-i18n-es.jar;Z:\01.mydrive\eclipseWorkspace\tmp\lib\tomcat-i18n-fr.jar;Z:\01.mydrive\eclipseWorkspace\tmp\lib\tomcat-i18n-ja.jar;Z:\01.mydrive\eclipseWorkspace\tmp\lib\tomcat-i18n-ru.jar;Z:\01.mydrive\eclipseWorkspace\tmp\lib\tomcat-jdbc.jar;Z:\01.mydrive\eclipseWorkspace\tmp\lib\tomcat-util.jar;Z:\01.mydrive\eclipseWorkspace\tmp\lib\tomcat7-websocket.jar;Z:\01.mydrive\eclipseWorkspace\tmp\lib\websocket-api.jar;C:\Program Files\eclipse javaEE\plugins\org.junit_4.11.0.v201303080030\junit.jar;C:\Program Files\eclipse javaEE\plugins\org.hamcrest.core_1.3.0.v201303031735.jar;Z:\01.mydrive\eclipseWorkspace\tmp\lib\soot-2.5.0.jar;Z:\01.mydrive\eclipseWorkspace\tmp\lib\rt.jar
Launcher Type: SUN_STANDARD

Environment Variables:
PATH=C:/Program Files/Java/jre1.8.0_241/bin/server;C:/Program Files/Java/jre1.8.0_241/bin;C:/Program Files/Java/jre1.8.0_241/lib/amd64;C:\Program Files (x86)\NVIDIA Corporation\PhysX\Common;C:\Program Files (x86)\Common Files\Oracle\Java\javapath;C:\Program Files\Haskell\bin;C:\Program Files\Haskell Platform\8.2.2\lib\extralibs\bin;C:\Program Files\Haskell Platform\8.2.2\bin;C:\ProgramData\Oracle\Java\javapath;C:\Windows\system32;C:\Windows;C:\Windows\System32\Wbem;C:\Windows\System32\WindowsPowerShell\v1.0\;c:\Program Files (x86)\Microsoft SQL Server\110\Tools\Binn\;c:\Program Files\Microsoft SQL Server\110\Tools\Binn\;c:\Program Files\Microsoft SQL Server\110\DTS\Binn\;C:\Program Files (x86)\Shoes;C:\MinGW\bin;C:\Ruby25-x64\bin;C:\Ruby23-x64\bin;C:\Program Files (x86)\gnuplot\bin;C:\Program Files (x86)\Windows Kits\10\Windows Performance Toolkit\;C:\ProgramData\Anaconda3;C:\Python36\Scripts\;C:\Python36\;C:\Program Files (x86)\LilyPond\usr\bin;C:\Program Files (x86)\Windows Kits\8.1\Windows Performance Toolkit\;C:\Program Files (x86)\PuTTY\;C:\Program Files\IBM\SPSS\Statistics\25\JRE\bin;C:\Program Files\Haskell Platform\8.2.2\mingw\bin;C:\texlive\2018\bin\win32;C:\Program Files\Microsoft VS Code\bin;C:\Program Files (x86)\scala\bin;C:\Program Files\MATLAB\R2018b\bin;C:\Program Files (x86)\Wolfram Research\WolframScript\;C:\Program Files (x86)\mysql\bin;C:\Program Files (x86)\php;C:\Program Files\gs\gs9.50\bin;C:\Users\s1930149\AppData\Local\Microsoft\WindowsApps;;C:\Program Files\eclipse javaEE;
USERNAME=s1930149
OS=Windows_NT
PROCESSOR_IDENTIFIER=Intel64 Family 6 Model 94 Stepping 3, GenuineIntel



---------------  S Y S T E M  ---------------

OS: Windows 10.0 , 64 bit Build 14393 (10.0.14393.2969)

CPU:total 4 (initial active 4) (4 cores per cpu, 1 threads per core) family 6 model 94 stepping 3, cmov, cx8, fxsr, mmx, sse, sse2, sse3, ssse3, sse4.1, sse4.2, popcnt, aes, clmul, erms, rtm, 3dnowpref, lzcnt, tsc, tscinvbit, bmi1, bmi2, adx

Memory: 4k page, physical 8142772k(3679492k free), swap 8142772k(13492k free)

vm_info: Java HotSpot(TM) 64-Bit Server VM (25.241-b07) for windows-amd64 JRE (1.8.0_241-b07), built on Dec 11 2019 10:21:40 by "rejava" with MS VC++ 10.0 (VS2010)

time: Thu Jan 30 17:14:07 2020
timezone: ìåãû (ïWèÄéû)
elapsed time: 51 seconds (0d 0h 0m 51s)

