#
# There is insufficient memory for the Java Runtime Environment to continue.
# Native memory allocation (malloc) failed to allocate 65552 bytes for Chunk::new
# Possible reasons:
#   The system is out of physical RAM or swap space
#   The process is running with CompressedOops enabled, and the Java Heap may be blocking the growth of the native heap
# Possible solutions:
#   Reduce memory load on the system
#   Increase physical memory or swap space
#   Check if swap backing store is full
#   Decrease Java heap size (-Xmx/-Xms)
#   Decrease number of Java threads
#   Decrease Java thread stack sizes (-Xss)
#   Set larger code cache with -XX:ReservedCodeCacheSize=
#   JVM is running with Unscaled Compressed Oops mode in which the Java heap is
#     placed in the first 4GB address space. The Java Heap base address is the
#     maximum limit for the native heap growth. Please use -XX:HeapBaseMinAddress
#     to set the Java Heap base and to place the Java Heap above 4GB virtual address.
# This output file may be truncated or incomplete.
#
#  Out of Memory Error (allocation.cpp:389), pid=11320, tid=0x0000000000002960
#
# JRE version: Java(TM) SE Runtime Environment (8.0_241-b07) (build 1.8.0_241-b07)
# Java VM: Java HotSpot(TM) 64-Bit Server VM (25.241-b07 mixed mode windows-amd64 compressed oops)
# Failed to write core dump. Minidumps are not enabled by default on client versions of Windows
#

---------------  T H R E A D  ---------------

Current thread (0x0000000018794800):  JavaThread "C2 CompilerThread0" daemon [_thread_in_native, id=10592, stack(0x0000000019cb0000,0x0000000019db0000)]

Stack: [0x0000000019cb0000,0x0000000019db0000]
[error occurred during error reporting (printing stack bounds), id 0xc0000005]

Native frames: (J=compiled Java code, j=interpreted, Vv=VM code, C=native code)


Current CompileTask:
C2:  50139 2334 %     4       soot.toolkits.scalar.BackwardFlowAnalysis::doAnalysis @ 93 (743 bytes)


---------------  P R O C E S S  ---------------

Java Threads: ( => current thread )
  0x000000001a021000 JavaThread "Service Thread" daemon [_thread_blocked, id=14100, stack(0x000000001a3b0000,0x000000001a4b0000)]
  0x000000001879d800 JavaThread "C1 CompilerThread2" daemon [_thread_blocked, id=12236, stack(0x0000000019eb0000,0x0000000019fb0000)]
  0x0000000018798000 JavaThread "C2 CompilerThread1" daemon [_thread_in_native, id=224, stack(0x0000000019db0000,0x0000000019eb0000)]
=>0x0000000018794800 JavaThread "C2 CompilerThread0" daemon [_thread_in_native, id=10592, stack(0x0000000019cb0000,0x0000000019db0000)]
  0x0000000018793800 JavaThread "Attach Listener" daemon [_thread_blocked, id=4368, stack(0x0000000019bb0000,0x0000000019cb0000)]
  0x000000001874e000 JavaThread "Signal Dispatcher" daemon [_thread_blocked, id=13856, stack(0x0000000019ab0000,0x0000000019bb0000)]
  0x0000000018730000 JavaThread "Finalizer" daemon [_thread_blocked, id=13948, stack(0x00000000199b0000,0x0000000019ab0000)]
  0x0000000001622000 JavaThread "Reference Handler" daemon [_thread_blocked, id=11820, stack(0x00000000198b0000,0x00000000199b0000)]
  0x0000000001532800 JavaThread "main" [_thread_in_Java, id=9624, stack(0x0000000003c40000,0x0000000003d40000)]

Other Threads:
  0x0000000018707800 VMThread [stack: 0x00000000197b0000,0x00000000198b0000] [id=5872]
  0x000000001a05b800 WatcherThread [stack: 0x000000001a4b0000,0x000000001a5b0000] [id=14080]

VM state:not at safepoint (normal execution)

VM Mutex/Monitor currently owned by a thread: None

heap address: 0x0000000083c00000, size: 1988 MB, Compressed Oops mode: 32-bit
Narrow klass base: 0x0000000000000000, Narrow klass shift: 3
Compressed class space size: 1073741824 Address: 0x0000000100000000

Heap:
 PSYoungGen      total 392704K, used 323630K [0x00000000d6980000, 0x00000000f1780000, 0x0000000100000000)
  eden space 351744K, 89% used [0x00000000d6980000,0x00000000e9e0b9a0,0x00000000ec100000)
  from space 40960K, 18% used [0x00000000ec100000,0x00000000ec880010,0x00000000ee900000)
  to   space 41984K, 0% used [0x00000000ee900000,0x00000000ee900000,0x00000000f1200000)
 ParOldGen       total 150016K, used 108088K [0x0000000083c00000, 0x000000008ce80000, 0x00000000d6980000)
  object space 150016K, 72% used [0x0000000083c00000,0x000000008a58e3e8,0x000000008ce80000)
 Metaspace       used 10819K, capacity 10976K, committed 11136K, reserved 1058816K
  class space    used 1352K, capacity 1401K, committed 1408K, reserved 1048576K

Card table byte_map: [0x0000000013100000,0x00000000134f0000] byte_map_base: 0x0000000012ce2000

Marking Bits: (ParMarkBitMap*) 0x000000006b7fbe30
 Begin Bits: [0x0000000013b90000, 0x0000000015aa0000)
 End Bits:   [0x0000000015aa0000, 0x00000000179b0000)

Polling page: 0x0000000001410000

CodeCache: size=245760Kb used=11754Kb max_used=11804Kb free=234005Kb
 bounds [0x0000000003d40000, 0x0000000004910000, 0x0000000012d40000]
 total_blobs=2597 nmethods=2287 adapters=223
 compilation: enabled

Compilation events (10 events):
Event: 50.022 Thread 0x000000001879d800 2596       2       soot.jimple.toolkits.typing.integer.ClassHierarchy::v (7 bytes)
Event: 50.022 Thread 0x000000001879d800 nmethod 2596 0x0000000003fd81d0 code [0x0000000003fd8340, 0x0000000003fd8548]
Event: 50.022 Thread 0x000000001879d800 2597       2       soot.Singletons::soot_jimple_toolkits_typing_integer_ClassHierarchy (27 bytes)
Event: 50.022 Thread 0x000000001879d800 nmethod 2597 0x0000000004169d90 code [0x0000000004169f00, 0x000000000416a108]
Event: 50.022 Thread 0x000000001879d800 2594       2       soot.jimple.toolkits.typing.integer.TypeVariable::approx (21 bytes)
Event: 50.023 Thread 0x000000001879d800 nmethod 2594 0x00000000041696d0 code [0x0000000004169860, 0x0000000004169b48]
Event: 50.042 Thread 0x000000001879d800 2598       2       soot.jimple.LongConstant::v (9 bytes)
Event: 50.042 Thread 0x000000001879d800 nmethod 2598 0x0000000004169350 code [0x00000000041694a0, 0x0000000004169630]
Event: 50.042 Thread 0x000000001879d800 2599       2       soot.jimple.LongConstant::<init> (10 bytes)
Event: 50.042 Thread 0x000000001879d800 nmethod 2599 0x0000000003eea350 code [0x0000000003eea4a0, 0x0000000003eea5f0]

GC Heap History (10 events):
Event: 47.225 GC heap before
{Heap before GC invocations=15 (full 1):
 PSYoungGen      total 392704K, used 358560K [0x00000000d6980000, 0x00000000f1780000, 0x0000000100000000)
  eden space 351744K, 100% used [0x00000000d6980000,0x00000000ec100000,0x00000000ec100000)
  from space 40960K, 16% used [0x00000000ec100000,0x00000000ec7a8020,0x00000000ee900000)
  to   space 41984K, 0% used [0x00000000ee900000,0x00000000ee900000,0x00000000f1200000)
 ParOldGen       total 150016K, used 116637K [0x0000000083c00000, 0x000000008ce80000, 0x00000000d6980000)
  object space 150016K, 77% used [0x0000000083c00000,0x000000008ade7498,0x000000008ce80000)
 Metaspace       used 10669K, capacity 10848K, committed 11136K, reserved 1058816K
  class space    used 1343K, capacity 1401K, committed 1408K, reserved 1048576K
Event: 47.241 GC heap after
Heap after GC invocations=15 (full 1):
 PSYoungGen      total 393728K, used 8176K [0x00000000d6980000, 0x00000000f1780000, 0x0000000100000000)
  eden space 351744K, 0% used [0x00000000d6980000,0x00000000d6980000,0x00000000ec100000)
  from space 41984K, 19% used [0x00000000ee900000,0x00000000ef0fc070,0x00000000f1200000)
  to   space 40960K, 0% used [0x00000000ec100000,0x00000000ec100000,0x00000000ee900000)
 ParOldGen       total 150016K, used 123461K [0x0000000083c00000, 0x000000008ce80000, 0x00000000d6980000)
  object space 150016K, 82% used [0x0000000083c00000,0x000000008b491518,0x000000008ce80000)
 Metaspace       used 10669K, capacity 10848K, committed 11136K, reserved 1058816K
  class space    used 1343K, capacity 1401K, committed 1408K, reserved 1048576K
}
Event: 47.958 GC heap before
{Heap before GC invocations=16 (full 1):
 PSYoungGen      total 393728K, used 359920K [0x00000000d6980000, 0x00000000f1780000, 0x0000000100000000)
  eden space 351744K, 100% used [0x00000000d6980000,0x00000000ec100000,0x00000000ec100000)
  from space 41984K, 19% used [0x00000000ee900000,0x00000000ef0fc070,0x00000000f1200000)
  to   space 40960K, 0% used [0x00000000ec100000,0x00000000ec100000,0x00000000ee900000)
 ParOldGen       total 150016K, used 123461K [0x0000000083c00000, 0x000000008ce80000, 0x00000000d6980000)
  object space 150016K, 82% used [0x0000000083c00000,0x000000008b491518,0x000000008ce80000)
 Metaspace       used 10767K, capacity 10912K, committed 11136K, reserved 1058816K
  class space    used 1352K, capacity 1401K, committed 1408K, reserved 1048576K
Event: 47.974 GC heap after
Heap after GC invocations=16 (full 1):
 PSYoungGen      total 392704K, used 8242K [0x00000000d6980000, 0x00000000f1780000, 0x0000000100000000)
  eden space 351744K, 0% used [0x00000000d6980000,0x00000000d6980000,0x00000000ec100000)
  from space 40960K, 20% used [0x00000000ec100000,0x00000000ec90c990,0x00000000ee900000)
  to   space 41984K, 0% used [0x00000000ee900000,0x00000000ee900000,0x00000000f1200000)
 ParOldGen       total 150016K, used 131529K [0x0000000083c00000, 0x000000008ce80000, 0x00000000d6980000)
  object space 150016K, 87% used [0x0000000083c00000,0x000000008bc725b8,0x000000008ce80000)
 Metaspace       used 10767K, capacity 10912K, committed 11136K, reserved 1058816K
  class space    used 1352K, capacity 1401K, committed 1408K, reserved 1048576K
}
Event: 48.611 GC heap before
{Heap before GC invocations=17 (full 1):
 PSYoungGen      total 392704K, used 359986K [0x00000000d6980000, 0x00000000f1780000, 0x0000000100000000)
  eden space 351744K, 100% used [0x00000000d6980000,0x00000000ec100000,0x00000000ec100000)
  from space 40960K, 20% used [0x00000000ec100000,0x00000000ec90c990,0x00000000ee900000)
  to   space 41984K, 0% used [0x00000000ee900000,0x00000000ee900000,0x00000000f1200000)
 ParOldGen       total 150016K, used 131529K [0x0000000083c00000, 0x000000008ce80000, 0x00000000d6980000)
  object space 150016K, 87% used [0x0000000083c00000,0x000000008bc725b8,0x000000008ce80000)
 Metaspace       used 10772K, capacity 10912K, committed 11136K, reserved 1058816K
  class space    used 1352K, capacity 1401K, committed 1408K, reserved 1048576K
Event: 48.628 GC heap after
Heap after GC invocations=17 (full 1):
 PSYoungGen      total 393728K, used 8926K [0x00000000d6980000, 0x00000000f1780000, 0x0000000100000000)
  eden space 351744K, 0% used [0x00000000d6980000,0x00000000d6980000,0x00000000ec100000)
  from space 41984K, 21% used [0x00000000ee900000,0x00000000ef1b7908,0x00000000f1200000)
  to   space 40960K, 0% used [0x00000000ec100000,0x00000000ec100000,0x00000000ee900000)
 ParOldGen       total 150016K, used 139361K [0x0000000083c00000, 0x000000008ce80000, 0x00000000d6980000)
  object space 150016K, 92% used [0x0000000083c00000,0x000000008c4185b8,0x000000008ce80000)
 Metaspace       used 10772K, capacity 10912K, committed 11136K, reserved 1058816K
  class space    used 1352K, capacity 1401K, committed 1408K, reserved 1048576K
}
Event: 48.628 GC heap before
{Heap before GC invocations=18 (full 2):
 PSYoungGen      total 393728K, used 8926K [0x00000000d6980000, 0x00000000f1780000, 0x0000000100000000)
  eden space 351744K, 0% used [0x00000000d6980000,0x00000000d6980000,0x00000000ec100000)
  from space 41984K, 21% used [0x00000000ee900000,0x00000000ef1b7908,0x00000000f1200000)
  to   space 40960K, 0% used [0x00000000ec100000,0x00000000ec100000,0x00000000ee900000)
 ParOldGen       total 150016K, used 139361K [0x0000000083c00000, 0x000000008ce80000, 0x00000000d6980000)
  object space 150016K, 92% used [0x0000000083c00000,0x000000008c4185b8,0x000000008ce80000)
 Metaspace       used 10772K, capacity 10912K, committed 11136K, reserved 1058816K
  class space    used 1352K, capacity 1401K, committed 1408K, reserved 1048576K
Event: 48.928 GC heap after
Heap after GC invocations=18 (full 2):
 PSYoungGen      total 393728K, used 0K [0x00000000d6980000, 0x00000000f1780000, 0x0000000100000000)
  eden space 351744K, 0% used [0x00000000d6980000,0x00000000d6980000,0x00000000ec100000)
  from space 41984K, 0% used [0x00000000ee900000,0x00000000ee900000,0x00000000f1200000)
  to   space 40960K, 0% used [0x00000000ec100000,0x00000000ec100000,0x00000000ee900000)
 ParOldGen       total 150016K, used 108088K [0x0000000083c00000, 0x000000008ce80000, 0x00000000d6980000)
  object space 150016K, 72% used [0x0000000083c00000,0x000000008a58e3e8,0x000000008ce80000)
 Metaspace       used 10772K, capacity 10912K, committed 11136K, reserved 1058816K
  class space    used 1352K, capacity 1401K, committed 1408K, reserved 1048576K
}
Event: 49.551 GC heap before
{Heap before GC invocations=19 (full 2):
 PSYoungGen      total 393728K, used 351744K [0x00000000d6980000, 0x00000000f1780000, 0x0000000100000000)
  eden space 351744K, 100% used [0x00000000d6980000,0x00000000ec100000,0x00000000ec100000)
  from space 41984K, 0% used [0x00000000ee900000,0x00000000ee900000,0x00000000f1200000)
  to   space 40960K, 0% used [0x00000000ec100000,0x00000000ec100000,0x00000000ee900000)
 ParOldGen       total 150016K, used 108088K [0x0000000083c00000, 0x000000008ce80000, 0x00000000d6980000)
  object space 150016K, 72% used [0x0000000083c00000,0x000000008a58e3e8,0x000000008ce80000)
 Metaspace       used 10773K, capacity 10912K, committed 11136K, reserved 1058816K
  class space    used 1352K, capacity 1401K, committed 1408K, reserved 1048576K
Event: 49.564 GC heap after
Heap after GC invocations=19 (full 2):
 PSYoungGen      total 392704K, used 7680K [0x00000000d6980000, 0x00000000f1780000, 0x0000000100000000)
  eden space 351744K, 0% used [0x00000000d6980000,0x00000000d6980000,0x00000000ec100000)
  from space 40960K, 18% used [0x00000000ec100000,0x00000000ec880010,0x00000000ee900000)
  to   space 41984K, 0% used [0x00000000ee900000,0x00000000ee900000,0x00000000f1200000)
 ParOldGen       total 150016K, used 108088K [0x0000000083c00000, 0x000000008ce80000, 0x00000000d6980000)
  object space 150016K, 72% used [0x0000000083c00000,0x000000008a58e3e8,0x000000008ce80000)
 Metaspace       used 10773K, capacity 10912K, committed 11136K, reserved 1058816K
  class space    used 1352K, capacity 1401K, committed 1408K, reserved 1048576K
}

Deoptimization events (10 events):
Event: 47.340 Thread 0x0000000001532800 Uncommon trap: reason=unstable_if action=reinterpret pc=0x0000000004475f48 method=java.util.TreeMap.getEntry(Ljava/lang/Object;)Ljava/util/TreeMap$Entry; @ 4
Event: 47.340 Thread 0x0000000001532800 Uncommon trap: reason=unstable_if action=reinterpret pc=0x00000000043b5aec method=java.util.TreeMap.getEntry(Ljava/lang/Object;)Ljava/util/TreeMap$Entry; @ 4
Event: 47.344 Thread 0x0000000001532800 Uncommon trap: reason=unstable_if action=reinterpret pc=0x00000000043bd8b8 method=java.util.TreeMap.getFirstEntry()Ljava/util/TreeMap$Entry; @ 6
Event: 47.344 Thread 0x0000000001532800 Uncommon trap: reason=unstable_if action=reinterpret pc=0x0000000004476598 method=java.util.TreeMap.deleteEntry(Ljava/util/TreeMap$Entry;)V @ 24
Event: 47.344 Thread 0x0000000001532800 Uncommon trap: reason=unstable_if action=reinterpret pc=0x00000000043b621c method=java.util.TreeMap.fixAfterDeletion(Ljava/util/TreeMap$Entry;)V @ 24
Event: 47.344 Thread 0x0000000001532800 Uncommon trap: reason=unstable_if action=reinterpret pc=0x00000000044d7590 method=java.util.TreeMap.getFirstEntry()Ljava/util/TreeMap$Entry; @ 6
Event: 47.344 Thread 0x0000000001532800 Uncommon trap: reason=class_check action=maybe_recompile pc=0x000000000438112c method=java.util.Collections$UnmodifiableList.get(I)Ljava/lang/Object; @ 5
Event: 47.344 Thread 0x0000000001532800 Uncommon trap: reason=class_check action=maybe_recompile pc=0x000000000438112c method=java.util.Collections$UnmodifiableList.get(I)Ljava/lang/Object; @ 5
Event: 47.344 Thread 0x0000000001532800 Uncommon trap: reason=class_check action=maybe_recompile pc=0x000000000438112c method=java.util.Collections$UnmodifiableList.get(I)Ljava/lang/Object; @ 5
Event: 47.344 Thread 0x0000000001532800 Uncommon trap: reason=class_check action=maybe_recompile pc=0x000000000438112c method=java.util.Collections$UnmodifiableList.get(I)Ljava/lang/Object; @ 5

Classes redefined (0 events):
No events

Internal exceptions (10 events):
Event: 1.582 Thread 0x0000000001532800 Exception <a 'java/security/PrivilegedActionException'> (0x00000000d71b7038) thrown at [C:\ade\jenkins\workspace\8-2-build-windows-amd64-cygwin\jdk8u241\331\hotspot\src\share\vm\prims\jvm.cpp, line 1502]
Event: 1.582 Thread 0x0000000001532800 Exception <a 'java/security/PrivilegedActionException'> (0x00000000d71b7430) thrown at [C:\ade\jenkins\workspace\8-2-build-windows-amd64-cygwin\jdk8u241\331\hotspot\src\share\vm\prims\jvm.cpp, line 1502]
Event: 22.093 Thread 0x0000000001532800 Exception <a 'java/lang/ArrayIndexOutOfBoundsException': 18> (0x00000000dca421d0) thrown at [C:\ade\jenkins\workspace\8-2-build-windows-amd64-cygwin\jdk8u241\331\hotspot\src\share\vm\interpreter\interpreterRuntime.cpp, line 368]
Event: 39.750 Thread 0x0000000001532800 Implicit null exception at 0x000000000424ac55 to 0x000000000424ac81
Event: 39.940 Thread 0x0000000001532800 Implicit null exception at 0x00000000041b6125 to 0x00000000041b61c9
Event: 40.189 Thread 0x0000000001532800 Implicit null exception at 0x00000000042177a8 to 0x0000000004217c51
Event: 40.504 Thread 0x0000000001532800 Implicit null exception at 0x0000000004133110 to 0x00000000041352b9
Event: 41.419 Thread 0x0000000001532800 Implicit null exception at 0x00000000041b81af to 0x00000000041b8211
Event: 47.344 Thread 0x0000000001532800 Implicit null exception at 0x00000000043bd745 to 0x00000000043bd8a1
Event: 47.344 Thread 0x0000000001532800 Implicit null exception at 0x00000000044d74c6 to 0x00000000044d7581

Events (10 events):
Event: 50.076 Thread 0x0000000001532800 DEOPT PACKING pc=0x00000000044843d0 sp=0x0000000003d3e000
Event: 50.076 Thread 0x0000000001532800 DEOPT UNPACKING pc=0x0000000003d87490 sp=0x0000000003d3de38 mode 0
Event: 50.096 Thread 0x0000000001532800 DEOPT PACKING pc=0x00000000044842fd sp=0x0000000003d3e090
Event: 50.096 Thread 0x0000000001532800 DEOPT UNPACKING pc=0x0000000003d87490 sp=0x0000000003d3dec8 mode 0
Event: 50.104 Thread 0x0000000001532800 DEOPT PACKING pc=0x000000000463e2e1 sp=0x0000000003d3e2c0
Event: 50.105 Thread 0x0000000001532800 DEOPT UNPACKING pc=0x0000000003d87490 sp=0x0000000003d3e1e8 mode 0
Event: 50.109 Thread 0x0000000001532800 DEOPT PACKING pc=0x00000000045b91e4 sp=0x0000000003d3e380
Event: 50.109 Thread 0x0000000001532800 DEOPT UNPACKING pc=0x0000000003d87490 sp=0x0000000003d3e468 mode 0
Event: 50.122 Thread 0x0000000001532800 DEOPT PACKING pc=0x00000000044843d0 sp=0x0000000003d3e090
Event: 50.122 Thread 0x0000000001532800 DEOPT UNPACKING pc=0x0000000003d87490 sp=0x0000000003d3dec8 mode 0


Dynamic libraries:
0x00007ff6defb0000 - 0x00007ff6defe7000 	C:\Program Files\Java\jre1.8.0_241\bin\javaw.exe
0x00007ffbdc560000 - 0x00007ffbdc730000 	C:\Windows\SYSTEM32\ntdll.dll
0x00007ffbdbc30000 - 0x00007ffbdbcdc000 	C:\Windows\System32\KERNEL32.DLL
0x00007ffbd9600000 - 0x00007ffbd981d000 	C:\Windows\System32\KERNELBASE.dll
0x00007ffbdc170000 - 0x00007ffbdc212000 	C:\Windows\System32\ADVAPI32.dll
0x00007ffbdbb90000 - 0x00007ffbdbc2e000 	C:\Windows\System32\msvcrt.dll
0x00007ffbdbb30000 - 0x00007ffbdbb89000 	C:\Windows\System32\sechost.dll
0x00007ffbdba00000 - 0x00007ffbdbb21000 	C:\Windows\System32\RPCRT4.dll
0x00007ffbdc000000 - 0x00007ffbdc165000 	C:\Windows\System32\USER32.dll
0x00007ffbd95e0000 - 0x00007ffbd95fe000 	C:\Windows\System32\win32u.dll
0x00007ffbdb220000 - 0x00007ffbdb254000 	C:\Windows\System32\GDI32.dll
0x00007ffbd92e0000 - 0x00007ffbd9461000 	C:\Windows\System32\gdi32full.dll
0x00007ffbd2740000 - 0x00007ffbd29ba000 	C:\Windows\WinSxS\amd64_microsoft.windows.common-controls_6595b64144ccf1df_6.0.14393.3053_none_7de042968342015d\COMCTL32.dll
0x00007ffbdc290000 - 0x00007ffbdc555000 	C:\Windows\System32\combase.dll
0x00007ffbd94e0000 - 0x00007ffbd95d4000 	C:\Windows\System32\ucrtbase.dll
0x00007ffbd9470000 - 0x00007ffbd94da000 	C:\Windows\System32\bcryptPrimitives.dll
0x00007ffbdb9d0000 - 0x00007ffbdb9fe000 	C:\Windows\System32\IMM32.DLL
0x0000000180000000 - 0x000000018000d000 	C:\Windows\KATRK64.DLL
0x00007ffbd6f90000 - 0x00007ffbd6fa3000 	C:\Windows\SYSTEM32\WTSAPI32.dll
0x00007ffbd24f0000 - 0x00007ffbd259c000 	C:\Windows\system32\tmumh\20019\AddOn\7.0.0.1169\TmUmEvt64.dll
0x00007ffbdbe20000 - 0x00007ffbdbe28000 	C:\Windows\System32\PSAPI.DLL
0x00007ffbdbce0000 - 0x00007ffbdbd32000 	C:\Windows\System32\SHLWAPI.dll
0x000000006ec70000 - 0x000000006ed8a000 	C:\Windows\system32\tmumh\20019\TmMon\2.5.0.2095\tmmon64.dll
0x000000006ad20000 - 0x000000006adf2000 	C:\Program Files\Java\jre1.8.0_241\bin\msvcr100.dll
0x000000006afd0000 - 0x000000006b87c000 	C:\Program Files\Java\jre1.8.0_241\bin\server\jvm.dll
0x00007ffbc8f20000 - 0x00007ffbc8f29000 	C:\Windows\SYSTEM32\WSOCK32.dll
0x00007ffbdbd40000 - 0x00007ffbdbdaa000 	C:\Windows\System32\WS2_32.dll
0x00007ffbd3000000 - 0x00007ffbd3023000 	C:\Windows\SYSTEM32\WINMM.dll
0x00007ffbcfa80000 - 0x00007ffbcfa8a000 	C:\Windows\SYSTEM32\VERSION.dll
0x00007ffbd2fd0000 - 0x00007ffbd2ffb000 	C:\Windows\SYSTEM32\WINMMBASE.dll
0x00007ffbd8a50000 - 0x00007ffbd8a92000 	C:\Windows\System32\cfgmgr32.dll
0x00007ffbd04e0000 - 0x00007ffbd04ef000 	C:\Program Files\Java\jre1.8.0_241\bin\verify.dll
0x00007ffba8150000 - 0x00007ffba8179000 	C:\Program Files\Java\jre1.8.0_241\bin\java.dll
0x00007ffbb9980000 - 0x00007ffbb9996000 	C:\Program Files\Java\jre1.8.0_241\bin\zip.dll
0x00007ffbd9d10000 - 0x00007ffbdb215000 	C:\Windows\System32\SHELL32.dll
0x00007ffbd8b50000 - 0x00007ffbd922a000 	C:\Windows\System32\windows.storage.dll
0x00007ffbd89f0000 - 0x00007ffbd8a3c000 	C:\Windows\System32\powrprof.dll
0x00007ffbd89e0000 - 0x00007ffbd89ef000 	C:\Windows\System32\kernel.appcore.dll
0x00007ffbd8aa0000 - 0x00007ffbd8b49000 	C:\Windows\System32\shcore.dll
0x00007ffbd89c0000 - 0x00007ffbd89d4000 	C:\Windows\System32\profapi.dll
0x00007ffbd04c0000 - 0x00007ffbd04da000 	C:\Program Files\Java\jre1.8.0_241\bin\net.dll
0x00007ffbd8280000 - 0x00007ffbd82dc000 	C:\Windows\system32\mswsock.dll
0x00007ffbc1610000 - 0x00007ffbc1622000 	C:\Program Files\Java\jre1.8.0_241\bin\nio.dll

VM Arguments:
jvm_args: -Dfile.encoding=UTF-8 
java_command: dataflow.util.CallFlowCreator
java_class_path (initial): Z:\01.mydrive\eclipseWorkspace\tmp\bin;Z:\01.mydrive\eclipseWorkspace\tmp\lib\annotations-api.jar;Z:\01.mydrive\eclipseWorkspace\tmp\lib\catalina-ant.jar;Z:\01.mydrive\eclipseWorkspace\tmp\lib\catalina-ha.jar;Z:\01.mydrive\eclipseWorkspace\tmp\lib\catalina-tribes.jar;Z:\01.mydrive\eclipseWorkspace\tmp\lib\catalina.jar;Z:\01.mydrive\eclipseWorkspace\tmp\lib\ecj-4.4.2.jar;Z:\01.mydrive\eclipseWorkspace\tmp\lib\el-api.jar;Z:\01.mydrive\eclipseWorkspace\tmp\lib\jasper-el.jar;Z:\01.mydrive\eclipseWorkspace\tmp\lib\jasper.jar;Z:\01.mydrive\eclipseWorkspace\tmp\lib\jsp-api.jar;Z:\01.mydrive\eclipseWorkspace\tmp\lib\servlet-api.jar;Z:\01.mydrive\eclipseWorkspace\tmp\lib\tomcat-api.jar;Z:\01.mydrive\eclipseWorkspace\tmp\lib\tomcat-coyote.jar;Z:\01.mydrive\eclipseWorkspace\tmp\lib\tomcat-dbcp.jar;Z:\01.mydrive\eclipseWorkspace\tmp\lib\tomcat-i18n-es.jar;Z:\01.mydrive\eclipseWorkspace\tmp\lib\tomcat-i18n-fr.jar;Z:\01.mydrive\eclipseWorkspace\tmp\lib\tomcat-i18n-ja.jar;Z:\01.mydrive\eclipseWorkspace\tmp\lib\tomcat-i18n-ru.jar;Z:\01.mydrive\eclipseWorkspace\tmp\lib\tomcat-jdbc.jar;Z:\01.mydrive\eclipseWorkspace\tmp\lib\tomcat-util.jar;Z:\01.mydrive\eclipseWorkspace\tmp\lib\tomcat7-websocket.jar;Z:\01.mydrive\eclipseWorkspace\tmp\lib\websocket-api.jar;C:\Program Files\eclipse javaEE\plugins\org.junit_4.11.0.v201303080030\junit.jar;C:\Program Files\eclipse javaEE\plugins\org.hamcrest.core_1.3.0.v201303031735.jar;Z:\01.mydrive\eclipseWorkspace\tmp\lib\soot-2.5.0.jar;Z:\01.mydrive\eclipseWorkspace\tmp\lib\rt.jar
Launcher Type: SUN_STANDARD

Environment Variables:
PATH=C:/Program Files/Java/jre1.8.0_241/bin/server;C:/Program Files/Java/jre1.8.0_241/bin;C:/Program Files/Java/jre1.8.0_241/lib/amd64;C:\Program Files (x86)\NVIDIA Corporation\PhysX\Common;C:\Program Files (x86)\Common Files\Oracle\Java\javapath;C:\Program Files\Haskell\bin;C:\Program Files\Haskell Platform\8.2.2\lib\extralibs\bin;C:\Program Files\Haskell Platform\8.2.2\bin;C:\ProgramData\Oracle\Java\javapath;C:\Windows\system32;C:\Windows;C:\Windows\System32\Wbem;C:\Windows\System32\WindowsPowerShell\v1.0\;c:\Program Files (x86)\Microsoft SQL Server\110\Tools\Binn\;c:\Program Files\Microsoft SQL Server\110\Tools\Binn\;c:\Program Files\Microsoft SQL Server\110\DTS\Binn\;C:\Program Files (x86)\Shoes;C:\MinGW\bin;C:\Ruby25-x64\bin;C:\Ruby23-x64\bin;C:\Program Files (x86)\gnuplot\bin;C:\Program Files (x86)\Windows Kits\10\Windows Performance Toolkit\;C:\ProgramData\Anaconda3;C:\Python36\Scripts\;C:\Python36\;C:\Program Files (x86)\LilyPond\usr\bin;C:\Program Files (x86)\Windows Kits\8.1\Windows Performance Toolkit\;C:\Program Files (x86)\PuTTY\;C:\Program Files\IBM\SPSS\Statistics\25\JRE\bin;C:\Program Files\Haskell Platform\8.2.2\mingw\bin;C:\texlive\2018\bin\win32;C:\Program Files\Microsoft VS Code\bin;C:\Program Files (x86)\scala\bin;C:\Program Files\MATLAB\R2018b\bin;C:\Program Files (x86)\Wolfram Research\WolframScript\;C:\Program Files (x86)\mysql\bin;C:\Program Files (x86)\php;C:\Program Files\gs\gs9.50\bin;C:\Users\s1930149\AppData\Local\Microsoft\WindowsApps;;C:\Program Files\eclipse javaEE;
USERNAME=s1930149
OS=Windows_NT
PROCESSOR_IDENTIFIER=Intel64 Family 6 Model 94 Stepping 3, GenuineIntel



---------------  S Y S T E M  ---------------

OS: Windows 10.0 , 64 bit Build 14393 (10.0.14393.2969)

CPU:total 4 (initial active 4) (4 cores per cpu, 1 threads per core) family 6 model 94 stepping 3, cmov, cx8, fxsr, mmx, sse, sse2, sse3, ssse3, sse4.1, sse4.2, popcnt, aes, clmul, erms, rtm, 3dnowpref, lzcnt, tsc, tscinvbit, bmi1, bmi2, adx

Memory: 4k page, physical 8142772k(967128k free), swap 8142772k(4148k free)

vm_info: Java HotSpot(TM) 64-Bit Server VM (25.241-b07) for windows-amd64 JRE (1.8.0_241-b07), built on Dec 11 2019 10:21:40 by "rejava" with MS VC++ 10.0 (VS2010)

time: Sat Jan 25 21:24:27 2020
timezone: ìåãû (ïWèÄéû)
elapsed time: 50 seconds (0d 0h 0m 50s)

