#
# There is insufficient memory for the Java Runtime Environment to continue.
# Native memory allocation (malloc) failed to allocate 364352 bytes for Chunk::new
# Possible reasons:
#   The system is out of physical RAM or swap space
#   The process is running with CompressedOops enabled, and the Java Heap may be blocking the growth of the native heap
# Possible solutions:
#   Reduce memory load on the system
#   Increase physical memory or swap space
#   Check if swap backing store is full
#   Decrease Java heap size (-Xmx/-Xms)
#   Decrease number of Java threads
#   Decrease Java thread stack sizes (-Xss)
#   Set larger code cache with -XX:ReservedCodeCacheSize=
#   JVM is running with Unscaled Compressed Oops mode in which the Java heap is
#     placed in the first 4GB address space. The Java Heap base address is the
#     maximum limit for the native heap growth. Please use -XX:HeapBaseMinAddress
#     to set the Java Heap base and to place the Java Heap above 4GB virtual address.
# This output file may be truncated or incomplete.
#
#  Out of Memory Error (allocation.cpp:389), pid=9104, tid=0x00000000000023e8
#
# JRE version: Java(TM) SE Runtime Environment (8.0_221-b11) (build 1.8.0_221-b11)
# Java VM: Java HotSpot(TM) 64-Bit Server VM (25.221-b11 mixed mode windows-amd64 compressed oops)
# Failed to write core dump. Minidumps are not enabled by default on client versions of Windows
#

---------------  T H R E A D  ---------------

Current thread (0x0000000018d95800):  JavaThread "C2 CompilerThread1" daemon [_thread_in_native, id=9192, stack(0x0000000019150000,0x0000000019250000)]

Stack: [0x0000000019150000,0x0000000019250000]
[error occurred during error reporting (printing stack bounds), id 0xc0000005]

Native frames: (J=compiled Java code, j=interpreted, Vv=VM code, C=native code)


Current CompileTask:
C2: 133150 2947       4       soot.coffi.ByteCode::disassemble_bytecode (3662 bytes)


---------------  P R O C E S S  ---------------

Java Threads: ( => current thread )
  0x0000000018dc5000 JavaThread "Service Thread" daemon [_thread_blocked, id=10268, stack(0x0000000019350000,0x0000000019450000)]
  0x0000000018da4000 JavaThread "C1 CompilerThread2" daemon [_thread_blocked, id=10312, stack(0x0000000019250000,0x0000000019350000)]
=>0x0000000018d95800 JavaThread "C2 CompilerThread1" daemon [_thread_in_native, id=9192, stack(0x0000000019150000,0x0000000019250000)]
  0x00000000177d5800 JavaThread "C2 CompilerThread0" daemon [_thread_in_native, id=5428, stack(0x0000000018c50000,0x0000000018d50000)]
  0x00000000177d4000 JavaThread "Attach Listener" daemon [_thread_blocked, id=8020, stack(0x0000000018b50000,0x0000000018c50000)]
  0x000000001778e800 JavaThread "Signal Dispatcher" daemon [_thread_blocked, id=6720, stack(0x0000000018a50000,0x0000000018b50000)]
  0x000000001776a000 JavaThread "Finalizer" daemon [_thread_blocked, id=9816, stack(0x00000000188c0000,0x00000000189c0000)]
  0x00000000007a3000 JavaThread "Reference Handler" daemon [_thread_blocked, id=9016, stack(0x00000000187c0000,0x00000000188c0000)]
  0x00000000006b2800 JavaThread "main" [_thread_in_Java, id=3848, stack(0x0000000002c30000,0x0000000002d30000)]

Other Threads:
  0x0000000017747800 VMThread [stack: 0x00000000186c0000,0x00000000187c0000] [id=7004]
  0x0000000018dd0800 WatcherThread [stack: 0x0000000019450000,0x0000000019550000] [id=11008]

VM state:not at safepoint (normal execution)

VM Mutex/Monitor currently owned by a thread: None

heap address: 0x0000000083c00000, size: 1988 MB, Compressed Oops mode: 32-bit
Narrow klass base: 0x0000000000000000, Narrow klass shift: 3
Compressed class space size: 1073741824 Address: 0x0000000100000000

Heap:
 PSYoungGen      total 643072K, used 25255K [0x00000000d6980000, 0x00000000ffc00000, 0x0000000100000000)
  eden space 611840K, 1% used [0x00000000d6980000,0x00000000d7571e68,0x00000000fbf00000)
  from space 31232K, 41% used [0x00000000fdd80000,0x00000000fea38000,0x00000000ffc00000)
  to   space 31232K, 0% used [0x00000000fbf00000,0x00000000fbf00000,0x00000000fdd80000)
 ParOldGen       total 176640K, used 143404K [0x0000000083c00000, 0x000000008e880000, 0x00000000d6980000)
  object space 176640K, 81% used [0x0000000083c00000,0x000000008c80b288,0x000000008e880000)
 Metaspace       used 9343K, capacity 9942K, committed 10240K, reserved 1058816K
  class space    used 1160K, capacity 1168K, committed 1280K, reserved 1048576K

Card table byte_map: [0x0000000012140000,0x0000000012530000] byte_map_base: 0x0000000011d22000

Marking Bits: (ParMarkBitMap*) 0x00000000658a5ce0
 Begin Bits: [0x0000000012bd0000, 0x0000000014ae0000)
 End Bits:   [0x0000000014ae0000, 0x00000000169f0000)

Polling page: 0x0000000000690000

CodeCache: size=245760Kb used=14966Kb max_used=15612Kb free=230793Kb
 bounds [0x0000000002d80000, 0x0000000003db0000, 0x0000000011d80000]
 total_blobs=2279 nmethods=2022 adapters=170
 compilation: enabled

Compilation events (10 events):
Event: 132.680 Thread 0x00000000177d5800 2942       4       soot.DoubleType::equals (11 bytes)
Event: 132.680 Thread 0x00000000177d5800 nmethod 2942 0x0000000002f90590 code [0x0000000002f906c0, 0x0000000002f90738]
Event: 132.699 Thread 0x0000000018d95800 2943       4       soot.jimple.Jimple::newStaticFieldRef (9 bytes)
Event: 132.700 Thread 0x0000000018d95800 nmethod 2943 0x000000000328d3d0 code [0x000000000328d520, 0x000000000328d658]
Event: 132.808 Thread 0x00000000177d5800 2944       4       soot.jimple.toolkits.base.Aggregator::internalAggregate (914 bytes)
Event: 132.934 Thread 0x0000000018d95800 2945       4       soot.jimple.internal.JThrowStmt::apply (11 bytes)
Event: 132.936 Thread 0x0000000018d95800 nmethod 2945 0x0000000003080810 code [0x00000000030809a0, 0x0000000003080c68]
Event: 132.950 Thread 0x0000000018d95800 2946       4       java.util.Collections$UnmodifiableList::get (11 bytes)
Event: 132.951 Thread 0x0000000018d95800 nmethod 2946 0x0000000003253e50 code [0x0000000003253fa0, 0x0000000003254158]
Event: 132.988 Thread 0x0000000018d95800 2947       4       soot.coffi.ByteCode::disassemble_bytecode (3662 bytes)

GC Heap History (10 events):
Event: 125.574 GC heap after
Heap after GC invocations=15 (full 1):
 PSYoungGen      total 636416K, used 13758K [0x00000000d6980000, 0x00000000ffa80000, 0x0000000100000000)
  eden space 600064K, 0% used [0x00000000d6980000,0x00000000d6980000,0x00000000fb380000)
  from space 36352K, 37% used [0x00000000fd700000,0x00000000fe46f958,0x00000000ffa80000)
  to   space 36352K, 0% used [0x00000000fb380000,0x00000000fb380000,0x00000000fd700000)
 ParOldGen       total 147968K, used 129230K [0x0000000083c00000, 0x000000008cc80000, 0x00000000d6980000)
  object space 147968K, 87% used [0x0000000083c00000,0x000000008ba33ad8,0x000000008cc80000)
 Metaspace       used 9224K, capacity 9814K, committed 9984K, reserved 1058816K
  class space    used 1160K, capacity 1168K, committed 1280K, reserved 1048576K
}
Event: 125.574 GC heap before
{Heap before GC invocations=16 (full 2):
 PSYoungGen      total 636416K, used 13758K [0x00000000d6980000, 0x00000000ffa80000, 0x0000000100000000)
  eden space 600064K, 0% used [0x00000000d6980000,0x00000000d6980000,0x00000000fb380000)
  from space 36352K, 37% used [0x00000000fd700000,0x00000000fe46f958,0x00000000ffa80000)
  to   space 36352K, 0% used [0x00000000fb380000,0x00000000fb380000,0x00000000fd700000)
 ParOldGen       total 147968K, used 129230K [0x0000000083c00000, 0x000000008cc80000, 0x00000000d6980000)
  object space 147968K, 87% used [0x0000000083c00000,0x000000008ba33ad8,0x000000008cc80000)
 Metaspace       used 9224K, capacity 9814K, committed 9984K, reserved 1058816K
  class space    used 1160K, capacity 1168K, committed 1280K, reserved 1048576K
Event: 126.123 GC heap after
Heap after GC invocations=16 (full 2):
 PSYoungGen      total 636416K, used 0K [0x00000000d6980000, 0x00000000ffa80000, 0x0000000100000000)
  eden space 600064K, 0% used [0x00000000d6980000,0x00000000d6980000,0x00000000fb380000)
  from space 36352K, 0% used [0x00000000fd700000,0x00000000fd700000,0x00000000ffa80000)
  to   space 36352K, 0% used [0x00000000fb380000,0x00000000fb380000,0x00000000fd700000)
 ParOldGen       total 176640K, used 103776K [0x0000000083c00000, 0x000000008e880000, 0x00000000d6980000)
  object space 176640K, 58% used [0x0000000083c00000,0x000000008a158118,0x000000008e880000)
 Metaspace       used 9224K, capacity 9814K, committed 9984K, reserved 1058816K
  class space    used 1160K, capacity 1168K, committed 1280K, reserved 1048576K
}
Event: 127.664 GC heap before
{Heap before GC invocations=17 (full 2):
 PSYoungGen      total 636416K, used 600064K [0x00000000d6980000, 0x00000000ffa80000, 0x0000000100000000)
  eden space 600064K, 100% used [0x00000000d6980000,0x00000000fb380000,0x00000000fb380000)
  from space 36352K, 0% used [0x00000000fd700000,0x00000000fd700000,0x00000000ffa80000)
  to   space 36352K, 0% used [0x00000000fb380000,0x00000000fb380000,0x00000000fd700000)
 ParOldGen       total 176640K, used 103776K [0x0000000083c00000, 0x000000008e880000, 0x00000000d6980000)
  object space 176640K, 58% used [0x0000000083c00000,0x000000008a158118,0x000000008e880000)
 Metaspace       used 9230K, capacity 9814K, committed 9984K, reserved 1058816K
  class space    used 1160K, capacity 1168K, committed 1280K, reserved 1048576K
Event: 127.683 GC heap after
Heap after GC invocations=17 (full 2):
 PSYoungGen      total 636416K, used 14496K [0x00000000d6980000, 0x00000000ffc00000, 0x0000000100000000)
  eden space 600064K, 0% used [0x00000000d6980000,0x00000000d6980000,0x00000000fb380000)
  from space 36352K, 39% used [0x00000000fb380000,0x00000000fc1a8020,0x00000000fd700000)
  to   space 34304K, 0% used [0x00000000fda80000,0x00000000fda80000,0x00000000ffc00000)
 ParOldGen       total 176640K, used 103776K [0x0000000083c00000, 0x000000008e880000, 0x00000000d6980000)
  object space 176640K, 58% used [0x0000000083c00000,0x000000008a158118,0x000000008e880000)
 Metaspace       used 9230K, capacity 9814K, committed 9984K, reserved 1058816K
  class space    used 1160K, capacity 1168K, committed 1280K, reserved 1048576K
}
Event: 129.551 GC heap before
{Heap before GC invocations=18 (full 2):
 PSYoungGen      total 636416K, used 614560K [0x00000000d6980000, 0x00000000ffc00000, 0x0000000100000000)
  eden space 600064K, 100% used [0x00000000d6980000,0x00000000fb380000,0x00000000fb380000)
  from space 36352K, 39% used [0x00000000fb380000,0x00000000fc1a8020,0x00000000fd700000)
  to   space 34304K, 0% used [0x00000000fda80000,0x00000000fda80000,0x00000000ffc00000)
 ParOldGen       total 176640K, used 103776K [0x0000000083c00000, 0x000000008e880000, 0x00000000d6980000)
  object space 176640K, 58% used [0x0000000083c00000,0x000000008a158118,0x000000008e880000)
 Metaspace       used 9268K, capacity 9878K, committed 10240K, reserved 1058816K
  class space    used 1160K, capacity 1168K, committed 1280K, reserved 1048576K
Event: 129.594 GC heap after
Heap after GC invocations=18 (full 2):
 PSYoungGen      total 640512K, used 8496K [0x00000000d6980000, 0x00000000ffd00000, 0x0000000100000000)
  eden space 606208K, 0% used [0x00000000d6980000,0x00000000d6980000,0x00000000fb980000)
  from space 34304K, 24% used [0x00000000fda80000,0x00000000fe2cc020,0x00000000ffc00000)
  to   space 33792K, 0% used [0x00000000fb980000,0x00000000fb980000,0x00000000fda80000)
 ParOldGen       total 176640K, used 118232K [0x0000000083c00000, 0x000000008e880000, 0x00000000d6980000)
  object space 176640K, 66% used [0x0000000083c00000,0x000000008af76138,0x000000008e880000)
 Metaspace       used 9268K, capacity 9878K, committed 10240K, reserved 1058816K
  class space    used 1160K, capacity 1168K, committed 1280K, reserved 1048576K
}
Event: 131.835 GC heap before
{Heap before GC invocations=19 (full 2):
 PSYoungGen      total 640512K, used 614704K [0x00000000d6980000, 0x00000000ffd00000, 0x0000000100000000)
  eden space 606208K, 100% used [0x00000000d6980000,0x00000000fb980000,0x00000000fb980000)
  from space 34304K, 24% used [0x00000000fda80000,0x00000000fe2cc020,0x00000000ffc00000)
  to   space 33792K, 0% used [0x00000000fb980000,0x00000000fb980000,0x00000000fda80000)
 ParOldGen       total 176640K, used 118232K [0x0000000083c00000, 0x000000008e880000, 0x00000000d6980000)
  object space 176640K, 66% used [0x0000000083c00000,0x000000008af76138,0x000000008e880000)
 Metaspace       used 9336K, capacity 9942K, committed 10240K, reserved 1058816K
  class space    used 1160K, capacity 1168K, committed 1280K, reserved 1048576K
Event: 131.880 GC heap after
Heap after GC invocations=19 (full 2):
 PSYoungGen      total 640000K, used 16720K [0x00000000d6980000, 0x00000000ffd80000, 0x0000000100000000)
  eden space 606208K, 0% used [0x00000000d6980000,0x00000000d6980000,0x00000000fb980000)
  from space 33792K, 49% used [0x00000000fb980000,0x00000000fc9d40d0,0x00000000fda80000)
  to   space 32768K, 0% used [0x00000000fdd80000,0x00000000fdd80000,0x00000000ffd80000)
 ParOldGen       total 176640K, used 126644K [0x0000000083c00000, 0x000000008e880000, 0x00000000d6980000)
  object space 176640K, 71% used [0x0000000083c00000,0x000000008b7ad178,0x000000008e880000)
 Metaspace       used 9336K, capacity 9942K, committed 10240K, reserved 1058816K
  class space    used 1160K, capacity 1168K, committed 1280K, reserved 1048576K
}
Event: 133.093 GC heap before
{Heap before GC invocations=20 (full 2):
 PSYoungGen      total 640000K, used 622928K [0x00000000d6980000, 0x00000000ffd80000, 0x0000000100000000)
  eden space 606208K, 100% used [0x00000000d6980000,0x00000000fb980000,0x00000000fb980000)
  from space 33792K, 49% used [0x00000000fb980000,0x00000000fc9d40d0,0x00000000fda80000)
  to   space 32768K, 0% used [0x00000000fdd80000,0x00000000fdd80000,0x00000000ffd80000)
 ParOldGen       total 176640K, used 126644K [0x0000000083c00000, 0x000000008e880000, 0x00000000d6980000)
  object space 176640K, 71% used [0x0000000083c00000,0x000000008b7ad178,0x000000008e880000)
 Metaspace       used 9343K, capacity 9942K, committed 10240K, reserved 1058816K
  class space    used 1160K, capacity 1168K, committed 1280K, reserved 1048576K

Deoptimization events (10 events):
Event: 132.325 Thread 0x00000000006b2800 Uncommon trap: reason=unstable_if action=reinterpret pc=0x0000000003242930 method=soot.FastHierarchy.canStoreType(Lsoot/Type;Lsoot/Type;)Z @ 322
Event: 132.326 Thread 0x00000000006b2800 Uncommon trap: reason=class_check action=maybe_recompile pc=0x0000000003b56e28 method=soot.jimple.toolkits.typing.fast.UseChecker.caseAssignStmt(Lsoot/jimple/AssignStmt;)V @ 61
Event: 132.326 Thread 0x00000000006b2800 Uncommon trap: reason=class_check action=maybe_recompile pc=0x0000000003b56e28 method=soot.jimple.toolkits.typing.fast.UseChecker.caseAssignStmt(Lsoot/jimple/AssignStmt;)V @ 61
Event: 132.326 Thread 0x00000000006b2800 Uncommon trap: reason=class_check action=maybe_recompile pc=0x0000000003b56e28 method=soot.jimple.toolkits.typing.fast.UseChecker.caseAssignStmt(Lsoot/jimple/AssignStmt;)V @ 61
Event: 132.326 Thread 0x00000000006b2800 Uncommon trap: reason=class_check action=maybe_recompile pc=0x0000000003b56e28 method=soot.jimple.toolkits.typing.fast.UseChecker.caseAssignStmt(Lsoot/jimple/AssignStmt;)V @ 61
Event: 132.423 Thread 0x00000000006b2800 Uncommon trap: reason=class_check action=maybe_recompile pc=0x0000000003309ebc method=soot.util.SmallNumberedMap.doubleSize()V @ 95
Event: 132.648 Thread 0x00000000006b2800 Uncommon trap: reason=unloaded action=reinterpret pc=0x0000000003afe618 method=soot.coffi.ByteCode.disassemble_bytecode([BI)Lsoot/coffi/Instruction; @ 2571
Event: 132.654 Thread 0x00000000006b2800 Uncommon trap: reason=bimorphic action=maybe_recompile pc=0x0000000003ac3afc method=soot.jimple.toolkits.scalar.DeadAssignmentEliminator.internalTransform(Lsoot/Body;Ljava/lang/String;Ljava/util/Map;)V @ 301
Event: 132.808 Thread 0x00000000006b2800 Uncommon trap: reason=bimorphic action=maybe_recompile pc=0x000000000340b3a0 method=soot.jimple.toolkits.base.Aggregator.internalAggregate(Lsoot/jimple/StmtBody;Ljava/util/Map;Z)Z @ 496
Event: 132.809 Thread 0x00000000006b2800 Uncommon trap: reason=unstable_if action=reinterpret pc=0x000000000399004c method=soot.jimple.toolkits.base.Aggregator.internalAggregate(Lsoot/jimple/StmtBody;Ljava/util/Map;Z)Z @ 424

Classes redefined (0 events):
No events

Internal exceptions (10 events):
Event: 87.083 Thread 0x00000000006b2800 Implicit null exception at 0x0000000003293851 to 0x0000000003293875
Event: 87.575 Thread 0x00000000006b2800 Implicit null exception at 0x000000000318dc25 to 0x000000000318dcc9
Event: 88.288 Thread 0x00000000006b2800 Implicit null exception at 0x000000000323c032 to 0x000000000323c4d1
Event: 88.961 Thread 0x00000000006b2800 Implicit null exception at 0x00000000031035c4 to 0x0000000003105729
Event: 90.905 Thread 0x00000000006b2800 Implicit null exception at 0x00000000031f45af to 0x00000000031f4611
Event: 120.854 Thread 0x00000000006b2800 Implicit null exception at 0x000000000301b107 to 0x000000000301b879
Event: 124.112 Thread 0x00000000006b2800 Implicit null exception at 0x00000000039d2c90 to 0x00000000039d2cef
Event: 124.120 Thread 0x00000000006b2800 Implicit null exception at 0x0000000002f9ca45 to 0x0000000002f9cba1
Event: 124.122 Thread 0x00000000006b2800 Implicit null exception at 0x00000000034d8b06 to 0x00000000034d8bc1
Event: 132.809 Thread 0x00000000006b2800 Implicit null exception at 0x0000000003986640 to 0x000000000398ffdd

Events (10 events):
Event: 132.654 Thread 0x00000000006b2800 Uncommon trap: trap_request=0xffffffc6 fr.pc=0x0000000003ac3afc
Event: 132.654 Thread 0x00000000006b2800 DEOPT PACKING pc=0x0000000003ac3afc sp=0x0000000002d2ee60
Event: 132.654 Thread 0x00000000006b2800 DEOPT UNPACKING pc=0x0000000002dc583b sp=0x0000000002d2ee48 mode 2
Event: 132.808 Thread 0x00000000006b2800 Uncommon trap: trap_request=0xffffffc6 fr.pc=0x000000000340b3a0
Event: 132.808 Thread 0x00000000006b2800 DEOPT PACKING pc=0x000000000340b3a0 sp=0x0000000002d2ed60
Event: 132.808 Thread 0x00000000006b2800 DEOPT UNPACKING pc=0x0000000002dc583b sp=0x0000000002d2ed70 mode 2
Event: 132.809 Thread 0x00000000006b2800 Uncommon trap: trap_request=0xffffff65 fr.pc=0x000000000399004c
Event: 132.809 Thread 0x00000000006b2800 DEOPT PACKING pc=0x000000000399004c sp=0x0000000002d2ed20
Event: 132.809 Thread 0x00000000006b2800 DEOPT UNPACKING pc=0x0000000002dc583b sp=0x0000000002d2ed70 mode 2
Event: 133.093 Executing VM operation: ParallelGCFailedAllocation


Dynamic libraries:
0x00007ff698820000 - 0x00007ff698857000 	C:\Program Files\Java\jre1.8.0_221\bin\javaw.exe
0x00007ff9de9b0000 - 0x00007ff9deb80000 	C:\Windows\SYSTEM32\ntdll.dll
0x00007ff9dd610000 - 0x00007ff9dd6bc000 	C:\Windows\System32\KERNEL32.DLL
0x00007ff9daf50000 - 0x00007ff9db16d000 	C:\Windows\System32\KERNELBASE.dll
0x00007ff9dbf40000 - 0x00007ff9dbfe2000 	C:\Windows\System32\ADVAPI32.dll
0x00007ff9ddd60000 - 0x00007ff9dddfe000 	C:\Windows\System32\msvcrt.dll
0x00007ff9dd6c0000 - 0x00007ff9dd719000 	C:\Windows\System32\sechost.dll
0x00007ff9de5d0000 - 0x00007ff9de6f1000 	C:\Windows\System32\RPCRT4.dll
0x00007ff9dd9f0000 - 0x00007ff9ddb55000 	C:\Windows\System32\USER32.dll
0x00007ff9dbbf0000 - 0x00007ff9dbc0e000 	C:\Windows\System32\win32u.dll
0x00007ff9dc090000 - 0x00007ff9dc0c4000 	C:\Windows\System32\GDI32.dll
0x00007ff9db9f0000 - 0x00007ff9dbb71000 	C:\Windows\System32\gdi32full.dll
0x00007ff9d0910000 - 0x00007ff9d0b8a000 	C:\Windows\WinSxS\amd64_microsoft.windows.common-controls_6595b64144ccf1df_6.0.14393.3053_none_7de042968342015d\COMCTL32.dll
0x00007ff9dd720000 - 0x00007ff9dd9e5000 	C:\Windows\System32\combase.dll
0x00007ff9dbe40000 - 0x00007ff9dbf34000 	C:\Windows\System32\ucrtbase.dll
0x00007ff9dbb80000 - 0x00007ff9dbbea000 	C:\Windows\System32\bcryptPrimitives.dll
0x00007ff9de700000 - 0x00007ff9de72e000 	C:\Windows\System32\IMM32.DLL
0x0000000180000000 - 0x000000018000d000 	C:\Windows\KATRK64.DLL
0x00007ff9d8420000 - 0x00007ff9d8433000 	C:\Windows\SYSTEM32\WTSAPI32.dll
0x00007ff9d8b70000 - 0x00007ff9d8c1c000 	C:\Windows\system32\tmumh\20019\AddOn\7.0.0.1169\TmUmEvt64.dll
0x00007ff9dc0d0000 - 0x00007ff9dc0d8000 	C:\Windows\System32\PSAPI.DLL
0x00007ff9ddd00000 - 0x00007ff9ddd52000 	C:\Windows\System32\SHLWAPI.dll
0x0000000068ef0000 - 0x000000006900d000 	C:\Windows\system32\tmumh\20019\TmMon\2.5.0.2090\tmmon64.dll
0x0000000064fa0000 - 0x0000000065072000 	C:\Program Files\Java\jre1.8.0_221\bin\msvcr100.dll
0x0000000065080000 - 0x0000000065925000 	C:\Program Files\Java\jre1.8.0_221\bin\server\jvm.dll
0x00007ff9c8b00000 - 0x00007ff9c8b09000 	C:\Windows\SYSTEM32\WSOCK32.dll
0x00007ff9de060000 - 0x00007ff9de0ca000 	C:\Windows\System32\WS2_32.dll
0x00007ff9d8c80000 - 0x00007ff9d8ca3000 	C:\Windows\SYSTEM32\WINMM.dll
0x00007ff9d1b10000 - 0x00007ff9d1b1a000 	C:\Windows\SYSTEM32\VERSION.dll
0x00007ff9d8c20000 - 0x00007ff9d8c4b000 	C:\Windows\SYSTEM32\WINMMBASE.dll
0x00007ff9db9a0000 - 0x00007ff9db9e2000 	C:\Windows\System32\cfgmgr32.dll
0x00007ff99b3f0000 - 0x00007ff99b3ff000 	C:\Program Files\Java\jre1.8.0_221\bin\verify.dll
0x00007ff99b3c0000 - 0x00007ff99b3e9000 	C:\Program Files\Java\jre1.8.0_221\bin\java.dll
0x00007ff99b370000 - 0x00007ff99b386000 	C:\Program Files\Java\jre1.8.0_221\bin\zip.dll
0x00007ff9dc100000 - 0x00007ff9dd605000 	C:\Windows\System32\SHELL32.dll
0x00007ff9db170000 - 0x00007ff9db84a000 	C:\Windows\System32\windows.storage.dll
0x00007ff9dae40000 - 0x00007ff9dae8c000 	C:\Windows\System32\powrprof.dll
0x00007ff9dae30000 - 0x00007ff9dae3f000 	C:\Windows\System32\kernel.appcore.dll
0x00007ff9db8f0000 - 0x00007ff9db999000 	C:\Windows\System32\shcore.dll
0x00007ff9dae10000 - 0x00007ff9dae24000 	C:\Windows\System32\profapi.dll

VM Arguments:
jvm_args: -Dfile.encoding=UTF-8 
java_command: dataflow.CFG_DF_20190922
java_class_path (initial): Z:\01.mydrive\eclipseWorkspace\tmp\bin;Z:\01.mydrive\eclipseWorkspace\tmp\lib\annotations-api.jar;Z:\01.mydrive\eclipseWorkspace\tmp\lib\catalina-ant.jar;Z:\01.mydrive\eclipseWorkspace\tmp\lib\catalina-ha.jar;Z:\01.mydrive\eclipseWorkspace\tmp\lib\catalina-tribes.jar;Z:\01.mydrive\eclipseWorkspace\tmp\lib\catalina.jar;Z:\01.mydrive\eclipseWorkspace\tmp\lib\ecj-4.4.2.jar;Z:\01.mydrive\eclipseWorkspace\tmp\lib\el-api.jar;Z:\01.mydrive\eclipseWorkspace\tmp\lib\jasper-el.jar;Z:\01.mydrive\eclipseWorkspace\tmp\lib\jasper.jar;Z:\01.mydrive\eclipseWorkspace\tmp\lib\jsp-api.jar;Z:\01.mydrive\eclipseWorkspace\tmp\lib\servlet-api.jar;Z:\01.mydrive\eclipseWorkspace\tmp\lib\tomcat-api.jar;Z:\01.mydrive\eclipseWorkspace\tmp\lib\tomcat-coyote.jar;Z:\01.mydrive\eclipseWorkspace\tmp\lib\tomcat-dbcp.jar;Z:\01.mydrive\eclipseWorkspace\tmp\lib\tomcat-i18n-es.jar;Z:\01.mydrive\eclipseWorkspace\tmp\lib\tomcat-i18n-fr.jar;Z:\01.mydrive\eclipseWorkspace\tmp\lib\tomcat-i18n-ja.jar;Z:\01.mydrive\eclipseWorkspace\tmp\lib\tomcat-i18n-ru.jar;Z:\01.mydrive\eclipseWorkspace\tmp\lib\tomcat-jdbc.jar;Z:\01.mydrive\eclipseWorkspace\tmp\lib\tomcat-util.jar;Z:\01.mydrive\eclipseWorkspace\tmp\lib\tomcat7-websocket.jar;Z:\01.mydrive\eclipseWorkspace\tmp\lib\websocket-api.jar;C:\Program Files\eclipse java\plugins\org.junit_4.11.0.v201303080030\junit.jar;C:\Program Files\eclipse java\plugins\org.hamcrest.core_1.3.0.v201303031735.jar;Z:\01.mydrive\eclipseWorkspace\tmp\lib\soot-2.5.0.jar;Z:\01.mydrive\eclipseWorkspace\tmp\lib\rt.jar
Launcher Type: SUN_STANDARD

Environment Variables:
PATH=C:/Program Files/Java/jre1.8.0_221/bin/server;C:/Program Files/Java/jre1.8.0_221/bin;C:/Program Files/Java/jre1.8.0_221/lib/amd64;C:\Program Files (x86)\NVIDIA Corporation\PhysX\Common;C:\Program Files (x86)\Common Files\Oracle\Java\javapath;C:\Program Files\Haskell\bin;C:\Program Files\Haskell Platform\8.2.2\lib\extralibs\bin;C:\Program Files\Haskell Platform\8.2.2\bin;C:\ProgramData\Oracle\Java\javapath;C:\Windows\system32;C:\Windows;C:\Windows\System32\Wbem;C:\Windows\System32\WindowsPowerShell\v1.0\;c:\Program Files (x86)\Microsoft SQL Server\110\Tools\Binn\;c:\Program Files\Microsoft SQL Server\110\Tools\Binn\;c:\Program Files\Microsoft SQL Server\110\DTS\Binn\;C:\Program Files (x86)\Shoes;C:\MinGW\bin;C:\Ruby25-x64\bin;C:\Ruby23-x64\bin;C:\Program Files (x86)\gnuplot\bin;C:\Program Files (x86)\Windows Kits\10\Windows Performance Toolkit\;C:\ProgramData\Anaconda3;C:\Python36\Scripts\;C:\Python36\;C:\Program Files (x86)\LilyPond\usr\bin;C:\Program Files (x86)\Windows Kits\8.1\Windows Performance Toolkit\;C:\Program Files (x86)\PuTTY\;C:\Program Files\IBM\SPSS\Statistics\25\JRE\bin;C:\Program Files\Haskell Platform\8.2.2\mingw\bin;C:\texlive\2018\bin\win32;C:\Program Files\gs\gs9.27\bin;C:\Program Files\Microsoft VS Code\bin;C:\Program Files (x86)\scala\bin;C:\Program Files\MATLAB\R2018b\bin;C:\Program Files (x86)\Wolfram Research\WolframScript\;C:\Program Files (x86)\Brackets\command;C:\Program Files (x86)\mysql\bin;C:\Program Files (x86)\php;C:\Users\s1930149\AppData\Local\Microsoft\WindowsApps;;C:\Program Files\eclipse java;
USERNAME=s1930149
OS=Windows_NT
PROCESSOR_IDENTIFIER=Intel64 Family 6 Model 94 Stepping 3, GenuineIntel



---------------  S Y S T E M  ---------------

OS: Windows 10.0 , 64 bit Build 14393 (10.0.14393.2969)

CPU:total 4 (initial active 4) (4 cores per cpu, 1 threads per core) family 6 model 94 stepping 3, cmov, cx8, fxsr, mmx, sse, sse2, sse3, ssse3, sse4.1, sse4.2, popcnt, aes, clmul, erms, rtm, 3dnowpref, lzcnt, tsc, tscinvbit, bmi1, bmi2, adx

Memory: 4k page, physical 8142772k(1030620k free), swap 8142772k(2884k free)

vm_info: Java HotSpot(TM) 64-Bit Server VM (25.221-b11) for windows-amd64 JRE (1.8.0_221-b11), built on Jul  4 2019 04:39:29 by "java_re" with MS VC++ 10.0 (VS2010)

time: Tue Oct 08 21:55:13 2019
timezone: ìåãû (ïWèÄéû)
elapsed time: 133 seconds (0d 0h 2m 13s)

