#
# There is insufficient memory for the Java Runtime Environment to continue.
# Native memory allocation (malloc) failed to allocate 3247696 bytes for Chunk::new
# Possible reasons:
#   The system is out of physical RAM or swap space
#   The process is running with CompressedOops enabled, and the Java Heap may be blocking the growth of the native heap
# Possible solutions:
#   Reduce memory load on the system
#   Increase physical memory or swap space
#   Check if swap backing store is full
#   Decrease Java heap size (-Xmx/-Xms)
#   Decrease number of Java threads
#   Decrease Java thread stack sizes (-Xss)
#   Set larger code cache with -XX:ReservedCodeCacheSize=
#   JVM is running with Zero Based Compressed Oops mode in which the Java heap is
#     placed in the first 32GB address space. The Java Heap base address is the
#     maximum limit for the native heap growth. Please use -XX:HeapBaseMinAddress
#     to set the Java Heap base and to place the Java Heap above 32GB virtual address.
# This output file may be truncated or incomplete.
#
#  Out of Memory Error (allocation.cpp:389), pid=10812, tid=0x0000000000002d40
#
# JRE version: Java(TM) SE Runtime Environment (8.0_241-b07) (build 1.8.0_241-b07)
# Java VM: Java HotSpot(TM) 64-Bit Server VM (25.241-b07 mixed mode windows-amd64 compressed oops)
# Failed to write core dump. Minidumps are not enabled by default on client versions of Windows
#

---------------  T H R E A D  ---------------

Current thread (0x000000005cc70000):  JavaThread "C2 CompilerThread1" daemon [_thread_in_native, id=11584, stack(0x000000005d200000,0x000000005d300000)]

Stack: [0x000000005d200000,0x000000005d300000]
[error occurred during error reporting (printing stack bounds), id 0xc0000005]

Native frames: (J=compiled Java code, j=interpreted, Vv=VM code, C=native code)


Current CompileTask:
C2:  51042 2364 %     4       soot.jimple.toolkits.scalar.DeadAssignmentEliminator::internalTransform @ 107 (987 bytes)


---------------  P R O C E S S  ---------------

Java Threads: ( => current thread )
  0x000000005cca3800 JavaThread "Service Thread" daemon [_thread_blocked, id=4072, stack(0x00000008fa000000,0x0000000938800000)]
  0x000000005cc71000 JavaThread "C1 CompilerThread2" daemon [_thread_blocked, id=9820, stack(0x000000005d300000,0x000000005d400000)]
=>0x000000005cc70000 JavaThread "C2 CompilerThread1" daemon [_thread_in_native, id=11584, stack(0x000000005d200000,0x000000005d300000)]
  0x000000005cc1e000 JavaThread "C2 CompilerThread0" daemon [_thread_in_native, id=6800, stack(0x000000005d000000,0x000000005d100000)]
  0x000000005cc12000 JavaThread "JDWP Command Reader" daemon [_thread_in_native, id=9668, stack(0x00000008bb800000,0x00000008fa000000)]
  0x000000005cc11000 JavaThread "JDWP Event Helper Thread" daemon [_thread_blocked, id=11416, stack(0x000000087d000000,0x00000008bb800000)]
  0x000000005cc02800 JavaThread "JDWP Transport Listener: dt_socket" daemon [_thread_blocked, id=11468, stack(0x000000083e800000,0x000000087d000000)]
  0x0000000053357800 JavaThread "Attach Listener" daemon [_thread_blocked, id=10608, stack(0x0000000800000000,0x000000083e800000)]
  0x0000000053354800 JavaThread "Signal Dispatcher" daemon [_thread_blocked, id=11380, stack(0x000000012dd30000,0x000000016c530000)]
  0x00000000532ea000 JavaThread "Finalizer" daemon [_thread_blocked, id=11980, stack(0x00000000ef530000,0x000000012dd30000)]
  0x00000000008a3800 JavaThread "Reference Handler" daemon [_thread_blocked, id=11736, stack(0x00000000b0d30000,0x00000000ef530000)]
  0x00000000007b3800 JavaThread "main" [_thread_in_Java, id=11776, stack(0x0000000003110000,0x0000000041910000)]

Other Threads:
  0x00000000532c8000 VMThread [stack: 0x000000005b5f0000,0x000000005b6f0000] [id=12212]
  0x000000005ccc4800 WatcherThread [stack: 0x000000005d400000,0x000000005d500000] [id=11820]

VM state:not at safepoint (normal execution)

VM Mutex/Monitor currently owned by a thread: None

heap address: 0x00000001a5800000, size: 25000 MB, Compressed Oops mode: Zero based, Oop shift amount: 3
Narrow klass base: 0x0000000000000000, Narrow klass shift: 3
Compressed class space size: 1073741824 Address: 0x00000007c0000000

Heap:
 PSYoungGen      total 548352K, used 49204K [0x00000005b7300000, 0x00000005db880000, 0x00000007c0000000)
  eden space 509440K, 7% used [0x00000005b7300000,0x00000005b9ab92d8,0x00000005d6480000)
  from space 38912K, 21% used [0x00000005d8980000,0x00000005d91d4060,0x00000005daf80000)
  to   space 37888K, 0% used [0x00000005d6480000,0x00000005d6480000,0x00000005d8980000)
 ParOldGen       total 144896K, used 105292K [0x00000001a5800000, 0x00000001ae580000, 0x00000005b7300000)
  object space 144896K, 72% used [0x00000001a5800000,0x00000001abed3260,0x00000001ae580000)
 Metaspace       used 10679K, capacity 10792K, committed 10880K, reserved 1058816K
  class space    used 1336K, capacity 1401K, committed 1408K, reserved 1048576K

Card table byte_map: [0x0000000053c20000,0x0000000056d00000] byte_map_base: 0x0000000052ef4000

Marking Bits: (ParMarkBitMap*) 0x0000000053b9be30
 Begin Bits: [0x000000007fff0000, 0x0000000098690000)
 End Bits:   [0x0000000098690000, 0x00000000b0d30000)

Polling page: 0x0000000000650000

CodeCache: size=245760Kb used=12025Kb max_used=12025Kb free=233734Kb
 bounds [0x0000000041910000, 0x00000000424e0000, 0x0000000050910000]
 total_blobs=2403 nmethods=2103 adapters=221
 compilation: enabled

Compilation events (10 events):
Event: 50.907 Thread 0x000000005cc71000 2401       1       soot.jimple.ThisRef::getUseBoxes (4 bytes)
Event: 50.907 Thread 0x000000005cc71000 nmethod 2401 0x000000004243b790 code [0x000000004243b8e0, 0x000000004243b9f0]
Event: 50.914 Thread 0x000000005cc71000 2402       1       soot.jimple.toolkits.typing.fast.UseChecker::caseIdentityStmt (1 bytes)
Event: 50.914 Thread 0x000000005cc71000 nmethod 2402 0x0000000042442590 code [0x00000000424426e0, 0x00000000424427f0]
Event: 50.915 Thread 0x000000005cc71000 2403       1       java.util.HashMap$KeySet::size (8 bytes)
Event: 50.915 Thread 0x000000005cc71000 nmethod 2403 0x0000000042442290 code [0x00000000424423e0, 0x00000000424424f0]
Event: 50.950 Thread 0x000000005cc71000 2404       2       soot.jimple.Jimple::newInstanceFieldRef (10 bytes)
Event: 50.951 Thread 0x000000005cc71000 nmethod 2404 0x0000000042441ad0 code [0x0000000042441c60, 0x0000000042441fb8]
Event: 50.951 Thread 0x000000005cc71000 2405       2       soot.jimple.internal.JInstanceFieldRef::<init> (13 bytes)
Event: 50.951 Thread 0x000000005cc71000 nmethod 2405 0x00000000424411d0 code [0x0000000042441360, 0x0000000042441778]

GC Heap History (10 events):
Event: 40.645 GC heap before
{Heap before GC invocations=9 (full 1):
 PSYoungGen      total 277504K, used 29685K [0x00000005b7300000, 0x00000005cc300000, 0x00000007c0000000)
  eden space 247808K, 0% used [0x00000005b7300000,0x00000005b7300000,0x00000005c6500000)
  from space 29696K, 99% used [0x00000005c8e00000,0x00000005caafd550,0x00000005cab00000)
  to   space 41984K, 0% used [0x00000005c6500000,0x00000005c6500000,0x00000005c8e00000)
 ParOldGen       total 86016K, used 65570K [0x00000001a5800000, 0x00000001aac00000, 0x00000005b7300000)
  object space 86016K, 76% used [0x00000001a5800000,0x00000001a98088d8,0x00000001aac00000)
 Metaspace       used 8261K, capacity 8422K, committed 8576K, reserved 1056768K
  class space    used 1001K, capacity 1081K, committed 1152K, reserved 1048576K
Event: 40.840 GC heap after
Heap after GC invocations=9 (full 1):
 PSYoungGen      total 277504K, used 0K [0x00000005b7300000, 0x00000005cc300000, 0x00000007c0000000)
  eden space 247808K, 0% used [0x00000005b7300000,0x00000005b7300000,0x00000005c6500000)
  from space 29696K, 0% used [0x00000005c8e00000,0x00000005c8e00000,0x00000005cab00000)
  to   space 41984K, 0% used [0x00000005c6500000,0x00000005c6500000,0x00000005c8e00000)
 ParOldGen       total 144896K, used 82742K [0x00000001a5800000, 0x00000001ae580000, 0x00000005b7300000)
  object space 144896K, 57% used [0x00000001a5800000,0x00000001aa8cd838,0x00000001ae580000)
 Metaspace       used 8261K, capacity 8422K, committed 8576K, reserved 1056768K
  class space    used 1001K, capacity 1081K, committed 1152K, reserved 1048576K
}
Event: 46.016 GC heap before
{Heap before GC invocations=10 (full 1):
 PSYoungGen      total 277504K, used 247808K [0x00000005b7300000, 0x00000005cc300000, 0x00000007c0000000)
  eden space 247808K, 100% used [0x00000005b7300000,0x00000005c6500000,0x00000005c6500000)
  from space 29696K, 0% used [0x00000005c8e00000,0x00000005c8e00000,0x00000005cab00000)
  to   space 41984K, 0% used [0x00000005c6500000,0x00000005c6500000,0x00000005c8e00000)
 ParOldGen       total 144896K, used 82742K [0x00000001a5800000, 0x00000001ae580000, 0x00000005b7300000)
  object space 144896K, 57% used [0x00000001a5800000,0x00000001aa8cd838,0x00000001ae580000)
 Metaspace       used 10566K, capacity 10728K, committed 10880K, reserved 1058816K
  class space    used 1328K, capacity 1401K, committed 1408K, reserved 1048576K
Event: 46.032 GC heap after
Heap after GC invocations=10 (full 1):
 PSYoungGen      total 289792K, used 11491K [0x00000005b7300000, 0x00000005d1c80000, 0x00000007c0000000)
  eden space 247808K, 0% used [0x00000005b7300000,0x00000005b7300000,0x00000005c6500000)
  from space 41984K, 27% used [0x00000005c6500000,0x00000005c7038eb0,0x00000005c8e00000)
  to   space 40960K, 0% used [0x00000005cf480000,0x00000005cf480000,0x00000005d1c80000)
 ParOldGen       total 144896K, used 82742K [0x00000001a5800000, 0x00000001ae580000, 0x00000005b7300000)
  object space 144896K, 57% used [0x00000001a5800000,0x00000001aa8cd838,0x00000001ae580000)
 Metaspace       used 10566K, capacity 10728K, committed 10880K, reserved 1058816K
  class space    used 1328K, capacity 1401K, committed 1408K, reserved 1048576K
}
Event: 46.649 GC heap before
{Heap before GC invocations=11 (full 1):
 PSYoungGen      total 289792K, used 259299K [0x00000005b7300000, 0x00000005d1c80000, 0x00000007c0000000)
  eden space 247808K, 100% used [0x00000005b7300000,0x00000005c6500000,0x00000005c6500000)
  from space 41984K, 27% used [0x00000005c6500000,0x00000005c7038eb0,0x00000005c8e00000)
  to   space 40960K, 0% used [0x00000005cf480000,0x00000005cf480000,0x00000005d1c80000)
 ParOldGen       total 144896K, used 82742K [0x00000001a5800000, 0x00000001ae580000, 0x00000005b7300000)
  object space 144896K, 57% used [0x00000001a5800000,0x00000001aa8cd838,0x00000001ae580000)
 Metaspace       used 10596K, capacity 10728K, committed 10880K, reserved 1058816K
  class space    used 1328K, capacity 1401K, committed 1408K, reserved 1048576K
Event: 46.660 GC heap after
Heap after GC invocations=11 (full 1):
 PSYoungGen      total 396288K, used 14745K [0x00000005b7300000, 0x00000005d1c80000, 0x00000007c0000000)
  eden space 355328K, 0% used [0x00000005b7300000,0x00000005b7300000,0x00000005cce00000)
  from space 40960K, 35% used [0x00000005cf480000,0x00000005d02e65a0,0x00000005d1c80000)
  to   space 39424K, 0% used [0x00000005cce00000,0x00000005cce00000,0x00000005cf480000)
 ParOldGen       total 144896K, used 82742K [0x00000001a5800000, 0x00000001ae580000, 0x00000005b7300000)
  object space 144896K, 57% used [0x00000001a5800000,0x00000001aa8cd838,0x00000001ae580000)
 Metaspace       used 10596K, capacity 10728K, committed 10880K, reserved 1058816K
  class space    used 1328K, capacity 1401K, committed 1408K, reserved 1048576K
}
Event: 50.068 GC heap before
{Heap before GC invocations=12 (full 1):
 PSYoungGen      total 396288K, used 370073K [0x00000005b7300000, 0x00000005d1c80000, 0x00000007c0000000)
  eden space 355328K, 100% used [0x00000005b7300000,0x00000005cce00000,0x00000005cce00000)
  from space 40960K, 35% used [0x00000005cf480000,0x00000005d02e65a0,0x00000005d1c80000)
  to   space 39424K, 0% used [0x00000005cce00000,0x00000005cce00000,0x00000005cf480000)
 ParOldGen       total 144896K, used 82742K [0x00000001a5800000, 0x00000001ae580000, 0x00000005b7300000)
  object space 144896K, 57% used [0x00000001a5800000,0x00000001aa8cd838,0x00000001ae580000)
 Metaspace       used 10634K, capacity 10792K, committed 10880K, reserved 1058816K
  class space    used 1334K, capacity 1401K, committed 1408K, reserved 1048576K
Event: 50.100 GC heap after
Heap after GC invocations=12 (full 1):
 PSYoungGen      total 394752K, used 9648K [0x00000005b7300000, 0x00000005daf80000, 0x00000007c0000000)
  eden space 355328K, 0% used [0x00000005b7300000,0x00000005b7300000,0x00000005cce00000)
  from space 39424K, 24% used [0x00000005cce00000,0x00000005cd76c168,0x00000005cf480000)
  to   space 38912K, 0% used [0x00000005d8980000,0x00000005d8980000,0x00000005daf80000)
 ParOldGen       total 144896K, used 96808K [0x00000001a5800000, 0x00000001ae580000, 0x00000005b7300000)
  object space 144896K, 66% used [0x00000001a5800000,0x00000001ab68a088,0x00000001ae580000)
 Metaspace       used 10634K, capacity 10792K, committed 10880K, reserved 1058816K
  class space    used 1334K, capacity 1401K, committed 1408K, reserved 1048576K
}
Event: 50.961 GC heap before
{Heap before GC invocations=13 (full 1):
 PSYoungGen      total 394752K, used 364976K [0x00000005b7300000, 0x00000005daf80000, 0x00000007c0000000)
  eden space 355328K, 100% used [0x00000005b7300000,0x00000005cce00000,0x00000005cce00000)
  from space 39424K, 24% used [0x00000005cce00000,0x00000005cd76c168,0x00000005cf480000)
  to   space 38912K, 0% used [0x00000005d8980000,0x00000005d8980000,0x00000005daf80000)
 ParOldGen       total 144896K, used 96808K [0x00000001a5800000, 0x00000001ae580000, 0x00000005b7300000)
  object space 144896K, 66% used [0x00000001a5800000,0x00000001ab68a088,0x00000001ae580000)
 Metaspace       used 10679K, capacity 10792K, committed 10880K, reserved 1058816K
  class space    used 1336K, capacity 1401K, committed 1408K, reserved 1048576K
Event: 50.985 GC heap after
Heap after GC invocations=13 (full 1):
 PSYoungGen      total 548352K, used 8528K [0x00000005b7300000, 0x00000005db880000, 0x00000007c0000000)
  eden space 509440K, 0% used [0x00000005b7300000,0x00000005b7300000,0x00000005d6480000)
  from space 38912K, 21% used [0x00000005d8980000,0x00000005d91d4060,0x00000005daf80000)
  to   space 37888K, 0% used [0x00000005d6480000,0x00000005d6480000,0x00000005d8980000)
 ParOldGen       total 144896K, used 105292K [0x00000001a5800000, 0x00000001ae580000, 0x00000005b7300000)
  object space 144896K, 72% used [0x00000001a5800000,0x00000001abed3260,0x00000001ae580000)
 Metaspace       used 10679K, capacity 10792K, committed 10880K, reserved 1058816K
  class space    used 1336K, capacity 1401K, committed 1408K, reserved 1048576K
}

Deoptimization events (10 events):
Event: 50.139 Thread 0x00000000007b3800 Uncommon trap: reason=bimorphic action=maybe_recompile pc=0x00000000423207a8 method=java.util.Collections$UnmodifiableCollection$1.<init>(Ljava/util/Collections$UnmodifiableCollection;)V @ 17
Event: 50.140 Thread 0x00000000007b3800 Uncommon trap: reason=unloaded action=reinterpret pc=0x000000004236b484 method=soot.coffi.ByteCode.disassemble_bytecode([BI)Lsoot/coffi/Instruction; @ 3423
Event: 50.146 Thread 0x00000000007b3800 Uncommon trap: reason=bimorphic action=maybe_recompile pc=0x00000000423207a8 method=java.util.Collections$UnmodifiableCollection$1.<init>(Ljava/util/Collections$UnmodifiableCollection;)V @ 17
Event: 50.645 Thread 0x00000000007b3800 Uncommon trap: reason=class_check action=maybe_recompile pc=0x00000000424a0f3c method=soot.jimple.toolkits.base.Zonation.<init>(Lsoot/jimple/StmtBody;)V @ 42
Event: 50.731 Thread 0x00000000007b3800 Uncommon trap: reason=class_check action=maybe_recompile pc=0x00000000424a0f3c method=soot.jimple.toolkits.base.Zonation.<init>(Lsoot/jimple/StmtBody;)V @ 42
Event: 50.739 Thread 0x00000000007b3800 Uncommon trap: reason=class_check action=maybe_recompile pc=0x00000000424a0f3c method=soot.jimple.toolkits.base.Zonation.<init>(Lsoot/jimple/StmtBody;)V @ 42
Event: 50.746 Thread 0x00000000007b3800 Uncommon trap: reason=class_check action=maybe_recompile pc=0x00000000424a0f3c method=soot.jimple.toolkits.base.Zonation.<init>(Lsoot/jimple/StmtBody;)V @ 42
Event: 50.828 Thread 0x00000000007b3800 Uncommon trap: reason=unstable_if action=reinterpret pc=0x0000000042328908 method=soot.toolkits.graph.UnitGraph.getExtendedBasicBlockPathBetween(Lsoot/Unit;Lsoot/Unit;)Ljava/util/List; @ 238
Event: 50.832 Thread 0x00000000007b3800 Uncommon trap: reason=class_check action=maybe_recompile pc=0x0000000041eed89c method=java.util.AbstractSet.equals(Ljava/lang/Object;)Z @ 8
Event: 50.865 Thread 0x00000000007b3800 Uncommon trap: reason=unstable_if action=reinterpret pc=0x00000000423d4b34 method=soot.FastHierarchy.canStoreClass(Lsoot/SootClass;Lsoot/SootClass;)Z @ 112

Classes redefined (0 events):
No events

Internal exceptions (10 events):
Event: 1.656 Thread 0x00000000007b3800 Exception <a 'java/security/PrivilegedActionException'> (0x00000005b7be0850) thrown at [C:\ade\jenkins\workspace\8-2-build-windows-amd64-cygwin\jdk8u241\331\hotspot\src\share\vm\prims\jvm.cpp, line 1502]
Event: 1.656 Thread 0x00000000007b3800 Exception <a 'java/security/PrivilegedActionException'> (0x00000005b7be0c48) thrown at [C:\ade\jenkins\workspace\8-2-build-windows-amd64-cygwin\jdk8u241\331\hotspot\src\share\vm\prims\jvm.cpp, line 1502]
Event: 1.656 Thread 0x00000000007b3800 Exception <a 'java/security/PrivilegedActionException'> (0x00000005b7be4aa0) thrown at [C:\ade\jenkins\workspace\8-2-build-windows-amd64-cygwin\jdk8u241\331\hotspot\src\share\vm\prims\jvm.cpp, line 1502]
Event: 1.656 Thread 0x00000000007b3800 Exception <a 'java/security/PrivilegedActionException'> (0x00000005b7be4e98) thrown at [C:\ade\jenkins\workspace\8-2-build-windows-amd64-cygwin\jdk8u241\331\hotspot\src\share\vm\prims\jvm.cpp, line 1502]
Event: 22.605 Thread 0x00000000007b3800 Exception <a 'java/lang/ArrayIndexOutOfBoundsException': 18> (0x00000005bd934390) thrown at [C:\ade\jenkins\workspace\8-2-build-windows-amd64-cygwin\jdk8u241\331\hotspot\src\share\vm\interpreter\interpreterRuntime.cpp, line 368]
Event: 41.880 Thread 0x00000000007b3800 Implicit null exception at 0x0000000041e30cd9 to 0x0000000041e30d0d
Event: 42.377 Thread 0x00000000007b3800 Implicit null exception at 0x0000000041dfc803 to 0x0000000041dfd275
Event: 42.715 Thread 0x00000000007b3800 Implicit null exception at 0x0000000041c9cbda to 0x0000000041c9ebf1
Event: 43.441 Thread 0x00000000007b3800 Implicit null exception at 0x0000000041d6c8af to 0x0000000041d6c955
Event: 44.817 Thread 0x00000000007b3800 Implicit null exception at 0x0000000041a7652e to 0x0000000041a76961

Events (10 events):
Event: 50.832 Thread 0x00000000007b3800 DEOPT UNPACKING pc=0x000000004195583b sp=0x000000004190dc18 mode 2
Event: 50.840 Thread 0x00000000007b3800 DEOPT PACKING pc=0x0000000042028984 sp=0x000000004190e1a0
Event: 50.840 Thread 0x00000000007b3800 DEOPT UNPACKING pc=0x0000000041957490 sp=0x000000004190dfd8 mode 0
Event: 50.865 Thread 0x00000000007b3800 Uncommon trap: trap_request=0xffffff65 fr.pc=0x00000000423d4b34
Event: 50.865 Thread 0x00000000007b3800 DEOPT PACKING pc=0x00000000423d4b34 sp=0x000000004190de90
Event: 50.865 Thread 0x00000000007b3800 DEOPT UNPACKING pc=0x000000004195583b sp=0x000000004190dea0 mode 2
Event: 50.912 Thread 0x00000000007b3800 DEOPT PACKING pc=0x0000000042028984 sp=0x000000004190e280
Event: 50.912 Thread 0x00000000007b3800 DEOPT UNPACKING pc=0x0000000041957490 sp=0x000000004190e0b8 mode 0
Event: 50.960 Executing VM operation: ParallelGCFailedAllocation
Event: 50.985 Executing VM operation: ParallelGCFailedAllocation done


Dynamic libraries:
0x00007ff6c4b10000 - 0x00007ff6c4b47000 	C:\Program Files\Java\jre1.8.0_241\bin\javaw.exe
0x00007ffdd34f0000 - 0x00007ffdd36c0000 	C:\Windows\SYSTEM32\ntdll.dll
0x00007ffdd0ce0000 - 0x00007ffdd0d8c000 	C:\Windows\System32\KERNEL32.DLL
0x00007ffdcfd50000 - 0x00007ffdcff6d000 	C:\Windows\System32\KERNELBASE.dll
0x00007ffdd14d0000 - 0x00007ffdd1572000 	C:\Windows\System32\ADVAPI32.dll
0x00007ffdd1590000 - 0x00007ffdd162e000 	C:\Windows\System32\msvcrt.dll
0x00007ffdd1630000 - 0x00007ffdd1689000 	C:\Windows\System32\sechost.dll
0x00007ffdd1be0000 - 0x00007ffdd1d01000 	C:\Windows\System32\RPCRT4.dll
0x00007ffdd0e90000 - 0x00007ffdd0ff5000 	C:\Windows\System32\USER32.dll
0x00007ffdcfb30000 - 0x00007ffdcfb4e000 	C:\Windows\System32\win32u.dll
0x00007ffdd1690000 - 0x00007ffdd16c4000 	C:\Windows\System32\GDI32.dll
0x00007ffdcfb50000 - 0x00007ffdcfcd1000 	C:\Windows\System32\gdi32full.dll
0x00007ffdc76e0000 - 0x00007ffdc795a000 	C:\Windows\WinSxS\amd64_microsoft.windows.common-controls_6595b64144ccf1df_6.0.14393.3053_none_7de042968342015d\COMCTL32.dll
0x00007ffdd1200000 - 0x00007ffdd14c5000 	C:\Windows\System32\combase.dll
0x00007ffdd0820000 - 0x00007ffdd0914000 	C:\Windows\System32\ucrtbase.dll
0x00007ffdcfce0000 - 0x00007ffdcfd4a000 	C:\Windows\System32\bcryptPrimitives.dll
0x00007ffdd0b40000 - 0x00007ffdd0b6e000 	C:\Windows\System32\IMM32.DLL
0x0000000180000000 - 0x000000018000d000 	C:\Windows\KATRK64.DLL
0x00007ffdcdf20000 - 0x00007ffdcdf33000 	C:\Windows\SYSTEM32\WTSAPI32.dll
0x00007ffdc7460000 - 0x00007ffdc750c000 	C:\Windows\system32\tmumh\20019\AddOn\7.0.0.1169\TmUmEvt64.dll
0x00007ffdd1d70000 - 0x00007ffdd1d78000 	C:\Windows\System32\PSAPI.DLL
0x00007ffdd0ae0000 - 0x00007ffdd0b32000 	C:\Windows\System32\SHLWAPI.dll
0x0000000057140000 - 0x000000005725a000 	C:\Windows\system32\tmumh\20019\TmMon\2.5.0.2095\tmmon64.dll
0x0000000053080000 - 0x0000000053152000 	C:\Program Files\Java\jre1.8.0_241\bin\msvcr100.dll
0x0000000053370000 - 0x0000000053c1c000 	C:\Program Files\Java\jre1.8.0_241\bin\server\jvm.dll
0x00007ffdbefd0000 - 0x00007ffdbefd9000 	C:\Windows\SYSTEM32\WSOCK32.dll
0x00007ffdd1740000 - 0x00007ffdd17aa000 	C:\Windows\System32\WS2_32.dll
0x00007ffdc9cc0000 - 0x00007ffdc9ce3000 	C:\Windows\SYSTEM32\WINMM.dll
0x00007ffdc5290000 - 0x00007ffdc529a000 	C:\Windows\SYSTEM32\VERSION.dll
0x00007ffdc9c90000 - 0x00007ffdc9cbb000 	C:\Windows\SYSTEM32\WINMMBASE.dll
0x00007ffdd0920000 - 0x00007ffdd0962000 	C:\Windows\System32\cfgmgr32.dll
0x00007ffdbb8e0000 - 0x00007ffdbb8ef000 	C:\Program Files\Java\jre1.8.0_241\bin\verify.dll
0x00007ffdbb8b0000 - 0x00007ffdbb8d9000 	C:\Program Files\Java\jre1.8.0_241\bin\java.dll
0x00007ffdbbb60000 - 0x00007ffdbbb95000 	C:\Program Files\Java\jre1.8.0_241\bin\jdwp.dll
0x00007ffdbf480000 - 0x00007ffdbf488000 	C:\Program Files\Java\jre1.8.0_241\bin\npt.dll
0x00007ffdbb890000 - 0x00007ffdbb8a6000 	C:\Program Files\Java\jre1.8.0_241\bin\zip.dll
0x000000005b6f0000 - 0x000000005cbf5000 	C:\Windows\System32\SHELL32.dll
0x00007ffdd0140000 - 0x00007ffdd081a000 	C:\Windows\System32\windows.storage.dll
0x00007ffdcf990000 - 0x00007ffdcf9dc000 	C:\Windows\System32\powrprof.dll
0x00007ffdcf980000 - 0x00007ffdcf98f000 	C:\Windows\System32\kernel.appcore.dll
0x00007ffdd0970000 - 0x00007ffdd0a19000 	C:\Windows\System32\shcore.dll
0x00007ffdcf960000 - 0x00007ffdcf974000 	C:\Windows\System32\profapi.dll
0x00007ffdbf470000 - 0x00007ffdbf479000 	C:\Program Files\Java\jre1.8.0_241\bin\dt_socket.dll
0x00007ffdc9e50000 - 0x00007ffdc9e66000 	C:\Windows\system32\napinsp.dll
0x00007ffdc9e30000 - 0x00007ffdc9e4a000 	C:\Windows\system32\pnrpnsp.dll
0x00007ffdcc2e0000 - 0x00007ffdcc2f8000 	C:\Windows\system32\NLAapi.dll
0x00007ffdcf210000 - 0x00007ffdcf26c000 	C:\Windows\System32\mswsock.dll
0x00007ffdcef90000 - 0x00007ffdcf032000 	C:\Windows\SYSTEM32\DNSAPI.dll
0x00007ffdd1580000 - 0x00007ffdd1588000 	C:\Windows\System32\NSI.dll
0x00007ffdcef50000 - 0x00007ffdcef88000 	C:\Windows\SYSTEM32\IPHLPAPI.DLL
0x00007ffdc9e70000 - 0x00007ffdc9e7e000 	C:\Windows\System32\winrnr.dll
0x0000000000ab0000 - 0x0000000000ad6000 	C:\Program Files\Bonjour\mdnsNSP.dll
0x00007ffdcb150000 - 0x00007ffdcb1ba000 	C:\Windows\System32\fwpuclnt.dll
0x00007ffdcf890000 - 0x00007ffdcf8bb000 	C:\Windows\SYSTEM32\bcrypt.dll
0x00007ffdcb290000 - 0x00007ffdcb29a000 	C:\Windows\System32\rasadhlp.dll
0x00007ffdbb870000 - 0x00007ffdbb88a000 	C:\Program Files\Java\jre1.8.0_241\bin\net.dll
0x00007ffdbb850000 - 0x00007ffdbb862000 	C:\Program Files\Java\jre1.8.0_241\bin\nio.dll

VM Arguments:
jvm_args: -agentlib:jdwp=transport=dt_socket,suspend=y,address=localhost:52925 -Xss1000m -Xmx25000M -Dfile.encoding=UTF-8 
java_command: dataflow.util.CGCreator -whole-program -xml-attributes -keep-line-number -f jimple -p cg.cha enabled:true -app simple.logic.Logic -p cg verbose:true,all-reachable:true,,safe-forname:true,safe-newinstance:true
java_class_path (initial): Z:\01.mydrive\eclipseWorkspace\tmp\bin;Z:\01.mydrive\eclipseWorkspace\tmp\lib\annotations-api.jar;Z:\01.mydrive\eclipseWorkspace\tmp\lib\catalina-ant.jar;Z:\01.mydrive\eclipseWorkspace\tmp\lib\catalina-ha.jar;Z:\01.mydrive\eclipseWorkspace\tmp\lib\catalina-tribes.jar;Z:\01.mydrive\eclipseWorkspace\tmp\lib\catalina.jar;Z:\01.mydrive\eclipseWorkspace\tmp\lib\ecj-4.4.2.jar;Z:\01.mydrive\eclipseWorkspace\tmp\lib\el-api.jar;Z:\01.mydrive\eclipseWorkspace\tmp\lib\jasper-el.jar;Z:\01.mydrive\eclipseWorkspace\tmp\lib\jasper.jar;Z:\01.mydrive\eclipseWorkspace\tmp\lib\jsp-api.jar;Z:\01.mydrive\eclipseWorkspace\tmp\lib\servlet-api.jar;Z:\01.mydrive\eclipseWorkspace\tmp\lib\tomcat-api.jar;Z:\01.mydrive\eclipseWorkspace\tmp\lib\tomcat-coyote.jar;Z:\01.mydrive\eclipseWorkspace\tmp\lib\tomcat-dbcp.jar;Z:\01.mydrive\eclipseWorkspace\tmp\lib\tomcat-i18n-es.jar;Z:\01.mydrive\eclipseWorkspace\tmp\lib\tomcat-i18n-fr.jar;Z:\01.mydrive\eclipseWorkspace\tmp\lib\tomcat-i18n-ja.jar;Z:\01.mydrive\eclipseWorkspace\tmp\lib\tomcat-i18n-ru.jar;Z:\01.mydrive\eclipseWorkspace\tmp\lib\tomcat-jdbc.jar;Z:\01.mydrive\eclipseWorkspace\tmp\lib\tomcat-util.jar;Z:\01.mydrive\eclipseWorkspace\tmp\lib\tomcat7-websocket.jar;Z:\01.mydrive\eclipseWorkspace\tmp\lib\websocket-api.jar;C:\Program Files\eclipse javaEE\plugins\org.junit_4.11.0.v201303080030\junit.jar;C:\Program Files\eclipse javaEE\plugins\org.hamcrest.core_1.3.0.v201303031735.jar;Z:\01.mydrive\eclipseWorkspace\tmp\lib\soot-2.5.0.jar;Z:\01.mydrive\eclipseWorkspace\tmp\lib\rt.jar
Launcher Type: SUN_STANDARD

Environment Variables:
PATH=C:/Program Files/Java/jre1.8.0_241/bin/server;C:/Program Files/Java/jre1.8.0_241/bin;C:/Program Files/Java/jre1.8.0_241/lib/amd64;C:\Program Files (x86)\NVIDIA Corporation\PhysX\Common;C:\Program Files (x86)\Common Files\Oracle\Java\javapath;C:\Program Files\Haskell\bin;C:\Program Files\Haskell Platform\8.2.2\lib\extralibs\bin;C:\Program Files\Haskell Platform\8.2.2\bin;C:\ProgramData\Oracle\Java\javapath;C:\Windows\system32;C:\Windows;C:\Windows\System32\Wbem;C:\Windows\System32\WindowsPowerShell\v1.0\;c:\Program Files (x86)\Microsoft SQL Server\110\Tools\Binn\;c:\Program Files\Microsoft SQL Server\110\Tools\Binn\;c:\Program Files\Microsoft SQL Server\110\DTS\Binn\;C:\Program Files (x86)\Shoes;C:\MinGW\bin;C:\Ruby25-x64\bin;C:\Ruby23-x64\bin;C:\Program Files (x86)\gnuplot\bin;C:\Program Files (x86)\Windows Kits\10\Windows Performance Toolkit\;C:\ProgramData\Anaconda3;C:\Python36\Scripts\;C:\Python36\;C:\Program Files (x86)\LilyPond\usr\bin;C:\Program Files (x86)\Windows Kits\8.1\Windows Performance Toolkit\;C:\Program Files (x86)\PuTTY\;C:\Program Files\IBM\SPSS\Statistics\25\JRE\bin;C:\Program Files\Haskell Platform\8.2.2\mingw\bin;C:\texlive\2018\bin\win32;C:\Program Files\Microsoft VS Code\bin;C:\Program Files (x86)\scala\bin;C:\Program Files\MATLAB\R2018b\bin;C:\Program Files (x86)\Wolfram Research\WolframScript\;C:\Program Files (x86)\mysql\bin;C:\Program Files (x86)\php;C:\Program Files\gs\gs9.50\bin;C:\Users\s1930149\AppData\Local\Microsoft\WindowsApps;;C:\Program Files\eclipse javaEE;
USERNAME=s1930149
OS=Windows_NT
PROCESSOR_IDENTIFIER=Intel64 Family 6 Model 94 Stepping 3, GenuineIntel



---------------  S Y S T E M  ---------------

OS: Windows 10.0 , 64 bit Build 14393 (10.0.14393.2969)

CPU:total 4 (initial active 4) (4 cores per cpu, 1 threads per core) family 6 model 94 stepping 3, cmov, cx8, fxsr, mmx, sse, sse2, sse3, ssse3, sse4.1, sse4.2, popcnt, aes, clmul, erms, rtm, 3dnowpref, lzcnt, tsc, tscinvbit, bmi1, bmi2, adx

Memory: 4k page, physical 8142772k(1806152k free), swap 8142772k(6320k free)

vm_info: Java HotSpot(TM) 64-Bit Server VM (25.241-b07) for windows-amd64 JRE (1.8.0_241-b07), built on Dec 11 2019 10:21:40 by "rejava" with MS VC++ 10.0 (VS2010)

time: Wed Feb 05 22:49:13 2020
timezone: ìåãû (ïWèÄéû)
elapsed time: 51 seconds (0d 0h 0m 51s)

