#
# There is insufficient memory for the Java Runtime Environment to continue.
# Native memory allocation (malloc) failed to allocate 32744 bytes for ChunkPool::allocate
# Possible reasons:
#   The system is out of physical RAM or swap space
#   The process is running with CompressedOops enabled, and the Java Heap may be blocking the growth of the native heap
# Possible solutions:
#   Reduce memory load on the system
#   Increase physical memory or swap space
#   Check if swap backing store is full
#   Decrease Java heap size (-Xmx/-Xms)
#   Decrease number of Java threads
#   Decrease Java thread stack sizes (-Xss)
#   Set larger code cache with -XX:ReservedCodeCacheSize=
#   JVM is running with Zero Based Compressed Oops mode in which the Java heap is
#     placed in the first 32GB address space. The Java Heap base address is the
#     maximum limit for the native heap growth. Please use -XX:HeapBaseMinAddress
#     to set the Java Heap base and to place the Java Heap above 32GB virtual address.
# This output file may be truncated or incomplete.
#
#  Out of Memory Error (allocation.cpp:272), pid=11780, tid=0x0000000000002ae0
#
# JRE version: Java(TM) SE Runtime Environment (8.0_241-b07) (build 1.8.0_241-b07)
# Java VM: Java HotSpot(TM) 64-Bit Server VM (25.241-b07 mixed mode windows-amd64 compressed oops)
# Failed to write core dump. Minidumps are not enabled by default on client versions of Windows
#

---------------  T H R E A D  ---------------

Current thread (0x000000005c063000):  JavaThread "C1 CompilerThread2" daemon [_thread_in_native, id=10976, stack(0x000000005c630000,0x000000005c730000)]

Stack: [0x000000005c630000,0x000000005c730000]
[error occurred during error reporting (printing stack bounds), id 0xc0000005]

Native frames: (J=compiled Java code, j=interpreted, Vv=VM code, C=native code)


Current CompileTask:
C1:  47765 1600       3       soot.coffi.CFG::processFlow (4665 bytes)


---------------  P R O C E S S  ---------------

Java Threads: ( => current thread )
  0x000000005c06a000 JavaThread "Service Thread" daemon [_thread_blocked, id=5576, stack(0x00000008fa000000,0x0000000938800000)]
=>0x000000005c063000 JavaThread "C1 CompilerThread2" daemon [_thread_in_native, id=10976, stack(0x000000005c630000,0x000000005c730000)]
  0x000000005c051000 JavaThread "C2 CompilerThread1" daemon [_thread_blocked, id=10272, stack(0x000000005c530000,0x000000005c630000)]
  0x000000005bfff000 JavaThread "C2 CompilerThread0" daemon [_thread_blocked, id=8492, stack(0x000000005c3e0000,0x000000005c4e0000)]
  0x000000005bff3800 JavaThread "JDWP Command Reader" daemon [_thread_in_native, id=2452, stack(0x00000008bb800000,0x00000008fa000000)]
  0x000000005bff2000 JavaThread "JDWP Event Helper Thread" daemon [_thread_blocked, id=6952, stack(0x000000087d000000,0x00000008bb800000)]
  0x000000005bfe0800 JavaThread "JDWP Transport Listener: dt_socket" daemon [_thread_blocked, id=1148, stack(0x000000083e800000,0x000000087d000000)]
  0x000000005aed8800 JavaThread "Attach Listener" daemon [_thread_blocked, id=11912, stack(0x0000000800000000,0x000000083e800000)]
  0x000000005aed5800 JavaThread "Signal Dispatcher" daemon [_thread_blocked, id=268, stack(0x000000012dd30000,0x000000016c530000)]
  0x000000005ae6a800 JavaThread "Finalizer" daemon [_thread_blocked, id=6800, stack(0x00000000ef530000,0x000000012dd30000)]
  0x00000000011e4000 JavaThread "Reference Handler" daemon [_thread_blocked, id=9124, stack(0x00000000b0d30000,0x00000000ef530000)]
  0x00000000010f4000 JavaThread "main" [_thread_in_native, id=6292, stack(0x0000000003730000,0x0000000041f30000)]

Other Threads:
  0x000000005ae48000 VMThread [stack: 0x000000005bee0000,0x000000005bfe0000] [id=1740]
  0x000000005c0b6800 WatcherThread [stack: 0x000000005c730000,0x000000005c830000] [id=6308]

VM state:not at safepoint (normal execution)

VM Mutex/Monitor currently owned by a thread: None

heap address: 0x00000001a5800000, size: 25000 MB, Compressed Oops mode: Zero based, Oop shift amount: 3
Narrow klass base: 0x0000000000000000, Narrow klass shift: 3
Compressed class space size: 1073741824 Address: 0x00000007c0000000

Heap:
 PSYoungGen      total 278016K, used 49921K [0x00000005b7300000, 0x00000005cc500000, 0x00000007c0000000)
  eden space 248320K, 18% used [0x00000005b7300000,0x00000005ba046ad8,0x00000005c6580000)
  from space 29696K, 11% used [0x00000005c8f00000,0x00000005c9279c70,0x00000005cac00000)
  to   space 42496K, 0% used [0x00000005c6580000,0x00000005c6580000,0x00000005c8f00000)
 ParOldGen       total 151040K, used 85798K [0x00000001a5800000, 0x00000001aeb80000, 0x00000005b7300000)
  object space 151040K, 56% used [0x00000001a5800000,0x00000001aabc99e0,0x00000001aeb80000)
 Metaspace       used 9955K, capacity 10120K, committed 10368K, reserved 1058816K
  class space    used 1283K, capacity 1369K, committed 1408K, reserved 1048576K

Card table byte_map: [0x0000000051e60000,0x0000000054f40000] byte_map_base: 0x0000000051134000

Marking Bits: (ParMarkBitMap*) 0x0000000051ddbe30
 Begin Bits: [0x000000007fff0000, 0x0000000098690000)
 End Bits:   [0x0000000098690000, 0x00000000b0d30000)

Polling page: 0x0000000000e00000

CodeCache: size=245760Kb used=6341Kb max_used=6361Kb free=239418Kb
 bounds [0x0000000041f30000, 0x0000000042580000, 0x0000000050f30000]
 total_blobs=1724 nmethods=1424 adapters=221
 compilation: enabled

Compilation events (10 events):
Event: 47.726 Thread 0x000000005c051000 1608       4       soot.toolkits.scalar.ArraySparseSet::copy (65 bytes)
Event: 47.728 Thread 0x000000005c051000 nmethod 1608 0x0000000042535090 code [0x00000000425351e0, 0x0000000042535478]
Event: 47.728 Thread 0x000000005c051000 1607       4       soot.toolkits.scalar.SimpleLiveLocalsAnalysis::newInitialFlow (10 bytes)
Event: 47.729 Thread 0x000000005c051000 nmethod 1607 0x0000000042548b90 code [0x0000000042548ce0, 0x0000000042548fb8]
Event: 47.730 Thread 0x000000005c051000 1610       4       java.util.TreeMap::getEntryUsingComparator (74 bytes)
Event: 47.730 Thread 0x000000005c063000 nmethod 1599 0x000000004254abd0 code [0x000000004254c740, 0x000000004255c6f8]
Event: 47.730 Thread 0x000000005c063000 1600       3       soot.coffi.CFG::processFlow (4665 bytes)
Event: 47.730 Thread 0x000000005c051000 nmethod 1610 0x0000000042534d50 code [0x0000000042534ea0, 0x0000000042534fb8]
Event: 47.730 Thread 0x000000005c051000 1609       4       soot.toolkits.scalar.SmartLocalDefs$LocalDefsAnalysis::newInitialFlow (8 bytes)
Event: 47.731 Thread 0x000000005c051000 nmethod 1609 0x0000000042548790 code [0x00000000425488e0, 0x0000000042548a58]

GC Heap History (10 events):
Event: 8.101 GC heap before
{Heap before GC invocations=5 (full 0):
 PSYoungGen      total 70656K, used 70645K [0x00000005b7300000, 0x00000005bbd00000, 0x00000007c0000000)
  eden space 65536K, 100% used [0x00000005b7300000,0x00000005bb300000,0x00000005bb300000)
  from space 5120K, 99% used [0x00000005bb800000,0x00000005bbcfd650,0x00000005bbd00000)
  to   space 5120K, 0% used [0x00000005bb300000,0x00000005bb300000,0x00000005bb800000)
 ParOldGen       total 86016K, used 19851K [0x00000001a5800000, 0x00000001aac00000, 0x00000005b7300000)
  object space 86016K, 23% used [0x00000001a5800000,0x00000001a6b62e78,0x00000001aac00000)
 Metaspace       used 8159K, capacity 8326K, committed 8576K, reserved 1056768K
  class space    used 982K, capacity 1049K, committed 1152K, reserved 1048576K
Event: 8.123 GC heap after
Heap after GC invocations=5 (full 0):
 PSYoungGen      total 70656K, used 5093K [0x00000005b7300000, 0x00000005c1700000, 0x00000007c0000000)
  eden space 65536K, 0% used [0x00000005b7300000,0x00000005b7300000,0x00000005bb300000)
  from space 5120K, 99% used [0x00000005bb300000,0x00000005bb7f9650,0x00000005bb800000)
  to   space 18432K, 0% used [0x00000005c0500000,0x00000005c0500000,0x00000005c1700000)
 ParOldGen       total 86016K, used 32354K [0x00000001a5800000, 0x00000001aac00000, 0x00000005b7300000)
  object space 86016K, 37% used [0x00000001a5800000,0x00000001a7798b10,0x00000001aac00000)
 Metaspace       used 8159K, capacity 8326K, committed 8576K, reserved 1056768K
  class space    used 982K, capacity 1049K, committed 1152K, reserved 1048576K
}
Event: 14.174 GC heap before
{Heap before GC invocations=6 (full 0):
 PSYoungGen      total 70656K, used 70629K [0x00000005b7300000, 0x00000005c1700000, 0x00000007c0000000)
  eden space 65536K, 100% used [0x00000005b7300000,0x00000005bb300000,0x00000005bb300000)
  from space 5120K, 99% used [0x00000005bb300000,0x00000005bb7f9650,0x00000005bb800000)
  to   space 18432K, 0% used [0x00000005c0500000,0x00000005c0500000,0x00000005c1700000)
 ParOldGen       total 86016K, used 32354K [0x00000001a5800000, 0x00000001aac00000, 0x00000005b7300000)
  object space 86016K, 37% used [0x00000001a5800000,0x00000001a7798b10,0x00000001aac00000)
 Metaspace       used 8168K, capacity 8326K, committed 8576K, reserved 1056768K
  class space    used 982K, capacity 1049K, committed 1152K, reserved 1048576K
Event: 14.194 GC heap after
Heap after GC invocations=6 (full 0):
 PSYoungGen      total 148992K, used 14933K [0x00000005b7300000, 0x00000005c1800000, 0x00000007c0000000)
  eden space 130560K, 0% used [0x00000005b7300000,0x00000005b7300000,0x00000005bf280000)
  from space 18432K, 81% used [0x00000005c0500000,0x00000005c1395670,0x00000005c1700000)
  to   space 18944K, 0% used [0x00000005bf280000,0x00000005bf280000,0x00000005c0500000)
 ParOldGen       total 86016K, used 32362K [0x00000001a5800000, 0x00000001aac00000, 0x00000005b7300000)
  object space 86016K, 37% used [0x00000001a5800000,0x00000001a779ab10,0x00000001aac00000)
 Metaspace       used 8168K, capacity 8326K, committed 8576K, reserved 1056768K
  class space    used 982K, capacity 1049K, committed 1152K, reserved 1048576K
}
Event: 26.243 GC heap before
{Heap before GC invocations=7 (full 0):
 PSYoungGen      total 148992K, used 145493K [0x00000005b7300000, 0x00000005c1800000, 0x00000007c0000000)
  eden space 130560K, 100% used [0x00000005b7300000,0x00000005bf280000,0x00000005bf280000)
  from space 18432K, 81% used [0x00000005c0500000,0x00000005c1395670,0x00000005c1700000)
  to   space 18944K, 0% used [0x00000005bf280000,0x00000005bf280000,0x00000005c0500000)
 ParOldGen       total 86016K, used 32362K [0x00000001a5800000, 0x00000001aac00000, 0x00000005b7300000)
  object space 86016K, 37% used [0x00000001a5800000,0x00000001a779ab10,0x00000001aac00000)
 Metaspace       used 8235K, capacity 8390K, committed 8576K, reserved 1056768K
  class space    used 997K, capacity 1049K, committed 1152K, reserved 1048576K
Event: 26.270 GC heap after
Heap after GC invocations=7 (full 0):
 PSYoungGen      total 149504K, used 18929K [0x00000005b7300000, 0x00000005cac00000, 0x00000007c0000000)
  eden space 130560K, 0% used [0x00000005b7300000,0x00000005b7300000,0x00000005bf280000)
  from space 18944K, 99% used [0x00000005bf280000,0x00000005c04fc680,0x00000005c0500000)
  to   space 29696K, 0% used [0x00000005c8f00000,0x00000005c8f00000,0x00000005cac00000)
 ParOldGen       total 86016K, used 47930K [0x00000001a5800000, 0x00000001aac00000, 0x00000005b7300000)
  object space 86016K, 55% used [0x00000001a5800000,0x00000001a86ce8d8,0x00000001aac00000)
 Metaspace       used 8235K, capacity 8390K, committed 8576K, reserved 1056768K
  class space    used 997K, capacity 1049K, committed 1152K, reserved 1048576K
}
Event: 43.372 GC heap before
{Heap before GC invocations=8 (full 0):
 PSYoungGen      total 149504K, used 149489K [0x00000005b7300000, 0x00000005cac00000, 0x00000007c0000000)
  eden space 130560K, 100% used [0x00000005b7300000,0x00000005bf280000,0x00000005bf280000)
  from space 18944K, 99% used [0x00000005bf280000,0x00000005c04fc680,0x00000005c0500000)
  to   space 29696K, 0% used [0x00000005c8f00000,0x00000005c8f00000,0x00000005cac00000)
 ParOldGen       total 86016K, used 47930K [0x00000001a5800000, 0x00000001aac00000, 0x00000005b7300000)
  object space 86016K, 55% used [0x00000001a5800000,0x00000001a86ce8d8,0x00000001aac00000)
 Metaspace       used 8239K, capacity 8390K, committed 8576K, reserved 1056768K
  class space    used 997K, capacity 1049K, committed 1152K, reserved 1048576K
Event: 43.405 GC heap after
Heap after GC invocations=8 (full 0):
 PSYoungGen      total 278016K, used 29680K [0x00000005b7300000, 0x00000005cc500000, 0x00000007c0000000)
  eden space 248320K, 0% used [0x00000005b7300000,0x00000005b7300000,0x00000005c6580000)
  from space 29696K, 99% used [0x00000005c8f00000,0x00000005cabfc050,0x00000005cac00000)
  to   space 42496K, 0% used [0x00000005c6580000,0x00000005c6580000,0x00000005c8f00000)
 ParOldGen       total 86016K, used 66772K [0x00000001a5800000, 0x00000001aac00000, 0x00000005b7300000)
  object space 86016K, 77% used [0x00000001a5800000,0x00000001a9935138,0x00000001aac00000)
 Metaspace       used 8239K, capacity 8390K, committed 8576K, reserved 1056768K
  class space    used 997K, capacity 1049K, committed 1152K, reserved 1048576K
}
Event: 43.405 GC heap before
{Heap before GC invocations=9 (full 1):
 PSYoungGen      total 278016K, used 29680K [0x00000005b7300000, 0x00000005cc500000, 0x00000007c0000000)
  eden space 248320K, 0% used [0x00000005b7300000,0x00000005b7300000,0x00000005c6580000)
  from space 29696K, 99% used [0x00000005c8f00000,0x00000005cabfc050,0x00000005cac00000)
  to   space 42496K, 0% used [0x00000005c6580000,0x00000005c6580000,0x00000005c8f00000)
 ParOldGen       total 86016K, used 66772K [0x00000001a5800000, 0x00000001aac00000, 0x00000005b7300000)
  object space 86016K, 77% used [0x00000001a5800000,0x00000001a9935138,0x00000001aac00000)
 Metaspace       used 8239K, capacity 8390K, committed 8576K, reserved 1056768K
  class space    used 997K, capacity 1049K, committed 1152K, reserved 1048576K
Event: 43.681 GC heap after
Heap after GC invocations=9 (full 1):
 PSYoungGen      total 278016K, used 3559K [0x00000005b7300000, 0x00000005cc500000, 0x00000007c0000000)
  eden space 248320K, 0% used [0x00000005b7300000,0x00000005b7300000,0x00000005c6580000)
  from space 29696K, 11% used [0x00000005c8f00000,0x00000005c9279c70,0x00000005cac00000)
  to   space 42496K, 0% used [0x00000005c6580000,0x00000005c6580000,0x00000005c8f00000)
 ParOldGen       total 151040K, used 85798K [0x00000001a5800000, 0x00000001aeb80000, 0x00000005b7300000)
  object space 151040K, 56% used [0x00000001a5800000,0x00000001aabc99e0,0x00000001aeb80000)
 Metaspace       used 8239K, capacity 8390K, committed 8576K, reserved 1056768K
  class space    used 997K, capacity 1049K, committed 1152K, reserved 1048576K
}

Deoptimization events (10 events):
Event: 47.544 Thread 0x00000000010f4000 Uncommon trap: reason=class_check action=maybe_recompile pc=0x00000000424547d8 method=java.util.ArrayList.remove(Ljava/lang/Object;)Z @ 56
Event: 47.642 Thread 0x00000000010f4000 Uncommon trap: reason=unstable_if action=reinterpret pc=0x000000004214cf8c method=soot.util.HashChain$LinkIterator.hasNext()Z @ 27
Event: 47.642 Thread 0x00000000010f4000 Uncommon trap: reason=bimorphic action=maybe_recompile pc=0x000000004220a4f8 method=java.util.Collections$UnmodifiableCollection$1.<init>(Ljava/util/Collections$UnmodifiableCollection;)V @ 17
Event: 47.642 Thread 0x00000000010f4000 Uncommon trap: reason=bimorphic action=maybe_recompile pc=0x000000004220a4f8 method=java.util.Collections$UnmodifiableCollection$1.<init>(Ljava/util/Collections$UnmodifiableCollection;)V @ 17
Event: 47.645 Thread 0x00000000010f4000 Uncommon trap: reason=unstable_if action=reinterpret pc=0x00000000422ac218 method=soot.util.HashChain$LinkIterator.hasNext()Z @ 27
Event: 47.645 Thread 0x00000000010f4000 Uncommon trap: reason=bimorphic action=maybe_recompile pc=0x000000004220a4f8 method=java.util.Collections$UnmodifiableCollection$1.<init>(Ljava/util/Collections$UnmodifiableCollection;)V @ 17
Event: 47.645 Thread 0x00000000010f4000 Uncommon trap: reason=bimorphic action=maybe_recompile pc=0x000000004220a4f8 method=java.util.Collections$UnmodifiableCollection$1.<init>(Ljava/util/Collections$UnmodifiableCollection;)V @ 17
Event: 47.692 Thread 0x00000000010f4000 Uncommon trap: reason=unstable_if action=reinterpret pc=0x00000000422ebc1c method=java.util.HashMap$HashIterator.<init>(Ljava/util/HashMap;)V @ 45
Event: 47.692 Thread 0x00000000010f4000 Uncommon trap: reason=unstable_if action=reinterpret pc=0x00000000422e4760 method=java.util.HashMap$HashIterator.<init>(Ljava/util/HashMap;)V @ 45
Event: 47.692 Thread 0x00000000010f4000 Uncommon trap: reason=unstable_if action=reinterpret pc=0x000000004220cb64 method=java.util.HashMap$HashIterator.<init>(Ljava/util/HashMap;)V @ 45

Classes redefined (0 events):
No events

Internal exceptions (10 events):
Event: 1.450 Thread 0x00000000010f4000 Exception <a 'java/security/PrivilegedActionException'> (0x00000005b7bde328) thrown at [C:\ade\jenkins\workspace\8-2-build-windows-amd64-cygwin\jdk8u241\331\hotspot\src\share\vm\prims\jvm.cpp, line 1502]
Event: 1.451 Thread 0x00000000010f4000 Exception <a 'java/security/PrivilegedActionException'> (0x00000005b7be2180) thrown at [C:\ade\jenkins\workspace\8-2-build-windows-amd64-cygwin\jdk8u241\331\hotspot\src\share\vm\prims\jvm.cpp, line 1502]
Event: 1.451 Thread 0x00000000010f4000 Exception <a 'java/security/PrivilegedActionException'> (0x00000005b7be2578) thrown at [C:\ade\jenkins\workspace\8-2-build-windows-amd64-cygwin\jdk8u241\331\hotspot\src\share\vm\prims\jvm.cpp, line 1502]
Event: 23.688 Thread 0x00000000010f4000 Exception <a 'java/lang/ArrayIndexOutOfBoundsException': 18> (0x00000005bd8ad3b0) thrown at [C:\ade\jenkins\workspace\8-2-build-windows-amd64-cygwin\jdk8u241\331\hotspot\src\share\vm\interpreter\interpreterRuntime.cpp, line 368]
Event: 44.428 Thread 0x00000000010f4000 Implicit null exception at 0x0000000042470319 to 0x000000004247034d
Event: 44.653 Thread 0x00000000010f4000 Implicit null exception at 0x000000004233a45d to 0x000000004233a5a1
Event: 44.959 Thread 0x00000000010f4000 Implicit null exception at 0x0000000042452703 to 0x0000000042453175
Event: 45.302 Thread 0x00000000010f4000 Implicit null exception at 0x00000000422bcf9a to 0x00000000422befb1
Event: 46.026 Thread 0x00000000010f4000 Implicit null exception at 0x0000000042339fef to 0x000000004233a095
Event: 47.437 Thread 0x00000000010f4000 Implicit null exception at 0x00000000420b506e to 0x00000000420b54a1

Events (10 events):
Event: 47.692 Thread 0x00000000010f4000 DEOPT PACKING pc=0x000000004220cb64 sp=0x0000000041f2ea80
Event: 47.692 Thread 0x00000000010f4000 DEOPT UNPACKING pc=0x0000000041f7583b sp=0x0000000041f2ea20 mode 2
Event: 47.746 loading class soot/EntryPoints
Event: 47.746 loading class soot/EntryPoints done
Event: 47.746 Thread 0x00000000010f4000 DEOPT PACKING pc=0x00000000420fe579 sp=0x0000000041f2dc70
Event: 47.746 Thread 0x00000000010f4000 DEOPT UNPACKING pc=0x0000000041f77490 sp=0x0000000041f2d9d0 mode 1
Event: 47.746 Thread 0x00000000010f4000 DEOPT PACKING pc=0x00000000420bc8a4 sp=0x0000000041f2dd00
Event: 47.746 Thread 0x00000000010f4000 DEOPT UNPACKING pc=0x0000000041f77490 sp=0x0000000041f2db20 mode 1
Event: 47.746 Thread 0x00000000010f4000 DEOPT PACKING pc=0x00000000420bc63c sp=0x0000000041f2de90
Event: 47.746 Thread 0x00000000010f4000 DEOPT UNPACKING pc=0x0000000041f77490 sp=0x0000000041f2dcb0 mode 1


Dynamic libraries:
0x00007ff74ef60000 - 0x00007ff74ef97000 	C:\Program Files\Java\jre1.8.0_241\bin\javaw.exe
0x00007ffc04d50000 - 0x00007ffc04f20000 	C:\Windows\SYSTEM32\ntdll.dll
0x00007ffc049e0000 - 0x00007ffc04a8c000 	C:\Windows\System32\KERNEL32.DLL
0x00007ffc01710000 - 0x00007ffc0192d000 	C:\Windows\System32\KERNELBASE.dll
0x00007ffc03aa0000 - 0x00007ffc03b42000 	C:\Windows\System32\ADVAPI32.dll
0x00007ffc03a00000 - 0x00007ffc03a9e000 	C:\Windows\System32\msvcrt.dll
0x00007ffc04690000 - 0x00007ffc046e9000 	C:\Windows\System32\sechost.dll
0x00007ffc038d0000 - 0x00007ffc039f1000 	C:\Windows\System32\RPCRT4.dll
0x00007ffc04be0000 - 0x00007ffc04d45000 	C:\Windows\System32\USER32.dll
0x00007ffc016f0000 - 0x00007ffc0170e000 	C:\Windows\System32\win32u.dll
0x00007ffc044f0000 - 0x00007ffc04524000 	C:\Windows\System32\GDI32.dll
0x00007ffc01240000 - 0x00007ffc013c1000 	C:\Windows\System32\gdi32full.dll
0x00007ffbf9130000 - 0x00007ffbf93aa000 	C:\Windows\WinSxS\amd64_microsoft.windows.common-controls_6595b64144ccf1df_6.0.14393.3053_none_7de042968342015d\COMCTL32.dll
0x00007ffc046f0000 - 0x00007ffc049b5000 	C:\Windows\System32\combase.dll
0x00007ffc021e0000 - 0x00007ffc022d4000 	C:\Windows\System32\ucrtbase.dll
0x00007ffc02170000 - 0x00007ffc021da000 	C:\Windows\System32\bcryptPrimitives.dll
0x00007ffc03d30000 - 0x00007ffc03d5e000 	C:\Windows\System32\IMM32.DLL
0x0000000180000000 - 0x000000018000d000 	C:\Windows\KATRK64.DLL
0x00007ffbff780000 - 0x00007ffbff793000 	C:\Windows\SYSTEM32\WTSAPI32.dll
0x00007ffbf8ee0000 - 0x00007ffbf8f8c000 	C:\Windows\system32\tmumh\20019\AddOn\7.0.0.1169\TmUmEvt64.dll
0x00007ffc03800000 - 0x00007ffc03808000 	C:\Windows\System32\PSAPI.DLL
0x00007ffc03bc0000 - 0x00007ffc03c12000 	C:\Windows\System32\SHLWAPI.dll
0x0000000055250000 - 0x000000005536a000 	C:\Windows\system32\tmumh\20019\TmMon\2.5.0.2095\tmmon64.dll
0x0000000051320000 - 0x00000000513f2000 	C:\Program Files\Java\jre1.8.0_241\bin\msvcr100.dll
0x00000000515b0000 - 0x0000000051e5c000 	C:\Program Files\Java\jre1.8.0_241\bin\server\jvm.dll
0x00007ffbf64b0000 - 0x00007ffbf64b9000 	C:\Windows\SYSTEM32\WSOCK32.dll
0x00007ffc03b50000 - 0x00007ffc03bba000 	C:\Windows\System32\WS2_32.dll
0x00007ffbf9420000 - 0x00007ffbf9443000 	C:\Windows\SYSTEM32\WINMM.dll
0x00007ffbf7360000 - 0x00007ffbf736a000 	C:\Windows\SYSTEM32\VERSION.dll
0x00007ffbf93f0000 - 0x00007ffbf941b000 	C:\Windows\SYSTEM32\WINMMBASE.dll
0x00007ffc01990000 - 0x00007ffc019d2000 	C:\Windows\System32\cfgmgr32.dll
0x00007ffbe3e10000 - 0x00007ffbe3e1f000 	C:\Program Files\Java\jre1.8.0_241\bin\verify.dll
0x00007ffbd0100000 - 0x00007ffbd0129000 	C:\Program Files\Java\jre1.8.0_241\bin\java.dll
0x00007ffbf0b30000 - 0x00007ffbf0b65000 	C:\Program Files\Java\jre1.8.0_241\bin\jdwp.dll
0x00007ffbf8b90000 - 0x00007ffbf8b98000 	C:\Program Files\Java\jre1.8.0_241\bin\npt.dll
0x00007ffbd05e0000 - 0x00007ffbd05f6000 	C:\Program Files\Java\jre1.8.0_241\bin\zip.dll
0x00007ffc022f0000 - 0x00007ffc037f5000 	C:\Windows\System32\SHELL32.dll
0x00007ffc019e0000 - 0x00007ffc020ba000 	C:\Windows\System32\windows.storage.dll
0x00007ffc011c0000 - 0x00007ffc0120c000 	C:\Windows\System32\powrprof.dll
0x00007ffc01210000 - 0x00007ffc0121f000 	C:\Windows\System32\kernel.appcore.dll
0x00007ffc020c0000 - 0x00007ffc02169000 	C:\Windows\System32\shcore.dll
0x00007ffc01220000 - 0x00007ffc01234000 	C:\Windows\System32\profapi.dll
0x00007ffbf8980000 - 0x00007ffbf8989000 	C:\Program Files\Java\jre1.8.0_241\bin\dt_socket.dll
0x00007ffbf9b80000 - 0x00007ffbf9b96000 	C:\Windows\system32\napinsp.dll
0x00007ffbf9b60000 - 0x00007ffbf9b7a000 	C:\Windows\system32\pnrpnsp.dll
0x00007ffbfde30000 - 0x00007ffbfde48000 	C:\Windows\system32\NLAapi.dll
0x00007ffc00ad0000 - 0x00007ffc00b2c000 	C:\Windows\System32\mswsock.dll
0x00007ffc00850000 - 0x00007ffc008f2000 	C:\Windows\SYSTEM32\DNSAPI.dll
0x00007ffc022e0000 - 0x00007ffc022e8000 	C:\Windows\System32\NSI.dll
0x00007ffc007b0000 - 0x00007ffc007e8000 	C:\Windows\SYSTEM32\IPHLPAPI.DLL
0x00007ffbf9ba0000 - 0x00007ffbf9bae000 	C:\Windows\System32\winrnr.dll
0x0000000000e40000 - 0x0000000000e66000 	C:\Program Files\Bonjour\mdnsNSP.dll
0x00007ffbfbbe0000 - 0x00007ffbfbc4a000 	C:\Windows\System32\fwpuclnt.dll
0x00007ffc010f0000 - 0x00007ffc0111b000 	C:\Windows\SYSTEM32\bcrypt.dll
0x00007ffbfbcf0000 - 0x00007ffbfbcfa000 	C:\Windows\System32\rasadhlp.dll
0x00007ffbff7b0000 - 0x00007ffbff7ca000 	C:\Program Files\Java\jre1.8.0_241\bin\net.dll
0x00007ffbfb140000 - 0x00007ffbfb152000 	C:\Program Files\Java\jre1.8.0_241\bin\nio.dll

VM Arguments:
jvm_args: -agentlib:jdwp=transport=dt_socket,suspend=y,address=localhost:52925 -Xss1000m -Xmx25000M -Dfile.encoding=UTF-8 
java_command: dataflow.util.CGCreator -whole-program -xml-attributes -keep-line-number -f jimple -p cg.cha enabled:true -app simple.logic.Logic -p cg verbose:true,all-reachable:true,,safe-forname:true,safe-newinstance:true
java_class_path (initial): Z:\01.mydrive\eclipseWorkspace\tmp\bin;Z:\01.mydrive\eclipseWorkspace\tmp\lib\annotations-api.jar;Z:\01.mydrive\eclipseWorkspace\tmp\lib\catalina-ant.jar;Z:\01.mydrive\eclipseWorkspace\tmp\lib\catalina-ha.jar;Z:\01.mydrive\eclipseWorkspace\tmp\lib\catalina-tribes.jar;Z:\01.mydrive\eclipseWorkspace\tmp\lib\catalina.jar;Z:\01.mydrive\eclipseWorkspace\tmp\lib\ecj-4.4.2.jar;Z:\01.mydrive\eclipseWorkspace\tmp\lib\el-api.jar;Z:\01.mydrive\eclipseWorkspace\tmp\lib\jasper-el.jar;Z:\01.mydrive\eclipseWorkspace\tmp\lib\jasper.jar;Z:\01.mydrive\eclipseWorkspace\tmp\lib\jsp-api.jar;Z:\01.mydrive\eclipseWorkspace\tmp\lib\servlet-api.jar;Z:\01.mydrive\eclipseWorkspace\tmp\lib\tomcat-api.jar;Z:\01.mydrive\eclipseWorkspace\tmp\lib\tomcat-coyote.jar;Z:\01.mydrive\eclipseWorkspace\tmp\lib\tomcat-dbcp.jar;Z:\01.mydrive\eclipseWorkspace\tmp\lib\tomcat-i18n-es.jar;Z:\01.mydrive\eclipseWorkspace\tmp\lib\tomcat-i18n-fr.jar;Z:\01.mydrive\eclipseWorkspace\tmp\lib\tomcat-i18n-ja.jar;Z:\01.mydrive\eclipseWorkspace\tmp\lib\tomcat-i18n-ru.jar;Z:\01.mydrive\eclipseWorkspace\tmp\lib\tomcat-jdbc.jar;Z:\01.mydrive\eclipseWorkspace\tmp\lib\tomcat-util.jar;Z:\01.mydrive\eclipseWorkspace\tmp\lib\tomcat7-websocket.jar;Z:\01.mydrive\eclipseWorkspace\tmp\lib\websocket-api.jar;C:\Program Files\eclipse javaEE\plugins\org.junit_4.11.0.v201303080030\junit.jar;C:\Program Files\eclipse javaEE\plugins\org.hamcrest.core_1.3.0.v201303031735.jar;Z:\01.mydrive\eclipseWorkspace\tmp\lib\soot-2.5.0.jar;Z:\01.mydrive\eclipseWorkspace\tmp\lib\rt.jar
Launcher Type: SUN_STANDARD

Environment Variables:
PATH=C:/Program Files/Java/jre1.8.0_241/bin/server;C:/Program Files/Java/jre1.8.0_241/bin;C:/Program Files/Java/jre1.8.0_241/lib/amd64;C:\Program Files (x86)\NVIDIA Corporation\PhysX\Common;C:\Program Files (x86)\Common Files\Oracle\Java\javapath;C:\Program Files\Haskell\bin;C:\Program Files\Haskell Platform\8.2.2\lib\extralibs\bin;C:\Program Files\Haskell Platform\8.2.2\bin;C:\ProgramData\Oracle\Java\javapath;C:\Windows\system32;C:\Windows;C:\Windows\System32\Wbem;C:\Windows\System32\WindowsPowerShell\v1.0\;c:\Program Files (x86)\Microsoft SQL Server\110\Tools\Binn\;c:\Program Files\Microsoft SQL Server\110\Tools\Binn\;c:\Program Files\Microsoft SQL Server\110\DTS\Binn\;C:\Program Files (x86)\Shoes;C:\MinGW\bin;C:\Ruby25-x64\bin;C:\Ruby23-x64\bin;C:\Program Files (x86)\gnuplot\bin;C:\Program Files (x86)\Windows Kits\10\Windows Performance Toolkit\;C:\ProgramData\Anaconda3;C:\Python36\Scripts\;C:\Python36\;C:\Program Files (x86)\LilyPond\usr\bin;C:\Program Files (x86)\Windows Kits\8.1\Windows Performance Toolkit\;C:\Program Files (x86)\PuTTY\;C:\Program Files\IBM\SPSS\Statistics\25\JRE\bin;C:\Program Files\Haskell Platform\8.2.2\mingw\bin;C:\texlive\2018\bin\win32;C:\Program Files\Microsoft VS Code\bin;C:\Program Files (x86)\scala\bin;C:\Program Files\MATLAB\R2018b\bin;C:\Program Files (x86)\Wolfram Research\WolframScript\;C:\Program Files (x86)\mysql\bin;C:\Program Files (x86)\php;C:\Program Files\gs\gs9.50\bin;C:\Users\s1930149\AppData\Local\Microsoft\WindowsApps;;C:\Program Files\eclipse javaEE;
USERNAME=s1930149
OS=Windows_NT
PROCESSOR_IDENTIFIER=Intel64 Family 6 Model 94 Stepping 3, GenuineIntel



---------------  S Y S T E M  ---------------

OS: Windows 10.0 , 64 bit Build 14393 (10.0.14393.2969)

CPU:total 4 (initial active 4) (4 cores per cpu, 1 threads per core) family 6 model 94 stepping 3, cmov, cx8, fxsr, mmx, sse, sse2, sse3, ssse3, sse4.1, sse4.2, popcnt, aes, clmul, erms, rtm, 3dnowpref, lzcnt, tsc, tscinvbit, bmi1, bmi2, adx

Memory: 4k page, physical 8142772k(1725552k free), swap 8142772k(5728k free)

vm_info: Java HotSpot(TM) 64-Bit Server VM (25.241-b07) for windows-amd64 JRE (1.8.0_241-b07), built on Dec 11 2019 10:21:40 by "rejava" with MS VC++ 10.0 (VS2010)

time: Fri Jan 31 22:45:03 2020
timezone: ìåãû (ïWèÄéû)
elapsed time: 47 seconds (0d 0h 0m 47s)

