#
# There is insufficient memory for the Java Runtime Environment to continue.
# Native memory allocation (malloc) failed to allocate 2059808 bytes for Chunk::new
# Possible reasons:
#   The system is out of physical RAM or swap space
#   The process is running with CompressedOops enabled, and the Java Heap may be blocking the growth of the native heap
# Possible solutions:
#   Reduce memory load on the system
#   Increase physical memory or swap space
#   Check if swap backing store is full
#   Decrease Java heap size (-Xmx/-Xms)
#   Decrease number of Java threads
#   Decrease Java thread stack sizes (-Xss)
#   Set larger code cache with -XX:ReservedCodeCacheSize=
#   JVM is running with Zero Based Compressed Oops mode in which the Java heap is
#     placed in the first 32GB address space. The Java Heap base address is the
#     maximum limit for the native heap growth. Please use -XX:HeapBaseMinAddress
#     to set the Java Heap base and to place the Java Heap above 32GB virtual address.
# This output file may be truncated or incomplete.
#
#  Out of Memory Error (allocation.cpp:389), pid=11488, tid=0x0000000000002fdc
#
# JRE version: Java(TM) SE Runtime Environment (8.0_241-b07) (build 1.8.0_241-b07)
# Java VM: Java HotSpot(TM) 64-Bit Server VM (25.241-b07 mixed mode windows-amd64 compressed oops)
# Failed to write core dump. Minidumps are not enabled by default on client versions of Windows
#

---------------  T H R E A D  ---------------

Current thread (0x000000005d180000):  JavaThread "C2 CompilerThread1" daemon [_thread_in_native, id=12252, stack(0x000000005d660000,0x000000005d760000)]

Stack: [0x000000005d660000,0x000000005d760000]
[error occurred during error reporting (printing stack bounds), id 0xc0000005]

Native frames: (J=compiled Java code, j=interpreted, Vv=VM code, C=native code)


Current CompileTask:
C2:  50583 2448 %     4       soot.jimple.toolkits.base.Aggregator::internalAggregate @ 312 (914 bytes)


---------------  P R O C E S S  ---------------

Java Threads: ( => current thread )
  0x000000005d1fb800 JavaThread "Service Thread" daemon [_thread_blocked, id=12112, stack(0x00000008fa000000,0x0000000938800000)]
  0x000000005d180800 JavaThread "C1 CompilerThread2" daemon [_thread_blocked, id=9876, stack(0x000000005d760000,0x000000005d860000)]
=>0x000000005d180000 JavaThread "C2 CompilerThread1" daemon [_thread_in_native, id=12252, stack(0x000000005d660000,0x000000005d760000)]
  0x000000005d17d000 JavaThread "C2 CompilerThread0" daemon [_thread_in_native, id=12268, stack(0x000000005d560000,0x000000005d660000)]
  0x000000005d171000 JavaThread "JDWP Command Reader" daemon [_thread_in_native, id=12236, stack(0x00000008bb800000,0x00000008fa000000)]
  0x000000005d170000 JavaThread "JDWP Event Helper Thread" daemon [_thread_blocked, id=548, stack(0x000000087d000000,0x00000008bb800000)]
  0x000000005d161800 JavaThread "JDWP Transport Listener: dt_socket" daemon [_thread_blocked, id=3228, stack(0x000000083e800000,0x000000087d000000)]
  0x00000000570e6800 JavaThread "Attach Listener" daemon [_thread_blocked, id=11628, stack(0x0000000800000000,0x000000083e800000)]
  0x00000000570e3800 JavaThread "Signal Dispatcher" daemon [_thread_blocked, id=11660, stack(0x000000012dd30000,0x000000016c530000)]
  0x000000005707a000 JavaThread "Finalizer" daemon [_thread_blocked, id=10948, stack(0x00000000ef530000,0x000000012dd30000)]
  0x0000000000db3800 JavaThread "Reference Handler" daemon [_thread_blocked, id=12144, stack(0x00000000b0d30000,0x00000000ef530000)]
  0x0000000000cc3800 JavaThread "main" [_thread_in_Java, id=11644, stack(0x0000000003350000,0x0000000041b50000)]

Other Threads:
  0x0000000057058000 VMThread [stack: 0x000000005bb50000,0x000000005bc50000] [id=11908]
  0x000000005d235800 WatcherThread [stack: 0x000000005d860000,0x000000005d960000] [id=11720]

VM state:not at safepoint (normal execution)

VM Mutex/Monitor currently owned by a thread: None

heap address: 0x00000001a5800000, size: 25000 MB, Compressed Oops mode: Zero based, Oop shift amount: 3
Narrow klass base: 0x0000000000000000, Narrow klass shift: 3
Compressed class space size: 1073741824 Address: 0x00000007c0000000

Heap:
 PSYoungGen      total 542208K, used 239753K [0x00000005b7300000, 0x00000005daf80000, 0x00000007c0000000)
  eden space 503296K, 45% used [0x00000005b7300000,0x00000005c54b6470,0x00000005d5e80000)
  from space 38912K, 22% used [0x00000005d8400000,0x00000005d8c6c060,0x00000005daa00000)
  to   space 38400K, 0% used [0x00000005d5e80000,0x00000005d5e80000,0x00000005d8400000)
 ParOldGen       total 150016K, used 110873K [0x00000001a5800000, 0x00000001aea80000, 0x00000005b7300000)
  object space 150016K, 73% used [0x00000001a5800000,0x00000001ac446760,0x00000001aea80000)
 Metaspace       used 10689K, capacity 10856K, committed 11136K, reserved 1058816K
  class space    used 1337K, capacity 1401K, committed 1408K, reserved 1048576K

Card table byte_map: [0x0000000053c20000,0x0000000056d00000] byte_map_base: 0x0000000052ef4000

Marking Bits: (ParMarkBitMap*) 0x0000000053b9be30
 Begin Bits: [0x000000007fff0000, 0x0000000098690000)
 End Bits:   [0x0000000098690000, 0x00000000b0d30000)

Polling page: 0x0000000000c80000

CodeCache: size=245760Kb used=12101Kb max_used=12112Kb free=233658Kb
 bounds [0x0000000041b50000, 0x0000000042740000, 0x0000000050b50000]
 total_blobs=2418 nmethods=2118 adapters=221
 compilation: enabled

Compilation events (10 events):
Event: 50.465 Thread 0x000000005d180800 2461       2       soot.DoubleType::equals (11 bytes)
Event: 50.465 Thread 0x000000005d180800 nmethod 2461 0x0000000042569ed0 code [0x000000004256a020, 0x000000004256a190]
Event: 50.515 Thread 0x000000005d180800 2464       2       soot.jimple.toolkits.typing.fast.BytecodeHierarchy$AncestryTreeNode::<init> (15 bytes)
Event: 50.515 Thread 0x000000005d180800 nmethod 2464 0x0000000041f2fed0 code [0x0000000041f30020, 0x0000000041f30190]
Event: 50.536 Thread 0x000000005d180800 2466       2       soot.jimple.Jimple::newEqExpr (10 bytes)
Event: 50.536 Thread 0x000000005d180800 nmethod 2466 0x0000000041ceaed0 code [0x0000000041ceb080, 0x0000000041ceb498]
Event: 50.536 Thread 0x000000005d180800 2467       2       soot.jimple.internal.JEqExpr::<init> (7 bytes)
Event: 50.536 Thread 0x000000005d180800 nmethod 2467 0x00000000420d56d0 code [0x00000000420d5860, 0x00000000420d5d18]
Event: 50.548 Thread 0x000000005d180800 2468       2       soot.jimple.internal.JEnterMonitorStmt::getUseBoxes (42 bytes)
Event: 50.548 Thread 0x000000005d180800 nmethod 2468 0x00000000420d4e50 code [0x00000000420d4fe0, 0x00000000420d53c8]

GC Heap History (10 events):
Event: 40.391 GC heap before
{Heap before GC invocations=9 (full 1):
 PSYoungGen      total 275968K, used 29153K [0x00000005b7300000, 0x00000005cc400000, 0x00000007c0000000)
  eden space 246784K, 0% used [0x00000005b7300000,0x00000005b7300000,0x00000005c6400000)
  from space 29184K, 99% used [0x00000005c8d80000,0x00000005ca9f8630,0x00000005caa00000)
  to   space 42496K, 0% used [0x00000005c6400000,0x00000005c6400000,0x00000005c8d80000)
 ParOldGen       total 86016K, used 66937K [0x00000001a5800000, 0x00000001aac00000, 0x00000005b7300000)
  object space 86016K, 77% used [0x00000001a5800000,0x00000001a995e778,0x00000001aac00000)
 Metaspace       used 8257K, capacity 8390K, committed 8576K, reserved 1056768K
  class space    used 998K, capacity 1049K, committed 1152K, reserved 1048576K
Event: 40.617 GC heap after
Heap after GC invocations=9 (full 1):
 PSYoungGen      total 275968K, used 3542K [0x00000005b7300000, 0x00000005cc400000, 0x00000007c0000000)
  eden space 246784K, 0% used [0x00000005b7300000,0x00000005b7300000,0x00000005c6400000)
  from space 29184K, 12% used [0x00000005c8d80000,0x00000005c90f5a90,0x00000005caa00000)
  to   space 42496K, 0% used [0x00000005c6400000,0x00000005c6400000,0x00000005c8d80000)
 ParOldGen       total 150016K, used 85547K [0x00000001a5800000, 0x00000001aea80000, 0x00000005b7300000)
  object space 150016K, 57% used [0x00000001a5800000,0x00000001aab8ace0,0x00000001aea80000)
 Metaspace       used 8257K, capacity 8390K, committed 8576K, reserved 1056768K
  class space    used 998K, capacity 1049K, committed 1152K, reserved 1048576K
}
Event: 45.677 GC heap before
{Heap before GC invocations=10 (full 1):
 PSYoungGen      total 275968K, used 250326K [0x00000005b7300000, 0x00000005cc400000, 0x00000007c0000000)
  eden space 246784K, 100% used [0x00000005b7300000,0x00000005c6400000,0x00000005c6400000)
  from space 29184K, 12% used [0x00000005c8d80000,0x00000005c90f5a90,0x00000005caa00000)
  to   space 42496K, 0% used [0x00000005c6400000,0x00000005c6400000,0x00000005c8d80000)
 ParOldGen       total 150016K, used 85547K [0x00000001a5800000, 0x00000001aea80000, 0x00000005b7300000)
  object space 150016K, 57% used [0x00000001a5800000,0x00000001aab8ace0,0x00000001aea80000)
 Metaspace       used 10567K, capacity 10728K, committed 10880K, reserved 1058816K
  class space    used 1328K, capacity 1401K, committed 1408K, reserved 1048576K
Event: 45.700 GC heap after
Heap after GC invocations=10 (full 1):
 PSYoungGen      total 289280K, used 14621K [0x00000005b7300000, 0x00000005d1500000, 0x00000007c0000000)
  eden space 246784K, 0% used [0x00000005b7300000,0x00000005b7300000,0x00000005c6400000)
  from space 42496K, 34% used [0x00000005c6400000,0x00000005c7247690,0x00000005c8d80000)
  to   space 40960K, 0% used [0x00000005ced00000,0x00000005ced00000,0x00000005d1500000)
 ParOldGen       total 150016K, used 85635K [0x00000001a5800000, 0x00000001aea80000, 0x00000005b7300000)
  object space 150016K, 57% used [0x00000001a5800000,0x00000001aaba0ce0,0x00000001aea80000)
 Metaspace       used 10567K, capacity 10728K, committed 10880K, reserved 1058816K
  class space    used 1328K, capacity 1401K, committed 1408K, reserved 1048576K
}
Event: 46.231 GC heap before
{Heap before GC invocations=11 (full 1):
 PSYoungGen      total 289280K, used 261405K [0x00000005b7300000, 0x00000005d1500000, 0x00000007c0000000)
  eden space 246784K, 100% used [0x00000005b7300000,0x00000005c6400000,0x00000005c6400000)
  from space 42496K, 34% used [0x00000005c6400000,0x00000005c7247690,0x00000005c8d80000)
  to   space 40960K, 0% used [0x00000005ced00000,0x00000005ced00000,0x00000005d1500000)
 ParOldGen       total 150016K, used 85635K [0x00000001a5800000, 0x00000001aea80000, 0x00000005b7300000)
  object space 150016K, 57% used [0x00000001a5800000,0x00000001aaba0ce0,0x00000001aea80000)
 Metaspace       used 10600K, capacity 10728K, committed 10880K, reserved 1058816K
  class space    used 1328K, capacity 1401K, committed 1408K, reserved 1048576K
Event: 46.253 GC heap after
Heap after GC invocations=11 (full 1):
 PSYoungGen      total 388608K, used 14105K [0x00000005b7300000, 0x00000005d2000000, 0x00000007c0000000)
  eden space 347648K, 0% used [0x00000005b7300000,0x00000005b7300000,0x00000005cc680000)
  from space 40960K, 34% used [0x00000005ced00000,0x00000005cfac65a0,0x00000005d1500000)
  to   space 39424K, 0% used [0x00000005cc680000,0x00000005cc680000,0x00000005ced00000)
 ParOldGen       total 150016K, used 89075K [0x00000001a5800000, 0x00000001aea80000, 0x00000005b7300000)
  object space 150016K, 59% used [0x00000001a5800000,0x00000001aaefcce0,0x00000001aea80000)
 Metaspace       used 10600K, capacity 10728K, committed 10880K, reserved 1058816K
  class space    used 1328K, capacity 1401K, committed 1408K, reserved 1048576K
}
Event: 49.253 GC heap before
{Heap before GC invocations=12 (full 1):
 PSYoungGen      total 388608K, used 361753K [0x00000005b7300000, 0x00000005d2000000, 0x00000007c0000000)
  eden space 347648K, 100% used [0x00000005b7300000,0x00000005cc680000,0x00000005cc680000)
  from space 40960K, 34% used [0x00000005ced00000,0x00000005cfac65a0,0x00000005d1500000)
  to   space 39424K, 0% used [0x00000005cc680000,0x00000005cc680000,0x00000005ced00000)
 ParOldGen       total 150016K, used 89075K [0x00000001a5800000, 0x00000001aea80000, 0x00000005b7300000)
  object space 150016K, 59% used [0x00000001a5800000,0x00000001aaefcce0,0x00000001aea80000)
 Metaspace       used 10611K, capacity 10728K, committed 10880K, reserved 1058816K
  class space    used 1329K, capacity 1401K, committed 1408K, reserved 1048576K
Event: 49.285 GC heap after
Heap after GC invocations=12 (full 1):
 PSYoungGen      total 387072K, used 8112K [0x00000005b7300000, 0x00000005daa00000, 0x00000007c0000000)
  eden space 347648K, 0% used [0x00000005b7300000,0x00000005b7300000,0x00000005cc680000)
  from space 39424K, 20% used [0x00000005cc680000,0x00000005cce6c168,0x00000005ced00000)
  to   space 38912K, 0% used [0x00000005d8400000,0x00000005d8400000,0x00000005daa00000)
 ParOldGen       total 150016K, used 102837K [0x00000001a5800000, 0x00000001aea80000, 0x00000005b7300000)
  object space 150016K, 68% used [0x00000001a5800000,0x00000001abc6d578,0x00000001aea80000)
 Metaspace       used 10611K, capacity 10728K, committed 10880K, reserved 1058816K
  class space    used 1329K, capacity 1401K, committed 1408K, reserved 1048576K
}
Event: 50.162 GC heap before
{Heap before GC invocations=13 (full 1):
 PSYoungGen      total 387072K, used 355760K [0x00000005b7300000, 0x00000005daa00000, 0x00000007c0000000)
  eden space 347648K, 100% used [0x00000005b7300000,0x00000005cc680000,0x00000005cc680000)
  from space 39424K, 20% used [0x00000005cc680000,0x00000005cce6c168,0x00000005ced00000)
  to   space 38912K, 0% used [0x00000005d8400000,0x00000005d8400000,0x00000005daa00000)
 ParOldGen       total 150016K, used 102837K [0x00000001a5800000, 0x00000001aea80000, 0x00000005b7300000)
  object space 150016K, 68% used [0x00000001a5800000,0x00000001abc6d578,0x00000001aea80000)
 Metaspace       used 10681K, capacity 10792K, committed 10880K, reserved 1058816K
  class space    used 1336K, capacity 1401K, committed 1408K, reserved 1048576K
Event: 50.187 GC heap after
Heap after GC invocations=13 (full 1):
 PSYoungGen      total 542208K, used 8624K [0x00000005b7300000, 0x00000005daf80000, 0x00000007c0000000)
  eden space 503296K, 0% used [0x00000005b7300000,0x00000005b7300000,0x00000005d5e80000)
  from space 38912K, 22% used [0x00000005d8400000,0x00000005d8c6c060,0x00000005daa00000)
  to   space 38400K, 0% used [0x00000005d5e80000,0x00000005d5e80000,0x00000005d8400000)
 ParOldGen       total 150016K, used 110873K [0x00000001a5800000, 0x00000001aea80000, 0x00000005b7300000)
  object space 150016K, 73% used [0x00000001a5800000,0x00000001ac446760,0x00000001aea80000)
 Metaspace       used 10681K, capacity 10792K, committed 10880K, reserved 1058816K
  class space    used 1336K, capacity 1401K, committed 1408K, reserved 1048576K
}

Deoptimization events (10 events):
Event: 49.371 Thread 0x0000000000cc3800 Uncommon trap: reason=bimorphic action=maybe_recompile pc=0x000000004258f1b0 method=java.util.Collections$UnmodifiableCollection$1.<init>(Ljava/util/Collections$UnmodifiableCollection;)V @ 17
Event: 49.371 Thread 0x0000000000cc3800 Uncommon trap: reason=bimorphic action=maybe_recompile pc=0x000000004258f1b0 method=java.util.Collections$UnmodifiableCollection$1.<init>(Ljava/util/Collections$UnmodifiableCollection;)V @ 17
Event: 49.377 Thread 0x0000000000cc3800 Uncommon trap: reason=bimorphic action=maybe_recompile pc=0x000000004258f1b0 method=java.util.Collections$UnmodifiableCollection$1.<init>(Ljava/util/Collections$UnmodifiableCollection;)V @ 17
Event: 49.966 Thread 0x0000000000cc3800 Uncommon trap: reason=unstable_if action=reinterpret pc=0x0000000042656294 method=soot.jimple.toolkits.typing.fast.AugEvalFunction.eval_(Lsoot/jimple/toolkits/typing/fast/Typing;Lsoot/Value;Lsoot/jimple/Stmt;Lsoot/jimple/JimpleBody;)Lsoot/Type; @ 929
Event: 50.054 Thread 0x0000000000cc3800 Uncommon trap: reason=unstable_if action=reinterpret pc=0x0000000042596c38 method=soot.toolkits.graph.UnitGraph.getExtendedBasicBlockPathBetween(Lsoot/Unit;Lsoot/Unit;)Ljava/util/List; @ 238
Event: 50.055 Thread 0x0000000000cc3800 Uncommon trap: reason=class_check action=maybe_recompile pc=0x0000000042180ee4 method=java.util.AbstractSet.equals(Ljava/lang/Object;)Z @ 8
Event: 50.067 Thread 0x0000000000cc3800 Uncommon trap: reason=unloaded action=reinterpret pc=0x000000004269f034 method=soot.coffi.ByteCode.disassemble_bytecode([BI)Lsoot/coffi/Instruction; @ 2139
Event: 50.091 Thread 0x0000000000cc3800 Uncommon trap: reason=unstable_if action=reinterpret pc=0x00000000420758f4 method=soot.FastHierarchy.canStoreClass(Lsoot/SootClass;Lsoot/SootClass;)Z @ 112
Event: 50.380 Thread 0x0000000000cc3800 Uncommon trap: reason=null_check action=make_not_entrant pc=0x0000000041ff9280 method=soot.toolkits.exceptions.ThrowableSet$Manager.registerSetIfNew(Ljava/util/Set;Ljava/util/Set;)Lsoot/toolkits/exceptions/ThrowableSet; @ 61
Event: 50.475 Thread 0x0000000000cc3800 Uncommon trap: reason=class_check action=maybe_recompile pc=0x0000000042180ee4 method=java.util.AbstractSet.equals(Ljava/lang/Object;)Z @ 8

Classes redefined (0 events):
No events

Internal exceptions (10 events):
Event: 1.970 Thread 0x0000000000cc3800 Exception <a 'java/security/PrivilegedActionException'> (0x00000005b7be3a60) thrown at [C:\ade\jenkins\workspace\8-2-build-windows-amd64-cygwin\jdk8u241\331\hotspot\src\share\vm\prims\jvm.cpp, line 1502]
Event: 23.026 Thread 0x0000000000cc3800 Exception <a 'java/lang/ArrayIndexOutOfBoundsException': 18> (0x00000005bd8ad680) thrown at [C:\ade\jenkins\workspace\8-2-build-windows-amd64-cygwin\jdk8u241\331\hotspot\src\share\vm\interpreter\interpreterRuntime.cpp, line 368]
Event: 41.397 Thread 0x0000000000cc3800 Implicit null exception at 0x000000004209ce19 to 0x000000004209ce4d
Event: 41.596 Thread 0x0000000000cc3800 Implicit null exception at 0x0000000041f5369d to 0x0000000041f537e1
Event: 41.853 Thread 0x0000000000cc3800 Implicit null exception at 0x000000004207e383 to 0x000000004207edf5
Event: 42.312 Thread 0x0000000000cc3800 Implicit null exception at 0x0000000041eed5da to 0x0000000041eef5f1
Event: 43.019 Thread 0x0000000000cc3800 Implicit null exception at 0x0000000041fb97af to 0x0000000041fb9855
Event: 44.503 Thread 0x0000000000cc3800 Implicit null exception at 0x0000000041c6af85 to 0x0000000041c6b2f1
Event: 44.503 Thread 0x0000000000cc3800 Implicit null exception at 0x0000000041c6332e to 0x0000000041c63761
Event: 50.380 Thread 0x0000000000cc3800 Implicit null exception at 0x0000000041ff891c to 0x0000000041ff9254

Events (10 events):
Event: 50.485 loading class soot/jimple/internal/JShrExpr
Event: 50.485 loading class soot/jimple/internal/JShrExpr done
Event: 50.485 Thread 0x0000000000cc3800 DEOPT PACKING pc=0x0000000041d21839 sp=0x0000000041b4d3b0
Event: 50.485 Thread 0x0000000000cc3800 DEOPT UNPACKING pc=0x0000000041b97490 sp=0x0000000041b4d110 mode 1
Event: 50.485 Thread 0x0000000000cc3800 DEOPT PACKING pc=0x0000000041ce31e4 sp=0x0000000041b4d440
Event: 50.485 Thread 0x0000000000cc3800 DEOPT UNPACKING pc=0x0000000041b97490 sp=0x0000000041b4d260 mode 1
Event: 50.485 Thread 0x0000000000cc3800 DEOPT PACKING pc=0x0000000041ce2f7c sp=0x0000000041b4d5d0
Event: 50.485 Thread 0x0000000000cc3800 DEOPT UNPACKING pc=0x0000000041b97490 sp=0x0000000041b4d3f0 mode 1
Event: 50.550 Thread 0x0000000000cc3800 DEOPT PACKING pc=0x000000004234e34f sp=0x0000000041b4ebf0
Event: 50.550 Thread 0x0000000000cc3800 DEOPT UNPACKING pc=0x0000000041b97490 sp=0x0000000041b4e920 mode 0


Dynamic libraries:
0x00007ff6c4b10000 - 0x00007ff6c4b47000 	C:\Program Files\Java\jre1.8.0_241\bin\javaw.exe
0x00007ffdd34f0000 - 0x00007ffdd36c0000 	C:\Windows\SYSTEM32\ntdll.dll
0x00007ffdd0ce0000 - 0x00007ffdd0d8c000 	C:\Windows\System32\KERNEL32.DLL
0x00007ffdcfd50000 - 0x00007ffdcff6d000 	C:\Windows\System32\KERNELBASE.dll
0x00007ffdd14d0000 - 0x00007ffdd1572000 	C:\Windows\System32\ADVAPI32.dll
0x00007ffdd1590000 - 0x00007ffdd162e000 	C:\Windows\System32\msvcrt.dll
0x00007ffdd1630000 - 0x00007ffdd1689000 	C:\Windows\System32\sechost.dll
0x00007ffdd1be0000 - 0x00007ffdd1d01000 	C:\Windows\System32\RPCRT4.dll
0x00007ffdd0e90000 - 0x00007ffdd0ff5000 	C:\Windows\System32\USER32.dll
0x00007ffdcfb30000 - 0x00007ffdcfb4e000 	C:\Windows\System32\win32u.dll
0x00007ffdd1690000 - 0x00007ffdd16c4000 	C:\Windows\System32\GDI32.dll
0x00007ffdcfb50000 - 0x00007ffdcfcd1000 	C:\Windows\System32\gdi32full.dll
0x00007ffdc76e0000 - 0x00007ffdc795a000 	C:\Windows\WinSxS\amd64_microsoft.windows.common-controls_6595b64144ccf1df_6.0.14393.3053_none_7de042968342015d\COMCTL32.dll
0x00007ffdd1200000 - 0x00007ffdd14c5000 	C:\Windows\System32\combase.dll
0x00007ffdd0820000 - 0x00007ffdd0914000 	C:\Windows\System32\ucrtbase.dll
0x00007ffdcfce0000 - 0x00007ffdcfd4a000 	C:\Windows\System32\bcryptPrimitives.dll
0x00007ffdd0b40000 - 0x00007ffdd0b6e000 	C:\Windows\System32\IMM32.DLL
0x0000000180000000 - 0x000000018000d000 	C:\Windows\KATRK64.DLL
0x00007ffdcdf20000 - 0x00007ffdcdf33000 	C:\Windows\SYSTEM32\WTSAPI32.dll
0x00007ffdc7460000 - 0x00007ffdc750c000 	C:\Windows\system32\tmumh\20019\AddOn\7.0.0.1169\TmUmEvt64.dll
0x00007ffdd1d70000 - 0x00007ffdd1d78000 	C:\Windows\System32\PSAPI.DLL
0x00007ffdd0ae0000 - 0x00007ffdd0b32000 	C:\Windows\System32\SHLWAPI.dll
0x0000000057140000 - 0x000000005725a000 	C:\Windows\system32\tmumh\20019\TmMon\2.5.0.2095\tmmon64.dll
0x0000000053080000 - 0x0000000053152000 	C:\Program Files\Java\jre1.8.0_241\bin\msvcr100.dll
0x0000000053370000 - 0x0000000053c1c000 	C:\Program Files\Java\jre1.8.0_241\bin\server\jvm.dll
0x00007ffdbefd0000 - 0x00007ffdbefd9000 	C:\Windows\SYSTEM32\WSOCK32.dll
0x00007ffdd1740000 - 0x00007ffdd17aa000 	C:\Windows\System32\WS2_32.dll
0x00007ffdc9cc0000 - 0x00007ffdc9ce3000 	C:\Windows\SYSTEM32\WINMM.dll
0x00007ffdc5290000 - 0x00007ffdc529a000 	C:\Windows\SYSTEM32\VERSION.dll
0x00007ffdc9c90000 - 0x00007ffdc9cbb000 	C:\Windows\SYSTEM32\WINMMBASE.dll
0x00007ffdd0920000 - 0x00007ffdd0962000 	C:\Windows\System32\cfgmgr32.dll
0x00007ffdbb8e0000 - 0x00007ffdbb8ef000 	C:\Program Files\Java\jre1.8.0_241\bin\verify.dll
0x00007ffdbb8b0000 - 0x00007ffdbb8d9000 	C:\Program Files\Java\jre1.8.0_241\bin\java.dll
0x00007ffdbbb60000 - 0x00007ffdbbb95000 	C:\Program Files\Java\jre1.8.0_241\bin\jdwp.dll
0x00007ffdbf460000 - 0x00007ffdbf468000 	C:\Program Files\Java\jre1.8.0_241\bin\npt.dll
0x00007ffdbb890000 - 0x00007ffdbb8a6000 	C:\Program Files\Java\jre1.8.0_241\bin\zip.dll
0x000000005bc50000 - 0x000000005d155000 	C:\Windows\System32\SHELL32.dll
0x00007ffdd0140000 - 0x00007ffdd081a000 	C:\Windows\System32\windows.storage.dll
0x00007ffdcf990000 - 0x00007ffdcf9dc000 	C:\Windows\System32\powrprof.dll
0x00007ffdcf980000 - 0x00007ffdcf98f000 	C:\Windows\System32\kernel.appcore.dll
0x00007ffdd0970000 - 0x00007ffdd0a19000 	C:\Windows\System32\shcore.dll
0x00007ffdcf960000 - 0x00007ffdcf974000 	C:\Windows\System32\profapi.dll
0x00007ffdbf440000 - 0x00007ffdbf449000 	C:\Program Files\Java\jre1.8.0_241\bin\dt_socket.dll
0x00007ffdc9e50000 - 0x00007ffdc9e66000 	C:\Windows\system32\napinsp.dll
0x00007ffdc9e30000 - 0x00007ffdc9e4a000 	C:\Windows\system32\pnrpnsp.dll
0x00007ffdcc2e0000 - 0x00007ffdcc2f8000 	C:\Windows\system32\NLAapi.dll
0x00007ffdcf210000 - 0x00007ffdcf26c000 	C:\Windows\System32\mswsock.dll
0x00007ffdcef90000 - 0x00007ffdcf032000 	C:\Windows\SYSTEM32\DNSAPI.dll
0x00007ffdd1580000 - 0x00007ffdd1588000 	C:\Windows\System32\NSI.dll
0x00007ffdcef50000 - 0x00007ffdcef88000 	C:\Windows\SYSTEM32\IPHLPAPI.DLL
0x00007ffdc9e70000 - 0x00007ffdc9e7e000 	C:\Windows\System32\winrnr.dll
0x0000000001060000 - 0x0000000001086000 	C:\Program Files\Bonjour\mdnsNSP.dll
0x00007ffdcb150000 - 0x00007ffdcb1ba000 	C:\Windows\System32\fwpuclnt.dll
0x00007ffdcf890000 - 0x00007ffdcf8bb000 	C:\Windows\SYSTEM32\bcrypt.dll
0x00007ffdcb290000 - 0x00007ffdcb29a000 	C:\Windows\System32\rasadhlp.dll
0x00007ffdbb870000 - 0x00007ffdbb88a000 	C:\Program Files\Java\jre1.8.0_241\bin\net.dll
0x00007ffdbb850000 - 0x00007ffdbb862000 	C:\Program Files\Java\jre1.8.0_241\bin\nio.dll

VM Arguments:
jvm_args: -agentlib:jdwp=transport=dt_socket,suspend=y,address=localhost:52950 -Xss1000m -Xmx25000M -Dfile.encoding=UTF-8 
java_command: dataflow.util.CGCreator -whole-program -xml-attributes -keep-line-number -f jimple -p cg.cha enabled:true -app simple.logic.Logic -p cg verbose:true,all-reachable:true,,safe-forname:true,safe-newinstance:true
java_class_path (initial): Z:\01.mydrive\eclipseWorkspace\tmp\bin;Z:\01.mydrive\eclipseWorkspace\tmp\lib\annotations-api.jar;Z:\01.mydrive\eclipseWorkspace\tmp\lib\catalina-ant.jar;Z:\01.mydrive\eclipseWorkspace\tmp\lib\catalina-ha.jar;Z:\01.mydrive\eclipseWorkspace\tmp\lib\catalina-tribes.jar;Z:\01.mydrive\eclipseWorkspace\tmp\lib\catalina.jar;Z:\01.mydrive\eclipseWorkspace\tmp\lib\ecj-4.4.2.jar;Z:\01.mydrive\eclipseWorkspace\tmp\lib\el-api.jar;Z:\01.mydrive\eclipseWorkspace\tmp\lib\jasper-el.jar;Z:\01.mydrive\eclipseWorkspace\tmp\lib\jasper.jar;Z:\01.mydrive\eclipseWorkspace\tmp\lib\jsp-api.jar;Z:\01.mydrive\eclipseWorkspace\tmp\lib\servlet-api.jar;Z:\01.mydrive\eclipseWorkspace\tmp\lib\tomcat-api.jar;Z:\01.mydrive\eclipseWorkspace\tmp\lib\tomcat-coyote.jar;Z:\01.mydrive\eclipseWorkspace\tmp\lib\tomcat-dbcp.jar;Z:\01.mydrive\eclipseWorkspace\tmp\lib\tomcat-i18n-es.jar;Z:\01.mydrive\eclipseWorkspace\tmp\lib\tomcat-i18n-fr.jar;Z:\01.mydrive\eclipseWorkspace\tmp\lib\tomcat-i18n-ja.jar;Z:\01.mydrive\eclipseWorkspace\tmp\lib\tomcat-i18n-ru.jar;Z:\01.mydrive\eclipseWorkspace\tmp\lib\tomcat-jdbc.jar;Z:\01.mydrive\eclipseWorkspace\tmp\lib\tomcat-util.jar;Z:\01.mydrive\eclipseWorkspace\tmp\lib\tomcat7-websocket.jar;Z:\01.mydrive\eclipseWorkspace\tmp\lib\websocket-api.jar;C:\Program Files\eclipse javaEE\plugins\org.junit_4.11.0.v201303080030\junit.jar;C:\Program Files\eclipse javaEE\plugins\org.hamcrest.core_1.3.0.v201303031735.jar;Z:\01.mydrive\eclipseWorkspace\tmp\lib\soot-2.5.0.jar;Z:\01.mydrive\eclipseWorkspace\tmp\lib\rt.jar
Launcher Type: SUN_STANDARD

Environment Variables:
PATH=C:/Program Files/Java/jre1.8.0_241/bin/server;C:/Program Files/Java/jre1.8.0_241/bin;C:/Program Files/Java/jre1.8.0_241/lib/amd64;C:\Program Files (x86)\NVIDIA Corporation\PhysX\Common;C:\Program Files (x86)\Common Files\Oracle\Java\javapath;C:\Program Files\Haskell\bin;C:\Program Files\Haskell Platform\8.2.2\lib\extralibs\bin;C:\Program Files\Haskell Platform\8.2.2\bin;C:\ProgramData\Oracle\Java\javapath;C:\Windows\system32;C:\Windows;C:\Windows\System32\Wbem;C:\Windows\System32\WindowsPowerShell\v1.0\;c:\Program Files (x86)\Microsoft SQL Server\110\Tools\Binn\;c:\Program Files\Microsoft SQL Server\110\Tools\Binn\;c:\Program Files\Microsoft SQL Server\110\DTS\Binn\;C:\Program Files (x86)\Shoes;C:\MinGW\bin;C:\Ruby25-x64\bin;C:\Ruby23-x64\bin;C:\Program Files (x86)\gnuplot\bin;C:\Program Files (x86)\Windows Kits\10\Windows Performance Toolkit\;C:\ProgramData\Anaconda3;C:\Python36\Scripts\;C:\Python36\;C:\Program Files (x86)\LilyPond\usr\bin;C:\Program Files (x86)\Windows Kits\8.1\Windows Performance Toolkit\;C:\Program Files (x86)\PuTTY\;C:\Program Files\IBM\SPSS\Statistics\25\JRE\bin;C:\Program Files\Haskell Platform\8.2.2\mingw\bin;C:\texlive\2018\bin\win32;C:\Program Files\Microsoft VS Code\bin;C:\Program Files (x86)\scala\bin;C:\Program Files\MATLAB\R2018b\bin;C:\Program Files (x86)\Wolfram Research\WolframScript\;C:\Program Files (x86)\mysql\bin;C:\Program Files (x86)\php;C:\Program Files\gs\gs9.50\bin;C:\Users\s1930149\AppData\Local\Microsoft\WindowsApps;;C:\Program Files\eclipse javaEE;
USERNAME=s1930149
OS=Windows_NT
PROCESSOR_IDENTIFIER=Intel64 Family 6 Model 94 Stepping 3, GenuineIntel



---------------  S Y S T E M  ---------------

OS: Windows 10.0 , 64 bit Build 14393 (10.0.14393.2969)

CPU:total 4 (initial active 4) (4 cores per cpu, 1 threads per core) family 6 model 94 stepping 3, cmov, cx8, fxsr, mmx, sse, sse2, sse3, ssse3, sse4.1, sse4.2, popcnt, aes, clmul, erms, rtm, 3dnowpref, lzcnt, tsc, tscinvbit, bmi1, bmi2, adx

Memory: 4k page, physical 8142772k(1808324k free), swap 8142772k(6476k free)

vm_info: Java HotSpot(TM) 64-Bit Server VM (25.241-b07) for windows-amd64 JRE (1.8.0_241-b07), built on Dec 11 2019 10:21:40 by "rejava" with MS VC++ 10.0 (VS2010)

time: Wed Feb 05 22:50:43 2020
timezone: ìåãû (ïWèÄéû)
elapsed time: 50 seconds (0d 0h 0m 50s)

