#
# There is insufficient memory for the Java Runtime Environment to continue.
# Native memory allocation (malloc) failed to allocate 900656 bytes for Chunk::new
# Possible reasons:
#   The system is out of physical RAM or swap space
#   The process is running with CompressedOops enabled, and the Java Heap may be blocking the growth of the native heap
# Possible solutions:
#   Reduce memory load on the system
#   Increase physical memory or swap space
#   Check if swap backing store is full
#   Decrease Java heap size (-Xmx/-Xms)
#   Decrease number of Java threads
#   Decrease Java thread stack sizes (-Xss)
#   Set larger code cache with -XX:ReservedCodeCacheSize=
#   JVM is running with Zero Based Compressed Oops mode in which the Java heap is
#     placed in the first 32GB address space. The Java Heap base address is the
#     maximum limit for the native heap growth. Please use -XX:HeapBaseMinAddress
#     to set the Java Heap base and to place the Java Heap above 32GB virtual address.
# This output file may be truncated or incomplete.
#
#  Out of Memory Error (allocation.cpp:389), pid=10560, tid=0x00000000000018dc
#
# JRE version: Java(TM) SE Runtime Environment (8.0_241-b07) (build 1.8.0_241-b07)
# Java VM: Java HotSpot(TM) 64-Bit Server VM (25.241-b07 mixed mode windows-amd64 compressed oops)
# Failed to write core dump. Minidumps are not enabled by default on client versions of Windows
#

---------------  T H R E A D  ---------------

Current thread (0x000000005b27d000):  JavaThread "C2 CompilerThread0" daemon [_thread_in_native, id=6364, stack(0x000000005b6f0000,0x000000005b7f0000)]

Stack: [0x000000005b6f0000,0x000000005b7f0000]
[error occurred during error reporting (printing stack bounds), id 0xc0000005]

Native frames: (J=compiled Java code, j=interpreted, Vv=VM code, C=native code)


Current CompileTask:
C2: 134141 3222       4       soot.coffi.ByteCode::disassemble_bytecode (3662 bytes)


---------------  P R O C E S S  ---------------

Java Threads: ( => current thread )
  0x000000005b2fb800 JavaThread "Service Thread" daemon [_thread_blocked, id=7008, stack(0x00000008fa000000,0x0000000938800000)]
  0x000000005b280800 JavaThread "C1 CompilerThread2" daemon [_thread_blocked, id=10868, stack(0x000000005c390000,0x000000005c490000)]
  0x000000005b280000 JavaThread "C2 CompilerThread1" daemon [_thread_blocked, id=2468, stack(0x000000005b7f0000,0x000000005b8f0000)]
=>0x000000005b27d000 JavaThread "C2 CompilerThread0" daemon [_thread_in_native, id=6364, stack(0x000000005b6f0000,0x000000005b7f0000)]
  0x000000005b271000 JavaThread "JDWP Command Reader" daemon [_thread_in_native, id=8860, stack(0x00000008bb800000,0x00000008fa000000)]
  0x000000005b270000 JavaThread "JDWP Event Helper Thread" daemon [_thread_blocked, id=9152, stack(0x000000087d000000,0x00000008bb800000)]
  0x000000005b261800 JavaThread "JDWP Transport Listener: dt_socket" daemon [_thread_blocked, id=10848, stack(0x000000083e800000,0x000000087d000000)]
  0x000000005a0d6800 JavaThread "Attach Listener" daemon [_thread_blocked, id=8864, stack(0x0000000800000000,0x000000083e800000)]
  0x000000005a0d3800 JavaThread "Signal Dispatcher" daemon [_thread_blocked, id=1852, stack(0x000000012dd30000,0x000000016c530000)]
  0x000000005a06a000 JavaThread "Finalizer" daemon [_thread_blocked, id=6208, stack(0x00000000ef530000,0x000000012dd30000)]
  0x0000000000f33800 JavaThread "Reference Handler" daemon [_thread_blocked, id=5876, stack(0x00000000b0d30000,0x00000000ef530000)]
  0x0000000000e43800 JavaThread "main" [_thread_in_Java, id=3484, stack(0x00000000034e0000,0x0000000041ce0000)]

Other Threads:
  0x000000005a048000 VMThread [stack: 0x000000005b0d0000,0x000000005b1d0000] [id=5428]
  0x000000005b32c800 WatcherThread [stack: 0x000000005c490000,0x000000005c590000] [id=10864]

VM state:not at safepoint (normal execution)

VM Mutex/Monitor currently owned by a thread: None

heap address: 0x00000001a5800000, size: 25000 MB, Compressed Oops mode: Zero based, Oop shift amount: 3
Narrow klass base: 0x0000000000000000, Narrow klass shift: 3
Compressed class space size: 1073741824 Address: 0x00000007c0000000

Heap:
 PSYoungGen      total 1224704K, used 150479K [0x00000005b7300000, 0x0000000605600000, 0x00000007c0000000)
  eden space 1173504K, 11% used [0x00000005b7300000,0x00000005bfc7cba0,0x00000005fed00000)
  from space 51200K, 18% used [0x0000000602400000,0x0000000602d77168,0x0000000605600000)
  to   space 53760K, 0% used [0x00000005fed00000,0x00000005fed00000,0x0000000602180000)
 ParOldGen       total 467968K, used 305393K [0x00000001a5800000, 0x00000001c2100000, 0x00000005b7300000)
  object space 467968K, 65% used [0x00000001a5800000,0x00000001b823c608,0x00000001c2100000)
 Metaspace       used 10825K, capacity 10920K, committed 11136K, reserved 1058816K
  class space    used 1339K, capacity 1401K, committed 1408K, reserved 1048576K

Card table byte_map: [0x00000000510a0000,0x0000000054180000] byte_map_base: 0x0000000050374000

Marking Bits: (ParMarkBitMap*) 0x000000005c30be30
 Begin Bits: [0x000000007fff0000, 0x0000000098690000)
 End Bits:   [0x0000000098690000, 0x00000000b0d30000)

Polling page: 0x0000000000e20000

CodeCache: size=245760Kb used=16515Kb max_used=17197Kb free=229244Kb
 bounds [0x0000000041ce0000, 0x0000000042f20000, 0x0000000050ce0000]
 total_blobs=2450 nmethods=2148 adapters=221
 compilation: enabled

Compilation events (10 events):
Event: 132.612 Thread 0x000000005b280800 nmethod 3220 0x00000000425c0910 code [0x00000000425c0a80, 0x00000000425c0c28]
Event: 132.613 Thread 0x000000005b280800 3221       3       soot.jimple.Jimple::newAddExpr (10 bytes)
Event: 132.614 Thread 0x000000005b280800 nmethod 3221 0x00000000424f6250 code [0x00000000424f64a0, 0x00000000424f7258]
Event: 132.623 Thread 0x000000005b27d000 3222       4       soot.coffi.ByteCode::disassemble_bytecode (3662 bytes)
Event: 133.997 Thread 0x000000005b280000 3223       4       soot.jimple.Jimple::newStaticInvokeExpr (10 bytes)
Event: 134.005 Thread 0x000000005b280000 nmethod 3223 0x0000000042574150 code [0x0000000042574300, 0x0000000042574cd8]
Event: 134.029 Thread 0x000000005b280000 3224       4       soot.util.HashChain::add (7 bytes)
Event: 134.041 Thread 0x000000005b280000 nmethod 3224 0x000000004291c850 code [0x000000004291ca20, 0x000000004291d808]
Event: 134.041 Thread 0x000000005b280000 3225       4       soot.util.HashChain::addLast (124 bytes)
Event: 134.053 Thread 0x000000005b280000 nmethod 3225 0x0000000042850290 code [0x0000000042850460, 0x0000000042851228]

GC Heap History (10 events):
Event: 124.754 GC heap before
{Heap before GC invocations=22 (full 3):
 PSYoungGen      total 1227264K, used 16864K [0x00000005b7300000, 0x0000000605600000, 0x00000007c0000000)
  eden space 1173504K, 0% used [0x00000005b7300000,0x00000005b7300000,0x00000005fed00000)
  from space 53760K, 31% used [0x00000005fed00000,0x00000005ffd78000,0x0000000602180000)
  to   space 51200K, 0% used [0x0000000602400000,0x0000000602400000,0x0000000605600000)
 ParOldGen       total 250368K, used 228588K [0x00000001a5800000, 0x00000001b4c80000, 0x00000005b7300000)
  object space 250368K, 91% used [0x00000001a5800000,0x00000001b373b360,0x00000001b4c80000)
 Metaspace       used 10647K, capacity 10792K, committed 10880K, reserved 1058816K
  class space    used 1328K, capacity 1401K, committed 1408K, reserved 1048576K
Event: 125.156 GC heap after
Heap after GC invocations=22 (full 3):
 PSYoungGen      total 1227264K, used 0K [0x00000005b7300000, 0x0000000605600000, 0x00000007c0000000)
  eden space 1173504K, 0% used [0x00000005b7300000,0x00000005b7300000,0x00000005fed00000)
  from space 53760K, 0% used [0x00000005fed00000,0x00000005fed00000,0x0000000602180000)
  to   space 51200K, 0% used [0x0000000602400000,0x0000000602400000,0x0000000605600000)
 ParOldGen       total 304128K, used 196632K [0x00000001a5800000, 0x00000001b8100000, 0x00000005b7300000)
  object space 304128K, 64% used [0x00000001a5800000,0x00000001b1806218,0x00000001b8100000)
 Metaspace       used 10647K, capacity 10792K, committed 10880K, reserved 1058816K
  class space    used 1328K, capacity 1401K, committed 1408K, reserved 1048576K
}
Event: 126.823 GC heap before
{Heap before GC invocations=23 (full 3):
 PSYoungGen      total 1227264K, used 1173504K [0x00000005b7300000, 0x0000000605600000, 0x00000007c0000000)
  eden space 1173504K, 100% used [0x00000005b7300000,0x00000005fed00000,0x00000005fed00000)
  from space 53760K, 0% used [0x00000005fed00000,0x00000005fed00000,0x0000000602180000)
  to   space 51200K, 0% used [0x0000000602400000,0x0000000602400000,0x0000000605600000)
 ParOldGen       total 304128K, used 196632K [0x00000001a5800000, 0x00000001b8100000, 0x00000005b7300000)
  object space 304128K, 64% used [0x00000001a5800000,0x00000001b1806218,0x00000001b8100000)
 Metaspace       used 10786K, capacity 10920K, committed 11136K, reserved 1058816K
  class space    used 1336K, capacity 1401K, committed 1408K, reserved 1048576K
Event: 126.871 GC heap after
Heap after GC invocations=23 (full 3):
 PSYoungGen      total 1224704K, used 51173K [0x00000005b7300000, 0x0000000605600000, 0x00000007c0000000)
  eden space 1173504K, 0% used [0x00000005b7300000,0x00000005b7300000,0x00000005fed00000)
  from space 51200K, 99% used [0x0000000602400000,0x00000006055f94e8,0x0000000605600000)
  to   space 53760K, 0% used [0x00000005fed00000,0x00000005fed00000,0x0000000602180000)
 ParOldGen       total 304128K, used 202670K [0x00000001a5800000, 0x00000001b8100000, 0x00000005b7300000)
  object space 304128K, 66% used [0x00000001a5800000,0x00000001b1deb990,0x00000001b8100000)
 Metaspace       used 10786K, capacity 10920K, committed 11136K, reserved 1058816K
  class space    used 1336K, capacity 1401K, committed 1408K, reserved 1048576K
}
Event: 128.918 GC heap before
{Heap before GC invocations=24 (full 3):
 PSYoungGen      total 1224704K, used 1224677K [0x00000005b7300000, 0x0000000605600000, 0x00000007c0000000)
  eden space 1173504K, 100% used [0x00000005b7300000,0x00000005fed00000,0x00000005fed00000)
  from space 51200K, 99% used [0x0000000602400000,0x00000006055f94e8,0x0000000605600000)
  to   space 53760K, 0% used [0x00000005fed00000,0x00000005fed00000,0x0000000602180000)
 ParOldGen       total 304128K, used 202670K [0x00000001a5800000, 0x00000001b8100000, 0x00000005b7300000)
  object space 304128K, 66% used [0x00000001a5800000,0x00000001b1deb990,0x00000001b8100000)
 Metaspace       used 10818K, capacity 10920K, committed 11136K, reserved 1058816K
  class space    used 1338K, capacity 1401K, committed 1408K, reserved 1048576K
Event: 129.019 GC heap after
Heap after GC invocations=24 (full 3):
 PSYoungGen      total 1227264K, used 53392K [0x00000005b7300000, 0x0000000605600000, 0x00000007c0000000)
  eden space 1173504K, 0% used [0x00000005b7300000,0x00000005b7300000,0x00000005fed00000)
  from space 53760K, 99% used [0x00000005fed00000,0x0000000602124110,0x0000000602180000)
  to   space 51200K, 0% used [0x0000000602400000,0x0000000602400000,0x0000000605600000)
 ParOldGen       total 304128K, used 251687K [0x00000001a5800000, 0x00000001b8100000, 0x00000005b7300000)
  object space 304128K, 82% used [0x00000001a5800000,0x00000001b4dc9e48,0x00000001b8100000)
 Metaspace       used 10818K, capacity 10920K, committed 11136K, reserved 1058816K
  class space    used 1338K, capacity 1401K, committed 1408K, reserved 1048576K
}
Event: 132.638 GC heap before
{Heap before GC invocations=25 (full 3):
 PSYoungGen      total 1227264K, used 1226896K [0x00000005b7300000, 0x0000000605600000, 0x00000007c0000000)
  eden space 1173504K, 100% used [0x00000005b7300000,0x00000005fed00000,0x00000005fed00000)
  from space 53760K, 99% used [0x00000005fed00000,0x0000000602124110,0x0000000602180000)
  to   space 51200K, 0% used [0x0000000602400000,0x0000000602400000,0x0000000605600000)
 ParOldGen       total 304128K, used 251687K [0x00000001a5800000, 0x00000001b8100000, 0x00000005b7300000)
  object space 304128K, 82% used [0x00000001a5800000,0x00000001b4dc9e48,0x00000001b8100000)
 Metaspace       used 10824K, capacity 10920K, committed 11136K, reserved 1058816K
  class space    used 1339K, capacity 1401K, committed 1408K, reserved 1048576K
Event: 132.714 GC heap after
Heap after GC invocations=25 (full 3):
 PSYoungGen      total 1224704K, used 28784K [0x00000005b7300000, 0x0000000605600000, 0x00000007c0000000)
  eden space 1173504K, 0% used [0x00000005b7300000,0x00000005b7300000,0x00000005fed00000)
  from space 51200K, 56% used [0x0000000602400000,0x000000060401c070,0x0000000605600000)
  to   space 53760K, 0% used [0x00000005fed00000,0x00000005fed00000,0x0000000602180000)
 ParOldGen       total 305664K, used 304834K [0x00000001a5800000, 0x00000001b8280000, 0x00000005b7300000)
  object space 305664K, 99% used [0x00000001a5800000,0x00000001b81b0958,0x00000001b8280000)
 Metaspace       used 10824K, capacity 10920K, committed 11136K, reserved 1058816K
  class space    used 1339K, capacity 1401K, committed 1408K, reserved 1048576K
}
Event: 132.714 GC heap before
{Heap before GC invocations=26 (full 4):
 PSYoungGen      total 1224704K, used 28784K [0x00000005b7300000, 0x0000000605600000, 0x00000007c0000000)
  eden space 1173504K, 0% used [0x00000005b7300000,0x00000005b7300000,0x00000005fed00000)
  from space 51200K, 56% used [0x0000000602400000,0x000000060401c070,0x0000000605600000)
  to   space 53760K, 0% used [0x00000005fed00000,0x00000005fed00000,0x0000000602180000)
 ParOldGen       total 305664K, used 304834K [0x00000001a5800000, 0x00000001b8280000, 0x00000005b7300000)
  object space 305664K, 99% used [0x00000001a5800000,0x00000001b81b0958,0x00000001b8280000)
 Metaspace       used 10824K, capacity 10920K, committed 11136K, reserved 1058816K
  class space    used 1339K, capacity 1401K, committed 1408K, reserved 1048576K
Event: 133.987 GC heap after
Heap after GC invocations=26 (full 4):
 PSYoungGen      total 1224704K, used 9692K [0x00000005b7300000, 0x0000000605600000, 0x00000007c0000000)
  eden space 1173504K, 0% used [0x00000005b7300000,0x00000005b7300000,0x00000005fed00000)
  from space 51200K, 18% used [0x0000000602400000,0x0000000602d77168,0x0000000605600000)
  to   space 53760K, 0% used [0x00000005fed00000,0x00000005fed00000,0x0000000602180000)
 ParOldGen       total 467968K, used 305393K [0x00000001a5800000, 0x00000001c2100000, 0x00000005b7300000)
  object space 467968K, 65% used [0x00000001a5800000,0x00000001b823c608,0x00000001c2100000)
 Metaspace       used 10824K, capacity 10920K, committed 11136K, reserved 1058816K
  class space    used 1339K, capacity 1401K, committed 1408K, reserved 1048576K
}

Deoptimization events (10 events):
Event: 129.095 Thread 0x0000000000e43800 Uncommon trap: reason=array_check action=maybe_recompile pc=0x000000004283844c method=soot.jimple.internal.JSpecialInvokeExpr.<init>(Lsoot/Local;Lsoot/SootMethodRef;Ljava/util/List;)V @ 58
Event: 129.139 Thread 0x0000000000e43800 Uncommon trap: reason=unloaded action=reinterpret pc=0x0000000042a779a0 method=soot.coffi.ByteCode.disassemble_bytecode([BI)Lsoot/coffi/Instruction; @ 2991
Event: 129.451 Thread 0x0000000000e43800 Uncommon trap: reason=unstable_if action=reinterpret pc=0x0000000042028818 method=soot.jimple.toolkits.typing.fast.AugEvalFunction.eval_(Lsoot/jimple/toolkits/typing/fast/Typing;Lsoot/Value;Lsoot/jimple/Stmt;Lsoot/jimple/JimpleBody;)Lsoot/Type; @ 125
Event: 129.451 Thread 0x0000000000e43800 Uncommon trap: reason=unstable_if action=reinterpret pc=0x00000000421f4b84 method=soot.jimple.toolkits.typing.fast.UseChecker.handleBinopExpr(Lsoot/jimple/BinopExpr;Lsoot/jimple/Stmt;Lsoot/Type;)V @ 202
Event: 131.686 Thread 0x0000000000e43800 Uncommon trap: reason=unloaded action=reinterpret pc=0x000000004280bda0 method=soot.coffi.ByteCode.disassemble_bytecode([BI)Lsoot/coffi/Instruction; @ 2787
Event: 132.251 Thread 0x0000000000e43800 Uncommon trap: reason=bimorphic action=maybe_recompile pc=0x0000000042ba6900 method=soot.jimple.toolkits.base.Aggregator.internalAggregate(Lsoot/jimple/StmtBody;Ljava/util/Map;Z)Z @ 496
Event: 132.427 Thread 0x0000000000e43800 Uncommon trap: reason=unloaded action=reinterpret pc=0x00000000427858e8 method=soot.coffi.ByteCode.disassemble_bytecode([BI)Lsoot/coffi/Instruction; @ 1280
Event: 132.560 Thread 0x0000000000e43800 Uncommon trap: reason=bimorphic action=maybe_recompile pc=0x0000000042ba6900 method=soot.jimple.toolkits.base.Aggregator.internalAggregate(Lsoot/jimple/StmtBody;Ljava/util/Map;Z)Z @ 496
Event: 132.561 Thread 0x0000000000e43800 Uncommon trap: reason=bimorphic action=maybe_recompile pc=0x0000000042ba6900 method=soot.jimple.toolkits.base.Aggregator.internalAggregate(Lsoot/jimple/StmtBody;Ljava/util/Map;Z)Z @ 496
Event: 132.609 Thread 0x0000000000e43800 Uncommon trap: reason=unstable_if action=reinterpret pc=0x00000000421b01e8 method=java.util.HashMap.getNode(ILjava/lang/Object;)Ljava/util/HashMap$Node; @ 84

Classes redefined (0 events):
No events

Internal exceptions (10 events):
Event: 112.055 Thread 0x0000000000e43800 Implicit null exception at 0x0000000041dee685 to 0x0000000041dee9f9
Event: 112.055 Thread 0x0000000000e43800 Implicit null exception at 0x0000000041e48e6e to 0x0000000041e492a9
Event: 114.241 Thread 0x0000000000e43800 Implicit null exception at 0x0000000042598a7d to 0x00000000425993f1
Event: 116.264 Thread 0x0000000000e43800 Implicit null exception at 0x000000004280705a to 0x0000000042807251
Event: 116.264 Thread 0x0000000000e43800 Implicit null exception at 0x00000000424aea4a to 0x00000000424aeb49
Event: 116.587 Thread 0x0000000000e43800 Implicit null exception at 0x0000000042877bc4 to 0x0000000042878d3d
Event: 126.933 Thread 0x0000000000e43800 Implicit null exception at 0x0000000042536299 to 0x0000000042538131
Event: 126.933 Thread 0x0000000000e43800 Implicit null exception at 0x00000000422eeacd to 0x00000000422eec19
Event: 127.122 Thread 0x0000000000e43800 Implicit null exception at 0x00000000420bf934 to 0x00000000420bfa11
Event: 127.155 Thread 0x0000000000e43800 Implicit null exception at 0x00000000421ba4cb to 0x00000000421bafd9

Events (10 events):
Event: 132.609 Thread 0x0000000000e43800 DEOPT UNPACKING pc=0x0000000041d2583b sp=0x0000000041cde9f0 mode 2
Event: 132.611 Thread 0x000000005b280000 flushing nmethod 0x00000000427e4150
Event: 132.611 Thread 0x000000005b280000 flushing nmethod 0x000000004285c5d0
Event: 132.612 Thread 0x000000005b280000 flushing nmethod 0x000000004291c850
Event: 132.612 Thread 0x000000005b280000 flushing nmethod 0x0000000042a2b690
Event: 132.612 Thread 0x000000005b280000 flushing nmethod 0x0000000042a59390
Event: 132.612 Thread 0x000000005b280000 flushing nmethod 0x0000000042a6a950
Event: 132.612 Thread 0x000000005b280000 flushing nmethod 0x0000000042d242d0
Event: 132.638 Executing VM operation: ParallelGCFailedAllocation
Event: 133.987 Executing VM operation: ParallelGCFailedAllocation done


Dynamic libraries:
0x00007ff651880000 - 0x00007ff6518b7000 	C:\Program Files\Java\jre1.8.0_241\bin\javaw.exe
0x00007ffc1d150000 - 0x00007ffc1d320000 	C:\Windows\SYSTEM32\ntdll.dll
0x00007ffc1ab70000 - 0x00007ffc1ac1c000 	C:\Windows\System32\KERNEL32.DLL
0x00007ffc1a270000 - 0x00007ffc1a48d000 	C:\Windows\System32\KERNELBASE.dll
0x00007ffc1cad0000 - 0x00007ffc1cb72000 	C:\Windows\System32\ADVAPI32.dll
0x00007ffc1c7f0000 - 0x00007ffc1c88e000 	C:\Windows\System32\msvcrt.dll
0x00007ffc1c130000 - 0x00007ffc1c189000 	C:\Windows\System32\sechost.dll
0x00007ffc1ce70000 - 0x00007ffc1cf91000 	C:\Windows\System32\RPCRT4.dll
0x00007ffc1c960000 - 0x00007ffc1cac5000 	C:\Windows\System32\USER32.dll
0x00007ffc1a6c0000 - 0x00007ffc1a6de000 	C:\Windows\System32\win32u.dll
0x00007ffc1c300000 - 0x00007ffc1c334000 	C:\Windows\System32\GDI32.dll
0x00007ffc1a0e0000 - 0x00007ffc1a261000 	C:\Windows\System32\gdi32full.dll
0x00007ffc114f0000 - 0x00007ffc1176a000 	C:\Windows\WinSxS\amd64_microsoft.windows.common-controls_6595b64144ccf1df_6.0.14393.3053_none_7de042968342015d\COMCTL32.dll
0x00007ffc1c3e0000 - 0x00007ffc1c6a5000 	C:\Windows\System32\combase.dll
0x00007ffc19790000 - 0x00007ffc19884000 	C:\Windows\System32\ucrtbase.dll
0x00007ffc1a070000 - 0x00007ffc1a0da000 	C:\Windows\System32\bcryptPrimitives.dll
0x00007ffc1ce30000 - 0x00007ffc1ce5e000 	C:\Windows\System32\IMM32.DLL
0x0000000180000000 - 0x000000018000d000 	C:\Windows\KATRK64.DLL
0x00007ffc17b80000 - 0x00007ffc17b93000 	C:\Windows\SYSTEM32\WTSAPI32.dll
0x00007ffc112a0000 - 0x00007ffc1134c000 	C:\Windows\system32\tmumh\20019\AddOn\7.0.0.1169\TmUmEvt64.dll
0x00007ffc1ce20000 - 0x00007ffc1ce28000 	C:\Windows\System32\PSAPI.DLL
0x00007ffc1c770000 - 0x00007ffc1c7c2000 	C:\Windows\System32\SHLWAPI.dll
0x000000005f8b0000 - 0x000000005f9ca000 	C:\Windows\system32\tmumh\20019\TmMon\2.5.0.2095\tmmon64.dll
0x000000005b980000 - 0x000000005ba52000 	C:\Program Files\Java\jre1.8.0_241\bin\msvcr100.dll
0x000000005bae0000 - 0x000000005c38c000 	C:\Program Files\Java\jre1.8.0_241\bin\server\jvm.dll
0x00007ffc08ab0000 - 0x00007ffc08ab9000 	C:\Windows\SYSTEM32\WSOCK32.dll
0x00007ffc1c890000 - 0x00007ffc1c8fa000 	C:\Windows\System32\WS2_32.dll
0x00007ffc139e0000 - 0x00007ffc13a03000 	C:\Windows\SYSTEM32\WINMM.dll
0x00007ffc0eec0000 - 0x00007ffc0eeca000 	C:\Windows\SYSTEM32\VERSION.dll
0x00007ffc139b0000 - 0x00007ffc139db000 	C:\Windows\SYSTEM32\WINMMBASE.dll
0x00007ffc19940000 - 0x00007ffc19982000 	C:\Windows\System32\cfgmgr32.dll
0x00007ffc140a0000 - 0x00007ffc140af000 	C:\Program Files\Java\jre1.8.0_241\bin\verify.dll
0x00007ffc13e80000 - 0x00007ffc13ea9000 	C:\Program Files\Java\jre1.8.0_241\bin\java.dll
0x00007ffbffee0000 - 0x00007ffbfff15000 	C:\Program Files\Java\jre1.8.0_241\bin\jdwp.dll
0x00007ffc14050000 - 0x00007ffc14058000 	C:\Program Files\Java\jre1.8.0_241\bin\npt.dll
0x00007ffc14030000 - 0x00007ffc14046000 	C:\Program Files\Java\jre1.8.0_241\bin\zip.dll
0x00007ffc1ac20000 - 0x00007ffc1c125000 	C:\Windows\System32\SHELL32.dll
0x00007ffc19990000 - 0x00007ffc1a06a000 	C:\Windows\System32\windows.storage.dll
0x00007ffc195e0000 - 0x00007ffc1962c000 	C:\Windows\System32\powrprof.dll
0x00007ffc19630000 - 0x00007ffc1963f000 	C:\Windows\System32\kernel.appcore.dll
0x00007ffc19640000 - 0x00007ffc196e9000 	C:\Windows\System32\shcore.dll
0x00007ffc195b0000 - 0x00007ffc195c4000 	C:\Windows\System32\profapi.dll
0x00007ffc10d60000 - 0x00007ffc10d69000 	C:\Program Files\Java\jre1.8.0_241\bin\dt_socket.dll
0x00007ffc13d10000 - 0x00007ffc13d26000 	C:\Windows\system32\napinsp.dll
0x00007ffc13cf0000 - 0x00007ffc13d0a000 	C:\Windows\system32\pnrpnsp.dll
0x00007ffc15f40000 - 0x00007ffc15f58000 	C:\Windows\system32\NLAapi.dll
0x00007ffc18e70000 - 0x00007ffc18ecc000 	C:\Windows\System32\mswsock.dll
0x00007ffc18bf0000 - 0x00007ffc18c92000 	C:\Windows\SYSTEM32\DNSAPI.dll
0x00007ffc1c190000 - 0x00007ffc1c198000 	C:\Windows\System32\NSI.dll
0x00007ffc18bb0000 - 0x00007ffc18be8000 	C:\Windows\SYSTEM32\IPHLPAPI.DLL
0x00007ffc13db0000 - 0x00007ffc13dbe000 	C:\Windows\System32\winrnr.dll
0x000000005f9d0000 - 0x000000005f9f6000 	C:\Program Files\Bonjour\mdnsNSP.dll
0x00007ffc13d30000 - 0x00007ffc13d9a000 	C:\Windows\System32\fwpuclnt.dll
0x00007ffc194f0000 - 0x00007ffc1951b000 	C:\Windows\SYSTEM32\bcrypt.dll
0x00007ffc13e50000 - 0x00007ffc13e5a000 	C:\Windows\System32\rasadhlp.dll
0x00007ffc03040000 - 0x00007ffc0305a000 	C:\Program Files\Java\jre1.8.0_241\bin\net.dll
0x00007ffc03020000 - 0x00007ffc03032000 	C:\Program Files\Java\jre1.8.0_241\bin\nio.dll

VM Arguments:
jvm_args: -agentlib:jdwp=transport=dt_socket,suspend=y,address=localhost:54646 -Xss1000m -Xmx25000M -Dfile.encoding=UTF-8 
java_command: dataflow.util.CGCreator -whole-program -xml-attributes -keep-line-number -f jimple -p cg.cha enabled:true -app simple.logic.Logic -p cg verbose:true,all-reachable:true,,safe-forname:true,safe-newinstance:true
java_class_path (initial): Z:\01.mydrive\eclipseWorkspace\tmp\bin;Z:\01.mydrive\eclipseWorkspace\tmp\lib\annotations-api.jar;Z:\01.mydrive\eclipseWorkspace\tmp\lib\catalina-ant.jar;Z:\01.mydrive\eclipseWorkspace\tmp\lib\catalina-ha.jar;Z:\01.mydrive\eclipseWorkspace\tmp\lib\catalina-tribes.jar;Z:\01.mydrive\eclipseWorkspace\tmp\lib\catalina.jar;Z:\01.mydrive\eclipseWorkspace\tmp\lib\ecj-4.4.2.jar;Z:\01.mydrive\eclipseWorkspace\tmp\lib\el-api.jar;Z:\01.mydrive\eclipseWorkspace\tmp\lib\jasper-el.jar;Z:\01.mydrive\eclipseWorkspace\tmp\lib\jasper.jar;Z:\01.mydrive\eclipseWorkspace\tmp\lib\jsp-api.jar;Z:\01.mydrive\eclipseWorkspace\tmp\lib\servlet-api.jar;Z:\01.mydrive\eclipseWorkspace\tmp\lib\tomcat-api.jar;Z:\01.mydrive\eclipseWorkspace\tmp\lib\tomcat-coyote.jar;Z:\01.mydrive\eclipseWorkspace\tmp\lib\tomcat-dbcp.jar;Z:\01.mydrive\eclipseWorkspace\tmp\lib\tomcat-i18n-es.jar;Z:\01.mydrive\eclipseWorkspace\tmp\lib\tomcat-i18n-fr.jar;Z:\01.mydrive\eclipseWorkspace\tmp\lib\tomcat-i18n-ja.jar;Z:\01.mydrive\eclipseWorkspace\tmp\lib\tomcat-i18n-ru.jar;Z:\01.mydrive\eclipseWorkspace\tmp\lib\tomcat-jdbc.jar;Z:\01.mydrive\eclipseWorkspace\tmp\lib\tomcat-util.jar;Z:\01.mydrive\eclipseWorkspace\tmp\lib\tomcat7-websocket.jar;Z:\01.mydrive\eclipseWorkspace\tmp\lib\websocket-api.jar;C:\Program Files\eclipse javaEE\plugins\org.junit_4.11.0.v201303080030\junit.jar;C:\Program Files\eclipse javaEE\plugins\org.hamcrest.core_1.3.0.v201303031735.jar;Z:\01.mydrive\eclipseWorkspace\tmp\lib\soot-2.5.0.jar;Z:\01.mydrive\eclipseWorkspace\tmp\lib\rt.jar
Launcher Type: SUN_STANDARD

Environment Variables:
PATH=C:/Program Files/Java/jre1.8.0_241/bin/server;C:/Program Files/Java/jre1.8.0_241/bin;C:/Program Files/Java/jre1.8.0_241/lib/amd64;C:\Program Files (x86)\NVIDIA Corporation\PhysX\Common;C:\Program Files (x86)\Common Files\Oracle\Java\javapath;C:\Program Files\Haskell\bin;C:\Program Files\Haskell Platform\8.2.2\lib\extralibs\bin;C:\Program Files\Haskell Platform\8.2.2\bin;C:\ProgramData\Oracle\Java\javapath;C:\Windows\system32;C:\Windows;C:\Windows\System32\Wbem;C:\Windows\System32\WindowsPowerShell\v1.0\;c:\Program Files (x86)\Microsoft SQL Server\110\Tools\Binn\;c:\Program Files\Microsoft SQL Server\110\Tools\Binn\;c:\Program Files\Microsoft SQL Server\110\DTS\Binn\;C:\Program Files (x86)\Shoes;C:\MinGW\bin;C:\Ruby25-x64\bin;C:\Ruby23-x64\bin;C:\Program Files (x86)\gnuplot\bin;C:\Program Files (x86)\Windows Kits\10\Windows Performance Toolkit\;C:\ProgramData\Anaconda3;C:\Python36\Scripts\;C:\Python36\;C:\Program Files (x86)\LilyPond\usr\bin;C:\Program Files (x86)\Windows Kits\8.1\Windows Performance Toolkit\;C:\Program Files (x86)\PuTTY\;C:\Program Files\IBM\SPSS\Statistics\25\JRE\bin;C:\Program Files\Haskell Platform\8.2.2\mingw\bin;C:\texlive\2018\bin\win32;C:\Program Files\Microsoft VS Code\bin;C:\Program Files (x86)\scala\bin;C:\Program Files\MATLAB\R2018b\bin;C:\Program Files (x86)\Wolfram Research\WolframScript\;C:\Program Files (x86)\mysql\bin;C:\Program Files (x86)\php;C:\Program Files\gs\gs9.50\bin;C:\Users\s1930149\AppData\Local\Microsoft\WindowsApps;;C:\Program Files\eclipse javaEE;
USERNAME=s1930149
OS=Windows_NT
PROCESSOR_IDENTIFIER=Intel64 Family 6 Model 94 Stepping 3, GenuineIntel



---------------  S Y S T E M  ---------------

OS: Windows 10.0 , 64 bit Build 14393 (10.0.14393.2969)

CPU:total 4 (initial active 4) (4 cores per cpu, 1 threads per core) family 6 model 94 stepping 3, cmov, cx8, fxsr, mmx, sse, sse2, sse3, ssse3, sse4.1, sse4.2, popcnt, aes, clmul, erms, rtm, 3dnowpref, lzcnt, tsc, tscinvbit, bmi1, bmi2, adx

Memory: 4k page, physical 8142772k(1439348k free), swap 8142772k(5716k free)

vm_info: Java HotSpot(TM) 64-Bit Server VM (25.241-b07) for windows-amd64 JRE (1.8.0_241-b07), built on Dec 11 2019 10:21:40 by "rejava" with MS VC++ 10.0 (VS2010)

time: Sat Feb 01 14:35:18 2020
timezone: ìåãû (ïWèÄéû)
elapsed time: 134 seconds (0d 0h 2m 14s)

