#
# There is insufficient memory for the Java Runtime Environment to continue.
# Native memory allocation (malloc) failed to allocate 65552 bytes for Chunk::new
# Possible reasons:
#   The system is out of physical RAM or swap space
#   The process is running with CompressedOops enabled, and the Java Heap may be blocking the growth of the native heap
# Possible solutions:
#   Reduce memory load on the system
#   Increase physical memory or swap space
#   Check if swap backing store is full
#   Decrease Java heap size (-Xmx/-Xms)
#   Decrease number of Java threads
#   Decrease Java thread stack sizes (-Xss)
#   Set larger code cache with -XX:ReservedCodeCacheSize=
#   JVM is running with Zero Based Compressed Oops mode in which the Java heap is
#     placed in the first 32GB address space. The Java Heap base address is the
#     maximum limit for the native heap growth. Please use -XX:HeapBaseMinAddress
#     to set the Java Heap base and to place the Java Heap above 32GB virtual address.
# This output file may be truncated or incomplete.
#
#  Out of Memory Error (allocation.cpp:389), pid=11248, tid=0x00000000000026dc
#
# JRE version: Java(TM) SE Runtime Environment (8.0_241-b07) (build 1.8.0_241-b07)
# Java VM: Java HotSpot(TM) 64-Bit Server VM (25.241-b07 mixed mode windows-amd64 compressed oops)
# Failed to write core dump. Minidumps are not enabled by default on client versions of Windows
#

---------------  T H R E A D  ---------------

Current thread (0x0000000038816800):  JavaThread "C2 CompilerThread0" daemon [_thread_in_native, id=9948, stack(0x0000000058d10000,0x0000000058e10000)]

Stack: [0x0000000058d10000,0x0000000058e10000]
[error occurred during error reporting (printing stack bounds), id 0xc0000005]

Native frames: (J=compiled Java code, j=interpreted, Vv=VM code, C=native code)


Current CompileTask:
C2:  51458 2493 %     4       soot.toolkits.scalar.BackwardFlowAnalysis::doAnalysis @ 93 (743 bytes)


---------------  P R O C E S S  ---------------

Java Threads: ( => current thread )
  0x0000000058f80800 JavaThread "Service Thread" daemon [_thread_blocked, id=14372, stack(0x00000000ddbf0000,0x00000000fcff0000)]
  0x0000000058f10800 JavaThread "C1 CompilerThread2" daemon [_thread_blocked, id=3788, stack(0x0000000059310000,0x0000000059410000)]
  0x000000003881a000 JavaThread "C2 CompilerThread1" daemon [_thread_in_native, id=15884, stack(0x0000000058e10000,0x0000000058f10000)]
=>0x0000000038816800 JavaThread "C2 CompilerThread0" daemon [_thread_in_native, id=9948, stack(0x0000000058d10000,0x0000000058e10000)]
  0x0000000038814800 JavaThread "Attach Listener" daemon [_thread_blocked, id=16196, stack(0x00000000be7f0000,0x00000000ddbf0000)]
  0x0000000038813800 JavaThread "Signal Dispatcher" daemon [_thread_blocked, id=15528, stack(0x000000009f3f0000,0x00000000be7f0000)]
  0x00000000387b0000 JavaThread "Finalizer" daemon [_thread_blocked, id=7980, stack(0x000000007fff0000,0x000000009f3f0000)]
  0x00000000012d2000 JavaThread "Reference Handler" daemon [_thread_blocked, id=11376, stack(0x0000000039910000,0x0000000058d10000)]
  0x00000000011e2800 JavaThread "main" [_thread_in_Java, id=14412, stack(0x0000000003810000,0x0000000022c10000)]

Other Threads:
  0x0000000038788000 VMThread [stack: 0x0000000039810000,0x0000000039910000] [id=12828]
  0x0000000058fb7800 WatcherThread [stack: 0x0000000059410000,0x0000000059510000] [id=11592]

VM state:not at safepoint (normal execution)

VM Mutex/Monitor currently owned by a thread: None

heap address: 0x0000000723c00000, size: 2500 MB, Compressed Oops mode: Zero based, Oop shift amount: 3
Narrow klass base: 0x0000000000000000, Narrow klass shift: 3
Compressed class space size: 1073741824 Address: 0x00000007c0000000

Heap:
 PSYoungGen      total 290304K, used 69355K [0x000000078bf00000, 0x00000007a2a00000, 0x00000007c0000000)
  eden space 246784K, 25% used [0x000000078bf00000,0x000000078fd92d68,0x000000079b000000)
  from space 43520K, 12% used [0x000000079b000000,0x000000079b528010,0x000000079da80000)
  to   space 33280K, 0% used [0x00000007a0980000,0x00000007a0980000,0x00000007a2a00000)
 ParOldGen       total 181760K, used 115394K [0x0000000723c00000, 0x000000072ed80000, 0x000000078bf00000)
  object space 181760K, 63% used [0x0000000723c00000,0x000000072acb0b10,0x000000072ed80000)
 Metaspace       used 10566K, capacity 10724K, committed 10880K, reserved 1058816K
  class space    used 1332K, capacity 1401K, committed 1408K, reserved 1048576K

Card table byte_map: [0x0000000031fd0000,0x00000000324c0000] byte_map_base: 0x000000002e6b2000

Marking Bits: (ParMarkBitMap*) 0x000000006b7fbe30
 Begin Bits: [0x0000000032b10000, 0x0000000035220000)
 End Bits:   [0x0000000035220000, 0x0000000037930000)

Polling page: 0x0000000001000000

CodeCache: size=245760Kb used=12123Kb max_used=12123Kb free=233636Kb
 bounds [0x0000000022c10000, 0x0000000023830000, 0x0000000031c10000]
 total_blobs=2515 nmethods=2207 adapters=221
 compilation: enabled

Compilation events (10 events):
Event: 50.981 Thread 0x0000000058f10800 2515       2       soot.toolkits.exceptions.AbstractThrowAnalysis::mightThrowExplicitly (126 bytes)
Event: 50.982 Thread 0x0000000058f10800 nmethod 2515 0x0000000023072a10 code [0x0000000023072c60, 0x00000000230736e8]
Event: 50.995 Thread 0x0000000058f10800 2516       2       soot.jimple.Jimple::newGeExpr (10 bytes)
Event: 50.995 Thread 0x0000000058f10800 nmethod 2516 0x0000000023072050 code [0x0000000023072200, 0x00000000230725f8]
Event: 50.995 Thread 0x0000000058f10800 2517       2       soot.jimple.internal.JGeExpr::<init> (7 bytes)
Event: 50.996 Thread 0x0000000058f10800 nmethod 2517 0x0000000022f1acd0 code [0x0000000022f1ae60, 0x0000000022f1b2f8]
Event: 51.018 Thread 0x0000000058f10800 2518       3       soot.toolkits.graph.UnitGraph::getExtendedBasicBlockPathBetween (293 bytes)
Event: 51.020 Thread 0x0000000058f10800 nmethod 2518 0x0000000023824050 code [0x0000000023824700, 0x0000000023828588]
Event: 51.234 Thread 0x0000000058f10800 2521       2       soot.coffi.Instruction_Iadd::<init> (13 bytes)
Event: 51.234 Thread 0x0000000058f10800 nmethod 2521 0x0000000022f1a950 code [0x0000000022f1aaa0, 0x0000000022f1ac30]

GC Heap History (10 events):
Event: 49.814 GC heap before
{Heap before GC invocations=17 (full 1):
 PSYoungGen      total 290304K, used 252656K [0x000000078bf00000, 0x00000007a1200000, 0x00000007c0000000)
  eden space 246784K, 100% used [0x000000078bf00000,0x000000079b000000,0x000000079b000000)
  from space 43520K, 13% used [0x000000079b000000,0x000000079b5bc020,0x000000079da80000)
  to   space 30208K, 0% used [0x000000079da80000,0x000000079da80000,0x000000079f800000)
 ParOldGen       total 150016K, used 130805K [0x0000000723c00000, 0x000000072ce80000, 0x000000078bf00000)
  object space 150016K, 87% used [0x0000000723c00000,0x000000072bbbd560,0x000000072ce80000)
 Metaspace       used 10553K, capacity 10724K, committed 10880K, reserved 1058816K
  class space    used 1332K, capacity 1401K, committed 1408K, reserved 1048576K
Event: 49.826 GC heap after
Heap after GC invocations=17 (full 1):
 PSYoungGen      total 276992K, used 6752K [0x000000078bf00000, 0x00000007a1200000, 0x00000007c0000000)
  eden space 246784K, 0% used [0x000000078bf00000,0x000000078bf00000,0x000000079b000000)
  from space 30208K, 22% used [0x000000079da80000,0x000000079e1182b8,0x000000079f800000)
  to   space 43520K, 0% used [0x000000079b000000,0x000000079b000000,0x000000079da80000)
 ParOldGen       total 150016K, used 136621K [0x0000000723c00000, 0x000000072ce80000, 0x000000078bf00000)
  object space 150016K, 91% used [0x0000000723c00000,0x000000072c16b5b0,0x000000072ce80000)
 Metaspace       used 10553K, capacity 10724K, committed 10880K, reserved 1058816K
  class space    used 1332K, capacity 1401K, committed 1408K, reserved 1048576K
}
Event: 49.826 GC heap before
{Heap before GC invocations=18 (full 2):
 PSYoungGen      total 276992K, used 6752K [0x000000078bf00000, 0x00000007a1200000, 0x00000007c0000000)
  eden space 246784K, 0% used [0x000000078bf00000,0x000000078bf00000,0x000000079b000000)
  from space 30208K, 22% used [0x000000079da80000,0x000000079e1182b8,0x000000079f800000)
  to   space 43520K, 0% used [0x000000079b000000,0x000000079b000000,0x000000079da80000)
 ParOldGen       total 150016K, used 136621K [0x0000000723c00000, 0x000000072ce80000, 0x000000078bf00000)
  object space 150016K, 91% used [0x0000000723c00000,0x000000072c16b5b0,0x000000072ce80000)
 Metaspace       used 10553K, capacity 10724K, committed 10880K, reserved 1058816K
  class space    used 1332K, capacity 1401K, committed 1408K, reserved 1048576K
Event: 50.118 GC heap after
Heap after GC invocations=18 (full 2):
 PSYoungGen      total 276992K, used 0K [0x000000078bf00000, 0x00000007a1200000, 0x00000007c0000000)
  eden space 246784K, 0% used [0x000000078bf00000,0x000000078bf00000,0x000000079b000000)
  from space 30208K, 0% used [0x000000079da80000,0x000000079da80000,0x000000079f800000)
  to   space 43520K, 0% used [0x000000079b000000,0x000000079b000000,0x000000079da80000)
 ParOldGen       total 181760K, used 105274K [0x0000000723c00000, 0x000000072ed80000, 0x000000078bf00000)
  object space 181760K, 57% used [0x0000000723c00000,0x000000072a2ceb00,0x000000072ed80000)
 Metaspace       used 10553K, capacity 10724K, committed 10880K, reserved 1058816K
  class space    used 1332K, capacity 1401K, committed 1408K, reserved 1048576K
}
Event: 50.508 GC heap before
{Heap before GC invocations=19 (full 2):
 PSYoungGen      total 276992K, used 246784K [0x000000078bf00000, 0x00000007a1200000, 0x00000007c0000000)
  eden space 246784K, 100% used [0x000000078bf00000,0x000000079b000000,0x000000079b000000)
  from space 30208K, 0% used [0x000000079da80000,0x000000079da80000,0x000000079f800000)
  to   space 43520K, 0% used [0x000000079b000000,0x000000079b000000,0x000000079da80000)
 ParOldGen       total 181760K, used 105274K [0x0000000723c00000, 0x000000072ed80000, 0x000000078bf00000)
  object space 181760K, 57% used [0x0000000723c00000,0x000000072a2ceb00,0x000000072ed80000)
 Metaspace       used 10555K, capacity 10724K, committed 10880K, reserved 1058816K
  class space    used 1332K, capacity 1401K, committed 1408K, reserved 1048576K
Event: 50.516 GC heap after
Heap after GC invocations=19 (full 2):
 PSYoungGen      total 290304K, used 5056K [0x000000078bf00000, 0x00000007a1200000, 0x00000007c0000000)
  eden space 246784K, 0% used [0x000000078bf00000,0x000000078bf00000,0x000000079b000000)
  from space 43520K, 11% used [0x000000079b000000,0x000000079b4f0000,0x000000079da80000)
  to   space 30208K, 0% used [0x000000079da80000,0x000000079da80000,0x000000079f800000)
 ParOldGen       total 181760K, used 105274K [0x0000000723c00000, 0x000000072ed80000, 0x000000078bf00000)
  object space 181760K, 57% used [0x0000000723c00000,0x000000072a2ceb00,0x000000072ed80000)
 Metaspace       used 10555K, capacity 10724K, committed 10880K, reserved 1058816K
  class space    used 1332K, capacity 1401K, committed 1408K, reserved 1048576K
}
Event: 50.893 GC heap before
{Heap before GC invocations=20 (full 2):
 PSYoungGen      total 290304K, used 251840K [0x000000078bf00000, 0x00000007a1200000, 0x00000007c0000000)
  eden space 246784K, 100% used [0x000000078bf00000,0x000000079b000000,0x000000079b000000)
  from space 43520K, 11% used [0x000000079b000000,0x000000079b4f0000,0x000000079da80000)
  to   space 30208K, 0% used [0x000000079da80000,0x000000079da80000,0x000000079f800000)
 ParOldGen       total 181760K, used 105274K [0x0000000723c00000, 0x000000072ed80000, 0x000000078bf00000)
  object space 181760K, 57% used [0x0000000723c00000,0x000000072a2ceb00,0x000000072ed80000)
 Metaspace       used 10557K, capacity 10724K, committed 10880K, reserved 1058816K
  class space    used 1332K, capacity 1401K, committed 1408K, reserved 1048576K
Event: 50.906 GC heap after
Heap after GC invocations=20 (full 2):
 PSYoungGen      total 276992K, used 5152K [0x000000078bf00000, 0x00000007a1200000, 0x00000007c0000000)
  eden space 246784K, 0% used [0x000000078bf00000,0x000000078bf00000,0x000000079b000000)
  from space 30208K, 17% used [0x000000079da80000,0x000000079df88010,0x000000079f800000)
  to   space 43520K, 0% used [0x000000079b000000,0x000000079b000000,0x000000079da80000)
 ParOldGen       total 181760K, used 110306K [0x0000000723c00000, 0x000000072ed80000, 0x000000078bf00000)
  object space 181760K, 60% used [0x0000000723c00000,0x000000072a7b8b00,0x000000072ed80000)
 Metaspace       used 10557K, capacity 10724K, committed 10880K, reserved 1058816K
  class space    used 1332K, capacity 1401K, committed 1408K, reserved 1048576K
}
Event: 51.310 GC heap before
{Heap before GC invocations=21 (full 2):
 PSYoungGen      total 276992K, used 251936K [0x000000078bf00000, 0x00000007a1200000, 0x00000007c0000000)
  eden space 246784K, 100% used [0x000000078bf00000,0x000000079b000000,0x000000079b000000)
  from space 30208K, 17% used [0x000000079da80000,0x000000079df88010,0x000000079f800000)
  to   space 43520K, 0% used [0x000000079b000000,0x000000079b000000,0x000000079da80000)
 ParOldGen       total 181760K, used 110306K [0x0000000723c00000, 0x000000072ed80000, 0x000000078bf00000)
  object space 181760K, 60% used [0x0000000723c00000,0x000000072a7b8b00,0x000000072ed80000)
 Metaspace       used 10566K, capacity 10724K, committed 10880K, reserved 1058816K
  class space    used 1332K, capacity 1401K, committed 1408K, reserved 1048576K
Event: 51.324 GC heap after
Heap after GC invocations=21 (full 2):
 PSYoungGen      total 290304K, used 5280K [0x000000078bf00000, 0x00000007a2a00000, 0x00000007c0000000)
  eden space 246784K, 0% used [0x000000078bf00000,0x000000078bf00000,0x000000079b000000)
  from space 43520K, 12% used [0x000000079b000000,0x000000079b528010,0x000000079da80000)
  to   space 33280K, 0% used [0x00000007a0980000,0x00000007a0980000,0x00000007a2a00000)
 ParOldGen       total 181760K, used 115394K [0x0000000723c00000, 0x000000072ed80000, 0x000000078bf00000)
  object space 181760K, 63% used [0x0000000723c00000,0x000000072acb0b10,0x000000072ed80000)
 Metaspace       used 10566K, capacity 10724K, committed 10880K, reserved 1058816K
  class space    used 1332K, capacity 1401K, committed 1408K, reserved 1048576K
}

Deoptimization events (10 events):
Event: 48.596 Thread 0x00000000011e2800 Uncommon trap: reason=class_check action=maybe_recompile pc=0x00000000232e820c method=java.util.AbstractSet.equals(Ljava/lang/Object;)Z @ 8
Event: 48.702 Thread 0x00000000011e2800 Uncommon trap: reason=class_check action=maybe_recompile pc=0x00000000232e820c method=java.util.AbstractSet.equals(Ljava/lang/Object;)Z @ 8
Event: 49.260 Thread 0x00000000011e2800 Uncommon trap: reason=unstable_if action=reinterpret pc=0x000000002371f5f4 method=soot.toolkits.scalar.BackwardFlowAnalysis.doAnalysis()V @ 430
Event: 49.404 Thread 0x00000000011e2800 Uncommon trap: reason=bimorphic action=maybe_recompile pc=0x000000002372f404 method=java.util.Collections$UnmodifiableCollection$1.<init>(Ljava/util/Collections$UnmodifiableCollection;)V @ 17
Event: 49.447 Thread 0x00000000011e2800 Uncommon trap: reason=bimorphic action=maybe_recompile pc=0x000000002372f404 method=java.util.Collections$UnmodifiableCollection$1.<init>(Ljava/util/Collections$UnmodifiableCollection;)V @ 17
Event: 49.447 Thread 0x00000000011e2800 Uncommon trap: reason=bimorphic action=maybe_recompile pc=0x000000002372f404 method=java.util.Collections$UnmodifiableCollection$1.<init>(Ljava/util/Collections$UnmodifiableCollection;)V @ 17
Event: 49.447 Thread 0x00000000011e2800 Uncommon trap: reason=bimorphic action=maybe_recompile pc=0x000000002372f404 method=java.util.Collections$UnmodifiableCollection$1.<init>(Ljava/util/Collections$UnmodifiableCollection;)V @ 17
Event: 49.535 Thread 0x00000000011e2800 Uncommon trap: reason=unstable_if action=reinterpret pc=0x0000000022f401e4 method=soot.toolkits.graph.UnitGraph.getExtendedBasicBlockPathBetween(Lsoot/Unit;Lsoot/Unit;)Ljava/util/List; @ 137
Event: 50.752 Thread 0x00000000011e2800 Uncommon trap: reason=unstable_if action=reinterpret pc=0x000000002375f12c method=soot.coffi.CFG.processFlow(Lsoot/coffi/Instruction;Lsoot/coffi/TypeStack;[Lsoot/coffi/cp_info;)Lsoot/coffi/OutFlow; @ 1715
Event: 50.927 Thread 0x00000000011e2800 Uncommon trap: reason=bimorphic action=maybe_recompile pc=0x00000000230533dc method=soot.coffi.CFG.jimplify([Lsoot/coffi/cp_info;I)V @ 1478

Classes redefined (0 events):
No events

Internal exceptions (10 events):
Event: 22.472 Thread 0x00000000011e2800 Exception <a 'java/lang/ArrayIndexOutOfBoundsException': 18> (0x0000000791fc39c0) thrown at [C:\ade\jenkins\workspace\8-2-build-windows-amd64-cygwin\jdk8u241\331\hotspot\src\share\vm\interpreter\interpreterRuntime.cpp, line 368]
Event: 40.445 Thread 0x00000000011e2800 Implicit null exception at 0x00000000231114d9 to 0x000000002311150d
Event: 40.776 Thread 0x00000000011e2800 Implicit null exception at 0x000000002306ca7b to 0x000000002306cb29
Event: 41.031 Thread 0x00000000011e2800 Implicit null exception at 0x00000000231269a9 to 0x0000000023126e5d
Event: 41.336 Thread 0x00000000011e2800 Implicit null exception at 0x0000000022fd5055 to 0x0000000022fd72a1
Event: 42.270 Thread 0x00000000011e2800 Implicit null exception at 0x00000000230ba66f to 0x00000000230ba6dd
Event: 43.750 Thread 0x00000000011e2800 Implicit null exception at 0x00000000231b9c84 to 0x00000000231b9f75
Event: 43.750 Thread 0x00000000011e2800 Implicit null exception at 0x00000000231b3469 to 0x00000000231b37f1
Event: 44.027 Thread 0x00000000011e2800 Implicit null exception at 0x00000000231b895d to 0x00000000231b89f9
Event: 44.329 Thread 0x00000000011e2800 Implicit null exception at 0x0000000023245677 to 0x00000000232457c9

Events (10 events):
Event: 51.382 Thread 0x00000000011e2800 DEOPT PACKING pc=0x0000000023307c1e sp=0x0000000022c0e370
Event: 51.382 Thread 0x00000000011e2800 DEOPT UNPACKING pc=0x0000000022c57490 sp=0x0000000022c0e290 mode 0
Event: 51.399 Thread 0x00000000011e2800 DEOPT PACKING pc=0x0000000023307c1e sp=0x0000000022c0e150
Event: 51.399 Thread 0x00000000011e2800 DEOPT UNPACKING pc=0x0000000022c57490 sp=0x0000000022c0e070 mode 0
Event: 51.410 Thread 0x00000000011e2800 DEOPT PACKING pc=0x00000000230497f4 sp=0x0000000022c0e060
Event: 51.410 Thread 0x00000000011e2800 DEOPT UNPACKING pc=0x0000000022c57490 sp=0x0000000022c0df00 mode 0
Event: 51.419 Thread 0x00000000011e2800 DEOPT PACKING pc=0x0000000023307544 sp=0x0000000022c0e180
Event: 51.419 Thread 0x00000000011e2800 DEOPT UNPACKING pc=0x0000000022c57490 sp=0x0000000022c0e0a0 mode 0
Event: 51.437 Thread 0x00000000011e2800 DEOPT PACKING pc=0x0000000023307c1e sp=0x0000000022c0e370
Event: 51.437 Thread 0x00000000011e2800 DEOPT UNPACKING pc=0x0000000022c57490 sp=0x0000000022c0e290 mode 0


Dynamic libraries:
0x00007ff6defb0000 - 0x00007ff6defe7000 	C:\Program Files\Java\jre1.8.0_241\bin\javaw.exe
0x00007ffbdc560000 - 0x00007ffbdc730000 	C:\Windows\SYSTEM32\ntdll.dll
0x00007ffbdbc30000 - 0x00007ffbdbcdc000 	C:\Windows\System32\KERNEL32.DLL
0x00007ffbd9600000 - 0x00007ffbd981d000 	C:\Windows\System32\KERNELBASE.dll
0x00007ffbdc170000 - 0x00007ffbdc212000 	C:\Windows\System32\ADVAPI32.dll
0x00007ffbdbb90000 - 0x00007ffbdbc2e000 	C:\Windows\System32\msvcrt.dll
0x00007ffbdbb30000 - 0x00007ffbdbb89000 	C:\Windows\System32\sechost.dll
0x00007ffbdba00000 - 0x00007ffbdbb21000 	C:\Windows\System32\RPCRT4.dll
0x00007ffbdc000000 - 0x00007ffbdc165000 	C:\Windows\System32\USER32.dll
0x00007ffbd95e0000 - 0x00007ffbd95fe000 	C:\Windows\System32\win32u.dll
0x00007ffbdb220000 - 0x00007ffbdb254000 	C:\Windows\System32\GDI32.dll
0x00007ffbd92e0000 - 0x00007ffbd9461000 	C:\Windows\System32\gdi32full.dll
0x00007ffbd2740000 - 0x00007ffbd29ba000 	C:\Windows\WinSxS\amd64_microsoft.windows.common-controls_6595b64144ccf1df_6.0.14393.3053_none_7de042968342015d\COMCTL32.dll
0x00007ffbdc290000 - 0x00007ffbdc555000 	C:\Windows\System32\combase.dll
0x00007ffbd94e0000 - 0x00007ffbd95d4000 	C:\Windows\System32\ucrtbase.dll
0x00007ffbd9470000 - 0x00007ffbd94da000 	C:\Windows\System32\bcryptPrimitives.dll
0x00007ffbdb9d0000 - 0x00007ffbdb9fe000 	C:\Windows\System32\IMM32.DLL
0x0000000180000000 - 0x000000018000d000 	C:\Windows\KATRK64.DLL
0x00007ffbd6f90000 - 0x00007ffbd6fa3000 	C:\Windows\SYSTEM32\WTSAPI32.dll
0x00007ffbd24f0000 - 0x00007ffbd259c000 	C:\Windows\system32\tmumh\20019\AddOn\7.0.0.1169\TmUmEvt64.dll
0x00007ffbdbe20000 - 0x00007ffbdbe28000 	C:\Windows\System32\PSAPI.DLL
0x00007ffbdbce0000 - 0x00007ffbdbd32000 	C:\Windows\System32\SHLWAPI.dll
0x000000006ec70000 - 0x000000006ed8a000 	C:\Windows\system32\tmumh\20019\TmMon\2.5.0.2095\tmmon64.dll
0x000000006ad20000 - 0x000000006adf2000 	C:\Program Files\Java\jre1.8.0_241\bin\msvcr100.dll
0x000000006afd0000 - 0x000000006b87c000 	C:\Program Files\Java\jre1.8.0_241\bin\server\jvm.dll
0x00007ffbc8f20000 - 0x00007ffbc8f29000 	C:\Windows\SYSTEM32\WSOCK32.dll
0x00007ffbdbd40000 - 0x00007ffbdbdaa000 	C:\Windows\System32\WS2_32.dll
0x00007ffbd3000000 - 0x00007ffbd3023000 	C:\Windows\SYSTEM32\WINMM.dll
0x00007ffbcfa80000 - 0x00007ffbcfa8a000 	C:\Windows\SYSTEM32\VERSION.dll
0x00007ffbd2fd0000 - 0x00007ffbd2ffb000 	C:\Windows\SYSTEM32\WINMMBASE.dll
0x00007ffbd8a50000 - 0x00007ffbd8a92000 	C:\Windows\System32\cfgmgr32.dll
0x00007ffbd04e0000 - 0x00007ffbd04ef000 	C:\Program Files\Java\jre1.8.0_241\bin\verify.dll
0x00007ffba8150000 - 0x00007ffba8179000 	C:\Program Files\Java\jre1.8.0_241\bin\java.dll
0x00007ffbb9980000 - 0x00007ffbb9996000 	C:\Program Files\Java\jre1.8.0_241\bin\zip.dll
0x00007ffbd9d10000 - 0x00007ffbdb215000 	C:\Windows\System32\SHELL32.dll
0x00007ffbd8b50000 - 0x00007ffbd922a000 	C:\Windows\System32\windows.storage.dll
0x00007ffbd89f0000 - 0x00007ffbd8a3c000 	C:\Windows\System32\powrprof.dll
0x00007ffbd89e0000 - 0x00007ffbd89ef000 	C:\Windows\System32\kernel.appcore.dll
0x00007ffbd8aa0000 - 0x00007ffbd8b49000 	C:\Windows\System32\shcore.dll
0x00007ffbd89c0000 - 0x00007ffbd89d4000 	C:\Windows\System32\profapi.dll
0x00007ffbd04c0000 - 0x00007ffbd04da000 	C:\Program Files\Java\jre1.8.0_241\bin\net.dll
0x00007ffbd8280000 - 0x00007ffbd82dc000 	C:\Windows\system32\mswsock.dll
0x00007ffbc1610000 - 0x00007ffbc1622000 	C:\Program Files\Java\jre1.8.0_241\bin\nio.dll

VM Arguments:
jvm_args: -Xss500m -Xmx2500M -Dfile.encoding=UTF-8 
java_command: dataflow.util.CallFlowCreator -whole-program -xml-attributes -keep-line-number -f jimple -p cg.cha enabled:true -app simple.logic.Logic -p cg verbose:true,all-reachable:true,,safe-forname:true,safe-newinstance:true
java_class_path (initial): Z:\01.mydrive\eclipseWorkspace\tmp\bin;Z:\01.mydrive\eclipseWorkspace\tmp\lib\annotations-api.jar;Z:\01.mydrive\eclipseWorkspace\tmp\lib\catalina-ant.jar;Z:\01.mydrive\eclipseWorkspace\tmp\lib\catalina-ha.jar;Z:\01.mydrive\eclipseWorkspace\tmp\lib\catalina-tribes.jar;Z:\01.mydrive\eclipseWorkspace\tmp\lib\catalina.jar;Z:\01.mydrive\eclipseWorkspace\tmp\lib\ecj-4.4.2.jar;Z:\01.mydrive\eclipseWorkspace\tmp\lib\el-api.jar;Z:\01.mydrive\eclipseWorkspace\tmp\lib\jasper-el.jar;Z:\01.mydrive\eclipseWorkspace\tmp\lib\jasper.jar;Z:\01.mydrive\eclipseWorkspace\tmp\lib\jsp-api.jar;Z:\01.mydrive\eclipseWorkspace\tmp\lib\servlet-api.jar;Z:\01.mydrive\eclipseWorkspace\tmp\lib\tomcat-api.jar;Z:\01.mydrive\eclipseWorkspace\tmp\lib\tomcat-coyote.jar;Z:\01.mydrive\eclipseWorkspace\tmp\lib\tomcat-dbcp.jar;Z:\01.mydrive\eclipseWorkspace\tmp\lib\tomcat-i18n-es.jar;Z:\01.mydrive\eclipseWorkspace\tmp\lib\tomcat-i18n-fr.jar;Z:\01.mydrive\eclipseWorkspace\tmp\lib\tomcat-i18n-ja.jar;Z:\01.mydrive\eclipseWorkspace\tmp\lib\tomcat-i18n-ru.jar;Z:\01.mydrive\eclipseWorkspace\tmp\lib\tomcat-jdbc.jar;Z:\01.mydrive\eclipseWorkspace\tmp\lib\tomcat-util.jar;Z:\01.mydrive\eclipseWorkspace\tmp\lib\tomcat7-websocket.jar;Z:\01.mydrive\eclipseWorkspace\tmp\lib\websocket-api.jar;C:\Program Files\eclipse javaEE\plugins\org.junit_4.11.0.v201303080030\junit.jar;C:\Program Files\eclipse javaEE\plugins\org.hamcrest.core_1.3.0.v201303031735.jar;Z:\01.mydrive\eclipseWorkspace\tmp\lib\soot-2.5.0.jar;Z:\01.mydrive\eclipseWorkspace\tmp\lib\rt.jar
Launcher Type: SUN_STANDARD

Environment Variables:
PATH=C:/Program Files/Java/jre1.8.0_241/bin/server;C:/Program Files/Java/jre1.8.0_241/bin;C:/Program Files/Java/jre1.8.0_241/lib/amd64;C:\Program Files (x86)\NVIDIA Corporation\PhysX\Common;C:\Program Files (x86)\Common Files\Oracle\Java\javapath;C:\Program Files\Haskell\bin;C:\Program Files\Haskell Platform\8.2.2\lib\extralibs\bin;C:\Program Files\Haskell Platform\8.2.2\bin;C:\ProgramData\Oracle\Java\javapath;C:\Windows\system32;C:\Windows;C:\Windows\System32\Wbem;C:\Windows\System32\WindowsPowerShell\v1.0\;c:\Program Files (x86)\Microsoft SQL Server\110\Tools\Binn\;c:\Program Files\Microsoft SQL Server\110\Tools\Binn\;c:\Program Files\Microsoft SQL Server\110\DTS\Binn\;C:\Program Files (x86)\Shoes;C:\MinGW\bin;C:\Ruby25-x64\bin;C:\Ruby23-x64\bin;C:\Program Files (x86)\gnuplot\bin;C:\Program Files (x86)\Windows Kits\10\Windows Performance Toolkit\;C:\ProgramData\Anaconda3;C:\Python36\Scripts\;C:\Python36\;C:\Program Files (x86)\LilyPond\usr\bin;C:\Program Files (x86)\Windows Kits\8.1\Windows Performance Toolkit\;C:\Program Files (x86)\PuTTY\;C:\Program Files\IBM\SPSS\Statistics\25\JRE\bin;C:\Program Files\Haskell Platform\8.2.2\mingw\bin;C:\texlive\2018\bin\win32;C:\Program Files\Microsoft VS Code\bin;C:\Program Files (x86)\scala\bin;C:\Program Files\MATLAB\R2018b\bin;C:\Program Files (x86)\Wolfram Research\WolframScript\;C:\Program Files (x86)\mysql\bin;C:\Program Files (x86)\php;C:\Program Files\gs\gs9.50\bin;C:\Users\s1930149\AppData\Local\Microsoft\WindowsApps;;C:\Program Files\eclipse javaEE;
USERNAME=s1930149
OS=Windows_NT
PROCESSOR_IDENTIFIER=Intel64 Family 6 Model 94 Stepping 3, GenuineIntel



---------------  S Y S T E M  ---------------

OS: Windows 10.0 , 64 bit Build 14393 (10.0.14393.2969)

CPU:total 4 (initial active 4) (4 cores per cpu, 1 threads per core) family 6 model 94 stepping 3, cmov, cx8, fxsr, mmx, sse, sse2, sse3, ssse3, sse4.1, sse4.2, popcnt, aes, clmul, erms, rtm, 3dnowpref, lzcnt, tsc, tscinvbit, bmi1, bmi2, adx

Memory: 4k page, physical 8142772k(1025420k free), swap 8142772k(3132k free)

vm_info: Java HotSpot(TM) 64-Bit Server VM (25.241-b07) for windows-amd64 JRE (1.8.0_241-b07), built on Dec 11 2019 10:21:40 by "rejava" with MS VC++ 10.0 (VS2010)

time: Sat Jan 25 21:26:49 2020
timezone: ìåãû (ïWèÄéû)
elapsed time: 51 seconds (0d 0h 0m 51s)

