#
# There is insufficient memory for the Java Runtime Environment to continue.
# Native memory allocation (malloc) failed to allocate 65552 bytes for Chunk::new
# Possible reasons:
#   The system is out of physical RAM or swap space
# Possible solutions:
#   Reduce memory load on the system
#   Increase physical memory or swap space
#   Check if swap backing store is full
#   Decrease Java heap size (-Xmx/-Xms)
#   Decrease number of Java threads
#   Decrease Java thread stack sizes (-Xss)
#   Set larger code cache with -XX:ReservedCodeCacheSize=
# This output file may be truncated or incomplete.
#
#  Out of Memory Error (allocation.cpp:389), pid=5392, tid=0x0000000000001e40
#
# JRE version: Java(TM) SE Runtime Environment (8.0_241-b07) (build 1.8.0_241-b07)
# Java VM: Java HotSpot(TM) 64-Bit Server VM (25.241-b07 mixed mode windows-amd64 )
# Failed to write core dump. Minidumps are not enabled by default on client versions of Windows
#

---------------  T H R E A D  ---------------

Current thread (0x000000003484a000):  JavaThread "C2 CompilerThread1" daemon [_thread_in_native, id=7744, stack(0x0000000035a90000,0x0000000035b90000)]

Stack: [0x0000000035a90000,0x0000000035b90000]
[error occurred during error reporting (printing stack bounds), id 0xc0000005]

Native frames: (J=compiled Java code, j=interpreted, Vv=VM code, C=native code)


Current CompileTask:
C2:  53287 2503       4       soot.jimple.toolkits.base.Aggregator::internalAggregate (914 bytes)


---------------  P R O C E S S  ---------------

Java Threads: ( => current thread )
  0x0000000035c04800 JavaThread "Service Thread" daemon [_thread_blocked, id=8640, stack(0x0000001d53700000,0x0000001dfcf00000)]
  0x0000000035b91800 JavaThread "C1 CompilerThread2" daemon [_thread_blocked, id=2492, stack(0x0000000035f90000,0x0000000036090000)]
=>0x000000003484a000 JavaThread "C2 CompilerThread1" daemon [_thread_in_native, id=7744, stack(0x0000000035a90000,0x0000000035b90000)]
  0x0000000034845800 JavaThread "C2 CompilerThread0" daemon [_thread_in_native, id=8512, stack(0x0000000035990000,0x0000000035a90000)]
  0x0000000034844000 JavaThread "Attach Listener" daemon [_thread_blocked, id=9948, stack(0x0000001ca9f00000,0x0000001d53700000)]
  0x00000000347fa000 JavaThread "Signal Dispatcher" daemon [_thread_blocked, id=9800, stack(0x0000001c00700000,0x0000001ca9f00000)]
  0x00000000347da800 JavaThread "Finalizer" daemon [_thread_blocked, id=1460, stack(0x0000001b56f00000,0x0000001c00700000)]
  0x0000000001282800 JavaThread "Reference Handler" daemon [_thread_blocked, id=3048, stack(0x0000001aad700000,0x0000001b56f00000)]
  0x0000000001192800 JavaThread "main" [_thread_in_Java, id=8508, stack(0x000000007fff0000,0x00000001297f0000)]

Other Threads:
  0x00000000347b7800 VMThread [stack: 0x0000000035890000,0x0000000035990000] [id=9780]
  0x0000000035c3b800 WatcherThread [stack: 0x0000000036090000,0x0000000036190000] [id=4240]

VM state:not at safepoint (normal execution)

VM Mutex/Monitor currently owned by a thread: None

Heap:
 PSYoungGen      total 671232K, used 321884K [0x00000011c6d00000, 0x00000011f3880000, 0x00000019ea200000)
  eden space 617984K, 43% used [0x00000011c6d00000,0x00000011d767eb68,0x00000011ec880000)
  from space 53248K, 93% used [0x00000011ec880000,0x00000011ef958580,0x00000011efc80000)
  to   space 51200K, 0% used [0x00000011efc80000,0x00000011efc80000,0x00000011f2e80000)
 ParOldGen       total 242688K, used 142656K [0x0000000180200000, 0x000000018ef00000, 0x00000011c6d00000)
  object space 242688K, 58% used [0x0000000180200000,0x0000000188d500e8,0x000000018ef00000)
 Metaspace       used 10709K, capacity 10999K, committed 11264K, reserved 12288K

Card table byte_map: [0x0000000012bb0000,0x000000001ef10000] byte_map_base: 0x0000000011faf000

Marking Bits: (ParMarkBitMap*) 0x000000006d91be30
 Begin Bits: [0x00000019ea200000, 0x0000001a4bc80000)
 End Bits:   [0x0000001a4bc80000, 0x0000001aad700000)

Polling page: 0x0000000001170000

CodeCache: size=245760Kb used=12054Kb max_used=12058Kb free=233705Kb
 bounds [0x00000000037f0000, 0x00000000043f0000, 0x00000000127f0000]
 total_blobs=2441 nmethods=2133 adapters=221
 compilation: enabled

Compilation events (10 events):
Event: 53.179 Thread 0x0000000034845800 nmethod 2294 0x0000000003df3d50 code [0x0000000003df3ec0, 0x0000000003df43b8]
Event: 53.179 Thread 0x0000000034845800 2326       4       soot.jimple.toolkits.callgraph.Edge::<init> (56 bytes)
Event: 53.179 Thread 0x0000000034845800 nmethod 2326 0x0000000003b37bd0 code [0x0000000003b37d00, 0x0000000003b37d98]
Event: 53.179 Thread 0x0000000034845800 2327       4       soot.jimple.toolkits.callgraph.CallGraph::addEdge (165 bytes)
Event: 53.198 Thread 0x0000000034845800 nmethod 2327 0x000000000399cbd0 code [0x000000000399ce00, 0x000000000399e450]
Event: 53.198 Thread 0x0000000034845800 2533 % !   4       soot.coffi.CFG::jimplify @ 908 (2043 bytes)
Event: 53.217 Thread 0x0000000035b91800 2616       2       soot.jimple.internal.JAssignStmt::getUnitBoxes (32 bytes)
Event: 53.217 Thread 0x0000000035b91800 nmethod 2616 0x0000000003e6e150 code [0x0000000003e6e2c0, 0x0000000003e6e530]
Event: 53.242 Thread 0x0000000035b91800 2618       3       soot.coffi.CFG::jimpleTargetFixup (141 bytes)
Event: 53.243 Thread 0x0000000035b91800 nmethod 2618 0x0000000003c07910 code [0x0000000003c07c20, 0x0000000003c09748]

GC Heap History (10 events):
Event: 49.738 GC heap before
{Heap before GC invocations=18 (full 3):
 PSYoungGen      total 600576K, used 12277K [0x00000011c6d00000, 0x00000011ef000000, 0x00000019ea200000)
  eden space 543744K, 0% used [0x00000011c6d00000,0x00000011c6d00000,0x00000011e8000000)
  from space 56832K, 21% used [0x00000011e8000000,0x00000011e8bfd720,0x00000011eb780000)
  to   space 51712K, 0% used [0x00000011eb780000,0x00000011eb780000,0x00000011eea00000)
 ParOldGen       total 218624K, used 197586K [0x0000000180200000, 0x000000018d780000, 0x00000011c6d00000)
  object space 218624K, 90% used [0x0000000180200000,0x000000018c2f4b50,0x000000018d780000)
 Metaspace       used 10548K, capacity 10807K, committed 11008K, reserved 12288K
Event: 50.164 GC heap after
Heap after GC invocations=18 (full 3):
 PSYoungGen      total 600576K, used 0K [0x00000011c6d00000, 0x00000011ef000000, 0x00000019ea200000)
  eden space 543744K, 0% used [0x00000011c6d00000,0x00000011c6d00000,0x00000011e8000000)
  from space 56832K, 0% used [0x00000011e8000000,0x00000011e8000000,0x00000011eb780000)
  to   space 51712K, 0% used [0x00000011eb780000,0x00000011eb780000,0x00000011eea00000)
 ParOldGen       total 242688K, used 142656K [0x0000000180200000, 0x000000018ef00000, 0x00000011c6d00000)
  object space 242688K, 58% used [0x0000000180200000,0x0000000188d500e8,0x000000018ef00000)
 Metaspace       used 10548K, capacity 10807K, committed 11008K, reserved 12288K
}
Event: 50.847 GC heap before
{Heap before GC invocations=19 (full 3):
 PSYoungGen      total 600576K, used 543744K [0x00000011c6d00000, 0x00000011ef000000, 0x00000019ea200000)
  eden space 543744K, 100% used [0x00000011c6d00000,0x00000011e8000000,0x00000011e8000000)
  from space 56832K, 0% used [0x00000011e8000000,0x00000011e8000000,0x00000011eb780000)
  to   space 51712K, 0% used [0x00000011eb780000,0x00000011eb780000,0x00000011eea00000)
 ParOldGen       total 242688K, used 142656K [0x0000000180200000, 0x000000018ef00000, 0x00000011c6d00000)
  object space 242688K, 58% used [0x0000000180200000,0x0000000188d500e8,0x000000018ef00000)
 Metaspace       used 10561K, capacity 10871K, committed 11008K, reserved 12288K
Event: 50.861 GC heap after
Heap after GC invocations=19 (full 3):
 PSYoungGen      total 595456K, used 13921K [0x00000011c6d00000, 0x00000011ef000000, 0x00000019ea200000)
  eden space 543744K, 0% used [0x00000011c6d00000,0x00000011c6d00000,0x00000011e8000000)
  from space 51712K, 26% used [0x00000011eb780000,0x00000011ec518538,0x00000011eea00000)
  to   space 56832K, 0% used [0x00000011e8000000,0x00000011e8000000,0x00000011eb780000)
 ParOldGen       total 242688K, used 142656K [0x0000000180200000, 0x000000018ef00000, 0x00000011c6d00000)
  object space 242688K, 58% used [0x0000000180200000,0x0000000188d500e8,0x000000018ef00000)
 Metaspace       used 10561K, capacity 10871K, committed 11008K, reserved 12288K
}
Event: 51.496 GC heap before
{Heap before GC invocations=20 (full 3):
 PSYoungGen      total 595456K, used 557665K [0x00000011c6d00000, 0x00000011ef000000, 0x00000019ea200000)
  eden space 543744K, 100% used [0x00000011c6d00000,0x00000011e8000000,0x00000011e8000000)
  from space 51712K, 26% used [0x00000011eb780000,0x00000011ec518538,0x00000011eea00000)
  to   space 56832K, 0% used [0x00000011e8000000,0x00000011e8000000,0x00000011eb780000)
 ParOldGen       total 242688K, used 142656K [0x0000000180200000, 0x000000018ef00000, 0x00000011c6d00000)
  object space 242688K, 58% used [0x0000000180200000,0x0000000188d500e8,0x000000018ef00000)
 Metaspace       used 10564K, capacity 10871K, committed 11008K, reserved 12288K
Event: 51.512 GC heap after
Heap after GC invocations=20 (full 3):
 PSYoungGen      total 600576K, used 24353K [0x00000011c6d00000, 0x00000011f2e80000, 0x00000019ea200000)
  eden space 543744K, 0% used [0x00000011c6d00000,0x00000011c6d00000,0x00000011e8000000)
  from space 56832K, 42% used [0x00000011e8000000,0x00000011e97c8538,0x00000011eb780000)
  to   space 51200K, 0% used [0x00000011efc80000,0x00000011efc80000,0x00000011f2e80000)
 ParOldGen       total 242688K, used 142656K [0x0000000180200000, 0x000000018ef00000, 0x00000011c6d00000)
  object space 242688K, 58% used [0x0000000180200000,0x0000000188d500e8,0x000000018ef00000)
 Metaspace       used 10564K, capacity 10871K, committed 11008K, reserved 12288K
}
Event: 52.115 GC heap before
{Heap before GC invocations=21 (full 3):
 PSYoungGen      total 600576K, used 568097K [0x00000011c6d00000, 0x00000011f2e80000, 0x00000019ea200000)
  eden space 543744K, 100% used [0x00000011c6d00000,0x00000011e8000000,0x00000011e8000000)
  from space 56832K, 42% used [0x00000011e8000000,0x00000011e97c8538,0x00000011eb780000)
  to   space 51200K, 0% used [0x00000011efc80000,0x00000011efc80000,0x00000011f2e80000)
 ParOldGen       total 242688K, used 142656K [0x0000000180200000, 0x000000018ef00000, 0x00000011c6d00000)
  object space 242688K, 58% used [0x0000000180200000,0x0000000188d500e8,0x000000018ef00000)
 Metaspace       used 10574K, capacity 10871K, committed 11008K, reserved 12288K
Event: 52.143 GC heap after
Heap after GC invocations=21 (full 3):
 PSYoungGen      total 669184K, used 35777K [0x00000011c6d00000, 0x00000011f3880000, 0x00000019ea200000)
  eden space 617984K, 0% used [0x00000011c6d00000,0x00000011c6d00000,0x00000011ec880000)
  from space 51200K, 69% used [0x00000011efc80000,0x00000011f1f70568,0x00000011f2e80000)
  to   space 53248K, 0% used [0x00000011ec880000,0x00000011ec880000,0x00000011efc80000)
 ParOldGen       total 242688K, used 142656K [0x0000000180200000, 0x000000018ef00000, 0x00000011c6d00000)
  object space 242688K, 58% used [0x0000000180200000,0x0000000188d500e8,0x000000018ef00000)
 Metaspace       used 10574K, capacity 10871K, committed 11008K, reserved 12288K
}
Event: 52.924 GC heap before
{Heap before GC invocations=22 (full 3):
 PSYoungGen      total 669184K, used 653761K [0x00000011c6d00000, 0x00000011f3880000, 0x00000019ea200000)
  eden space 617984K, 100% used [0x00000011c6d00000,0x00000011ec880000,0x00000011ec880000)
  from space 51200K, 69% used [0x00000011efc80000,0x00000011f1f70568,0x00000011f2e80000)
  to   space 53248K, 0% used [0x00000011ec880000,0x00000011ec880000,0x00000011efc80000)
 ParOldGen       total 242688K, used 142656K [0x0000000180200000, 0x000000018ef00000, 0x00000011c6d00000)
  object space 242688K, 58% used [0x0000000180200000,0x0000000188d500e8,0x000000018ef00000)
 Metaspace       used 10708K, capacity 10999K, committed 11264K, reserved 12288K
Event: 52.968 GC heap after
Heap after GC invocations=22 (full 3):
 PSYoungGen      total 671232K, used 50017K [0x00000011c6d00000, 0x00000011f3880000, 0x00000019ea200000)
  eden space 617984K, 0% used [0x00000011c6d00000,0x00000011c6d00000,0x00000011ec880000)
  from space 53248K, 93% used [0x00000011ec880000,0x00000011ef958580,0x00000011efc80000)
  to   space 51200K, 0% used [0x00000011efc80000,0x00000011efc80000,0x00000011f2e80000)
 ParOldGen       total 242688K, used 142656K [0x0000000180200000, 0x000000018ef00000, 0x00000011c6d00000)
  object space 242688K, 58% used [0x0000000180200000,0x0000000188d500e8,0x000000018ef00000)
 Metaspace       used 10708K, capacity 10999K, committed 11264K, reserved 12288K
}

Deoptimization events (10 events):
Event: 52.836 Thread 0x0000000001192800 Uncommon trap: reason=unstable_if action=reinterpret pc=0x0000000003f04684 method=java.util.TreeMap.getEntry(Ljava/lang/Object;)Ljava/util/TreeMap$Entry; @ 4
Event: 52.841 Thread 0x0000000001192800 Uncommon trap: reason=unstable_if action=reinterpret pc=0x0000000003fc6ea0 method=java.util.TreeMap.deleteEntry(Ljava/util/TreeMap$Entry;)V @ 24
Event: 52.841 Thread 0x0000000001192800 Uncommon trap: reason=unstable_if action=reinterpret pc=0x0000000003f0fd0c method=java.util.TreeMap.fixAfterDeletion(Ljava/util/TreeMap$Entry;)V @ 24
Event: 52.841 Thread 0x0000000001192800 Uncommon trap: reason=unstable_if action=reinterpret pc=0x00000000040c2ce4 method=java.util.TreeMap.getFirstEntry()Ljava/util/TreeMap$Entry; @ 6
Event: 52.841 Thread 0x0000000001192800 Uncommon trap: reason=class_check action=maybe_recompile pc=0x0000000003e7155c method=java.util.Collections$UnmodifiableList.get(I)Ljava/lang/Object; @ 5
Event: 52.841 Thread 0x0000000001192800 Uncommon trap: reason=unstable_if action=reinterpret pc=0x0000000003f7f608 method=java.util.TreeMap.getFirstEntry()Ljava/util/TreeMap$Entry; @ 6
Event: 52.842 Thread 0x0000000001192800 Uncommon trap: reason=class_check action=maybe_recompile pc=0x0000000003e7155c method=java.util.Collections$UnmodifiableList.get(I)Ljava/lang/Object; @ 5
Event: 52.842 Thread 0x0000000001192800 Uncommon trap: reason=class_check action=maybe_recompile pc=0x0000000003e7155c method=java.util.Collections$UnmodifiableList.get(I)Ljava/lang/Object; @ 5
Event: 52.842 Thread 0x0000000001192800 Uncommon trap: reason=class_check action=maybe_recompile pc=0x0000000003e7155c method=java.util.Collections$UnmodifiableList.get(I)Ljava/lang/Object; @ 5
Event: 52.998 Thread 0x0000000001192800 Uncommon trap: reason=unstable_if action=reinterpret pc=0x0000000003bf0498 method=soot.FastHierarchy.canStoreType(Lsoot/Type;Lsoot/Type;)Z @ 322

Classes redefined (0 events):
No events

Internal exceptions (10 events):
Event: 20.836 Thread 0x0000000001192800 Exception <a 'java/lang/ArrayIndexOutOfBoundsException': 18> (0x00000011cafc4938) thrown at [C:\ade\jenkins\workspace\8-2-build-windows-amd64-cygwin\jdk8u241\331\hotspot\src\share\vm\interpreter\interpreterRuntime.cpp, line 368]
Event: 39.556 Thread 0x0000000001192800 Implicit null exception at 0x0000000003d4258e to 0x0000000003d425bd
Event: 40.026 Thread 0x0000000001192800 Implicit null exception at 0x0000000003ce9087 to 0x0000000003ce950d
Event: 40.493 Thread 0x0000000001192800 Implicit null exception at 0x0000000003ba8229 to 0x0000000003ba9df9
Event: 41.165 Thread 0x0000000001192800 Implicit null exception at 0x0000000003c9c8df to 0x0000000003c9c939
Event: 42.435 Thread 0x0000000001192800 Implicit null exception at 0x0000000003d844ec to 0x0000000003d847a1
Event: 42.435 Thread 0x0000000001192800 Implicit null exception at 0x0000000003d806e9 to 0x0000000003d80a6d
Event: 42.673 Thread 0x0000000001192800 Implicit null exception at 0x0000000003d8104e to 0x0000000003d810d9
Event: 52.841 Thread 0x0000000001192800 Implicit null exception at 0x00000000040c2b7b to 0x00000000040c2ccd
Event: 52.841 Thread 0x0000000001192800 Implicit null exception at 0x0000000003f7f549 to 0x0000000003f7f5f9

Events (10 events):
Event: 53.145 Thread 0x0000000001192800 DEOPT PACKING pc=0x0000000003b7e16c sp=0x00000001297ee2b0
Event: 53.145 Thread 0x0000000001192800 DEOPT UNPACKING pc=0x0000000003837490 sp=0x00000001297ee1d8 mode 0
Event: 53.160 Thread 0x0000000001192800 DEOPT PACKING pc=0x0000000003ff93a2 sp=0x00000001297ee220
Event: 53.160 Thread 0x0000000001192800 DEOPT UNPACKING pc=0x0000000003837490 sp=0x00000001297ee028 mode 0
Event: 53.228 Thread 0x0000000001192800 DEOPT PACKING pc=0x0000000003ff9281 sp=0x00000001297ee220
Event: 53.228 Thread 0x0000000001192800 DEOPT UNPACKING pc=0x0000000003837490 sp=0x00000001297ee028 mode 0
Event: 53.239 Thread 0x0000000001192800 DEOPT PACKING pc=0x0000000003abf60c sp=0x00000001297ee370
Event: 53.239 Thread 0x0000000001192800 DEOPT UNPACKING pc=0x0000000003837490 sp=0x00000001297ee458 mode 0
Event: 53.259 Thread 0x0000000001192800 DEOPT PACKING pc=0x0000000003a12e27 sp=0x00000001297ee2b0
Event: 53.259 Thread 0x0000000001192800 DEOPT UNPACKING pc=0x0000000003837490 sp=0x00000001297ee0b0 mode 0


Dynamic libraries:
0x00007ff647220000 - 0x00007ff647257000 	C:\Program Files\Java\jre1.8.0_241\bin\javaw.exe
0x00007ffde38e0000 - 0x00007ffde3ab0000 	C:\Windows\SYSTEM32\ntdll.dll
0x00007ffde2b20000 - 0x00007ffde2bcc000 	C:\Windows\System32\KERNEL32.DLL
0x00007ffde0a30000 - 0x00007ffde0c4d000 	C:\Windows\System32\KERNELBASE.dll
0x00007ffde2850000 - 0x00007ffde28f2000 	C:\Windows\System32\ADVAPI32.dll
0x00007ffde2da0000 - 0x00007ffde2e3e000 	C:\Windows\System32\msvcrt.dll
0x00007ffde2d40000 - 0x00007ffde2d99000 	C:\Windows\System32\sechost.dll
0x00007ffde23e0000 - 0x00007ffde2501000 	C:\Windows\System32\RPCRT4.dll
0x00007ffde2f40000 - 0x00007ffde30a5000 	C:\Windows\System32\USER32.dll
0x00007ffde0da0000 - 0x00007ffde0dbe000 	C:\Windows\System32\win32u.dll
0x00007ffde2d00000 - 0x00007ffde2d34000 	C:\Windows\System32\GDI32.dll
0x00007ffddfe40000 - 0x00007ffddffc1000 	C:\Windows\System32\gdi32full.dll
0x00007ffdd7c70000 - 0x00007ffdd7eea000 	C:\Windows\WinSxS\amd64_microsoft.windows.common-controls_6595b64144ccf1df_6.0.14393.3053_none_7de042968342015d\COMCTL32.dll
0x00007ffde3560000 - 0x00007ffde3825000 	C:\Windows\System32\combase.dll
0x00007ffde0930000 - 0x00007ffde0a24000 	C:\Windows\System32\ucrtbase.dll
0x00007ffddfdd0000 - 0x00007ffddfe3a000 	C:\Windows\System32\bcryptPrimitives.dll
0x00007ffde38a0000 - 0x00007ffde38ce000 	C:\Windows\System32\IMM32.DLL
0x0000000180000000 - 0x000000018000d000 	C:\Windows\KATRK64.DLL
0x00007ffddccb0000 - 0x00007ffddccc3000 	C:\Windows\SYSTEM32\WTSAPI32.dll
0x00007ffdd7a20000 - 0x00007ffdd7acc000 	C:\Windows\system32\tmumh\20019\AddOn\7.0.0.1169\TmUmEvt64.dll
0x00007ffde30b0000 - 0x00007ffde30b8000 	C:\Windows\System32\PSAPI.DLL
0x00007ffde2380000 - 0x00007ffde23d2000 	C:\Windows\System32\SHLWAPI.dll
0x0000000070ec0000 - 0x0000000070fda000 	C:\Windows\system32\tmumh\20019\TmMon\2.5.0.2095\tmmon64.dll
0x000000006cf90000 - 0x000000006d062000 	C:\Program Files\Java\jre1.8.0_241\bin\msvcr100.dll
0x000000006d0f0000 - 0x000000006d99c000 	C:\Program Files\Java\jre1.8.0_241\bin\server\jvm.dll
0x00007ffdcf3c0000 - 0x00007ffdcf3c9000 	C:\Windows\SYSTEM32\WSOCK32.dll
0x00007ffde3830000 - 0x00007ffde389a000 	C:\Windows\System32\WS2_32.dll
0x00007ffdd7f50000 - 0x00007ffdd7f73000 	C:\Windows\SYSTEM32\WINMM.dll
0x00007ffdd5230000 - 0x00007ffdd523a000 	C:\Windows\SYSTEM32\VERSION.dll
0x00007ffdd7f20000 - 0x00007ffdd7f4b000 	C:\Windows\SYSTEM32\WINMMBASE.dll
0x00007ffde0e20000 - 0x00007ffde0e62000 	C:\Windows\System32\cfgmgr32.dll
0x00007ffddce50000 - 0x00007ffddce5f000 	C:\Program Files\Java\jre1.8.0_241\bin\verify.dll
0x00007ffdd74a0000 - 0x00007ffdd74c9000 	C:\Program Files\Java\jre1.8.0_241\bin\java.dll
0x00007ffdd6630000 - 0x00007ffdd6646000 	C:\Program Files\Java\jre1.8.0_241\bin\zip.dll
0x00007ffde0e70000 - 0x00007ffde2375000 	C:\Windows\System32\SHELL32.dll
0x00007ffddffd0000 - 0x00007ffde06aa000 	C:\Windows\System32\windows.storage.dll
0x00007ffddfd70000 - 0x00007ffddfdbc000 	C:\Windows\System32\powrprof.dll
0x00007ffddfd60000 - 0x00007ffddfd6f000 	C:\Windows\System32\kernel.appcore.dll
0x00007ffde0c50000 - 0x00007ffde0cf9000 	C:\Windows\System32\shcore.dll
0x00007ffddfd40000 - 0x00007ffddfd54000 	C:\Windows\System32\profapi.dll
0x00007ffdc8bf0000 - 0x00007ffdc8c0a000 	C:\Program Files\Java\jre1.8.0_241\bin\net.dll
0x00007ffddf660000 - 0x00007ffddf6bc000 	C:\Windows\system32\mswsock.dll
0x00007ffdc8bd0000 - 0x00007ffdc8be2000 	C:\Program Files\Java\jre1.8.0_241\bin\nio.dll

VM Arguments:
jvm_args: -Xss15000m -Xmx100000M -Dfile.encoding=UTF-8 
java_command: dataflow.util.CGCreator -whole-program -xml-attributes -keep-line-number -f jimple -p cg.cha enabled:true -app simple.logic.Logic -p cg verbose:true,all-reachable:true,,safe-forname:true,safe-newinstance:true
java_class_path (initial): Z:\01.mydrive\eclipseWorkspace\tmp\bin;Z:\01.mydrive\eclipseWorkspace\tmp\lib\annotations-api.jar;Z:\01.mydrive\eclipseWorkspace\tmp\lib\catalina-ant.jar;Z:\01.mydrive\eclipseWorkspace\tmp\lib\catalina-ha.jar;Z:\01.mydrive\eclipseWorkspace\tmp\lib\catalina-tribes.jar;Z:\01.mydrive\eclipseWorkspace\tmp\lib\catalina.jar;Z:\01.mydrive\eclipseWorkspace\tmp\lib\ecj-4.4.2.jar;Z:\01.mydrive\eclipseWorkspace\tmp\lib\el-api.jar;Z:\01.mydrive\eclipseWorkspace\tmp\lib\jasper-el.jar;Z:\01.mydrive\eclipseWorkspace\tmp\lib\jasper.jar;Z:\01.mydrive\eclipseWorkspace\tmp\lib\jsp-api.jar;Z:\01.mydrive\eclipseWorkspace\tmp\lib\servlet-api.jar;Z:\01.mydrive\eclipseWorkspace\tmp\lib\tomcat-api.jar;Z:\01.mydrive\eclipseWorkspace\tmp\lib\tomcat-coyote.jar;Z:\01.mydrive\eclipseWorkspace\tmp\lib\tomcat-dbcp.jar;Z:\01.mydrive\eclipseWorkspace\tmp\lib\tomcat-i18n-es.jar;Z:\01.mydrive\eclipseWorkspace\tmp\lib\tomcat-i18n-fr.jar;Z:\01.mydrive\eclipseWorkspace\tmp\lib\tomcat-i18n-ja.jar;Z:\01.mydrive\eclipseWorkspace\tmp\lib\tomcat-i18n-ru.jar;Z:\01.mydrive\eclipseWorkspace\tmp\lib\tomcat-jdbc.jar;Z:\01.mydrive\eclipseWorkspace\tmp\lib\tomcat-util.jar;Z:\01.mydrive\eclipseWorkspace\tmp\lib\tomcat7-websocket.jar;Z:\01.mydrive\eclipseWorkspace\tmp\lib\websocket-api.jar;C:\Program Files\eclipse javaEE\plugins\org.junit_4.11.0.v201303080030\junit.jar;C:\Program Files\eclipse javaEE\plugins\org.hamcrest.core_1.3.0.v201303031735.jar;Z:\01.mydrive\eclipseWorkspace\tmp\lib\soot-2.5.0.jar;Z:\01.mydrive\eclipseWorkspace\tmp\lib\rt.jar
Launcher Type: SUN_STANDARD

Environment Variables:
PATH=C:/Program Files/Java/jre1.8.0_241/bin/server;C:/Program Files/Java/jre1.8.0_241/bin;C:/Program Files/Java/jre1.8.0_241/lib/amd64;C:\Program Files (x86)\NVIDIA Corporation\PhysX\Common;C:\Program Files (x86)\Common Files\Oracle\Java\javapath;C:\Program Files\Haskell\bin;C:\Program Files\Haskell Platform\8.2.2\lib\extralibs\bin;C:\Program Files\Haskell Platform\8.2.2\bin;C:\ProgramData\Oracle\Java\javapath;C:\Windows\system32;C:\Windows;C:\Windows\System32\Wbem;C:\Windows\System32\WindowsPowerShell\v1.0\;c:\Program Files (x86)\Microsoft SQL Server\110\Tools\Binn\;c:\Program Files\Microsoft SQL Server\110\Tools\Binn\;c:\Program Files\Microsoft SQL Server\110\DTS\Binn\;C:\Program Files (x86)\Shoes;C:\MinGW\bin;C:\Ruby25-x64\bin;C:\Ruby23-x64\bin;C:\Program Files (x86)\gnuplot\bin;C:\Program Files (x86)\Windows Kits\10\Windows Performance Toolkit\;C:\ProgramData\Anaconda3;C:\Python36\Scripts\;C:\Python36\;C:\Program Files (x86)\LilyPond\usr\bin;C:\Program Files (x86)\Windows Kits\8.1\Windows Performance Toolkit\;C:\Program Files (x86)\PuTTY\;C:\Program Files\IBM\SPSS\Statistics\25\JRE\bin;C:\Program Files\Haskell Platform\8.2.2\mingw\bin;C:\texlive\2018\bin\win32;C:\Program Files\Microsoft VS Code\bin;C:\Program Files (x86)\scala\bin;C:\Program Files\MATLAB\R2018b\bin;C:\Program Files (x86)\Wolfram Research\WolframScript\;C:\Program Files (x86)\mysql\bin;C:\Program Files (x86)\php;C:\Program Files\gs\gs9.50\bin;C:\Users\s1930149\AppData\Local\Microsoft\WindowsApps;;C:\Program Files\eclipse javaEE;
USERNAME=s1930149
OS=Windows_NT
PROCESSOR_IDENTIFIER=Intel64 Family 6 Model 94 Stepping 3, GenuineIntel



---------------  S Y S T E M  ---------------

OS: Windows 10.0 , 64 bit Build 14393 (10.0.14393.2969)

CPU:total 4 (initial active 4) (4 cores per cpu, 1 threads per core) family 6 model 94 stepping 3, cmov, cx8, fxsr, mmx, sse, sse2, sse3, ssse3, sse4.1, sse4.2, popcnt, aes, clmul, erms, rtm, 3dnowpref, lzcnt, tsc, tscinvbit, bmi1, bmi2, adx

Memory: 4k page, physical 8142772k(3681836k free), swap 8142772k(4248k free)

vm_info: Java HotSpot(TM) 64-Bit Server VM (25.241-b07) for windows-amd64 JRE (1.8.0_241-b07), built on Dec 11 2019 10:21:40 by "rejava" with MS VC++ 10.0 (VS2010)

time: Thu Jan 30 17:30:11 2020
timezone: ìåãû (ïWèÄéû)
elapsed time: 53 seconds (0d 0h 0m 53s)

