#
# There is insufficient memory for the Java Runtime Environment to continue.
# Native memory allocation (malloc) failed to allocate 1041616 bytes for Chunk::new
# Possible reasons:
#   The system is out of physical RAM or swap space
#   The process is running with CompressedOops enabled, and the Java Heap may be blocking the growth of the native heap
# Possible solutions:
#   Reduce memory load on the system
#   Increase physical memory or swap space
#   Check if swap backing store is full
#   Decrease Java heap size (-Xmx/-Xms)
#   Decrease number of Java threads
#   Decrease Java thread stack sizes (-Xss)
#   Set larger code cache with -XX:ReservedCodeCacheSize=
#   JVM is running with Zero Based Compressed Oops mode in which the Java heap is
#     placed in the first 32GB address space. The Java Heap base address is the
#     maximum limit for the native heap growth. Please use -XX:HeapBaseMinAddress
#     to set the Java Heap base and to place the Java Heap above 32GB virtual address.
# This output file may be truncated or incomplete.
#
#  Out of Memory Error (allocation.cpp:389), pid=10808, tid=0x0000000000000eb8
#
# JRE version: Java(TM) SE Runtime Environment (8.0_241-b07) (build 1.8.0_241-b07)
# Java VM: Java HotSpot(TM) 64-Bit Server VM (25.241-b07 mixed mode windows-amd64 compressed oops)
# Failed to write core dump. Minidumps are not enabled by default on client versions of Windows
#

---------------  T H R E A D  ---------------

Current thread (0x0000000056ef6000):  JavaThread "C2 CompilerThread0" daemon [_thread_in_native, id=3768, stack(0x000000005ce20000,0x000000005cf20000)]

Stack: [0x000000005ce20000,0x000000005cf20000]
[error occurred during error reporting (printing stack bounds), id 0xc0000005]

Native frames: (J=compiled Java code, j=interpreted, Vv=VM code, C=native code)


Current CompileTask:
C2:  62229 2934       4       soot.coffi.CFG::processFlow (4665 bytes)


---------------  P R O C E S S  ---------------

Java Threads: ( => current thread )
  0x000000005cf9a800 JavaThread "Service Thread" daemon [_thread_blocked, id=7632, stack(0x000000083e800000,0x000000087d000000)]
  0x000000005cf29000 JavaThread "C1 CompilerThread2" daemon [_thread_blocked, id=6008, stack(0x000000005d420000,0x000000005d520000)]
  0x0000000056ef9800 JavaThread "C2 CompilerThread1" daemon [_thread_in_native, id=5024, stack(0x000000005d320000,0x000000005d420000)]
=>0x0000000056ef6000 JavaThread "C2 CompilerThread0" daemon [_thread_in_native, id=3768, stack(0x000000005ce20000,0x000000005cf20000)]
  0x0000000056ef5000 JavaThread "Attach Listener" daemon [_thread_blocked, id=6424, stack(0x0000000800000000,0x000000083e800000)]
  0x0000000056e9b800 JavaThread "Signal Dispatcher" daemon [_thread_blocked, id=6516, stack(0x000000012dd30000,0x000000016c530000)]
  0x0000000000a3e800 JavaThread "Finalizer" daemon [_thread_blocked, id=5028, stack(0x00000000ef530000,0x000000012dd30000)]
  0x0000000000a33800 JavaThread "Reference Handler" daemon [_thread_blocked, id=6960, stack(0x00000000b0d30000,0x00000000ef530000)]
  0x0000000000942800 JavaThread "main" [_thread_in_Java, id=9188, stack(0x00000000031a0000,0x00000000419a0000)]

Other Threads:
  0x0000000056e68800 VMThread [stack: 0x000000005b810000,0x000000005b910000] [id=3052]
  0x000000005cfd1000 WatcherThread [stack: 0x000000005d520000,0x000000005d620000] [id=6648]

VM state:not at safepoint (normal execution)

VM Mutex/Monitor currently owned by a thread: None

heap address: 0x00000001a5800000, size: 25000 MB, Compressed Oops mode: Zero based, Oop shift amount: 3
Narrow klass base: 0x0000000000000000, Narrow klass shift: 3
Compressed class space size: 1073741824 Address: 0x00000007c0000000

Heap:
 PSYoungGen      total 1247744K, used 467866K [0x00000005b7300000, 0x0000000606780000, 0x00000007c0000000)
  eden space 1211392K, 38% used [0x00000005b7300000,0x00000005d3be6910,0x0000000601200000)
  from space 36352K, 0% used [0x0000000603700000,0x0000000603700000,0x0000000605a80000)
  to   space 37888K, 0% used [0x0000000601200000,0x0000000601200000,0x0000000603700000)
 ParOldGen       total 191488K, used 191477K [0x00000001a5800000, 0x00000001b1300000, 0x00000005b7300000)
  object space 191488K, 99% used [0x00000001a5800000,0x00000001b12fd600,0x00000001b1300000)
 Metaspace       used 10808K, capacity 10916K, committed 11136K, reserved 1058816K
  class space    used 1348K, capacity 1401K, committed 1408K, reserved 1048576K

Card table byte_map: [0x0000000053c20000,0x0000000056d00000] byte_map_base: 0x0000000052ef4000

Marking Bits: (ParMarkBitMap*) 0x0000000053b9be30
 Begin Bits: [0x000000007fff0000, 0x0000000098690000)
 End Bits:   [0x0000000098690000, 0x00000000b0d30000)

Polling page: 0x0000000000920000

CodeCache: size=245760Kb used=17380Kb max_used=17420Kb free=228379Kb
 bounds [0x00000000419a0000, 0x0000000042b10000, 0x00000000509a0000]
 total_blobs=2690 nmethods=2382 adapters=221
 compilation: enabled

Compilation events (10 events):
Event: 61.958 Thread 0x000000005cf29000 2936       2       soot.jimple.toolkits.typing.fast.Integer1Type::v (4 bytes)
Event: 61.958 Thread 0x000000005cf29000 nmethod 2936 0x000000004235eed0 code [0x000000004235f020, 0x000000004235f150]
Event: 61.994 Thread 0x0000000056ef6000 nmethod 2931 0x0000000042aea190 code [0x0000000042aea5e0, 0x0000000042aef5b0]
Event: 61.994 Thread 0x0000000056ef6000 2934       4       soot.coffi.CFG::processFlow (4665 bytes)
Event: 62.009 Thread 0x000000005cf29000 2940       3       soot.coffi.Code_attribute::findLocalVariableTable (43 bytes)
Event: 62.009 Thread 0x000000005cf29000 nmethod 2940 0x0000000041ff22d0 code [0x0000000041ff2460, 0x0000000041ff28b0]
Event: 62.009 Thread 0x000000005cf29000 2941       3       soot.coffi.Code_attribute::findLocalVariableTypeTable (43 bytes)
Event: 62.009 Thread 0x000000005cf29000 nmethod 2941 0x0000000042391ad0 code [0x0000000042391c60, 0x00000000423920b0]
Event: 62.138 Thread 0x0000000056ef9800 nmethod 2933 0x0000000042afdb50 code [0x0000000042aff5a0, 0x0000000042b07888]
Event: 62.138 Thread 0x0000000056ef9800 2943       4       soot.jimple.toolkits.typing.fast.UseChecker::caseAssignStmt (651 bytes)

GC Heap History (10 events):
Event: 55.210 GC heap before
{Heap before GC invocations=18 (full 2):
 PSYoungGen      total 795648K, used 777392K [0x00000005b7300000, 0x00000005f8300000, 0x00000007c0000000)
  eden space 759808K, 100% used [0x00000005b7300000,0x00000005e5900000,0x00000005e5900000)
  from space 35840K, 49% used [0x00000005e5900000,0x00000005e6a2c040,0x00000005e7c00000)
  to   space 34816K, 0% used [0x00000005f6100000,0x00000005f6100000,0x00000005f8300000)
 ParOldGen       total 191488K, used 109432K [0x00000001a5800000, 0x00000001b1300000, 0x00000005b7300000)
  object space 191488K, 57% used [0x00000001a5800000,0x00000001ac2de1c8,0x00000001b1300000)
 Metaspace       used 10719K, capacity 10852K, committed 11136K, reserved 1058816K
  class space    used 1343K, capacity 1401K, committed 1408K, reserved 1048576K
Event: 55.250 GC heap after
Heap after GC invocations=18 (full 2):
 PSYoungGen      total 1030144K, used 21650K [0x00000005b7300000, 0x00000005f8b00000, 0x00000007c0000000)
  eden space 995328K, 0% used [0x00000005b7300000,0x00000005b7300000,0x00000005f3f00000)
  from space 34816K, 62% used [0x00000005f6100000,0x00000005f76249f0,0x00000005f8300000)
  to   space 34816K, 0% used [0x00000005f3f00000,0x00000005f3f00000,0x00000005f6100000)
 ParOldGen       total 191488K, used 125720K [0x00000001a5800000, 0x00000001b1300000, 0x00000005b7300000)
  object space 191488K, 65% used [0x00000001a5800000,0x00000001ad2c61f8,0x00000001b1300000)
 Metaspace       used 10719K, capacity 10852K, committed 11136K, reserved 1058816K
  class space    used 1343K, capacity 1401K, committed 1408K, reserved 1048576K
}
Event: 56.910 GC heap before
{Heap before GC invocations=19 (full 2):
 PSYoungGen      total 1030144K, used 1016978K [0x00000005b7300000, 0x00000005f8b00000, 0x00000007c0000000)
  eden space 995328K, 100% used [0x00000005b7300000,0x00000005f3f00000,0x00000005f3f00000)
  from space 34816K, 62% used [0x00000005f6100000,0x00000005f76249f0,0x00000005f8300000)
  to   space 34816K, 0% used [0x00000005f3f00000,0x00000005f3f00000,0x00000005f6100000)
 ParOldGen       total 191488K, used 125720K [0x00000001a5800000, 0x00000001b1300000, 0x00000005b7300000)
  object space 191488K, 65% used [0x00000001a5800000,0x00000001ad2c61f8,0x00000001b1300000)
 Metaspace       used 10780K, capacity 10916K, committed 11136K, reserved 1058816K
  class space    used 1348K, capacity 1401K, committed 1408K, reserved 1048576K
Event: 56.960 GC heap after
Heap after GC invocations=19 (full 2):
 PSYoungGen      total 1030144K, used 25857K [0x00000005b7300000, 0x0000000605a80000, 0x00000007c0000000)
  eden space 995328K, 0% used [0x00000005b7300000,0x00000005b7300000,0x00000005f3f00000)
  from space 34816K, 74% used [0x00000005f3f00000,0x00000005f5840548,0x00000005f6100000)
  to   space 36352K, 0% used [0x0000000603700000,0x0000000603700000,0x0000000605a80000)
 ParOldGen       total 191488K, used 147256K [0x00000001a5800000, 0x00000001b1300000, 0x00000005b7300000)
  object space 191488K, 76% used [0x00000001a5800000,0x00000001ae7ce288,0x00000001b1300000)
 Metaspace       used 10780K, capacity 10916K, committed 11136K, reserved 1058816K
  class space    used 1348K, capacity 1401K, committed 1408K, reserved 1048576K
}
Event: 58.492 GC heap before
{Heap before GC invocations=20 (full 2):
 PSYoungGen      total 1030144K, used 1021185K [0x00000005b7300000, 0x0000000605a80000, 0x00000007c0000000)
  eden space 995328K, 100% used [0x00000005b7300000,0x00000005f3f00000,0x00000005f3f00000)
  from space 34816K, 74% used [0x00000005f3f00000,0x00000005f5840548,0x00000005f6100000)
  to   space 36352K, 0% used [0x0000000603700000,0x0000000603700000,0x0000000605a80000)
 ParOldGen       total 191488K, used 147256K [0x00000001a5800000, 0x00000001b1300000, 0x00000005b7300000)
  object space 191488K, 76% used [0x00000001a5800000,0x00000001ae7ce288,0x00000001b1300000)
 Metaspace       used 10800K, capacity 10916K, committed 11136K, reserved 1058816K
  class space    used 1348K, capacity 1401K, committed 1408K, reserved 1048576K
Event: 58.550 GC heap after
Heap after GC invocations=20 (full 2):
 PSYoungGen      total 1247744K, used 26608K [0x00000005b7300000, 0x0000000606780000, 0x00000007c0000000)
  eden space 1211392K, 0% used [0x00000005b7300000,0x00000005b7300000,0x0000000601200000)
  from space 36352K, 73% used [0x0000000603700000,0x00000006050fc030,0x0000000605a80000)
  to   space 37888K, 0% used [0x0000000601200000,0x0000000601200000,0x0000000603700000)
 ParOldGen       total 191488K, used 173113K [0x00000001a5800000, 0x00000001b1300000, 0x00000005b7300000)
  object space 191488K, 90% used [0x00000001a5800000,0x00000001b010e7d0,0x00000001b1300000)
 Metaspace       used 10800K, capacity 10916K, committed 11136K, reserved 1058816K
  class space    used 1348K, capacity 1401K, committed 1408K, reserved 1048576K
}
Event: 58.550 GC heap before
{Heap before GC invocations=21 (full 3):
 PSYoungGen      total 1247744K, used 26608K [0x00000005b7300000, 0x0000000606780000, 0x00000007c0000000)
  eden space 1211392K, 0% used [0x00000005b7300000,0x00000005b7300000,0x0000000601200000)
  from space 36352K, 73% used [0x0000000603700000,0x00000006050fc030,0x0000000605a80000)
  to   space 37888K, 0% used [0x0000000601200000,0x0000000601200000,0x0000000603700000)
 ParOldGen       total 191488K, used 173113K [0x00000001a5800000, 0x00000001b1300000, 0x00000005b7300000)
  object space 191488K, 90% used [0x00000001a5800000,0x00000001b010e7d0,0x00000001b1300000)
 Metaspace       used 10800K, capacity 10916K, committed 11136K, reserved 1058816K
  class space    used 1348K, capacity 1401K, committed 1408K, reserved 1048576K
Event: 59.099 GC heap after
Heap after GC invocations=21 (full 3):
 PSYoungGen      total 1247744K, used 0K [0x00000005b7300000, 0x0000000606780000, 0x00000007c0000000)
  eden space 1211392K, 0% used [0x00000005b7300000,0x00000005b7300000,0x0000000601200000)
  from space 36352K, 0% used [0x0000000603700000,0x0000000603700000,0x0000000605a80000)
  to   space 37888K, 0% used [0x0000000601200000,0x0000000601200000,0x0000000603700000)
 ParOldGen       total 191488K, used 175774K [0x00000001a5800000, 0x00000001b1300000, 0x00000005b7300000)
  object space 191488K, 91% used [0x00000001a5800000,0x00000001b03a7a30,0x00000001b1300000)
 Metaspace       used 10800K, capacity 10916K, committed 11136K, reserved 1058816K
  class space    used 1348K, capacity 1401K, committed 1408K, reserved 1048576K
}
Event: 60.999 GC heap before
{Heap before GC invocations=22 (full 4):
 PSYoungGen      total 1247744K, used 1211392K [0x00000005b7300000, 0x0000000606780000, 0x00000007c0000000)
  eden space 1211392K, 100% used [0x00000005b7300000,0x0000000601200000,0x0000000601200000)
  from space 36352K, 0% used [0x0000000603700000,0x0000000603700000,0x0000000605a80000)
  to   space 37888K, 0% used [0x0000000601200000,0x0000000601200000,0x0000000603700000)
 ParOldGen       total 191488K, used 175774K [0x00000001a5800000, 0x00000001b1300000, 0x00000005b7300000)
  object space 191488K, 91% used [0x00000001a5800000,0x00000001b03a7a30,0x00000001b1300000)
 Metaspace       used 10806K, capacity 10916K, committed 11136K, reserved 1058816K
  class space    used 1348K, capacity 1401K, committed 1408K, reserved 1048576K
Event: 61.595 GC heap after
Heap after GC invocations=22 (full 4):
 PSYoungGen      total 1247744K, used 8773K [0x00000005b7300000, 0x0000000606780000, 0x00000007c0000000)
  eden space 1211392K, 0% used [0x00000005b7300000,0x00000005b7b916d8,0x0000000601200000)
  from space 36352K, 0% used [0x0000000603700000,0x0000000603700000,0x0000000605a80000)
  to   space 37888K, 0% used [0x0000000601200000,0x0000000601200000,0x0000000603700000)
 ParOldGen       total 191488K, used 191477K [0x00000001a5800000, 0x00000001b1300000, 0x00000005b7300000)
  object space 191488K, 99% used [0x00000001a5800000,0x00000001b12fd600,0x00000001b1300000)
 Metaspace       used 10806K, capacity 10916K, committed 11136K, reserved 1058816K
  class space    used 1348K, capacity 1401K, committed 1408K, reserved 1048576K
}

Deoptimization events (10 events):
Event: 60.490 Thread 0x0000000000942800 Uncommon trap: reason=unstable_if action=reinterpret pc=0x00000000426a90a0 method=soot.jimple.toolkits.typing.fast.AugHierarchy.ancestor_(Lsoot/Type;Lsoot/Type;)Z @ 135
Event: 60.860 Thread 0x0000000000942800 Uncommon trap: reason=bimorphic action=maybe_recompile pc=0x00000000428d8ae4 method=soot.jimple.toolkits.scalar.DeadAssignmentEliminator.internalTransform(Lsoot/Body;Ljava/lang/String;Ljava/util/Map;)V @ 330
Event: 60.945 Thread 0x0000000000942800 Uncommon trap: reason=bimorphic action=maybe_recompile pc=0x00000000428d8ae4 method=soot.jimple.toolkits.scalar.DeadAssignmentEliminator.internalTransform(Lsoot/Body;Ljava/lang/String;Ljava/util/Map;)V @ 330
Event: 60.966 Thread 0x0000000000942800 Uncommon trap: reason=unstable_if action=reinterpret pc=0x00000000429bf38c method=soot.coffi.CFG.processFlow(Lsoot/coffi/Instruction;Lsoot/coffi/TypeStack;[Lsoot/coffi/cp_info;)Lsoot/coffi/OutFlow; @ 4389
Event: 61.660 Thread 0x0000000000942800 Uncommon trap: reason=unstable_if action=reinterpret pc=0x0000000041fc5f58 method=soot.jimple.toolkits.typing.fast.AugEvalFunction.eval_(Lsoot/jimple/toolkits/typing/fast/Typing;Lsoot/Value;Lsoot/jimple/Stmt;Lsoot/jimple/JimpleBody;)Lsoot/Type; @ 190
Event: 61.952 Thread 0x0000000000942800 Uncommon trap: reason=unstable_if action=reinterpret pc=0x0000000042aa91ac method=soot.jimple.toolkits.typing.fast.AugEvalFunction.eval_(Lsoot/jimple/toolkits/typing/fast/Typing;Lsoot/Value;Lsoot/jimple/Stmt;Lsoot/jimple/JimpleBody;)Lsoot/Type; @ 118
Event: 62.026 Thread 0x0000000000942800 Uncommon trap: reason=class_check action=maybe_recompile pc=0x0000000042ab5bdc method=soot.jimple.toolkits.typing.fast.UseChecker.caseAssignStmt(Lsoot/jimple/AssignStmt;)V @ 61
Event: 62.026 Thread 0x0000000000942800 Uncommon trap: reason=class_check action=maybe_recompile pc=0x0000000042ab5bdc method=soot.jimple.toolkits.typing.fast.UseChecker.caseAssignStmt(Lsoot/jimple/AssignStmt;)V @ 61
Event: 62.026 Thread 0x0000000000942800 Uncommon trap: reason=class_check action=maybe_recompile pc=0x0000000042ab5bdc method=soot.jimple.toolkits.typing.fast.UseChecker.caseAssignStmt(Lsoot/jimple/AssignStmt;)V @ 61
Event: 62.026 Thread 0x0000000000942800 Uncommon trap: reason=class_check action=maybe_recompile pc=0x0000000042ab5bdc method=soot.jimple.toolkits.typing.fast.UseChecker.caseAssignStmt(Lsoot/jimple/AssignStmt;)V @ 61

Classes redefined (0 events):
No events

Internal exceptions (10 events):
Event: 1.737 Thread 0x0000000000942800 Exception <a 'java/security/PrivilegedActionException'> (0x00000005b7b3e7a0) thrown at [C:\ade\jenkins\workspace\8-2-build-windows-amd64-cygwin\jdk8u241\331\hotspot\src\share\vm\prims\jvm.cpp, line 1502]
Event: 23.394 Thread 0x0000000000942800 Exception <a 'java/lang/ArrayIndexOutOfBoundsException': 18> (0x00000005bd3ac408) thrown at [C:\ade\jenkins\workspace\8-2-build-windows-amd64-cygwin\jdk8u241\331\hotspot\src\share\vm\interpreter\interpreterRuntime.cpp, line 368]
Event: 42.470 Thread 0x0000000000942800 Implicit null exception at 0x0000000041ee4959 to 0x0000000041ee498d
Event: 42.945 Thread 0x0000000000942800 Implicit null exception at 0x0000000041e96b29 to 0x0000000041e96fdd
Event: 43.270 Thread 0x0000000000942800 Implicit null exception at 0x0000000041da9355 to 0x0000000041dab5a1
Event: 44.251 Thread 0x0000000000942800 Implicit null exception at 0x0000000041e348af to 0x0000000041e3491d
Event: 45.692 Thread 0x0000000000942800 Implicit null exception at 0x0000000041f3abc3 to 0x0000000041f3ae65
Event: 45.692 Thread 0x0000000000942800 Implicit null exception at 0x0000000041f3a1e8 to 0x0000000041f3a545
Event: 54.189 Thread 0x0000000000942800 Implicit null exception at 0x000000004214e3cd to 0x000000004214e539
Event: 54.189 Thread 0x0000000000942800 Implicit null exception at 0x0000000042175788 to 0x0000000042175849

Events (10 events):
Event: 62.026 Thread 0x0000000000942800 Uncommon trap: trap_request=0xffffffde fr.pc=0x0000000042ab5bdc
Event: 62.026 Thread 0x0000000000942800 DEOPT PACKING pc=0x0000000042ab5bdc sp=0x000000004199e530
Event: 62.026 Thread 0x0000000000942800 DEOPT UNPACKING pc=0x00000000419e583b sp=0x000000004199e520 mode 2
Event: 62.026 Thread 0x0000000000942800 Uncommon trap: trap_request=0xffffffde fr.pc=0x0000000042ab5bdc
Event: 62.026 Thread 0x0000000000942800 DEOPT PACKING pc=0x0000000042ab5bdc sp=0x000000004199e530
Event: 62.026 Thread 0x0000000000942800 DEOPT UNPACKING pc=0x00000000419e583b sp=0x000000004199e520 mode 2
Event: 62.058 Thread 0x0000000000942800 DEOPT PACKING pc=0x0000000041db6253 sp=0x000000004199e580
Event: 62.058 Thread 0x0000000000942800 DEOPT UNPACKING pc=0x00000000419e7490 sp=0x000000004199e3a0 mode 0
Event: 62.156 Thread 0x0000000000942800 DEOPT PACKING pc=0x0000000041db6253 sp=0x000000004199e4e0
Event: 62.156 Thread 0x0000000000942800 DEOPT UNPACKING pc=0x00000000419e7490 sp=0x000000004199e300 mode 0


Dynamic libraries:
0x00007ff6c4b10000 - 0x00007ff6c4b47000 	C:\Program Files\Java\jre1.8.0_241\bin\javaw.exe
0x00007ffdd34f0000 - 0x00007ffdd36c0000 	C:\Windows\SYSTEM32\ntdll.dll
0x00007ffdd0ce0000 - 0x00007ffdd0d8c000 	C:\Windows\System32\KERNEL32.DLL
0x00007ffdcfd50000 - 0x00007ffdcff6d000 	C:\Windows\System32\KERNELBASE.dll
0x00007ffdd14d0000 - 0x00007ffdd1572000 	C:\Windows\System32\ADVAPI32.dll
0x00007ffdd1590000 - 0x00007ffdd162e000 	C:\Windows\System32\msvcrt.dll
0x00007ffdd1630000 - 0x00007ffdd1689000 	C:\Windows\System32\sechost.dll
0x00007ffdd1be0000 - 0x00007ffdd1d01000 	C:\Windows\System32\RPCRT4.dll
0x00007ffdd0e90000 - 0x00007ffdd0ff5000 	C:\Windows\System32\USER32.dll
0x00007ffdcfb30000 - 0x00007ffdcfb4e000 	C:\Windows\System32\win32u.dll
0x00007ffdd1690000 - 0x00007ffdd16c4000 	C:\Windows\System32\GDI32.dll
0x00007ffdcfb50000 - 0x00007ffdcfcd1000 	C:\Windows\System32\gdi32full.dll
0x00007ffdc76e0000 - 0x00007ffdc795a000 	C:\Windows\WinSxS\amd64_microsoft.windows.common-controls_6595b64144ccf1df_6.0.14393.3053_none_7de042968342015d\COMCTL32.dll
0x00007ffdd1200000 - 0x00007ffdd14c5000 	C:\Windows\System32\combase.dll
0x00007ffdd0820000 - 0x00007ffdd0914000 	C:\Windows\System32\ucrtbase.dll
0x00007ffdcfce0000 - 0x00007ffdcfd4a000 	C:\Windows\System32\bcryptPrimitives.dll
0x00007ffdd0b40000 - 0x00007ffdd0b6e000 	C:\Windows\System32\IMM32.DLL
0x0000000180000000 - 0x000000018000d000 	C:\Windows\KATRK64.DLL
0x00007ffdcdf20000 - 0x00007ffdcdf33000 	C:\Windows\SYSTEM32\WTSAPI32.dll
0x00007ffdc7460000 - 0x00007ffdc750c000 	C:\Windows\system32\tmumh\20019\AddOn\7.0.0.1169\TmUmEvt64.dll
0x00007ffdd1d70000 - 0x00007ffdd1d78000 	C:\Windows\System32\PSAPI.DLL
0x00007ffdd0ae0000 - 0x00007ffdd0b32000 	C:\Windows\System32\SHLWAPI.dll
0x0000000057140000 - 0x000000005725a000 	C:\Windows\system32\tmumh\20019\TmMon\2.5.0.2095\tmmon64.dll
0x0000000053080000 - 0x0000000053152000 	C:\Program Files\Java\jre1.8.0_241\bin\msvcr100.dll
0x0000000053370000 - 0x0000000053c1c000 	C:\Program Files\Java\jre1.8.0_241\bin\server\jvm.dll
0x00007ffdbefd0000 - 0x00007ffdbefd9000 	C:\Windows\SYSTEM32\WSOCK32.dll
0x00007ffdd1740000 - 0x00007ffdd17aa000 	C:\Windows\System32\WS2_32.dll
0x00007ffdc9cc0000 - 0x00007ffdc9ce3000 	C:\Windows\SYSTEM32\WINMM.dll
0x00007ffdc5290000 - 0x00007ffdc529a000 	C:\Windows\SYSTEM32\VERSION.dll
0x00007ffdc9c90000 - 0x00007ffdc9cbb000 	C:\Windows\SYSTEM32\WINMMBASE.dll
0x00007ffdd0920000 - 0x00007ffdd0962000 	C:\Windows\System32\cfgmgr32.dll
0x00007ffdbb8e0000 - 0x00007ffdbb8ef000 	C:\Program Files\Java\jre1.8.0_241\bin\verify.dll
0x00007ffdbb8b0000 - 0x00007ffdbb8d9000 	C:\Program Files\Java\jre1.8.0_241\bin\java.dll
0x00007ffdbb890000 - 0x00007ffdbb8a6000 	C:\Program Files\Java\jre1.8.0_241\bin\zip.dll
0x000000005b910000 - 0x000000005ce15000 	C:\Windows\System32\SHELL32.dll
0x00007ffdd0140000 - 0x00007ffdd081a000 	C:\Windows\System32\windows.storage.dll
0x00007ffdcf990000 - 0x00007ffdcf9dc000 	C:\Windows\System32\powrprof.dll
0x00007ffdcf980000 - 0x00007ffdcf98f000 	C:\Windows\System32\kernel.appcore.dll
0x00007ffdd0970000 - 0x00007ffdd0a19000 	C:\Windows\System32\shcore.dll
0x00007ffdcf960000 - 0x00007ffdcf974000 	C:\Windows\System32\profapi.dll
0x00007ffdbb870000 - 0x00007ffdbb88a000 	C:\Program Files\Java\jre1.8.0_241\bin\net.dll
0x00007ffdcf210000 - 0x00007ffdcf26c000 	C:\Windows\system32\mswsock.dll
0x00007ffdbb850000 - 0x00007ffdbb862000 	C:\Program Files\Java\jre1.8.0_241\bin\nio.dll

VM Arguments:
jvm_args: -Xss1000m -Xmx25000M -Dfile.encoding=UTF-8 
java_command: dataflow.util.CGCreator -whole-program -xml-attributes -keep-line-number -f jimple -p cg.cha enabled:true -app simple.logic.Logic -p cg verbose:true,all-reachable:true,,safe-forname:true,safe-newinstance:true
java_class_path (initial): Z:\01.mydrive\eclipseWorkspace\tmp\bin;Z:\01.mydrive\eclipseWorkspace\tmp\lib\annotations-api.jar;Z:\01.mydrive\eclipseWorkspace\tmp\lib\catalina-ant.jar;Z:\01.mydrive\eclipseWorkspace\tmp\lib\catalina-ha.jar;Z:\01.mydrive\eclipseWorkspace\tmp\lib\catalina-tribes.jar;Z:\01.mydrive\eclipseWorkspace\tmp\lib\catalina.jar;Z:\01.mydrive\eclipseWorkspace\tmp\lib\ecj-4.4.2.jar;Z:\01.mydrive\eclipseWorkspace\tmp\lib\el-api.jar;Z:\01.mydrive\eclipseWorkspace\tmp\lib\jasper-el.jar;Z:\01.mydrive\eclipseWorkspace\tmp\lib\jasper.jar;Z:\01.mydrive\eclipseWorkspace\tmp\lib\jsp-api.jar;Z:\01.mydrive\eclipseWorkspace\tmp\lib\servlet-api.jar;Z:\01.mydrive\eclipseWorkspace\tmp\lib\tomcat-api.jar;Z:\01.mydrive\eclipseWorkspace\tmp\lib\tomcat-coyote.jar;Z:\01.mydrive\eclipseWorkspace\tmp\lib\tomcat-dbcp.jar;Z:\01.mydrive\eclipseWorkspace\tmp\lib\tomcat-i18n-es.jar;Z:\01.mydrive\eclipseWorkspace\tmp\lib\tomcat-i18n-fr.jar;Z:\01.mydrive\eclipseWorkspace\tmp\lib\tomcat-i18n-ja.jar;Z:\01.mydrive\eclipseWorkspace\tmp\lib\tomcat-i18n-ru.jar;Z:\01.mydrive\eclipseWorkspace\tmp\lib\tomcat-jdbc.jar;Z:\01.mydrive\eclipseWorkspace\tmp\lib\tomcat-util.jar;Z:\01.mydrive\eclipseWorkspace\tmp\lib\tomcat7-websocket.jar;Z:\01.mydrive\eclipseWorkspace\tmp\lib\websocket-api.jar;C:\Program Files\eclipse javaEE\plugins\org.junit_4.11.0.v201303080030\junit.jar;C:\Program Files\eclipse javaEE\plugins\org.hamcrest.core_1.3.0.v201303031735.jar;Z:\01.mydrive\eclipseWorkspace\tmp\lib\soot-2.5.0.jar;Z:\01.mydrive\eclipseWorkspace\tmp\lib\rt.jar
Launcher Type: SUN_STANDARD

Environment Variables:
PATH=C:/Program Files/Java/jre1.8.0_241/bin/server;C:/Program Files/Java/jre1.8.0_241/bin;C:/Program Files/Java/jre1.8.0_241/lib/amd64;C:\Program Files (x86)\NVIDIA Corporation\PhysX\Common;C:\Program Files (x86)\Common Files\Oracle\Java\javapath;C:\Program Files\Haskell\bin;C:\Program Files\Haskell Platform\8.2.2\lib\extralibs\bin;C:\Program Files\Haskell Platform\8.2.2\bin;C:\ProgramData\Oracle\Java\javapath;C:\Windows\system32;C:\Windows;C:\Windows\System32\Wbem;C:\Windows\System32\WindowsPowerShell\v1.0\;c:\Program Files (x86)\Microsoft SQL Server\110\Tools\Binn\;c:\Program Files\Microsoft SQL Server\110\Tools\Binn\;c:\Program Files\Microsoft SQL Server\110\DTS\Binn\;C:\Program Files (x86)\Shoes;C:\MinGW\bin;C:\Ruby25-x64\bin;C:\Ruby23-x64\bin;C:\Program Files (x86)\gnuplot\bin;C:\Program Files (x86)\Windows Kits\10\Windows Performance Toolkit\;C:\ProgramData\Anaconda3;C:\Python36\Scripts\;C:\Python36\;C:\Program Files (x86)\LilyPond\usr\bin;C:\Program Files (x86)\Windows Kits\8.1\Windows Performance Toolkit\;C:\Program Files (x86)\PuTTY\;C:\Program Files\IBM\SPSS\Statistics\25\JRE\bin;C:\Program Files\Haskell Platform\8.2.2\mingw\bin;C:\texlive\2018\bin\win32;C:\Program Files\Microsoft VS Code\bin;C:\Program Files (x86)\scala\bin;C:\Program Files\MATLAB\R2018b\bin;C:\Program Files (x86)\Wolfram Research\WolframScript\;C:\Program Files (x86)\mysql\bin;C:\Program Files (x86)\php;C:\Program Files\gs\gs9.50\bin;C:\Users\s1930149\AppData\Local\Microsoft\WindowsApps;;C:\Program Files\eclipse javaEE;
USERNAME=s1930149
OS=Windows_NT
PROCESSOR_IDENTIFIER=Intel64 Family 6 Model 94 Stepping 3, GenuineIntel



---------------  S Y S T E M  ---------------

OS: Windows 10.0 , 64 bit Build 14393 (10.0.14393.2969)

CPU:total 4 (initial active 4) (4 cores per cpu, 1 threads per core) family 6 model 94 stepping 3, cmov, cx8, fxsr, mmx, sse, sse2, sse3, ssse3, sse4.1, sse4.2, popcnt, aes, clmul, erms, rtm, 3dnowpref, lzcnt, tsc, tscinvbit, bmi1, bmi2, adx

Memory: 4k page, physical 8142772k(1472036k free), swap 8142772k(5648k free)

vm_info: Java HotSpot(TM) 64-Bit Server VM (25.241-b07) for windows-amd64 JRE (1.8.0_241-b07), built on Dec 11 2019 10:21:40 by "rejava" with MS VC++ 10.0 (VS2010)

time: Wed Feb 05 22:10:34 2020
timezone: ìåãû (ïWèÄéû)
elapsed time: 62 seconds (0d 0h 1m 2s)

