#
# There is insufficient memory for the Java Runtime Environment to continue.
# Native memory allocation (malloc) failed to allocate 1152976 bytes for Chunk::new
# Possible reasons:
#   The system is out of physical RAM or swap space
#   The process is running with CompressedOops enabled, and the Java Heap may be blocking the growth of the native heap
# Possible solutions:
#   Reduce memory load on the system
#   Increase physical memory or swap space
#   Check if swap backing store is full
#   Decrease Java heap size (-Xmx/-Xms)
#   Decrease number of Java threads
#   Decrease Java thread stack sizes (-Xss)
#   Set larger code cache with -XX:ReservedCodeCacheSize=
#   JVM is running with Zero Based Compressed Oops mode in which the Java heap is
#     placed in the first 32GB address space. The Java Heap base address is the
#     maximum limit for the native heap growth. Please use -XX:HeapBaseMinAddress
#     to set the Java Heap base and to place the Java Heap above 32GB virtual address.
# This output file may be truncated or incomplete.
#
#  Out of Memory Error (allocation.cpp:389), pid=8680, tid=0x0000000000002e30
#
# JRE version: Java(TM) SE Runtime Environment (8.0_241-b07) (build 1.8.0_241-b07)
# Java VM: Java HotSpot(TM) 64-Bit Server VM (25.241-b07 mixed mode windows-amd64 compressed oops)
# Failed to write core dump. Minidumps are not enabled by default on client versions of Windows
#

---------------  T H R E A D  ---------------

Current thread (0x0000000039c1c800):  JavaThread "C2 CompilerThread0" daemon [_thread_in_native, id=11824, stack(0x000000003a020000,0x000000003a120000)]

Stack: [0x000000003a020000,0x000000003a120000]
[error occurred during error reporting (printing stack bounds), id 0xc0000005]

Native frames: (J=compiled Java code, j=interpreted, Vv=VM code, C=native code)


Current CompileTask:
C2:  77640 3343       4       soot.toolkits.scalar.ForwardFlowAnalysis::doAnalysis (786 bytes)


---------------  P R O C E S S  ---------------

Java Threads: ( => current thread )
  0x0000000039c88000 JavaThread "Service Thread" daemon [_thread_blocked, id=12268, stack(0x000000013b7f0000,0x000000015abf0000)]
  0x0000000039c80000 JavaThread "C1 CompilerThread2" daemon [_thread_blocked, id=5048, stack(0x000000003a290000,0x000000003a390000)]
  0x0000000039c76000 JavaThread "C2 CompilerThread1" daemon [_thread_in_native, id=11720, stack(0x000000003a190000,0x000000003a290000)]
=>0x0000000039c1c800 JavaThread "C2 CompilerThread0" daemon [_thread_in_native, id=11824, stack(0x000000003a020000,0x000000003a120000)]
  0x0000000039c10000 JavaThread "JDWP Command Reader" daemon [_thread_in_native, id=1232, stack(0x000000011c3f0000,0x000000013b7f0000)]
  0x0000000039c0e800 JavaThread "JDWP Event Helper Thread" daemon [_thread_blocked, id=9656, stack(0x00000000fcff0000,0x000000011c3f0000)]
  0x0000000038b0b000 JavaThread "JDWP Transport Listener: dt_socket" daemon [_thread_blocked, id=2844, stack(0x00000000ddbf0000,0x00000000fcff0000)]
  0x0000000038b04800 JavaThread "Attach Listener" daemon [_thread_blocked, id=6828, stack(0x00000000be7f0000,0x00000000ddbf0000)]
  0x0000000038b03800 JavaThread "Signal Dispatcher" daemon [_thread_blocked, id=9832, stack(0x000000009f3f0000,0x00000000be7f0000)]
  0x0000000038a9a000 JavaThread "Finalizer" daemon [_thread_blocked, id=10384, stack(0x000000007fff0000,0x000000009f3f0000)]
  0x00000000015d3800 JavaThread "Reference Handler" daemon [_thread_blocked, id=8476, stack(0x0000000055370000,0x0000000074770000)]
  0x00000000014e3800 JavaThread "main" [_thread_in_Java, id=9972, stack(0x0000000003b00000,0x0000000022f00000)]

Other Threads:
  0x0000000038a78000 VMThread [stack: 0x0000000039b00000,0x0000000039c00000] [id=2212]
  0x0000000039cd5000 WatcherThread [stack: 0x000000003a390000,0x000000003a490000] [id=1904]

VM state:not at safepoint (normal execution)

VM Mutex/Monitor currently owned by a thread: None

heap address: 0x0000000723c00000, size: 2500 MB, Compressed Oops mode: Zero based, Oop shift amount: 3
Narrow klass base: 0x0000000000000000, Narrow klass shift: 3
Compressed class space size: 1073741824 Address: 0x00000007c0000000

Heap:
 PSYoungGen      total 785408K, used 29693K [0x000000078bf00000, 0x00000007c0000000, 0x00000007c0000000)
  eden space 742400K, 3% used [0x000000078bf00000,0x000000078dbff670,0x00000007b9400000)
  from space 43008K, 0% used [0x00000007b9400000,0x00000007b9400000,0x00000007bbe00000)
  to   space 58368K, 0% used [0x00000007bc700000,0x00000007bc700000,0x00000007c0000000)
 ParOldGen       total 395264K, used 249836K [0x0000000723c00000, 0x000000073be00000, 0x000000078bf00000)
  object space 395264K, 63% used [0x0000000723c00000,0x0000000732ffb060,0x000000073be00000)
 Metaspace       used 11032K, capacity 11208K, committed 11520K, reserved 1058816K
  class space    used 1350K, capacity 1433K, committed 1536K, reserved 1048576K

Card table byte_map: [0x00000000322c0000,0x00000000327b0000] byte_map_base: 0x000000002e9a2000

Marking Bits: (ParMarkBitMap*) 0x0000000051ddbe30
 Begin Bits: [0x0000000032e00000, 0x0000000035510000)
 End Bits:   [0x0000000035510000, 0x0000000037c20000)

Polling page: 0x00000000014c0000

CodeCache: size=245760Kb used=16582Kb max_used=16599Kb free=229177Kb
 bounds [0x0000000022f00000, 0x0000000024010000, 0x0000000031f00000]
 total_blobs=2576 nmethods=2276 adapters=221
 compilation: enabled

Compilation events (10 events):
Event: 77.558 Thread 0x0000000039c76000 nmethod 3386 0x00000000231a4750 code [0x00000000231a48c0, 0x00000000231a4bb8]
Event: 77.558 Thread 0x0000000039c76000 3378       4       soot.PhaseOptions::getBoolean (31 bytes)
Event: 77.581 Thread 0x0000000039c76000 nmethod 3378 0x000000002313a610 code [0x000000002313a820, 0x000000002313c278]
Event: 77.581 Thread 0x0000000039c76000 3388       4       java.util.TreeMap::remove (24 bytes)
Event: 77.589 Thread 0x0000000039c76000 nmethod 3388 0x0000000023680890 code [0x0000000023680a20, 0x0000000023681248]
Event: 77.590 Thread 0x0000000039c76000 3389       4       java.util.TreeMap::deleteEntry (246 bytes)
Event: 77.593 Thread 0x0000000039c76000 nmethod 3389 0x000000002326bc90 code [0x000000002326be00, 0x000000002326c138]
Event: 77.594 Thread 0x0000000039c76000 3387       4       java.util.TreeSet::remove (22 bytes)
Event: 77.602 Thread 0x0000000039c76000 nmethod 3387 0x00000000230dc610 code [0x00000000230dc7a0, 0x00000000230dd0c8]
Event: 77.602 Thread 0x0000000039c76000 3390       4       soot.jimple.toolkits.callgraph.ClinitElimAnalysis::flowThrough (90 bytes)

GC Heap History (10 events):
Event: 73.009 GC heap before
{Heap before GC invocations=27 (full 3):
 PSYoungGen      total 819200K, used 819170K [0x000000078bf00000, 0x00000007c0000000, 0x00000007c0000000)
  eden space 785408K, 100% used [0x000000078bf00000,0x00000007bbe00000,0x00000007bbe00000)
  from space 33792K, 99% used [0x00000007bbe00000,0x00000007bdef8bd0,0x00000007bdf00000)
  to   space 33792K, 0% used [0x00000007bdf00000,0x00000007bdf00000,0x00000007c0000000)
 ParOldGen       total 302080K, used 203886K [0x0000000723c00000, 0x0000000736300000, 0x000000078bf00000)
  object space 302080K, 67% used [0x0000000723c00000,0x000000073031b918,0x0000000736300000)
 Metaspace       used 10997K, capacity 11176K, committed 11392K, reserved 1058816K
  class space    used 1348K, capacity 1401K, committed 1408K, reserved 1048576K
Event: 73.084 GC heap after
Heap after GC invocations=27 (full 3):
 PSYoungGen      total 795648K, used 33058K [0x000000078bf00000, 0x00000007c0000000, 0x00000007c0000000)
  eden space 761856K, 0% used [0x000000078bf00000,0x000000078bf00000,0x00000007ba700000)
  from space 33792K, 97% used [0x00000007bdf00000,0x00000007bff48bb0,0x00000007c0000000)
  to   space 45568K, 0% used [0x00000007ba700000,0x00000007ba700000,0x00000007bd380000)
 ParOldGen       total 302080K, used 223430K [0x0000000723c00000, 0x0000000736300000, 0x000000078bf00000)
  object space 302080K, 73% used [0x0000000723c00000,0x0000000731631968,0x0000000736300000)
 Metaspace       used 10997K, capacity 11176K, committed 11392K, reserved 1058816K
  class space    used 1348K, capacity 1401K, committed 1408K, reserved 1048576K
}
Event: 74.168 GC heap before
{Heap before GC invocations=28 (full 3):
 PSYoungGen      total 795648K, used 794914K [0x000000078bf00000, 0x00000007c0000000, 0x00000007c0000000)
  eden space 761856K, 100% used [0x000000078bf00000,0x00000007ba700000,0x00000007ba700000)
  from space 33792K, 97% used [0x00000007bdf00000,0x00000007bff48bb0,0x00000007c0000000)
  to   space 45568K, 0% used [0x00000007ba700000,0x00000007ba700000,0x00000007bd380000)
 ParOldGen       total 302080K, used 223430K [0x0000000723c00000, 0x0000000736300000, 0x000000078bf00000)
  object space 302080K, 73% used [0x0000000723c00000,0x0000000731631968,0x0000000736300000)
 Metaspace       used 10997K, capacity 11176K, committed 11392K, reserved 1058816K
  class space    used 1348K, capacity 1401K, committed 1408K, reserved 1048576K
Event: 74.211 GC heap after
Heap after GC invocations=28 (full 3):
 PSYoungGen      total 801280K, used 39200K [0x000000078bf00000, 0x00000007c0000000, 0x00000007c0000000)
  eden space 761856K, 0% used [0x000000078bf00000,0x000000078bf00000,0x00000007ba700000)
  from space 39424K, 99% used [0x00000007ba700000,0x00000007bcd48020,0x00000007bcd80000)
  to   space 49664K, 0% used [0x00000007bcf80000,0x00000007bcf80000,0x00000007c0000000)
 ParOldGen       total 302080K, used 237757K [0x0000000723c00000, 0x0000000736300000, 0x000000078bf00000)
  object space 302080K, 78% used [0x0000000723c00000,0x000000073242f568,0x0000000736300000)
 Metaspace       used 10997K, capacity 11176K, committed 11392K, reserved 1058816K
  class space    used 1348K, capacity 1401K, committed 1408K, reserved 1048576K
}
Event: 75.287 GC heap before
{Heap before GC invocations=29 (full 3):
 PSYoungGen      total 801280K, used 801056K [0x000000078bf00000, 0x00000007c0000000, 0x00000007c0000000)
  eden space 761856K, 100% used [0x000000078bf00000,0x00000007ba700000,0x00000007ba700000)
  from space 39424K, 99% used [0x00000007ba700000,0x00000007bcd48020,0x00000007bcd80000)
  to   space 49664K, 0% used [0x00000007bcf80000,0x00000007bcf80000,0x00000007c0000000)
 ParOldGen       total 302080K, used 237757K [0x0000000723c00000, 0x0000000736300000, 0x000000078bf00000)
  object space 302080K, 78% used [0x0000000723c00000,0x000000073242f568,0x0000000736300000)
 Metaspace       used 11004K, capacity 11176K, committed 11392K, reserved 1058816K
  class space    used 1348K, capacity 1401K, committed 1408K, reserved 1048576K
Event: 75.334 GC heap after
Heap after GC invocations=29 (full 3):
 PSYoungGen      total 792064K, used 45376K [0x000000078bf00000, 0x00000007c0000000, 0x00000007c0000000)
  eden space 742400K, 0% used [0x000000078bf00000,0x000000078bf00000,0x00000007b9400000)
  from space 49664K, 91% used [0x00000007bcf80000,0x00000007bfbd0030,0x00000007c0000000)
  to   space 55296K, 0% used [0x00000007b9400000,0x00000007b9400000,0x00000007bca00000)
 ParOldGen       total 302080K, used 256493K [0x0000000723c00000, 0x0000000736300000, 0x000000078bf00000)
  object space 302080K, 84% used [0x0000000723c00000,0x000000073367b568,0x0000000736300000)
 Metaspace       used 11004K, capacity 11176K, committed 11392K, reserved 1058816K
  class space    used 1348K, capacity 1401K, committed 1408K, reserved 1048576K
}
Event: 76.567 GC heap before
{Heap before GC invocations=30 (full 3):
 PSYoungGen      total 792064K, used 787776K [0x000000078bf00000, 0x00000007c0000000, 0x00000007c0000000)
  eden space 742400K, 100% used [0x000000078bf00000,0x00000007b9400000,0x00000007b9400000)
  from space 49664K, 91% used [0x00000007bcf80000,0x00000007bfbd0030,0x00000007c0000000)
  to   space 55296K, 0% used [0x00000007b9400000,0x00000007b9400000,0x00000007bca00000)
 ParOldGen       total 302080K, used 256493K [0x0000000723c00000, 0x0000000736300000, 0x000000078bf00000)
  object space 302080K, 84% used [0x0000000723c00000,0x000000073367b568,0x0000000736300000)
 Metaspace       used 11032K, capacity 11208K, committed 11520K, reserved 1058816K
  class space    used 1350K, capacity 1433K, committed 1536K, reserved 1048576K
Event: 76.623 GC heap after
Heap after GC invocations=30 (full 3):
 PSYoungGen      total 785408K, used 42672K [0x000000078bf00000, 0x00000007c0000000, 0x00000007c0000000)
  eden space 742400K, 0% used [0x000000078bf00000,0x000000078bf00000,0x00000007b9400000)
  from space 43008K, 99% used [0x00000007b9400000,0x00000007bbdac020,0x00000007bbe00000)
  to   space 58368K, 0% used [0x00000007bc700000,0x00000007bc700000,0x00000007c0000000)
 ParOldGen       total 302080K, used 277029K [0x0000000723c00000, 0x0000000736300000, 0x000000078bf00000)
  object space 302080K, 91% used [0x0000000723c00000,0x0000000734a89608,0x0000000736300000)
 Metaspace       used 11032K, capacity 11208K, committed 11520K, reserved 1058816K
  class space    used 1350K, capacity 1433K, committed 1536K, reserved 1048576K
}
Event: 76.623 GC heap before
{Heap before GC invocations=31 (full 4):
 PSYoungGen      total 785408K, used 42672K [0x000000078bf00000, 0x00000007c0000000, 0x00000007c0000000)
  eden space 742400K, 0% used [0x000000078bf00000,0x000000078bf00000,0x00000007b9400000)
  from space 43008K, 99% used [0x00000007b9400000,0x00000007bbdac020,0x00000007bbe00000)
  to   space 58368K, 0% used [0x00000007bc700000,0x00000007bc700000,0x00000007c0000000)
 ParOldGen       total 302080K, used 277029K [0x0000000723c00000, 0x0000000736300000, 0x000000078bf00000)
  object space 302080K, 91% used [0x0000000723c00000,0x0000000734a89608,0x0000000736300000)
 Metaspace       used 11032K, capacity 11208K, committed 11520K, reserved 1058816K
  class space    used 1350K, capacity 1433K, committed 1536K, reserved 1048576K
Event: 77.515 GC heap after
Heap after GC invocations=31 (full 4):
 PSYoungGen      total 785408K, used 0K [0x000000078bf00000, 0x00000007c0000000, 0x00000007c0000000)
  eden space 742400K, 0% used [0x000000078bf00000,0x000000078bf00000,0x00000007b9400000)
  from space 43008K, 0% used [0x00000007b9400000,0x00000007b9400000,0x00000007bbe00000)
  to   space 58368K, 0% used [0x00000007bc700000,0x00000007bc700000,0x00000007c0000000)
 ParOldGen       total 395264K, used 249836K [0x0000000723c00000, 0x000000073be00000, 0x000000078bf00000)
  object space 395264K, 63% used [0x0000000723c00000,0x0000000732ffb060,0x000000073be00000)
 Metaspace       used 11032K, capacity 11208K, committed 11520K, reserved 1058816K
  class space    used 1350K, capacity 1433K, committed 1536K, reserved 1048576K
}

Deoptimization events (10 events):
Event: 76.528 Thread 0x00000000014e3800 Uncommon trap: reason=class_check action=maybe_recompile pc=0x0000000023684a6c method=soot.toolkits.graph.PseudoTopologicalOrderer.visitNode(Ljava/lang/Object;)V @ 87
Event: 76.528 Thread 0x00000000014e3800 Uncommon trap: reason=class_check action=maybe_recompile pc=0x00000000230e4390 method=soot.toolkits.graph.PseudoTopologicalOrderer.computeOrder(Lsoot/toolkits/graph/DirectedGraph;)Ljava/util/List; @ 7
Event: 76.528 Thread 0x00000000014e3800 Uncommon trap: reason=class_check action=maybe_recompile pc=0x0000000023684a6c method=soot.toolkits.graph.PseudoTopologicalOrderer.visitNode(Ljava/lang/Object;)V @ 87
Event: 76.540 Thread 0x00000000014e3800 Uncommon trap: reason=class_check action=maybe_recompile pc=0x0000000023769288 method=soot.toolkits.scalar.ForwardFlowAnalysis.doAnalysis()V @ 303
Event: 76.541 Thread 0x00000000014e3800 Uncommon trap: reason=class_check action=maybe_recompile pc=0x0000000023769288 method=soot.toolkits.scalar.ForwardFlowAnalysis.doAnalysis()V @ 303
Event: 76.548 Thread 0x00000000014e3800 Uncommon trap: reason=class_check action=maybe_recompile pc=0x000000002375c054 method=soot.PhaseOptions.getBoolean(Ljava/util/Map;Ljava/lang/String;)Z @ 2
Event: 76.549 Thread 0x00000000014e3800 Uncommon trap: reason=class_check action=maybe_recompile pc=0x000000002375c054 method=soot.PhaseOptions.getBoolean(Ljava/util/Map;Ljava/lang/String;)Z @ 2
Event: 76.549 Thread 0x00000000014e3800 Uncommon trap: reason=class_check action=maybe_recompile pc=0x000000002375c054 method=soot.PhaseOptions.getBoolean(Ljava/util/Map;Ljava/lang/String;)Z @ 2
Event: 76.549 Thread 0x00000000014e3800 Uncommon trap: reason=class_check action=maybe_recompile pc=0x000000002375c054 method=soot.PhaseOptions.getBoolean(Ljava/util/Map;Ljava/lang/String;)Z @ 2
Event: 77.538 Thread 0x00000000014e3800 Uncommon trap: reason=unstable_if action=reinterpret pc=0x00000000231c9554 method=java.util.HashMap.getNode(ILjava/lang/Object;)Ljava/util/HashMap$Node; @ 129

Classes redefined (0 events):
No events

Internal exceptions (10 events):
Event: 47.079 Thread 0x00000000014e3800 Implicit null exception at 0x0000000023059dee to 0x000000002305a221
Event: 54.238 Thread 0x00000000014e3800 Implicit null exception at 0x0000000023bdca90 to 0x0000000023befe0d
Event: 54.584 Thread 0x00000000014e3800 Implicit null exception at 0x000000002342eb84 to 0x000000002342f6e6
Event: 60.910 Thread 0x00000000014e3800 Implicit null exception at 0x000000002347fa13 to 0x000000002347fa87
Event: 60.918 Thread 0x00000000014e3800 Implicit null exception at 0x0000000023798f9a to 0x0000000023799191
Event: 60.918 Thread 0x00000000014e3800 Implicit null exception at 0x000000002356e6ca to 0x000000002356e7c9
Event: 61.863 Thread 0x00000000014e3800 Implicit null exception at 0x00000000239ca8c4 to 0x00000000239cc805
Event: 61.863 Thread 0x00000000014e3800 Implicit null exception at 0x00000000235b5845 to 0x00000000235b7551
Event: 71.530 Thread 0x00000000014e3800 Implicit null exception at 0x0000000023a09d64 to 0x0000000023a13169
Event: 72.507 Thread 0x00000000014e3800 Implicit null exception at 0x00000000232c6e21 to 0x00000000232cbb1d

Events (10 events):
Event: 77.538 Thread 0x00000000014e3800 Uncommon trap: trap_request=0xffffff65 fr.pc=0x00000000231c9554
Event: 77.538 Thread 0x00000000014e3800 DEOPT PACKING pc=0x00000000231c9554 sp=0x0000000022efef30
Event: 77.538 Thread 0x00000000014e3800 DEOPT UNPACKING pc=0x0000000022f4583b sp=0x0000000022efee70 mode 2
Event: 77.551 Thread 0x0000000039c76000 flushing nmethod 0x000000002310cbd0
Event: 77.551 Thread 0x0000000039c76000 flushing nmethod 0x0000000023144510
Event: 77.555 Thread 0x0000000039c76000 flushing nmethod 0x00000000231a4750
Event: 77.581 Thread 0x0000000039c76000 flushing nmethod 0x000000002326bb90
Event: 77.590 Thread 0x0000000039c76000 flushing nmethod 0x00000000232e7750
Event: 77.602 Thread 0x0000000039c76000 flushing nmethod 0x000000002342e810
Event: 77.602 Thread 0x0000000039c76000 flushing nmethod 0x0000000023461190


Dynamic libraries:
0x00007ff74ef60000 - 0x00007ff74ef97000 	C:\Program Files\Java\jre1.8.0_241\bin\javaw.exe
0x00007ffc04d50000 - 0x00007ffc04f20000 	C:\Windows\SYSTEM32\ntdll.dll
0x00007ffc049e0000 - 0x00007ffc04a8c000 	C:\Windows\System32\KERNEL32.DLL
0x00007ffc01710000 - 0x00007ffc0192d000 	C:\Windows\System32\KERNELBASE.dll
0x00007ffc03aa0000 - 0x00007ffc03b42000 	C:\Windows\System32\ADVAPI32.dll
0x00007ffc03a00000 - 0x00007ffc03a9e000 	C:\Windows\System32\msvcrt.dll
0x00007ffc04690000 - 0x00007ffc046e9000 	C:\Windows\System32\sechost.dll
0x00007ffc038d0000 - 0x00007ffc039f1000 	C:\Windows\System32\RPCRT4.dll
0x00007ffc04be0000 - 0x00007ffc04d45000 	C:\Windows\System32\USER32.dll
0x00007ffc016f0000 - 0x00007ffc0170e000 	C:\Windows\System32\win32u.dll
0x00007ffc044f0000 - 0x00007ffc04524000 	C:\Windows\System32\GDI32.dll
0x00007ffc01240000 - 0x00007ffc013c1000 	C:\Windows\System32\gdi32full.dll
0x00007ffbf9130000 - 0x00007ffbf93aa000 	C:\Windows\WinSxS\amd64_microsoft.windows.common-controls_6595b64144ccf1df_6.0.14393.3053_none_7de042968342015d\COMCTL32.dll
0x00007ffc046f0000 - 0x00007ffc049b5000 	C:\Windows\System32\combase.dll
0x00007ffc021e0000 - 0x00007ffc022d4000 	C:\Windows\System32\ucrtbase.dll
0x00007ffc02170000 - 0x00007ffc021da000 	C:\Windows\System32\bcryptPrimitives.dll
0x00007ffc03d30000 - 0x00007ffc03d5e000 	C:\Windows\System32\IMM32.DLL
0x0000000180000000 - 0x000000018000d000 	C:\Windows\KATRK64.DLL
0x00007ffbff780000 - 0x00007ffbff793000 	C:\Windows\SYSTEM32\WTSAPI32.dll
0x00007ffbf8ee0000 - 0x00007ffbf8f8c000 	C:\Windows\system32\tmumh\20019\AddOn\7.0.0.1169\TmUmEvt64.dll
0x00007ffc03800000 - 0x00007ffc03808000 	C:\Windows\System32\PSAPI.DLL
0x00007ffc03bc0000 - 0x00007ffc03c12000 	C:\Windows\System32\SHLWAPI.dll
0x0000000055250000 - 0x000000005536a000 	C:\Windows\system32\tmumh\20019\TmMon\2.5.0.2095\tmmon64.dll
0x0000000051320000 - 0x00000000513f2000 	C:\Program Files\Java\jre1.8.0_241\bin\msvcr100.dll
0x00000000515b0000 - 0x0000000051e5c000 	C:\Program Files\Java\jre1.8.0_241\bin\server\jvm.dll
0x00007ffbf64b0000 - 0x00007ffbf64b9000 	C:\Windows\SYSTEM32\WSOCK32.dll
0x00007ffc03b50000 - 0x00007ffc03bba000 	C:\Windows\System32\WS2_32.dll
0x00007ffbf9420000 - 0x00007ffbf9443000 	C:\Windows\SYSTEM32\WINMM.dll
0x00007ffbf7360000 - 0x00007ffbf736a000 	C:\Windows\SYSTEM32\VERSION.dll
0x00007ffbf93f0000 - 0x00007ffbf941b000 	C:\Windows\SYSTEM32\WINMMBASE.dll
0x00007ffc01990000 - 0x00007ffc019d2000 	C:\Windows\System32\cfgmgr32.dll
0x00007ffbe3e10000 - 0x00007ffbe3e1f000 	C:\Program Files\Java\jre1.8.0_241\bin\verify.dll
0x00007ffbd0100000 - 0x00007ffbd0129000 	C:\Program Files\Java\jre1.8.0_241\bin\java.dll
0x00007ffbf0b30000 - 0x00007ffbf0b65000 	C:\Program Files\Java\jre1.8.0_241\bin\jdwp.dll
0x00007ffbf8b90000 - 0x00007ffbf8b98000 	C:\Program Files\Java\jre1.8.0_241\bin\npt.dll
0x00007ffbd05e0000 - 0x00007ffbd05f6000 	C:\Program Files\Java\jre1.8.0_241\bin\zip.dll
0x00007ffc022f0000 - 0x00007ffc037f5000 	C:\Windows\System32\SHELL32.dll
0x00007ffc019e0000 - 0x00007ffc020ba000 	C:\Windows\System32\windows.storage.dll
0x00007ffc011c0000 - 0x00007ffc0120c000 	C:\Windows\System32\powrprof.dll
0x00007ffc01210000 - 0x00007ffc0121f000 	C:\Windows\System32\kernel.appcore.dll
0x00007ffc020c0000 - 0x00007ffc02169000 	C:\Windows\System32\shcore.dll
0x00007ffc01220000 - 0x00007ffc01234000 	C:\Windows\System32\profapi.dll
0x00007ffbf8980000 - 0x00007ffbf8989000 	C:\Program Files\Java\jre1.8.0_241\bin\dt_socket.dll
0x00007ffbf9b80000 - 0x00007ffbf9b96000 	C:\Windows\system32\napinsp.dll
0x00007ffbf9b60000 - 0x00007ffbf9b7a000 	C:\Windows\system32\pnrpnsp.dll
0x00007ffbfde30000 - 0x00007ffbfde48000 	C:\Windows\system32\NLAapi.dll
0x00007ffc00ad0000 - 0x00007ffc00b2c000 	C:\Windows\System32\mswsock.dll
0x00007ffc00850000 - 0x00007ffc008f2000 	C:\Windows\SYSTEM32\DNSAPI.dll
0x00007ffc022e0000 - 0x00007ffc022e8000 	C:\Windows\System32\NSI.dll
0x00007ffc007b0000 - 0x00007ffc007e8000 	C:\Windows\SYSTEM32\IPHLPAPI.DLL
0x00007ffbf9ba0000 - 0x00007ffbf9bae000 	C:\Windows\System32\winrnr.dll
0x0000000001650000 - 0x0000000001676000 	C:\Program Files\Bonjour\mdnsNSP.dll
0x00007ffbfbbe0000 - 0x00007ffbfbc4a000 	C:\Windows\System32\fwpuclnt.dll
0x00007ffc010f0000 - 0x00007ffc0111b000 	C:\Windows\SYSTEM32\bcrypt.dll
0x00007ffbfbcf0000 - 0x00007ffbfbcfa000 	C:\Windows\System32\rasadhlp.dll
0x00007ffbff7b0000 - 0x00007ffbff7ca000 	C:\Program Files\Java\jre1.8.0_241\bin\net.dll
0x00007ffbfb140000 - 0x00007ffbfb152000 	C:\Program Files\Java\jre1.8.0_241\bin\nio.dll

VM Arguments:
jvm_args: -agentlib:jdwp=transport=dt_socket,suspend=y,address=localhost:52912 -Xss500m -Xmx2500M -Dfile.encoding=UTF-8 
java_command: dataflow.util.CGCreator -whole-program -xml-attributes -keep-line-number -f jimple -p cg.cha enabled:true -app simple.logic.Logic -p cg verbose:true,all-reachable:true,,safe-forname:true,safe-newinstance:true
java_class_path (initial): Z:\01.mydrive\eclipseWorkspace\tmp\bin;Z:\01.mydrive\eclipseWorkspace\tmp\lib\annotations-api.jar;Z:\01.mydrive\eclipseWorkspace\tmp\lib\catalina-ant.jar;Z:\01.mydrive\eclipseWorkspace\tmp\lib\catalina-ha.jar;Z:\01.mydrive\eclipseWorkspace\tmp\lib\catalina-tribes.jar;Z:\01.mydrive\eclipseWorkspace\tmp\lib\catalina.jar;Z:\01.mydrive\eclipseWorkspace\tmp\lib\ecj-4.4.2.jar;Z:\01.mydrive\eclipseWorkspace\tmp\lib\el-api.jar;Z:\01.mydrive\eclipseWorkspace\tmp\lib\jasper-el.jar;Z:\01.mydrive\eclipseWorkspace\tmp\lib\jasper.jar;Z:\01.mydrive\eclipseWorkspace\tmp\lib\jsp-api.jar;Z:\01.mydrive\eclipseWorkspace\tmp\lib\servlet-api.jar;Z:\01.mydrive\eclipseWorkspace\tmp\lib\tomcat-api.jar;Z:\01.mydrive\eclipseWorkspace\tmp\lib\tomcat-coyote.jar;Z:\01.mydrive\eclipseWorkspace\tmp\lib\tomcat-dbcp.jar;Z:\01.mydrive\eclipseWorkspace\tmp\lib\tomcat-i18n-es.jar;Z:\01.mydrive\eclipseWorkspace\tmp\lib\tomcat-i18n-fr.jar;Z:\01.mydrive\eclipseWorkspace\tmp\lib\tomcat-i18n-ja.jar;Z:\01.mydrive\eclipseWorkspace\tmp\lib\tomcat-i18n-ru.jar;Z:\01.mydrive\eclipseWorkspace\tmp\lib\tomcat-jdbc.jar;Z:\01.mydrive\eclipseWorkspace\tmp\lib\tomcat-util.jar;Z:\01.mydrive\eclipseWorkspace\tmp\lib\tomcat7-websocket.jar;Z:\01.mydrive\eclipseWorkspace\tmp\lib\websocket-api.jar;C:\Program Files\eclipse javaEE\plugins\org.junit_4.11.0.v201303080030\junit.jar;C:\Program Files\eclipse javaEE\plugins\org.hamcrest.core_1.3.0.v201303031735.jar;Z:\01.mydrive\eclipseWorkspace\tmp\lib\soot-2.5.0.jar;Z:\01.mydrive\eclipseWorkspace\tmp\lib\rt.jar
Launcher Type: SUN_STANDARD

Environment Variables:
PATH=C:/Program Files/Java/jre1.8.0_241/bin/server;C:/Program Files/Java/jre1.8.0_241/bin;C:/Program Files/Java/jre1.8.0_241/lib/amd64;C:\Program Files (x86)\NVIDIA Corporation\PhysX\Common;C:\Program Files (x86)\Common Files\Oracle\Java\javapath;C:\Program Files\Haskell\bin;C:\Program Files\Haskell Platform\8.2.2\lib\extralibs\bin;C:\Program Files\Haskell Platform\8.2.2\bin;C:\ProgramData\Oracle\Java\javapath;C:\Windows\system32;C:\Windows;C:\Windows\System32\Wbem;C:\Windows\System32\WindowsPowerShell\v1.0\;c:\Program Files (x86)\Microsoft SQL Server\110\Tools\Binn\;c:\Program Files\Microsoft SQL Server\110\Tools\Binn\;c:\Program Files\Microsoft SQL Server\110\DTS\Binn\;C:\Program Files (x86)\Shoes;C:\MinGW\bin;C:\Ruby25-x64\bin;C:\Ruby23-x64\bin;C:\Program Files (x86)\gnuplot\bin;C:\Program Files (x86)\Windows Kits\10\Windows Performance Toolkit\;C:\ProgramData\Anaconda3;C:\Python36\Scripts\;C:\Python36\;C:\Program Files (x86)\LilyPond\usr\bin;C:\Program Files (x86)\Windows Kits\8.1\Windows Performance Toolkit\;C:\Program Files (x86)\PuTTY\;C:\Program Files\IBM\SPSS\Statistics\25\JRE\bin;C:\Program Files\Haskell Platform\8.2.2\mingw\bin;C:\texlive\2018\bin\win32;C:\Program Files\Microsoft VS Code\bin;C:\Program Files (x86)\scala\bin;C:\Program Files\MATLAB\R2018b\bin;C:\Program Files (x86)\Wolfram Research\WolframScript\;C:\Program Files (x86)\mysql\bin;C:\Program Files (x86)\php;C:\Program Files\gs\gs9.50\bin;C:\Users\s1930149\AppData\Local\Microsoft\WindowsApps;;C:\Program Files\eclipse javaEE;
USERNAME=s1930149
OS=Windows_NT
PROCESSOR_IDENTIFIER=Intel64 Family 6 Model 94 Stepping 3, GenuineIntel



---------------  S Y S T E M  ---------------

OS: Windows 10.0 , 64 bit Build 14393 (10.0.14393.2969)

CPU:total 4 (initial active 4) (4 cores per cpu, 1 threads per core) family 6 model 94 stepping 3, cmov, cx8, fxsr, mmx, sse, sse2, sse3, ssse3, sse4.1, sse4.2, popcnt, aes, clmul, erms, rtm, 3dnowpref, lzcnt, tsc, tscinvbit, bmi1, bmi2, adx

Memory: 4k page, physical 8142772k(850192k free), swap 8142772k(5800k free)

vm_info: Java HotSpot(TM) 64-Bit Server VM (25.241-b07) for windows-amd64 JRE (1.8.0_241-b07), built on Dec 11 2019 10:21:40 by "rejava" with MS VC++ 10.0 (VS2010)

time: Fri Jan 31 22:43:26 2020
timezone: ìåãû (ïWèÄéû)
elapsed time: 77 seconds (0d 0h 1m 17s)

