#
# There is insufficient memory for the Java Runtime Environment to continue.
# Native memory allocation (malloc) failed to allocate 520336 bytes for Chunk::new
# Possible reasons:
#   The system is out of physical RAM or swap space
# Possible solutions:
#   Reduce memory load on the system
#   Increase physical memory or swap space
#   Check if swap backing store is full
#   Decrease Java heap size (-Xmx/-Xms)
#   Decrease number of Java threads
#   Decrease Java thread stack sizes (-Xss)
#   Set larger code cache with -XX:ReservedCodeCacheSize=
# This output file may be truncated or incomplete.
#
#  Out of Memory Error (allocation.cpp:389), pid=6928, tid=0x00000000000011d4
#
# JRE version: Java(TM) SE Runtime Environment (8.0_241-b07) (build 1.8.0_241-b07)
# Java VM: Java HotSpot(TM) 64-Bit Server VM (25.241-b07 mixed mode windows-amd64 )
# Failed to write core dump. Minidumps are not enabled by default on client versions of Windows
#

---------------  T H R E A D  ---------------

Current thread (0x000000003405d000):  JavaThread "C2 CompilerThread0" daemon [_thread_in_native, id=4564, stack(0x0000000035150000,0x0000000035250000)]

Stack: [0x0000000035150000,0x0000000035250000]
[error occurred during error reporting (printing stack bounds), id 0xc0000005]

Native frames: (J=compiled Java code, j=interpreted, Vv=VM code, C=native code)


Current CompileTask:
C2:  79747 3183       4       soot.jimple.toolkits.typing.fast.AugEvalFunction::eval_ (1033 bytes)


---------------  P R O C E S S  ---------------

Java Threads: ( => current thread )
  0x00000000354c1000 JavaThread "Service Thread" daemon [_thread_blocked, id=8684, stack(0x0000001d53700000,0x0000001dfcf00000)]
  0x000000003400e000 JavaThread "C1 CompilerThread2" daemon [_thread_blocked, id=9456, stack(0x0000000035350000,0x0000000035450000)]
  0x0000000034009000 JavaThread "C2 CompilerThread1" daemon [_thread_in_native, id=7412, stack(0x0000000035250000,0x0000000035350000)]
=>0x000000003405d000 JavaThread "C2 CompilerThread0" daemon [_thread_in_native, id=4564, stack(0x0000000035150000,0x0000000035250000)]
  0x000000003405c000 JavaThread "Attach Listener" daemon [_thread_blocked, id=5844, stack(0x0000001ca9f00000,0x0000001d53700000)]
  0x0000000033ffb800 JavaThread "Signal Dispatcher" daemon [_thread_blocked, id=2852, stack(0x0000001c00700000,0x0000001ca9f00000)]
  0x0000000000909000 JavaThread "Finalizer" daemon [_thread_blocked, id=7280, stack(0x0000001b56f00000,0x0000001c00700000)]
  0x0000000000903000 JavaThread "Reference Handler" daemon [_thread_blocked, id=6768, stack(0x0000001aad700000,0x0000001b56f00000)]
  0x0000000000813800 JavaThread "main" [_thread_in_Java, id=8448, stack(0x000000007fff0000,0x00000001297f0000)]

Other Threads:
  0x0000000033fc8000 VMThread [stack: 0x0000000035050000,0x0000000035150000] [id=7184]
  0x00000000354f7800 WatcherThread [stack: 0x0000000035850000,0x0000000035950000] [id=9344]

VM state:not at safepoint (normal execution)

VM Mutex/Monitor currently owned by a thread: None

Heap:
 PSYoungGen      total 576000K, used 354146K [0x00000011c6d00000, 0x00000011f6880000, 0x00000019ea200000)
  eden space 518656K, 68% used [0x00000011c6d00000,0x00000011dc6d8998,0x00000011e6780000)
  from space 57344K, 0% used [0x00000011e6780000,0x00000011e6780000,0x00000011e9f80000)
  to   space 49664K, 0% used [0x00000011f3800000,0x00000011f3800000,0x00000011f6880000)
 ParOldGen       total 180224K, used 180217K [0x0000000180200000, 0x000000018b200000, 0x00000011c6d00000)
  object space 180224K, 99% used [0x0000000180200000,0x000000018b1fe6a8,0x000000018b200000)
 Metaspace       used 10900K, capacity 11191K, committed 11264K, reserved 12288K

Card table byte_map: [0x00000000123c0000,0x000000001e720000] byte_map_base: 0x00000000117bf000

Marking Bits: (ParMarkBitMap*) 0x000000006d91be30
 Begin Bits: [0x00000019ea200000, 0x0000001a4bc80000)
 End Bits:   [0x0000001a4bc80000, 0x0000001aad700000)

Polling page: 0x00000000007f0000

CodeCache: size=245760Kb used=15275Kb max_used=16282Kb free=230484Kb
 bounds [0x0000000003000000, 0x00000000040b0000, 0x0000000012000000]
 total_blobs=2607 nmethods=2299 adapters=221
 compilation: enabled

Compilation events (10 events):
Event: 79.672 Thread 0x000000003400e000 3190       3       soot.coffi.ByteCode::disassemble_bytecode (3662 bytes)
Event: 79.689 Thread 0x000000003400e000 nmethod 3190 0x0000000003ff8710 code [0x0000000003ffa9c0, 0x00000000040110e8]
Event: 79.690 Thread 0x000000003400e000 3191       3       soot.coffi.CFG::processFlow (4665 bytes)
Event: 79.729 Thread 0x000000003400e000 nmethod 3191 0x0000000003e95e90 code [0x0000000003e9afc0, 0x0000000003ecb738]
Event: 79.729 Thread 0x000000003400e000 3193       3       soot.coffi.Instruction_Athrow::<init> (18 bytes)
Event: 79.729 Thread 0x000000003400e000 nmethod 3193 0x0000000003bd3b90 code [0x0000000003bd3d00, 0x0000000003bd3fb0]
Event: 79.729 Thread 0x000000003400e000 3194       3       soot.coffi.Instruction_Ireturn::<init> (23 bytes)
Event: 79.729 Thread 0x000000003400e000 nmethod 3194 0x000000000399a990 code [0x000000000399ab00, 0x000000000399adb0]
Event: 79.729 Thread 0x000000003400e000 3192       3       soot.jimple.Jimple::newUshrExpr (10 bytes)
Event: 79.730 Thread 0x000000003400e000 nmethod 3192 0x0000000003525790 code [0x00000000035259e0, 0x00000000035266d8]

GC Heap History (10 events):
Event: 75.088 GC heap before
{Heap before GC invocations=47 (full 30):
 PSYoungGen      total 576000K, used 518656K [0x00000011c6d00000, 0x00000011f6880000, 0x00000019ea200000)
  eden space 518656K, 100% used [0x00000011c6d00000,0x00000011e6780000,0x00000011e6780000)
  from space 57344K, 0% used [0x00000011e6780000,0x00000011e6780000,0x00000011e9f80000)
  to   space 49664K, 0% used [0x00000011f3800000,0x00000011f3800000,0x00000011f6880000)
 ParOldGen       total 180224K, used 179877K [0x0000000180200000, 0x000000018b200000, 0x00000011c6d00000)
  object space 180224K, 99% used [0x0000000180200000,0x000000018b1a9550,0x000000018b200000)
 Metaspace       used 10880K, capacity 11191K, committed 11264K, reserved 12288K
Event: 75.776 GC heap after
Heap after GC invocations=47 (full 30):
 PSYoungGen      total 576000K, used 203147K [0x00000011c6d00000, 0x00000011f6880000, 0x00000019ea200000)
  eden space 518656K, 39% used [0x00000011c6d00000,0x00000011d3362c88,0x00000011e6780000)
  from space 57344K, 0% used [0x00000011e6780000,0x00000011e6780000,0x00000011e9f80000)
  to   space 49664K, 0% used [0x00000011f3800000,0x00000011f3800000,0x00000011f6880000)
 ParOldGen       total 180224K, used 180176K [0x0000000180200000, 0x000000018b200000, 0x00000011c6d00000)
  object space 180224K, 99% used [0x0000000180200000,0x000000018b1f4118,0x000000018b200000)
 Metaspace       used 10880K, capacity 11191K, committed 11264K, reserved 12288K
}
Event: 76.118 GC heap before
{Heap before GC invocations=48 (full 31):
 PSYoungGen      total 576000K, used 518656K [0x00000011c6d00000, 0x00000011f6880000, 0x00000019ea200000)
  eden space 518656K, 100% used [0x00000011c6d00000,0x00000011e6780000,0x00000011e6780000)
  from space 57344K, 0% used [0x00000011e6780000,0x00000011e6780000,0x00000011e9f80000)
  to   space 49664K, 0% used [0x00000011f3800000,0x00000011f3800000,0x00000011f6880000)
 ParOldGen       total 180224K, used 180176K [0x0000000180200000, 0x000000018b200000, 0x00000011c6d00000)
  object space 180224K, 99% used [0x0000000180200000,0x000000018b1f4118,0x000000018b200000)
 Metaspace       used 10880K, capacity 11191K, committed 11264K, reserved 12288K
Event: 76.622 GC heap after
Heap after GC invocations=48 (full 31):
 PSYoungGen      total 576000K, used 208334K [0x00000011c6d00000, 0x00000011f6880000, 0x00000019ea200000)
  eden space 518656K, 40% used [0x00000011c6d00000,0x00000011d3873ae0,0x00000011e6780000)
  from space 57344K, 0% used [0x00000011e6780000,0x00000011e6780000,0x00000011e9f80000)
  to   space 49664K, 0% used [0x00000011f3800000,0x00000011f3800000,0x00000011f6880000)
 ParOldGen       total 180224K, used 179924K [0x0000000180200000, 0x000000018b200000, 0x00000011c6d00000)
  object space 180224K, 99% used [0x0000000180200000,0x000000018b1b52e0,0x000000018b200000)
 Metaspace       used 10880K, capacity 11191K, committed 11264K, reserved 12288K
}
Event: 76.937 GC heap before
{Heap before GC invocations=49 (full 32):
 PSYoungGen      total 576000K, used 518656K [0x00000011c6d00000, 0x00000011f6880000, 0x00000019ea200000)
  eden space 518656K, 100% used [0x00000011c6d00000,0x00000011e6780000,0x00000011e6780000)
  from space 57344K, 0% used [0x00000011e6780000,0x00000011e6780000,0x00000011e9f80000)
  to   space 49664K, 0% used [0x00000011f3800000,0x00000011f3800000,0x00000011f6880000)
 ParOldGen       total 180224K, used 179924K [0x0000000180200000, 0x000000018b200000, 0x00000011c6d00000)
  object space 180224K, 99% used [0x0000000180200000,0x000000018b1b52e0,0x000000018b200000)
 Metaspace       used 10882K, capacity 11191K, committed 11264K, reserved 12288K
Event: 77.757 GC heap after
Heap after GC invocations=49 (full 32):
 PSYoungGen      total 576000K, used 213845K [0x00000011c6d00000, 0x00000011f6880000, 0x00000019ea200000)
  eden space 518656K, 41% used [0x00000011c6d00000,0x00000011d3dd5530,0x00000011e6780000)
  from space 57344K, 0% used [0x00000011e6780000,0x00000011e6780000,0x00000011e9f80000)
  to   space 49664K, 0% used [0x00000011f3800000,0x00000011f3800000,0x00000011f6880000)
 ParOldGen       total 180224K, used 180177K [0x0000000180200000, 0x000000018b200000, 0x00000011c6d00000)
  object space 180224K, 99% used [0x0000000180200000,0x000000018b1f44c0,0x000000018b200000)
 Metaspace       used 10882K, capacity 11191K, committed 11264K, reserved 12288K
}
Event: 78.059 GC heap before
{Heap before GC invocations=50 (full 33):
 PSYoungGen      total 576000K, used 518656K [0x00000011c6d00000, 0x00000011f6880000, 0x00000019ea200000)
  eden space 518656K, 100% used [0x00000011c6d00000,0x00000011e6780000,0x00000011e6780000)
  from space 57344K, 0% used [0x00000011e6780000,0x00000011e6780000,0x00000011e9f80000)
  to   space 49664K, 0% used [0x00000011f3800000,0x00000011f3800000,0x00000011f6880000)
 ParOldGen       total 180224K, used 180177K [0x0000000180200000, 0x000000018b200000, 0x00000011c6d00000)
  object space 180224K, 99% used [0x0000000180200000,0x000000018b1f44c0,0x000000018b200000)
 Metaspace       used 10896K, capacity 11191K, committed 11264K, reserved 12288K
Event: 78.517 GC heap after
Heap after GC invocations=50 (full 33):
 PSYoungGen      total 576000K, used 219696K [0x00000011c6d00000, 0x00000011f6880000, 0x00000019ea200000)
  eden space 518656K, 42% used [0x00000011c6d00000,0x00000011d438c110,0x00000011e6780000)
  from space 57344K, 0% used [0x00000011e6780000,0x00000011e6780000,0x00000011e9f80000)
  to   space 49664K, 0% used [0x00000011f3800000,0x00000011f3800000,0x00000011f6880000)
 ParOldGen       total 180224K, used 179946K [0x0000000180200000, 0x000000018b200000, 0x00000011c6d00000)
  object space 180224K, 99% used [0x0000000180200000,0x000000018b1bab18,0x000000018b200000)
 Metaspace       used 10896K, capacity 11191K, committed 11264K, reserved 12288K
}
Event: 78.875 GC heap before
{Heap before GC invocations=51 (full 34):
 PSYoungGen      total 576000K, used 518656K [0x00000011c6d00000, 0x00000011f6880000, 0x00000019ea200000)
  eden space 518656K, 100% used [0x00000011c6d00000,0x00000011e6780000,0x00000011e6780000)
  from space 57344K, 0% used [0x00000011e6780000,0x00000011e6780000,0x00000011e9f80000)
  to   space 49664K, 0% used [0x00000011f3800000,0x00000011f3800000,0x00000011f6880000)
 ParOldGen       total 180224K, used 179946K [0x0000000180200000, 0x000000018b200000, 0x00000011c6d00000)
  object space 180224K, 99% used [0x0000000180200000,0x000000018b1bab18,0x000000018b200000)
 Metaspace       used 10899K, capacity 11191K, committed 11264K, reserved 12288K
Event: 79.600 GC heap after
Heap after GC invocations=51 (full 34):
 PSYoungGen      total 576000K, used 236378K [0x00000011c6d00000, 0x00000011f6880000, 0x00000019ea200000)
  eden space 518656K, 45% used [0x00000011c6d00000,0x00000011d53d6850,0x00000011e6780000)
  from space 57344K, 0% used [0x00000011e6780000,0x00000011e6780000,0x00000011e9f80000)
  to   space 49664K, 0% used [0x00000011f3800000,0x00000011f3800000,0x00000011f6880000)
 ParOldGen       total 180224K, used 180217K [0x0000000180200000, 0x000000018b200000, 0x00000011c6d00000)
  object space 180224K, 99% used [0x0000000180200000,0x000000018b1fe6a8,0x000000018b200000)
 Metaspace       used 10899K, capacity 11191K, committed 11264K, reserved 12288K
}

Deoptimization events (10 events):
Event: 75.809 Thread 0x0000000000813800 Uncommon trap: reason=unstable_if action=reinterpret pc=0x0000000003913790 method=soot.jimple.toolkits.typing.fast.AugEvalFunction.eval_(Lsoot/jimple/toolkits/typing/fast/Typing;Lsoot/Value;Lsoot/jimple/Stmt;Lsoot/jimple/JimpleBody;)Lsoot/Type; @ 190
Event: 76.042 Thread 0x0000000000813800 Uncommon trap: reason=unstable_if action=reinterpret pc=0x00000000033f2480 method=soot.jimple.toolkits.scalar.UnreachableCodeEliminator$Instance.internalTransform(Lsoot/Body;Ljava/lang/String;Ljava/util/Map;)V @ 500
Event: 76.077 Thread 0x0000000000813800 Uncommon trap: reason=unstable_if action=reinterpret pc=0x00000000038124b0 method=soot.jimple.toolkits.callgraph.Edge.equals(Ljava/lang/Object;)Z @ 19
Event: 76.735 Thread 0x0000000000813800 Uncommon trap: reason=unstable_if action=reinterpret pc=0x000000000323d144 method=java.util.HashMap.resize()[Ljava/util/HashMap$Node; @ 206
Event: 77.802 Thread 0x0000000000813800 Uncommon trap: reason=unstable_if action=reinterpret pc=0x000000000366648c method=soot.jimple.toolkits.typing.fast.AugEvalFunction.eval_(Lsoot/jimple/toolkits/typing/fast/Typing;Lsoot/Value;Lsoot/jimple/Stmt;Lsoot/jimple/JimpleBody;)Lsoot/Type; @ 309
Event: 77.844 Thread 0x0000000000813800 Uncommon trap: reason=bimorphic action=maybe_recompile pc=0x0000000003bbf5d4 method=soot.AbstractUnitBox.setUnit(Lsoot/Unit;)V @ 30
Event: 77.950 Thread 0x0000000000813800 Uncommon trap: reason=bimorphic action=maybe_recompile pc=0x0000000003f01fd4 method=soot.jimple.toolkits.scalar.DeadAssignmentEliminator.internalTransform(Lsoot/Body;Ljava/lang/String;Ljava/util/Map;)V @ 330
Event: 78.804 Thread 0x0000000000813800 Uncommon trap: reason=unstable_if action=reinterpret pc=0x00000000038e390c method=soot.jimple.toolkits.typing.fast.AugEvalFunction.eval_(Lsoot/jimple/toolkits/typing/fast/Typing;Lsoot/Value;Lsoot/jimple/Stmt;Lsoot/jimple/JimpleBody;)Lsoot/Type; @ 492
Event: 79.668 Thread 0x0000000000813800 Uncommon trap: reason=unloaded action=reinterpret pc=0x0000000003695bb0 method=soot.coffi.ByteCode.disassemble_bytecode([BI)Lsoot/coffi/Instruction; @ 1604
Event: 79.672 Thread 0x0000000000813800 Uncommon trap: reason=unstable_if action=reinterpret pc=0x0000000003731328 method=soot.coffi.CFG.processFlow(Lsoot/coffi/Instruction;Lsoot/coffi/TypeStack;[Lsoot/coffi/cp_info;)Lsoot/coffi/OutFlow; @ 3629

Classes redefined (0 events):
No events

Internal exceptions (10 events):
Event: 1.064 Thread 0x0000000000813800 Exception <a 'java/security/PrivilegedActionException'> (0x00000011c7658028) thrown at [C:\ade\jenkins\workspace\8-2-build-windows-amd64-cygwin\jdk8u241\331\hotspot\src\share\vm\prims\jvm.cpp, line 1502]
Event: 20.767 Thread 0x0000000000813800 Exception <a 'java/lang/ArrayIndexOutOfBoundsException': 18> (0x00000011cb070480) thrown at [C:\ade\jenkins\workspace\8-2-build-windows-amd64-cygwin\jdk8u241\331\hotspot\src\share\vm\interpreter\interpreterRuntime.cpp, line 368]
Event: 38.526 Thread 0x0000000000813800 Implicit null exception at 0x000000000353bc4e to 0x000000000353bc7d
Event: 38.975 Thread 0x0000000000813800 Implicit null exception at 0x000000000351ac87 to 0x000000000351b10d
Event: 39.275 Thread 0x0000000000813800 Implicit null exception at 0x00000000034050a9 to 0x0000000003406c79
Event: 39.912 Thread 0x0000000000813800 Implicit null exception at 0x000000000348199f to 0x00000000034819f9
Event: 41.366 Thread 0x0000000000813800 Implicit null exception at 0x000000000358956c to 0x0000000003589821
Event: 41.366 Thread 0x0000000000813800 Implicit null exception at 0x0000000003586d29 to 0x00000000035870ad
Event: 50.592 Thread 0x0000000000813800 Implicit null exception at 0x00000000031dd4bb to 0x00000000031dd60d
Event: 50.593 Thread 0x0000000000813800 Implicit null exception at 0x0000000003797909 to 0x00000000037979b9

Events (10 events):
Event: 78.804 Thread 0x0000000000813800 DEOPT PACKING pc=0x00000000038e390c sp=0x00000001297eddd0
Event: 78.804 Thread 0x0000000000813800 DEOPT UNPACKING pc=0x000000000304583b sp=0x00000001297edd88 mode 2
Event: 78.875 Executing VM operation: ParallelGCFailedAllocation
Event: 79.600 Executing VM operation: ParallelGCFailedAllocation done
Event: 79.668 Thread 0x0000000000813800 Uncommon trap: trap_request=0x0000007c fr.pc=0x0000000003695bb0
Event: 79.668 Thread 0x0000000000813800 DEOPT PACKING pc=0x0000000003695bb0 sp=0x00000001297ee680
Event: 79.668 Thread 0x0000000000813800 DEOPT UNPACKING pc=0x000000000304583b sp=0x00000001297ee600 mode 2
Event: 79.672 Thread 0x0000000000813800 Uncommon trap: trap_request=0xffffff65 fr.pc=0x0000000003731328
Event: 79.672 Thread 0x0000000000813800 DEOPT PACKING pc=0x0000000003731328 sp=0x00000001297ee230
Event: 79.672 Thread 0x0000000000813800 DEOPT UNPACKING pc=0x000000000304583b sp=0x00000001297ee208 mode 2


Dynamic libraries:
0x00007ff647220000 - 0x00007ff647257000 	C:\Program Files\Java\jre1.8.0_241\bin\javaw.exe
0x00007ffde38e0000 - 0x00007ffde3ab0000 	C:\Windows\SYSTEM32\ntdll.dll
0x00007ffde2b20000 - 0x00007ffde2bcc000 	C:\Windows\System32\KERNEL32.DLL
0x00007ffde0a30000 - 0x00007ffde0c4d000 	C:\Windows\System32\KERNELBASE.dll
0x00007ffde2850000 - 0x00007ffde28f2000 	C:\Windows\System32\ADVAPI32.dll
0x00007ffde2da0000 - 0x00007ffde2e3e000 	C:\Windows\System32\msvcrt.dll
0x00007ffde2d40000 - 0x00007ffde2d99000 	C:\Windows\System32\sechost.dll
0x00007ffde23e0000 - 0x00007ffde2501000 	C:\Windows\System32\RPCRT4.dll
0x00007ffde2f40000 - 0x00007ffde30a5000 	C:\Windows\System32\USER32.dll
0x00007ffde0da0000 - 0x00007ffde0dbe000 	C:\Windows\System32\win32u.dll
0x00007ffde2d00000 - 0x00007ffde2d34000 	C:\Windows\System32\GDI32.dll
0x00007ffddfe40000 - 0x00007ffddffc1000 	C:\Windows\System32\gdi32full.dll
0x00007ffdd7c70000 - 0x00007ffdd7eea000 	C:\Windows\WinSxS\amd64_microsoft.windows.common-controls_6595b64144ccf1df_6.0.14393.3053_none_7de042968342015d\COMCTL32.dll
0x00007ffde3560000 - 0x00007ffde3825000 	C:\Windows\System32\combase.dll
0x00007ffde0930000 - 0x00007ffde0a24000 	C:\Windows\System32\ucrtbase.dll
0x00007ffddfdd0000 - 0x00007ffddfe3a000 	C:\Windows\System32\bcryptPrimitives.dll
0x00007ffde38a0000 - 0x00007ffde38ce000 	C:\Windows\System32\IMM32.DLL
0x0000000180000000 - 0x000000018000d000 	C:\Windows\KATRK64.DLL
0x00007ffddccb0000 - 0x00007ffddccc3000 	C:\Windows\SYSTEM32\WTSAPI32.dll
0x00007ffdd7a20000 - 0x00007ffdd7acc000 	C:\Windows\system32\tmumh\20019\AddOn\7.0.0.1169\TmUmEvt64.dll
0x00007ffde30b0000 - 0x00007ffde30b8000 	C:\Windows\System32\PSAPI.DLL
0x00007ffde2380000 - 0x00007ffde23d2000 	C:\Windows\System32\SHLWAPI.dll
0x0000000070ec0000 - 0x0000000070fda000 	C:\Windows\system32\tmumh\20019\TmMon\2.5.0.2095\tmmon64.dll
0x000000006cf90000 - 0x000000006d062000 	C:\Program Files\Java\jre1.8.0_241\bin\msvcr100.dll
0x000000006d0f0000 - 0x000000006d99c000 	C:\Program Files\Java\jre1.8.0_241\bin\server\jvm.dll
0x00007ffdcf3c0000 - 0x00007ffdcf3c9000 	C:\Windows\SYSTEM32\WSOCK32.dll
0x00007ffde3830000 - 0x00007ffde389a000 	C:\Windows\System32\WS2_32.dll
0x00007ffdd7f50000 - 0x00007ffdd7f73000 	C:\Windows\SYSTEM32\WINMM.dll
0x00007ffdd5230000 - 0x00007ffdd523a000 	C:\Windows\SYSTEM32\VERSION.dll
0x00007ffdd7f20000 - 0x00007ffdd7f4b000 	C:\Windows\SYSTEM32\WINMMBASE.dll
0x00007ffde0e20000 - 0x00007ffde0e62000 	C:\Windows\System32\cfgmgr32.dll
0x00007ffddce50000 - 0x00007ffddce5f000 	C:\Program Files\Java\jre1.8.0_241\bin\verify.dll
0x00007ffdd74a0000 - 0x00007ffdd74c9000 	C:\Program Files\Java\jre1.8.0_241\bin\java.dll
0x00007ffdd6630000 - 0x00007ffdd6646000 	C:\Program Files\Java\jre1.8.0_241\bin\zip.dll
0x00007ffde0e70000 - 0x00007ffde2375000 	C:\Windows\System32\SHELL32.dll
0x00007ffddffd0000 - 0x00007ffde06aa000 	C:\Windows\System32\windows.storage.dll
0x00007ffddfd70000 - 0x00007ffddfdbc000 	C:\Windows\System32\powrprof.dll
0x00007ffddfd60000 - 0x00007ffddfd6f000 	C:\Windows\System32\kernel.appcore.dll
0x00007ffde0c50000 - 0x00007ffde0cf9000 	C:\Windows\System32\shcore.dll
0x00007ffddfd40000 - 0x00007ffddfd54000 	C:\Windows\System32\profapi.dll
0x00007ffdc8bf0000 - 0x00007ffdc8c0a000 	C:\Program Files\Java\jre1.8.0_241\bin\net.dll
0x00007ffddf660000 - 0x00007ffddf6bc000 	C:\Windows\system32\mswsock.dll
0x00007ffdc8bd0000 - 0x00007ffdc8be2000 	C:\Program Files\Java\jre1.8.0_241\bin\nio.dll

VM Arguments:
jvm_args: -Xss15000m -Xmx100000M -Dfile.encoding=UTF-8 
java_command: dataflow.util.CGCreator -whole-program -xml-attributes -keep-line-number -f jimple -p cg.cha enabled:true -app simple.logic.Logic -p cg verbose:true,all-reachable:true,,safe-forname:true,safe-newinstance:true
java_class_path (initial): Z:\01.mydrive\eclipseWorkspace\tmp\bin;Z:\01.mydrive\eclipseWorkspace\tmp\lib\annotations-api.jar;Z:\01.mydrive\eclipseWorkspace\tmp\lib\catalina-ant.jar;Z:\01.mydrive\eclipseWorkspace\tmp\lib\catalina-ha.jar;Z:\01.mydrive\eclipseWorkspace\tmp\lib\catalina-tribes.jar;Z:\01.mydrive\eclipseWorkspace\tmp\lib\catalina.jar;Z:\01.mydrive\eclipseWorkspace\tmp\lib\ecj-4.4.2.jar;Z:\01.mydrive\eclipseWorkspace\tmp\lib\el-api.jar;Z:\01.mydrive\eclipseWorkspace\tmp\lib\jasper-el.jar;Z:\01.mydrive\eclipseWorkspace\tmp\lib\jasper.jar;Z:\01.mydrive\eclipseWorkspace\tmp\lib\jsp-api.jar;Z:\01.mydrive\eclipseWorkspace\tmp\lib\servlet-api.jar;Z:\01.mydrive\eclipseWorkspace\tmp\lib\tomcat-api.jar;Z:\01.mydrive\eclipseWorkspace\tmp\lib\tomcat-coyote.jar;Z:\01.mydrive\eclipseWorkspace\tmp\lib\tomcat-dbcp.jar;Z:\01.mydrive\eclipseWorkspace\tmp\lib\tomcat-i18n-es.jar;Z:\01.mydrive\eclipseWorkspace\tmp\lib\tomcat-i18n-fr.jar;Z:\01.mydrive\eclipseWorkspace\tmp\lib\tomcat-i18n-ja.jar;Z:\01.mydrive\eclipseWorkspace\tmp\lib\tomcat-i18n-ru.jar;Z:\01.mydrive\eclipseWorkspace\tmp\lib\tomcat-jdbc.jar;Z:\01.mydrive\eclipseWorkspace\tmp\lib\tomcat-util.jar;Z:\01.mydrive\eclipseWorkspace\tmp\lib\tomcat7-websocket.jar;Z:\01.mydrive\eclipseWorkspace\tmp\lib\websocket-api.jar;C:\Program Files\eclipse javaEE\plugins\org.junit_4.11.0.v201303080030\junit.jar;C:\Program Files\eclipse javaEE\plugins\org.hamcrest.core_1.3.0.v201303031735.jar;Z:\01.mydrive\eclipseWorkspace\tmp\lib\soot-2.5.0.jar;Z:\01.mydrive\eclipseWorkspace\tmp\lib\rt.jar
Launcher Type: SUN_STANDARD

Environment Variables:
PATH=C:/Program Files/Java/jre1.8.0_241/bin/server;C:/Program Files/Java/jre1.8.0_241/bin;C:/Program Files/Java/jre1.8.0_241/lib/amd64;C:\Program Files (x86)\NVIDIA Corporation\PhysX\Common;C:\Program Files (x86)\Common Files\Oracle\Java\javapath;C:\Program Files\Haskell\bin;C:\Program Files\Haskell Platform\8.2.2\lib\extralibs\bin;C:\Program Files\Haskell Platform\8.2.2\bin;C:\ProgramData\Oracle\Java\javapath;C:\Windows\system32;C:\Windows;C:\Windows\System32\Wbem;C:\Windows\System32\WindowsPowerShell\v1.0\;c:\Program Files (x86)\Microsoft SQL Server\110\Tools\Binn\;c:\Program Files\Microsoft SQL Server\110\Tools\Binn\;c:\Program Files\Microsoft SQL Server\110\DTS\Binn\;C:\Program Files (x86)\Shoes;C:\MinGW\bin;C:\Ruby25-x64\bin;C:\Ruby23-x64\bin;C:\Program Files (x86)\gnuplot\bin;C:\Program Files (x86)\Windows Kits\10\Windows Performance Toolkit\;C:\ProgramData\Anaconda3;C:\Python36\Scripts\;C:\Python36\;C:\Program Files (x86)\LilyPond\usr\bin;C:\Program Files (x86)\Windows Kits\8.1\Windows Performance Toolkit\;C:\Program Files (x86)\PuTTY\;C:\Program Files\IBM\SPSS\Statistics\25\JRE\bin;C:\Program Files\Haskell Platform\8.2.2\mingw\bin;C:\texlive\2018\bin\win32;C:\Program Files\Microsoft VS Code\bin;C:\Program Files (x86)\scala\bin;C:\Program Files\MATLAB\R2018b\bin;C:\Program Files (x86)\Wolfram Research\WolframScript\;C:\Program Files (x86)\mysql\bin;C:\Program Files (x86)\php;C:\Program Files\gs\gs9.50\bin;C:\Users\s1930149\AppData\Local\Microsoft\WindowsApps;;C:\Program Files\eclipse javaEE;
USERNAME=s1930149
OS=Windows_NT
PROCESSOR_IDENTIFIER=Intel64 Family 6 Model 94 Stepping 3, GenuineIntel



---------------  S Y S T E M  ---------------

OS: Windows 10.0 , 64 bit Build 14393 (10.0.14393.2969)

CPU:total 4 (initial active 4) (4 cores per cpu, 1 threads per core) family 6 model 94 stepping 3, cmov, cx8, fxsr, mmx, sse, sse2, sse3, ssse3, sse4.1, sse4.2, popcnt, aes, clmul, erms, rtm, 3dnowpref, lzcnt, tsc, tscinvbit, bmi1, bmi2, adx

Memory: 4k page, physical 8142772k(3807300k free), swap 8142772k(5352k free)

vm_info: Java HotSpot(TM) 64-Bit Server VM (25.241-b07) for windows-amd64 JRE (1.8.0_241-b07), built on Dec 11 2019 10:21:40 by "rejava" with MS VC++ 10.0 (VS2010)

time: Thu Jan 30 17:19:09 2020
timezone: ìåãû (ïWèÄéû)
elapsed time: 79 seconds (0d 0h 1m 19s)

