#
# There is insufficient memory for the Java Runtime Environment to continue.
# Native memory allocation (malloc) failed to allocate 32784 bytes for Chunk::new
# Possible reasons:
#   The system is out of physical RAM or swap space
#   The process is running with CompressedOops enabled, and the Java Heap may be blocking the growth of the native heap
# Possible solutions:
#   Reduce memory load on the system
#   Increase physical memory or swap space
#   Check if swap backing store is full
#   Decrease Java heap size (-Xmx/-Xms)
#   Decrease number of Java threads
#   Decrease Java thread stack sizes (-Xss)
#   Set larger code cache with -XX:ReservedCodeCacheSize=
#   JVM is running with Zero Based Compressed Oops mode in which the Java heap is
#     placed in the first 32GB address space. The Java Heap base address is the
#     maximum limit for the native heap growth. Please use -XX:HeapBaseMinAddress
#     to set the Java Heap base and to place the Java Heap above 32GB virtual address.
# This output file may be truncated or incomplete.
#
#  Out of Memory Error (allocation.cpp:389), pid=7632, tid=0x0000000000001c84
#
# JRE version: Java(TM) SE Runtime Environment (8.0_241-b07) (build 1.8.0_241-b07)
# Java VM: Java HotSpot(TM) 64-Bit Server VM (25.241-b07 mixed mode windows-amd64 compressed oops)
# Failed to write core dump. Minidumps are not enabled by default on client versions of Windows
#

---------------  T H R E A D  ---------------

Current thread (0x000000005304a000):  JavaThread "C2 CompilerThread1" daemon [_thread_in_native, id=7300, stack(0x000000005cc00000,0x000000005cd00000)]

Stack: [0x000000005cc00000,0x000000005cd00000]
[error occurred during error reporting (printing stack bounds), id 0xc0000005]

Native frames: (J=compiled Java code, j=interpreted, Vv=VM code, C=native code)


Current CompileTask:
C2:  54994 2280       4       soot.coffi.ByteCode::disassemble_bytecode (3662 bytes)


---------------  P R O C E S S  ---------------

Java Threads: ( => current thread )
  0x000000005cd72800 JavaThread "Service Thread" daemon [_thread_blocked, id=8884, stack(0x000000083e800000,0x000000087d000000)]
  0x000000005cd01800 JavaThread "C1 CompilerThread2" daemon [_thread_blocked, id=2388, stack(0x000000005d100000,0x000000005d200000)]
=>0x000000005304a000 JavaThread "C2 CompilerThread1" daemon [_thread_in_native, id=7300, stack(0x000000005cc00000,0x000000005cd00000)]
  0x0000000053047000 JavaThread "C2 CompilerThread0" daemon [_thread_in_native, id=3804, stack(0x000000005cb00000,0x000000005cc00000)]
  0x0000000053045000 JavaThread "Attach Listener" daemon [_thread_blocked, id=9408, stack(0x0000000800000000,0x000000083e800000)]
  0x0000000052fec800 JavaThread "Signal Dispatcher" daemon [_thread_blocked, id=10708, stack(0x000000012dd30000,0x000000016c530000)]
  0x00000000007ce800 JavaThread "Finalizer" daemon [_thread_blocked, id=8724, stack(0x00000000ef530000,0x000000012dd30000)]
  0x0000000052fb9000 JavaThread "Reference Handler" daemon [_thread_blocked, id=6664, stack(0x00000000b0d30000,0x00000000ef530000)]
  0x00000000006d2800 JavaThread "main" [_thread_in_Java, id=9520, stack(0x0000000002e10000,0x0000000041610000)]

Other Threads:
  0x0000000052fb7800 VMThread [stack: 0x0000000053270000,0x0000000053370000] [id=6960]
  0x000000005cdc9800 WatcherThread [stack: 0x000000005d200000,0x000000005d300000] [id=11240]

VM state:not at safepoint (normal execution)

VM Mutex/Monitor currently owned by a thread: None

heap address: 0x00000001a5800000, size: 25000 MB, Compressed Oops mode: Zero based, Oop shift amount: 3
Narrow klass base: 0x0000000000000000, Narrow klass shift: 3
Compressed class space size: 1073741824 Address: 0x00000007c0000000

Heap:
 PSYoungGen      total 1030656K, used 224562K [0x00000005b7300000, 0x0000000605f00000, 0x00000007c0000000)
  eden space 996352K, 19% used [0x00000005b7300000,0x00000005c35545f8,0x00000005f4000000)
  from space 34304K, 74% used [0x00000005f4000000,0x00000005f58f8548,0x00000005f6180000)
  to   space 35840K, 0% used [0x0000000603c00000,0x0000000603c00000,0x0000000605f00000)
 ParOldGen       total 191488K, used 146828K [0x00000001a5800000, 0x00000001b1300000, 0x00000005b7300000)
  object space 191488K, 76% used [0x00000001a5800000,0x00000001ae763240,0x00000001b1300000)
 Metaspace       used 10730K, capacity 10852K, committed 11136K, reserved 1058816K
  class space    used 1343K, capacity 1401K, committed 1408K, reserved 1048576K

Card table byte_map: [0x0000000053c20000,0x0000000056d00000] byte_map_base: 0x0000000052ef4000

Marking Bits: (ParMarkBitMap*) 0x0000000053b9be30
 Begin Bits: [0x000000007fff0000, 0x0000000098690000)
 End Bits:   [0x0000000098690000, 0x00000000b0d30000)

Polling page: 0x00000000006a0000

CodeCache: size=245760Kb used=13963Kb max_used=13976Kb free=231796Kb
 bounds [0x0000000041610000, 0x00000000423e0000, 0x0000000050610000]
 total_blobs=2598 nmethods=2290 adapters=221
 compilation: enabled

Compilation events (10 events):
Event: 54.901 Thread 0x0000000053047000 nmethod 2419 0x0000000041bcf250 code [0x0000000041bcf480, 0x0000000041bd05d0]
Event: 54.901 Thread 0x0000000053047000 2707       4       java.util.TreeMap::put (247 bytes)
Event: 54.918 Thread 0x0000000053047000 nmethod 2707 0x0000000041965850 code [0x0000000041965a80, 0x0000000041966e50]
Event: 54.918 Thread 0x0000000053047000 2716       4       soot.coffi.CFG::adjustBranchTargets (269 bytes)
Event: 54.930 Thread 0x0000000053047000 nmethod 2716 0x0000000041ba1c10 code [0x0000000041ba1de0, 0x0000000041ba3058]
Event: 54.930 Thread 0x0000000053047000 2720       4       soot.coffi.CFG::findOutmostJsrs (157 bytes)
Event: 54.932 Thread 0x0000000053047000 nmethod 2720 0x0000000041acad50 code [0x0000000041acaec0, 0x0000000041acb098]
Event: 54.932 Thread 0x0000000053047000 2713 %     4       soot.coffi.ByteCode::build @ 75 (93 bytes)
Event: 54.933 Thread 0x0000000053047000 nmethod 2713% 0x0000000041bceed0 code [0x0000000041bcf020, 0x0000000041bcf138]
Event: 54.933 Thread 0x0000000053047000 2714       4       soot.jimple.toolkits.typing.fast.BytecodeHierarchy::lcas_ (597 bytes)

GC Heap History (10 events):
Event: 49.733 GC heap before
{Heap before GC invocations=15 (full 1):
 PSYoungGen      total 554496K, used 528720K [0x00000005b7300000, 0x00000005e9f80000, 0x00000007c0000000)
  eden space 515072K, 100% used [0x00000005b7300000,0x00000005d6a00000,0x00000005d6a00000)
  from space 39424K, 34% used [0x00000005d6a00000,0x00000005d7754040,0x00000005d9080000)
  to   space 37376K, 0% used [0x00000005e7b00000,0x00000005e7b00000,0x00000005e9f80000)
 ParOldGen       total 150016K, used 122513K [0x00000001a5800000, 0x00000001aea80000, 0x00000005b7300000)
  object space 150016K, 81% used [0x00000001a5800000,0x00000001acfa46f0,0x00000001aea80000)
 Metaspace       used 10572K, capacity 10724K, committed 10880K, reserved 1058816K
  class space    used 1335K, capacity 1401K, committed 1408K, reserved 1048576K
Event: 49.759 GC heap after
Heap after GC invocations=15 (full 1):
 PSYoungGen      total 795648K, used 12352K [0x00000005b7300000, 0x00000005ea380000, 0x00000007c0000000)
  eden space 758272K, 0% used [0x00000005b7300000,0x00000005b7300000,0x00000005e5780000)
  from space 37376K, 33% used [0x00000005e7b00000,0x00000005e87102c0,0x00000005e9f80000)
  to   space 36352K, 0% used [0x00000005e5780000,0x00000005e5780000,0x00000005e7b00000)
 ParOldGen       total 150016K, used 136120K [0x00000001a5800000, 0x00000001aea80000, 0x00000005b7300000)
  object space 150016K, 90% used [0x00000001a5800000,0x00000001adcee2d0,0x00000001aea80000)
 Metaspace       used 10572K, capacity 10724K, committed 10880K, reserved 1058816K
  class space    used 1335K, capacity 1401K, committed 1408K, reserved 1048576K
}
Event: 49.760 GC heap before
{Heap before GC invocations=16 (full 2):
 PSYoungGen      total 795648K, used 12352K [0x00000005b7300000, 0x00000005ea380000, 0x00000007c0000000)
  eden space 758272K, 0% used [0x00000005b7300000,0x00000005b7300000,0x00000005e5780000)
  from space 37376K, 33% used [0x00000005e7b00000,0x00000005e87102c0,0x00000005e9f80000)
  to   space 36352K, 0% used [0x00000005e5780000,0x00000005e5780000,0x00000005e7b00000)
 ParOldGen       total 150016K, used 136120K [0x00000001a5800000, 0x00000001aea80000, 0x00000005b7300000)
  object space 150016K, 90% used [0x00000001a5800000,0x00000001adcee2d0,0x00000001aea80000)
 Metaspace       used 10572K, capacity 10724K, committed 10880K, reserved 1058816K
  class space    used 1335K, capacity 1401K, committed 1408K, reserved 1048576K
Event: 50.050 GC heap after
Heap after GC invocations=16 (full 2):
 PSYoungGen      total 795648K, used 0K [0x00000005b7300000, 0x00000005ea380000, 0x00000007c0000000)
  eden space 758272K, 0% used [0x00000005b7300000,0x00000005b7300000,0x00000005e5780000)
  from space 37376K, 0% used [0x00000005e7b00000,0x00000005e7b00000,0x00000005e9f80000)
  to   space 36352K, 0% used [0x00000005e5780000,0x00000005e5780000,0x00000005e7b00000)
 ParOldGen       total 191488K, used 109224K [0x00000001a5800000, 0x00000001b1300000, 0x00000005b7300000)
  object space 191488K, 57% used [0x00000001a5800000,0x00000001ac2aa170,0x00000001b1300000)
 Metaspace       used 10572K, capacity 10724K, committed 10880K, reserved 1058816K
  class space    used 1335K, capacity 1401K, committed 1408K, reserved 1048576K
}
Event: 51.362 GC heap before
{Heap before GC invocations=17 (full 2):
 PSYoungGen      total 795648K, used 758272K [0x00000005b7300000, 0x00000005ea380000, 0x00000007c0000000)
  eden space 758272K, 100% used [0x00000005b7300000,0x00000005e5780000,0x00000005e5780000)
  from space 37376K, 0% used [0x00000005e7b00000,0x00000005e7b00000,0x00000005e9f80000)
  to   space 36352K, 0% used [0x00000005e5780000,0x00000005e5780000,0x00000005e7b00000)
 ParOldGen       total 191488K, used 109224K [0x00000001a5800000, 0x00000001b1300000, 0x00000005b7300000)
  object space 191488K, 57% used [0x00000001a5800000,0x00000001ac2aa170,0x00000001b1300000)
 Metaspace       used 10586K, capacity 10724K, committed 10880K, reserved 1058816K
  class space    used 1335K, capacity 1401K, committed 1408K, reserved 1048576K
Event: 51.389 GC heap after
Heap after GC invocations=17 (full 2):
 PSYoungGen      total 794624K, used 16288K [0x00000005b7300000, 0x00000005f8300000, 0x00000007c0000000)
  eden space 758272K, 0% used [0x00000005b7300000,0x00000005b7300000,0x00000005e5780000)
  from space 36352K, 44% used [0x00000005e5780000,0x00000005e6768030,0x00000005e7b00000)
  to   space 34304K, 0% used [0x00000005f6180000,0x00000005f6180000,0x00000005f8300000)
 ParOldGen       total 191488K, used 109224K [0x00000001a5800000, 0x00000001b1300000, 0x00000005b7300000)
  object space 191488K, 57% used [0x00000001a5800000,0x00000001ac2aa170,0x00000001b1300000)
 Metaspace       used 10586K, capacity 10724K, committed 10880K, reserved 1058816K
  class space    used 1335K, capacity 1401K, committed 1408K, reserved 1048576K
}
Event: 52.819 GC heap before
{Heap before GC invocations=18 (full 2):
 PSYoungGen      total 794624K, used 774560K [0x00000005b7300000, 0x00000005f8300000, 0x00000007c0000000)
  eden space 758272K, 100% used [0x00000005b7300000,0x00000005e5780000,0x00000005e5780000)
  from space 36352K, 44% used [0x00000005e5780000,0x00000005e6768030,0x00000005e7b00000)
  to   space 34304K, 0% used [0x00000005f6180000,0x00000005f6180000,0x00000005f8300000)
 ParOldGen       total 191488K, used 109224K [0x00000001a5800000, 0x00000001b1300000, 0x00000005b7300000)
  object space 191488K, 57% used [0x00000001a5800000,0x00000001ac2aa170,0x00000001b1300000)
 Metaspace       used 10716K, capacity 10852K, committed 11136K, reserved 1058816K
  class space    used 1343K, capacity 1401K, committed 1408K, reserved 1048576K
Event: 52.866 GC heap after
Heap after GC invocations=18 (full 2):
 PSYoungGen      total 1030656K, used 21536K [0x00000005b7300000, 0x00000005f9000000, 0x00000007c0000000)
  eden space 996352K, 0% used [0x00000005b7300000,0x00000005b7300000,0x00000005f4000000)
  from space 34304K, 62% used [0x00000005f6180000,0x00000005f7688070,0x00000005f8300000)
  to   space 34304K, 0% used [0x00000005f4000000,0x00000005f4000000,0x00000005f6180000)
 ParOldGen       total 191488K, used 125436K [0x00000001a5800000, 0x00000001b1300000, 0x00000005b7300000)
  object space 191488K, 65% used [0x00000001a5800000,0x00000001ad27f1b0,0x00000001b1300000)
 Metaspace       used 10716K, capacity 10852K, committed 11136K, reserved 1058816K
  class space    used 1343K, capacity 1401K, committed 1408K, reserved 1048576K
}
Event: 54.603 GC heap before
{Heap before GC invocations=19 (full 2):
 PSYoungGen      total 1030656K, used 1017888K [0x00000005b7300000, 0x00000005f9000000, 0x00000007c0000000)
  eden space 996352K, 100% used [0x00000005b7300000,0x00000005f4000000,0x00000005f4000000)
  from space 34304K, 62% used [0x00000005f6180000,0x00000005f7688070,0x00000005f8300000)
  to   space 34304K, 0% used [0x00000005f4000000,0x00000005f4000000,0x00000005f6180000)
 ParOldGen       total 191488K, used 125436K [0x00000001a5800000, 0x00000001b1300000, 0x00000005b7300000)
  object space 191488K, 65% used [0x00000001a5800000,0x00000001ad27f1b0,0x00000001b1300000)
 Metaspace       used 10724K, capacity 10852K, committed 11136K, reserved 1058816K
  class space    used 1343K, capacity 1401K, committed 1408K, reserved 1048576K
Event: 54.650 GC heap after
Heap after GC invocations=19 (full 2):
 PSYoungGen      total 1030656K, used 25569K [0x00000005b7300000, 0x0000000605f00000, 0x00000007c0000000)
  eden space 996352K, 0% used [0x00000005b7300000,0x00000005b7300000,0x00000005f4000000)
  from space 34304K, 74% used [0x00000005f4000000,0x00000005f58f8548,0x00000005f6180000)
  to   space 35840K, 0% used [0x0000000603c00000,0x0000000603c00000,0x0000000605f00000)
 ParOldGen       total 191488K, used 146828K [0x00000001a5800000, 0x00000001b1300000, 0x00000005b7300000)
  object space 191488K, 76% used [0x00000001a5800000,0x00000001ae763240,0x00000001b1300000)
 Metaspace       used 10724K, capacity 10852K, committed 11136K, reserved 1058816K
  class space    used 1343K, capacity 1401K, committed 1408K, reserved 1048576K
}

Deoptimization events (10 events):
Event: 51.743 Thread 0x00000000006d2800 Uncommon trap: reason=class_check action=maybe_recompile pc=0x0000000041c852b8 method=java.util.Collections$UnmodifiableList.get(I)Ljava/lang/Object; @ 5
Event: 51.775 Thread 0x00000000006d2800 Uncommon trap: reason=unstable_if action=reinterpret pc=0x00000000422787f0 method=soot.jimple.toolkits.base.Aggregator.internalAggregate(Lsoot/jimple/StmtBody;Ljava/util/Map;Z)Z @ 664
Event: 52.294 Thread 0x00000000006d2800 Uncommon trap: reason=unstable_if action=reinterpret pc=0x000000004219eb98 method=soot.jimple.toolkits.typing.fast.AugHierarchy.ancestor_(Lsoot/Type;Lsoot/Type;)Z @ 181
Event: 52.335 Thread 0x00000000006d2800 Uncommon trap: reason=unstable_if action=reinterpret pc=0x00000000420050b0 method=soot.jimple.toolkits.typing.fast.TypeResolver.typesEqual(Lsoot/Type;Lsoot/Type;)Z @ 32
Event: 52.789 Thread 0x00000000006d2800 Uncommon trap: reason=unstable_if action=reinterpret pc=0x00000000417c0700 method=soot.FastHierarchy.canStoreType(Lsoot/Type;Lsoot/Type;)Z @ 370
Event: 53.076 Thread 0x00000000006d2800 Uncommon trap: reason=null_check action=make_not_entrant pc=0x0000000041b58acc method=soot.jimple.toolkits.callgraph.VirtualCalls.resolveNonSpecial(Lsoot/RefType;Lsoot/util/NumberedString;)Lsoot/SootMethod; @ 45
Event: 54.023 Thread 0x00000000006d2800 Uncommon trap: reason=null_check action=make_not_entrant pc=0x00000000422e614c method=soot.jimple.toolkits.callgraph.VirtualCalls.resolveNonSpecial(Lsoot/RefType;Lsoot/util/NumberedString;)Lsoot/SootMethod; @ 8
Event: 54.797 Thread 0x00000000006d2800 Uncommon trap: reason=unstable_if action=reinterpret pc=0x00000000418959c0 method=soot.jimple.toolkits.typing.integer.TypeVariable.compareTo(Ljava/lang/Object;)I @ 5
Event: 54.797 Thread 0x00000000006d2800 Uncommon trap: reason=unstable_if action=reinterpret pc=0x00000000422e377c method=soot.jimple.toolkits.typing.integer.TypeVariable.ecr()Lsoot/jimple/toolkits/typing/integer/TypeVariable; @ 5
Event: 54.808 Thread 0x00000000006d2800 Uncommon trap: reason=unstable_if action=reinterpret pc=0x000000004180bca4 method=java.util.TreeMap.fixAfterDeletion(Ljava/util/TreeMap$Entry;)V @ 249

Classes redefined (0 events):
No events

Internal exceptions (10 events):
Event: 40.874 Thread 0x00000000006d2800 Implicit null exception at 0x00000000419c7d55 to 0x00000000419c9f9d
Event: 41.843 Thread 0x00000000006d2800 Implicit null exception at 0x0000000041ab976f to 0x0000000041ab97dd
Event: 43.306 Thread 0x00000000006d2800 Implicit null exception at 0x0000000041bb36c3 to 0x0000000041bb3965
Event: 43.306 Thread 0x00000000006d2800 Implicit null exception at 0x0000000041bb0068 to 0x0000000041bb03c5
Event: 43.606 Thread 0x00000000006d2800 Implicit null exception at 0x0000000041babd9d to 0x0000000041babe39
Event: 51.736 Thread 0x00000000006d2800 Implicit null exception at 0x00000000418bc6a9 to 0x00000000418bc99d
Event: 51.743 Thread 0x00000000006d2800 Implicit null exception at 0x000000004182d48d to 0x000000004182d5f9
Event: 51.743 Thread 0x00000000006d2800 Implicit null exception at 0x0000000041d1e848 to 0x0000000041d1e909
Event: 53.076 Thread 0x00000000006d2800 Implicit null exception at 0x0000000041b5646a to 0x0000000041b58aa1
Event: 54.023 Thread 0x00000000006d2800 Implicit null exception at 0x00000000422e4657 to 0x00000000422e6125

Events (10 events):
Event: 54.797 Thread 0x00000000006d2800 Uncommon trap: trap_request=0xffffff65 fr.pc=0x00000000422e377c
Event: 54.797 Thread 0x00000000006d2800 DEOPT PACKING pc=0x00000000422e377c sp=0x000000004160e300
Event: 54.798 Thread 0x00000000006d2800 DEOPT UNPACKING pc=0x000000004165583b sp=0x000000004160e118 mode 2
Event: 54.808 Thread 0x00000000006d2800 Uncommon trap: trap_request=0xffffff65 fr.pc=0x000000004180bca4
Event: 54.808 Thread 0x00000000006d2800 DEOPT PACKING pc=0x000000004180bca4 sp=0x000000004160e330
Event: 54.808 Thread 0x00000000006d2800 DEOPT UNPACKING pc=0x000000004165583b sp=0x000000004160e2d8 mode 2
Event: 54.846 Thread 0x00000000006d2800 DEOPT PACKING pc=0x0000000041eff75b sp=0x000000004160e7d0
Event: 54.846 Thread 0x00000000006d2800 DEOPT UNPACKING pc=0x0000000041657490 sp=0x000000004160e5d8 mode 0
Event: 54.923 Thread 0x00000000006d2800 DEOPT PACKING pc=0x0000000041eff6e7 sp=0x000000004160e7d0
Event: 54.923 Thread 0x00000000006d2800 DEOPT UNPACKING pc=0x0000000041657490 sp=0x000000004160e5d8 mode 0


Dynamic libraries:
0x00007ff6c4b10000 - 0x00007ff6c4b47000 	C:\Program Files\Java\jre1.8.0_241\bin\javaw.exe
0x00007ffdd34f0000 - 0x00007ffdd36c0000 	C:\Windows\SYSTEM32\ntdll.dll
0x00007ffdd0ce0000 - 0x00007ffdd0d8c000 	C:\Windows\System32\KERNEL32.DLL
0x00007ffdcfd50000 - 0x00007ffdcff6d000 	C:\Windows\System32\KERNELBASE.dll
0x00007ffdd14d0000 - 0x00007ffdd1572000 	C:\Windows\System32\ADVAPI32.dll
0x00007ffdd1590000 - 0x00007ffdd162e000 	C:\Windows\System32\msvcrt.dll
0x00007ffdd1630000 - 0x00007ffdd1689000 	C:\Windows\System32\sechost.dll
0x00007ffdd1be0000 - 0x00007ffdd1d01000 	C:\Windows\System32\RPCRT4.dll
0x00007ffdd0e90000 - 0x00007ffdd0ff5000 	C:\Windows\System32\USER32.dll
0x00007ffdcfb30000 - 0x00007ffdcfb4e000 	C:\Windows\System32\win32u.dll
0x00007ffdd1690000 - 0x00007ffdd16c4000 	C:\Windows\System32\GDI32.dll
0x00007ffdcfb50000 - 0x00007ffdcfcd1000 	C:\Windows\System32\gdi32full.dll
0x00007ffdc76e0000 - 0x00007ffdc795a000 	C:\Windows\WinSxS\amd64_microsoft.windows.common-controls_6595b64144ccf1df_6.0.14393.3053_none_7de042968342015d\COMCTL32.dll
0x00007ffdd1200000 - 0x00007ffdd14c5000 	C:\Windows\System32\combase.dll
0x00007ffdd0820000 - 0x00007ffdd0914000 	C:\Windows\System32\ucrtbase.dll
0x00007ffdcfce0000 - 0x00007ffdcfd4a000 	C:\Windows\System32\bcryptPrimitives.dll
0x00007ffdd0b40000 - 0x00007ffdd0b6e000 	C:\Windows\System32\IMM32.DLL
0x0000000180000000 - 0x000000018000d000 	C:\Windows\KATRK64.DLL
0x00007ffdcdf20000 - 0x00007ffdcdf33000 	C:\Windows\SYSTEM32\WTSAPI32.dll
0x00007ffdc7460000 - 0x00007ffdc750c000 	C:\Windows\system32\tmumh\20019\AddOn\7.0.0.1169\TmUmEvt64.dll
0x00007ffdd1d70000 - 0x00007ffdd1d78000 	C:\Windows\System32\PSAPI.DLL
0x00007ffdd0ae0000 - 0x00007ffdd0b32000 	C:\Windows\System32\SHLWAPI.dll
0x0000000057140000 - 0x000000005725a000 	C:\Windows\system32\tmumh\20019\TmMon\2.5.0.2095\tmmon64.dll
0x0000000053080000 - 0x0000000053152000 	C:\Program Files\Java\jre1.8.0_241\bin\msvcr100.dll
0x0000000053370000 - 0x0000000053c1c000 	C:\Program Files\Java\jre1.8.0_241\bin\server\jvm.dll
0x00007ffdbefd0000 - 0x00007ffdbefd9000 	C:\Windows\SYSTEM32\WSOCK32.dll
0x00007ffdd1740000 - 0x00007ffdd17aa000 	C:\Windows\System32\WS2_32.dll
0x00007ffdc9cc0000 - 0x00007ffdc9ce3000 	C:\Windows\SYSTEM32\WINMM.dll
0x00007ffdc5290000 - 0x00007ffdc529a000 	C:\Windows\SYSTEM32\VERSION.dll
0x00007ffdc9c90000 - 0x00007ffdc9cbb000 	C:\Windows\SYSTEM32\WINMMBASE.dll
0x00007ffdd0920000 - 0x00007ffdd0962000 	C:\Windows\System32\cfgmgr32.dll
0x00007ffdbb8e0000 - 0x00007ffdbb8ef000 	C:\Program Files\Java\jre1.8.0_241\bin\verify.dll
0x00007ffdbb8b0000 - 0x00007ffdbb8d9000 	C:\Program Files\Java\jre1.8.0_241\bin\java.dll
0x00007ffdbb890000 - 0x00007ffdbb8a6000 	C:\Program Files\Java\jre1.8.0_241\bin\zip.dll
0x000000005b5f0000 - 0x000000005caf5000 	C:\Windows\System32\SHELL32.dll
0x00007ffdd0140000 - 0x00007ffdd081a000 	C:\Windows\System32\windows.storage.dll
0x00007ffdcf990000 - 0x00007ffdcf9dc000 	C:\Windows\System32\powrprof.dll
0x00007ffdcf980000 - 0x00007ffdcf98f000 	C:\Windows\System32\kernel.appcore.dll
0x00007ffdd0970000 - 0x00007ffdd0a19000 	C:\Windows\System32\shcore.dll
0x00007ffdcf960000 - 0x00007ffdcf974000 	C:\Windows\System32\profapi.dll
0x00007ffdbb870000 - 0x00007ffdbb88a000 	C:\Program Files\Java\jre1.8.0_241\bin\net.dll
0x00007ffdcf210000 - 0x00007ffdcf26c000 	C:\Windows\system32\mswsock.dll
0x00007ffdbb850000 - 0x00007ffdbb862000 	C:\Program Files\Java\jre1.8.0_241\bin\nio.dll

VM Arguments:
jvm_args: -Xss1000m -Xmx25000M -Dfile.encoding=UTF-8 
java_command: dataflow.util.CGCreator -whole-program -xml-attributes -keep-line-number -f jimple -p cg.cha enabled:true -app simple.logic.Logic -p cg verbose:true,all-reachable:true,,safe-forname:true,safe-newinstance:true
java_class_path (initial): Z:\01.mydrive\eclipseWorkspace\tmp\bin;Z:\01.mydrive\eclipseWorkspace\tmp\lib\annotations-api.jar;Z:\01.mydrive\eclipseWorkspace\tmp\lib\catalina-ant.jar;Z:\01.mydrive\eclipseWorkspace\tmp\lib\catalina-ha.jar;Z:\01.mydrive\eclipseWorkspace\tmp\lib\catalina-tribes.jar;Z:\01.mydrive\eclipseWorkspace\tmp\lib\catalina.jar;Z:\01.mydrive\eclipseWorkspace\tmp\lib\ecj-4.4.2.jar;Z:\01.mydrive\eclipseWorkspace\tmp\lib\el-api.jar;Z:\01.mydrive\eclipseWorkspace\tmp\lib\jasper-el.jar;Z:\01.mydrive\eclipseWorkspace\tmp\lib\jasper.jar;Z:\01.mydrive\eclipseWorkspace\tmp\lib\jsp-api.jar;Z:\01.mydrive\eclipseWorkspace\tmp\lib\servlet-api.jar;Z:\01.mydrive\eclipseWorkspace\tmp\lib\tomcat-api.jar;Z:\01.mydrive\eclipseWorkspace\tmp\lib\tomcat-coyote.jar;Z:\01.mydrive\eclipseWorkspace\tmp\lib\tomcat-dbcp.jar;Z:\01.mydrive\eclipseWorkspace\tmp\lib\tomcat-i18n-es.jar;Z:\01.mydrive\eclipseWorkspace\tmp\lib\tomcat-i18n-fr.jar;Z:\01.mydrive\eclipseWorkspace\tmp\lib\tomcat-i18n-ja.jar;Z:\01.mydrive\eclipseWorkspace\tmp\lib\tomcat-i18n-ru.jar;Z:\01.mydrive\eclipseWorkspace\tmp\lib\tomcat-jdbc.jar;Z:\01.mydrive\eclipseWorkspace\tmp\lib\tomcat-util.jar;Z:\01.mydrive\eclipseWorkspace\tmp\lib\tomcat7-websocket.jar;Z:\01.mydrive\eclipseWorkspace\tmp\lib\websocket-api.jar;C:\Program Files\eclipse javaEE\plugins\org.junit_4.11.0.v201303080030\junit.jar;C:\Program Files\eclipse javaEE\plugins\org.hamcrest.core_1.3.0.v201303031735.jar;Z:\01.mydrive\eclipseWorkspace\tmp\lib\soot-2.5.0.jar;Z:\01.mydrive\eclipseWorkspace\tmp\lib\rt.jar
Launcher Type: SUN_STANDARD

Environment Variables:
PATH=C:/Program Files/Java/jre1.8.0_241/bin/server;C:/Program Files/Java/jre1.8.0_241/bin;C:/Program Files/Java/jre1.8.0_241/lib/amd64;C:\Program Files (x86)\NVIDIA Corporation\PhysX\Common;C:\Program Files (x86)\Common Files\Oracle\Java\javapath;C:\Program Files\Haskell\bin;C:\Program Files\Haskell Platform\8.2.2\lib\extralibs\bin;C:\Program Files\Haskell Platform\8.2.2\bin;C:\ProgramData\Oracle\Java\javapath;C:\Windows\system32;C:\Windows;C:\Windows\System32\Wbem;C:\Windows\System32\WindowsPowerShell\v1.0\;c:\Program Files (x86)\Microsoft SQL Server\110\Tools\Binn\;c:\Program Files\Microsoft SQL Server\110\Tools\Binn\;c:\Program Files\Microsoft SQL Server\110\DTS\Binn\;C:\Program Files (x86)\Shoes;C:\MinGW\bin;C:\Ruby25-x64\bin;C:\Ruby23-x64\bin;C:\Program Files (x86)\gnuplot\bin;C:\Program Files (x86)\Windows Kits\10\Windows Performance Toolkit\;C:\ProgramData\Anaconda3;C:\Python36\Scripts\;C:\Python36\;C:\Program Files (x86)\LilyPond\usr\bin;C:\Program Files (x86)\Windows Kits\8.1\Windows Performance Toolkit\;C:\Program Files (x86)\PuTTY\;C:\Program Files\IBM\SPSS\Statistics\25\JRE\bin;C:\Program Files\Haskell Platform\8.2.2\mingw\bin;C:\texlive\2018\bin\win32;C:\Program Files\Microsoft VS Code\bin;C:\Program Files (x86)\scala\bin;C:\Program Files\MATLAB\R2018b\bin;C:\Program Files (x86)\Wolfram Research\WolframScript\;C:\Program Files (x86)\mysql\bin;C:\Program Files (x86)\php;C:\Program Files\gs\gs9.50\bin;C:\Users\s1930149\AppData\Local\Microsoft\WindowsApps;;C:\Program Files\eclipse javaEE;
USERNAME=s1930149
OS=Windows_NT
PROCESSOR_IDENTIFIER=Intel64 Family 6 Model 94 Stepping 3, GenuineIntel



---------------  S Y S T E M  ---------------

OS: Windows 10.0 , 64 bit Build 14393 (10.0.14393.2969)

CPU:total 4 (initial active 4) (4 cores per cpu, 1 threads per core) family 6 model 94 stepping 3, cmov, cx8, fxsr, mmx, sse, sse2, sse3, ssse3, sse4.1, sse4.2, popcnt, aes, clmul, erms, rtm, 3dnowpref, lzcnt, tsc, tscinvbit, bmi1, bmi2, adx

Memory: 4k page, physical 8142772k(1751720k free), swap 8142772k(5152k free)

vm_info: Java HotSpot(TM) 64-Bit Server VM (25.241-b07) for windows-amd64 JRE (1.8.0_241-b07), built on Dec 11 2019 10:21:40 by "rejava" with MS VC++ 10.0 (VS2010)

time: Wed Feb 05 22:22:25 2020
timezone: ìåãû (ïWèÄéû)
elapsed time: 54 seconds (0d 0h 0m 54s)

