#
# There is insufficient memory for the Java Runtime Environment to continue.
# Native memory allocation (malloc) failed to allocate 32784 bytes for Chunk::new
# Possible reasons:
#   The system is out of physical RAM or swap space
#   The process is running with CompressedOops enabled, and the Java Heap may be blocking the growth of the native heap
# Possible solutions:
#   Reduce memory load on the system
#   Increase physical memory or swap space
#   Check if swap backing store is full
#   Decrease Java heap size (-Xmx/-Xms)
#   Decrease number of Java threads
#   Decrease Java thread stack sizes (-Xss)
#   Set larger code cache with -XX:ReservedCodeCacheSize=
#   JVM is running with Zero Based Compressed Oops mode in which the Java heap is
#     placed in the first 32GB address space. The Java Heap base address is the
#     maximum limit for the native heap growth. Please use -XX:HeapBaseMinAddress
#     to set the Java Heap base and to place the Java Heap above 32GB virtual address.
# This output file may be truncated or incomplete.
#
#  Out of Memory Error (allocation.cpp:389), pid=11892, tid=0x0000000000003f98
#
# JRE version: Java(TM) SE Runtime Environment (8.0_241-b07) (build 1.8.0_241-b07)
# Java VM: Java HotSpot(TM) 64-Bit Server VM (25.241-b07 mixed mode windows-amd64 compressed oops)
# Failed to write core dump. Minidumps are not enabled by default on client versions of Windows
#

---------------  T H R E A D  ---------------

Current thread (0x00000000388c6800):  JavaThread "C2 CompilerThread0" daemon [_thread_in_native, id=16280, stack(0x0000000058dd0000,0x0000000058ed0000)]

Stack: [0x0000000058dd0000,0x0000000058ed0000]
[error occurred during error reporting (printing stack bounds), id 0xc0000005]

Native frames: (J=compiled Java code, j=interpreted, Vv=VM code, C=native code)


Current CompileTask:
C2:  53717 2269       4       soot.coffi.ByteCode::disassemble_bytecode (3662 bytes)


---------------  P R O C E S S  ---------------

Java Threads: ( => current thread )
  0x0000000058f4f800 JavaThread "Service Thread" daemon [_thread_blocked, id=9652, stack(0x00000000ddbf0000,0x00000000fcff0000)]
  0x0000000058f01000 JavaThread "C1 CompilerThread2" daemon [_thread_blocked, id=11908, stack(0x00000000593d0000,0x00000000594d0000)]
  0x00000000388cd000 JavaThread "C2 CompilerThread1" daemon [_thread_in_native, id=12392, stack(0x00000000592d0000,0x00000000593d0000)]
=>0x00000000388c6800 JavaThread "C2 CompilerThread0" daemon [_thread_in_native, id=16280, stack(0x0000000058dd0000,0x0000000058ed0000)]
  0x00000000388c4800 JavaThread "Attach Listener" daemon [_thread_blocked, id=14640, stack(0x00000000be7f0000,0x00000000ddbf0000)]
  0x00000000388c3800 JavaThread "Signal Dispatcher" daemon [_thread_blocked, id=13648, stack(0x000000009f3f0000,0x00000000be7f0000)]
  0x0000000038860000 JavaThread "Finalizer" daemon [_thread_blocked, id=14572, stack(0x000000007fff0000,0x000000009f3f0000)]
  0x0000000002f42000 JavaThread "Reference Handler" daemon [_thread_blocked, id=15040, stack(0x00000000399d0000,0x0000000058dd0000)]
  0x0000000002e52800 JavaThread "main" [_thread_in_Java, id=13968, stack(0x00000000037c0000,0x0000000022bc0000)]

Other Threads:
  0x0000000038837800 VMThread [stack: 0x00000000398d0000,0x00000000399d0000] [id=15972]
  0x0000000058f9c800 WatcherThread [stack: 0x00000000594d0000,0x00000000595d0000] [id=16296]

VM state:not at safepoint (normal execution)

VM Mutex/Monitor currently owned by a thread: None

heap address: 0x0000000723c00000, size: 2500 MB, Compressed Oops mode: Zero based, Oop shift amount: 3
Narrow klass base: 0x0000000000000000, Narrow klass shift: 3
Compressed class space size: 1073741824 Address: 0x00000007c0000000

Heap:
 PSYoungGen      total 539648K, used 100525K [0x000000078bf00000, 0x00000007b8780000, 0x00000007c0000000)
  eden space 500736K, 17% used [0x000000078bf00000,0x00000007916db700,0x00000007aa800000)
  from space 38912K, 27% used [0x00000007aa800000,0x00000007ab250020,0x00000007ace00000)
  to   space 34816K, 0% used [0x00000007b6580000,0x00000007b6580000,0x00000007b8780000)
 ParOldGen       total 190976K, used 109174K [0x0000000723c00000, 0x000000072f680000, 0x000000078bf00000)
  object space 190976K, 57% used [0x0000000723c00000,0x000000072a69dae0,0x000000072f680000)
 Metaspace       used 10570K, capacity 10724K, committed 10880K, reserved 1058816K
  class space    used 1329K, capacity 1401K, committed 1408K, reserved 1048576K

Card table byte_map: [0x0000000031f80000,0x0000000032470000] byte_map_base: 0x000000002e662000

Marking Bits: (ParMarkBitMap*) 0x000000006b7fbe30
 Begin Bits: [0x0000000032bc0000, 0x00000000352d0000)
 End Bits:   [0x00000000352d0000, 0x00000000379e0000)

Polling page: 0x00000000011e0000

CodeCache: size=245760Kb used=12787Kb max_used=12790Kb free=232972Kb
 bounds [0x0000000022bc0000, 0x0000000023860000, 0x0000000031bc0000]
 total_blobs=2540 nmethods=2232 adapters=221
 compilation: enabled

Compilation events (10 events):
Event: 53.638 Thread 0x0000000058f01000 2514       2       soot.jimple.internal.JIdentityStmt::<init> (19 bytes)
Event: 53.639 Thread 0x0000000058f01000 nmethod 2514 0x000000002381c4d0 code [0x000000002381c660, 0x000000002381cb98]
Event: 53.639 Thread 0x0000000058f01000 2515       2       soot.jimple.Jimple::newIdentityRefBox (9 bytes)
Event: 53.639 Thread 0x0000000058f01000 nmethod 2515 0x0000000023819390 code [0x0000000023819500, 0x0000000023819708]
Event: 53.639 Thread 0x0000000058f01000 2516       2       soot.jimple.internal.IdentityRefBox::<init> (10 bytes)
Event: 53.639 Thread 0x0000000058f01000 nmethod 2516 0x0000000022feb590 code [0x0000000022feb700, 0x0000000022feb888]
Event: 53.639 Thread 0x0000000058f01000 2517       2       soot.jimple.internal.JIdentityStmt::<init> (26 bytes)
Event: 53.639 Thread 0x0000000058f01000 nmethod 2517 0x0000000022feb110 code [0x0000000022feb260, 0x0000000022feb4b0]
Event: 53.682 Thread 0x0000000058f01000 2520       2       soot.coffi.Instruction_Aaload::<init> (13 bytes)
Event: 53.682 Thread 0x0000000058f01000 nmethod 2520 0x000000002381c150 code [0x000000002381c2a0, 0x000000002381c430]

GC Heap History (10 events):
Event: 50.410 GC heap before
{Heap before GC invocations=13 (full 1):
 PSYoungGen      total 389120K, used 357424K [0x000000078bf00000, 0x00000007af500000, 0x00000007c0000000)
  eden space 348672K, 100% used [0x000000078bf00000,0x00000007a1380000,0x00000007a1380000)
  from space 40448K, 21% used [0x00000007a1380000,0x00000007a1c0c110,0x00000007a3b00000)
  to   space 39936K, 0% used [0x00000007ace00000,0x00000007ace00000,0x00000007af500000)
 ParOldGen       total 150528K, used 104680K [0x0000000723c00000, 0x000000072cf00000, 0x000000078bf00000)
  object space 150528K, 69% used [0x0000000723c00000,0x000000072a23a3f8,0x000000072cf00000)
 Metaspace       used 10509K, capacity 10660K, committed 10880K, reserved 1058816K
  class space    used 1326K, capacity 1401K, committed 1408K, reserved 1048576K
Event: 50.424 GC heap after
Heap after GC invocations=13 (full 1):
 PSYoungGen      total 540672K, used 8784K [0x000000078bf00000, 0x00000007af500000, 0x00000007c0000000)
  eden space 500736K, 0% used [0x000000078bf00000,0x000000078bf00000,0x00000007aa800000)
  from space 39936K, 21% used [0x00000007ace00000,0x00000007ad694060,0x00000007af500000)
  to   space 38912K, 0% used [0x00000007aa800000,0x00000007aa800000,0x00000007ace00000)
 ParOldGen       total 150528K, used 113393K [0x0000000723c00000, 0x000000072cf00000, 0x000000078bf00000)
  object space 150528K, 75% used [0x0000000723c00000,0x000000072aabc558,0x000000072cf00000)
 Metaspace       used 10509K, capacity 10660K, committed 10880K, reserved 1058816K
  class space    used 1326K, capacity 1401K, committed 1408K, reserved 1048576K
}
Event: 51.541 GC heap before
{Heap before GC invocations=14 (full 1):
 PSYoungGen      total 540672K, used 509520K [0x000000078bf00000, 0x00000007af500000, 0x00000007c0000000)
  eden space 500736K, 100% used [0x000000078bf00000,0x00000007aa800000,0x00000007aa800000)
  from space 39936K, 21% used [0x00000007ace00000,0x00000007ad694060,0x00000007af500000)
  to   space 38912K, 0% used [0x00000007aa800000,0x00000007aa800000,0x00000007ace00000)
 ParOldGen       total 150528K, used 113393K [0x0000000723c00000, 0x000000072cf00000, 0x000000078bf00000)
  object space 150528K, 75% used [0x0000000723c00000,0x000000072aabc558,0x000000072cf00000)
 Metaspace       used 10543K, capacity 10724K, committed 10880K, reserved 1058816K
  class space    used 1328K, capacity 1401K, committed 1408K, reserved 1048576K
Event: 51.578 GC heap after
Heap after GC invocations=14 (full 1):
 PSYoungGen      total 539648K, used 13808K [0x000000078bf00000, 0x00000007af500000, 0x00000007c0000000)
  eden space 500736K, 0% used [0x000000078bf00000,0x000000078bf00000,0x00000007aa800000)
  from space 38912K, 35% used [0x00000007aa800000,0x00000007ab57c040,0x00000007ace00000)
  to   space 39936K, 0% used [0x00000007ace00000,0x00000007ace00000,0x00000007af500000)
 ParOldGen       total 150528K, used 122097K [0x0000000723c00000, 0x000000072cf00000, 0x000000078bf00000)
  object space 150528K, 81% used [0x0000000723c00000,0x000000072b33c628,0x000000072cf00000)
 Metaspace       used 10543K, capacity 10724K, committed 10880K, reserved 1058816K
  class space    used 1328K, capacity 1401K, committed 1408K, reserved 1048576K
}
Event: 52.412 GC heap before
{Heap before GC invocations=15 (full 1):
 PSYoungGen      total 539648K, used 514544K [0x000000078bf00000, 0x00000007af500000, 0x00000007c0000000)
  eden space 500736K, 100% used [0x000000078bf00000,0x00000007aa800000,0x00000007aa800000)
  from space 38912K, 35% used [0x00000007aa800000,0x00000007ab57c040,0x00000007ace00000)
  to   space 39936K, 0% used [0x00000007ace00000,0x00000007ace00000,0x00000007af500000)
 ParOldGen       total 150528K, used 122097K [0x0000000723c00000, 0x000000072cf00000, 0x000000078bf00000)
  object space 150528K, 81% used [0x0000000723c00000,0x000000072b33c628,0x000000072cf00000)
 Metaspace       used 10558K, capacity 10724K, committed 10880K, reserved 1058816K
  class space    used 1329K, capacity 1401K, committed 1408K, reserved 1048576K
Event: 52.435 GC heap after
Heap after GC invocations=15 (full 1):
 PSYoungGen      total 540672K, used 12256K [0x000000078bf00000, 0x00000007af500000, 0x00000007c0000000)
  eden space 500736K, 0% used [0x000000078bf00000,0x000000078bf00000,0x00000007aa800000)
  from space 39936K, 30% used [0x00000007ace00000,0x00000007ad9f82b8,0x00000007af500000)
  to   space 38912K, 0% used [0x00000007aa800000,0x00000007aa800000,0x00000007ace00000)
 ParOldGen       total 150528K, used 135852K [0x0000000723c00000, 0x000000072cf00000, 0x000000078bf00000)
  object space 150528K, 90% used [0x0000000723c00000,0x000000072c0ab208,0x000000072cf00000)
 Metaspace       used 10558K, capacity 10724K, committed 10880K, reserved 1058816K
  class space    used 1329K, capacity 1401K, committed 1408K, reserved 1048576K
}
Event: 52.435 GC heap before
{Heap before GC invocations=16 (full 2):
 PSYoungGen      total 540672K, used 12256K [0x000000078bf00000, 0x00000007af500000, 0x00000007c0000000)
  eden space 500736K, 0% used [0x000000078bf00000,0x000000078bf00000,0x00000007aa800000)
  from space 39936K, 30% used [0x00000007ace00000,0x00000007ad9f82b8,0x00000007af500000)
  to   space 38912K, 0% used [0x00000007aa800000,0x00000007aa800000,0x00000007ace00000)
 ParOldGen       total 150528K, used 135852K [0x0000000723c00000, 0x000000072cf00000, 0x000000078bf00000)
  object space 150528K, 90% used [0x0000000723c00000,0x000000072c0ab208,0x000000072cf00000)
 Metaspace       used 10558K, capacity 10724K, committed 10880K, reserved 1058816K
  class space    used 1329K, capacity 1401K, committed 1408K, reserved 1048576K
Event: 52.717 GC heap after
Heap after GC invocations=16 (full 2):
 PSYoungGen      total 540672K, used 0K [0x000000078bf00000, 0x00000007af500000, 0x00000007c0000000)
  eden space 500736K, 0% used [0x000000078bf00000,0x000000078bf00000,0x00000007aa800000)
  from space 39936K, 0% used [0x00000007ace00000,0x00000007ace00000,0x00000007af500000)
  to   space 38912K, 0% used [0x00000007aa800000,0x00000007aa800000,0x00000007ace00000)
 ParOldGen       total 190976K, used 109174K [0x0000000723c00000, 0x000000072f680000, 0x000000078bf00000)
  object space 190976K, 57% used [0x0000000723c00000,0x000000072a69dae0,0x000000072f680000)
 Metaspace       used 10558K, capacity 10724K, committed 10880K, reserved 1058816K
  class space    used 1329K, capacity 1401K, committed 1408K, reserved 1048576K
}
Event: 53.556 GC heap before
{Heap before GC invocations=17 (full 2):
 PSYoungGen      total 540672K, used 500736K [0x000000078bf00000, 0x00000007af500000, 0x00000007c0000000)
  eden space 500736K, 100% used [0x000000078bf00000,0x00000007aa800000,0x00000007aa800000)
  from space 39936K, 0% used [0x00000007ace00000,0x00000007ace00000,0x00000007af500000)
  to   space 38912K, 0% used [0x00000007aa800000,0x00000007aa800000,0x00000007ace00000)
 ParOldGen       total 190976K, used 109174K [0x0000000723c00000, 0x000000072f680000, 0x000000078bf00000)
  object space 190976K, 57% used [0x0000000723c00000,0x000000072a69dae0,0x000000072f680000)
 Metaspace       used 10569K, capacity 10724K, committed 10880K, reserved 1058816K
  class space    used 1329K, capacity 1401K, committed 1408K, reserved 1048576K
Event: 53.568 GC heap after
Heap after GC invocations=17 (full 2):
 PSYoungGen      total 539648K, used 10560K [0x000000078bf00000, 0x00000007b8780000, 0x00000007c0000000)
  eden space 500736K, 0% used [0x000000078bf00000,0x000000078bf00000,0x00000007aa800000)
  from space 38912K, 27% used [0x00000007aa800000,0x00000007ab250020,0x00000007ace00000)
  to   space 34816K, 0% used [0x00000007b6580000,0x00000007b6580000,0x00000007b8780000)
 ParOldGen       total 190976K, used 109174K [0x0000000723c00000, 0x000000072f680000, 0x000000078bf00000)
  object space 190976K, 57% used [0x0000000723c00000,0x000000072a69dae0,0x000000072f680000)
 Metaspace       used 10569K, capacity 10724K, committed 10880K, reserved 1058816K
  class space    used 1329K, capacity 1401K, committed 1408K, reserved 1048576K
}

Deoptimization events (10 events):
Event: 50.758 Thread 0x0000000002e52800 Uncommon trap: reason=class_check action=maybe_recompile pc=0x000000002328b54c method=java.util.AbstractSet.equals(Ljava/lang/Object;)Z @ 8
Event: 51.080 Thread 0x0000000002e52800 Uncommon trap: reason=unstable_if action=reinterpret pc=0x000000002307cb60 method=soot.util.SmallNumberedMap.findPosition(Lsoot/util/Numberable;)I @ 38
Event: 51.405 Thread 0x0000000002e52800 Uncommon trap: reason=unstable_if action=reinterpret pc=0x0000000022ef63b4 method=soot.toolkits.scalar.BackwardFlowAnalysis.doAnalysis()V @ 430
Event: 51.522 Thread 0x0000000002e52800 Uncommon trap: reason=class_check action=maybe_recompile pc=0x000000002375e4b4 method=soot.coffi.CFG.jimplify([Lsoot/coffi/cp_info;I)V @ 1516
Event: 51.772 Thread 0x0000000002e52800 Uncommon trap: reason=unstable_if action=reinterpret pc=0x0000000022ecd364 method=soot.toolkits.graph.UnitGraph.getExtendedBasicBlockPathBetween(Lsoot/Unit;Lsoot/Unit;)Ljava/util/List; @ 137
Event: 52.735 Thread 0x0000000002e52800 Uncommon trap: reason=unstable_if action=reinterpret pc=0x00000000237a8410 method=soot.jimple.toolkits.base.Aggregator.internalAggregate(Lsoot/jimple/StmtBody;Ljava/util/Map;Z)Z @ 806
Event: 52.826 Thread 0x0000000002e52800 Uncommon trap: reason=bimorphic action=maybe_recompile pc=0x00000000237ecbcc method=java.util.Collections$UnmodifiableCollection$1.<init>(Ljava/util/Collections$UnmodifiableCollection;)V @ 17
Event: 52.827 Thread 0x0000000002e52800 Uncommon trap: reason=bimorphic action=maybe_recompile pc=0x00000000237ecbcc method=java.util.Collections$UnmodifiableCollection$1.<init>(Ljava/util/Collections$UnmodifiableCollection;)V @ 17
Event: 52.827 Thread 0x0000000002e52800 Uncommon trap: reason=bimorphic action=maybe_recompile pc=0x00000000237ecbcc method=java.util.Collections$UnmodifiableCollection$1.<init>(Ljava/util/Collections$UnmodifiableCollection;)V @ 17
Event: 52.827 Thread 0x0000000002e52800 Uncommon trap: reason=bimorphic action=maybe_recompile pc=0x00000000237ecbcc method=java.util.Collections$UnmodifiableCollection$1.<init>(Ljava/util/Collections$UnmodifiableCollection;)V @ 17

Classes redefined (0 events):
No events

Internal exceptions (10 events):
Event: 1.599 Thread 0x0000000002e52800 Exception <a 'java/security/PrivilegedActionException'> (0x000000078c736118) thrown at [C:\ade\jenkins\workspace\8-2-build-windows-amd64-cygwin\jdk8u241\331\hotspot\src\share\vm\prims\jvm.cpp, line 1502]
Event: 1.600 Thread 0x0000000002e52800 Exception <a 'java/security/PrivilegedActionException'> (0x000000078c739f70) thrown at [C:\ade\jenkins\workspace\8-2-build-windows-amd64-cygwin\jdk8u241\331\hotspot\src\share\vm\prims\jvm.cpp, line 1502]
Event: 1.600 Thread 0x0000000002e52800 Exception <a 'java/security/PrivilegedActionException'> (0x000000078c73a368) thrown at [C:\ade\jenkins\workspace\8-2-build-windows-amd64-cygwin\jdk8u241\331\hotspot\src\share\vm\prims\jvm.cpp, line 1502]
Event: 22.333 Thread 0x0000000002e52800 Exception <a 'java/lang/ArrayIndexOutOfBoundsException': 18> (0x0000000791f71cf8) thrown at [C:\ade\jenkins\workspace\8-2-build-windows-amd64-cygwin\jdk8u241\331\hotspot\src\share\vm\interpreter\interpreterRuntime.cpp, line 368]
Event: 41.219 Thread 0x0000000002e52800 Implicit null exception at 0x000000002310ec59 to 0x000000002310ec8d
Event: 41.704 Thread 0x0000000002e52800 Implicit null exception at 0x00000000230bb429 to 0x00000000230bb8dd
Event: 42.046 Thread 0x0000000002e52800 Implicit null exception at 0x0000000022fca215 to 0x0000000022fcc461
Event: 43.074 Thread 0x0000000002e52800 Implicit null exception at 0x00000000230585af to 0x000000002305861d
Event: 44.448 Thread 0x0000000002e52800 Implicit null exception at 0x0000000023159929 to 0x0000000023159cb1
Event: 50.495 Thread 0x0000000002e52800 Implicit null exception at 0x0000000022d87adb to 0x0000000022d88149

Events (10 events):
Event: 53.554 Thread 0x0000000002e52800 DEOPT PACKING pc=0x00000000234481b9 sp=0x0000000022bbe5b0
Event: 53.554 Thread 0x0000000002e52800 DEOPT UNPACKING pc=0x0000000022c07490 sp=0x0000000022bbe4d8 mode 0
Event: 53.556 Executing VM operation: ParallelGCFailedAllocation
Event: 53.568 Executing VM operation: ParallelGCFailedAllocation done
Event: 53.665 Thread 0x0000000002e52800 DEOPT PACKING pc=0x0000000023516fdf sp=0x0000000022bbe5b0
Event: 53.665 Thread 0x0000000002e52800 DEOPT UNPACKING pc=0x0000000022c07490 sp=0x0000000022bbe3b0 mode 0
Event: 53.683 Thread 0x0000000002e52800 DEOPT PACKING pc=0x000000002344812a sp=0x0000000022bbe5b0
Event: 53.683 Thread 0x0000000002e52800 DEOPT UNPACKING pc=0x0000000022c07490 sp=0x0000000022bbe4d0 mode 0
Event: 53.701 Thread 0x0000000002e52800 DEOPT PACKING pc=0x0000000023482ddb sp=0x0000000022bbe720
Event: 53.701 Thread 0x0000000002e52800 DEOPT UNPACKING pc=0x0000000022c07490 sp=0x0000000022bbe528 mode 0


Dynamic libraries:
0x00007ff6defb0000 - 0x00007ff6defe7000 	C:\Program Files\Java\jre1.8.0_241\bin\javaw.exe
0x00007ffbdc560000 - 0x00007ffbdc730000 	C:\Windows\SYSTEM32\ntdll.dll
0x00007ffbdbc30000 - 0x00007ffbdbcdc000 	C:\Windows\System32\KERNEL32.DLL
0x00007ffbd9600000 - 0x00007ffbd981d000 	C:\Windows\System32\KERNELBASE.dll
0x00007ffbdc170000 - 0x00007ffbdc212000 	C:\Windows\System32\ADVAPI32.dll
0x00007ffbdbb90000 - 0x00007ffbdbc2e000 	C:\Windows\System32\msvcrt.dll
0x00007ffbdbb30000 - 0x00007ffbdbb89000 	C:\Windows\System32\sechost.dll
0x00007ffbdba00000 - 0x00007ffbdbb21000 	C:\Windows\System32\RPCRT4.dll
0x00007ffbdc000000 - 0x00007ffbdc165000 	C:\Windows\System32\USER32.dll
0x00007ffbd95e0000 - 0x00007ffbd95fe000 	C:\Windows\System32\win32u.dll
0x00007ffbdb220000 - 0x00007ffbdb254000 	C:\Windows\System32\GDI32.dll
0x00007ffbd92e0000 - 0x00007ffbd9461000 	C:\Windows\System32\gdi32full.dll
0x00007ffbd2740000 - 0x00007ffbd29ba000 	C:\Windows\WinSxS\amd64_microsoft.windows.common-controls_6595b64144ccf1df_6.0.14393.3053_none_7de042968342015d\COMCTL32.dll
0x00007ffbdc290000 - 0x00007ffbdc555000 	C:\Windows\System32\combase.dll
0x00007ffbd94e0000 - 0x00007ffbd95d4000 	C:\Windows\System32\ucrtbase.dll
0x00007ffbd9470000 - 0x00007ffbd94da000 	C:\Windows\System32\bcryptPrimitives.dll
0x00007ffbdb9d0000 - 0x00007ffbdb9fe000 	C:\Windows\System32\IMM32.DLL
0x0000000180000000 - 0x000000018000d000 	C:\Windows\KATRK64.DLL
0x00007ffbd6f90000 - 0x00007ffbd6fa3000 	C:\Windows\SYSTEM32\WTSAPI32.dll
0x00007ffbd24f0000 - 0x00007ffbd259c000 	C:\Windows\system32\tmumh\20019\AddOn\7.0.0.1169\TmUmEvt64.dll
0x00007ffbdbe20000 - 0x00007ffbdbe28000 	C:\Windows\System32\PSAPI.DLL
0x00007ffbdbce0000 - 0x00007ffbdbd32000 	C:\Windows\System32\SHLWAPI.dll
0x000000006ec70000 - 0x000000006ed8a000 	C:\Windows\system32\tmumh\20019\TmMon\2.5.0.2095\tmmon64.dll
0x000000006ad20000 - 0x000000006adf2000 	C:\Program Files\Java\jre1.8.0_241\bin\msvcr100.dll
0x000000006afd0000 - 0x000000006b87c000 	C:\Program Files\Java\jre1.8.0_241\bin\server\jvm.dll
0x00007ffbc8f20000 - 0x00007ffbc8f29000 	C:\Windows\SYSTEM32\WSOCK32.dll
0x00007ffbdbd40000 - 0x00007ffbdbdaa000 	C:\Windows\System32\WS2_32.dll
0x00007ffbd3000000 - 0x00007ffbd3023000 	C:\Windows\SYSTEM32\WINMM.dll
0x00007ffbcfa80000 - 0x00007ffbcfa8a000 	C:\Windows\SYSTEM32\VERSION.dll
0x00007ffbd2fd0000 - 0x00007ffbd2ffb000 	C:\Windows\SYSTEM32\WINMMBASE.dll
0x00007ffbd8a50000 - 0x00007ffbd8a92000 	C:\Windows\System32\cfgmgr32.dll
0x00007ffbd04e0000 - 0x00007ffbd04ef000 	C:\Program Files\Java\jre1.8.0_241\bin\verify.dll
0x00007ffba8150000 - 0x00007ffba8179000 	C:\Program Files\Java\jre1.8.0_241\bin\java.dll
0x00007ffbb9980000 - 0x00007ffbb9996000 	C:\Program Files\Java\jre1.8.0_241\bin\zip.dll
0x00007ffbd9d10000 - 0x00007ffbdb215000 	C:\Windows\System32\SHELL32.dll
0x00007ffbd8b50000 - 0x00007ffbd922a000 	C:\Windows\System32\windows.storage.dll
0x00007ffbd89f0000 - 0x00007ffbd8a3c000 	C:\Windows\System32\powrprof.dll
0x00007ffbd89e0000 - 0x00007ffbd89ef000 	C:\Windows\System32\kernel.appcore.dll
0x00007ffbd8aa0000 - 0x00007ffbd8b49000 	C:\Windows\System32\shcore.dll
0x00007ffbd89c0000 - 0x00007ffbd89d4000 	C:\Windows\System32\profapi.dll
0x00007ffbd04c0000 - 0x00007ffbd04da000 	C:\Program Files\Java\jre1.8.0_241\bin\net.dll
0x00007ffbd8280000 - 0x00007ffbd82dc000 	C:\Windows\system32\mswsock.dll
0x00007ffbc1610000 - 0x00007ffbc1622000 	C:\Program Files\Java\jre1.8.0_241\bin\nio.dll

VM Arguments:
jvm_args: -Xss500m -Xmx2500M -Dfile.encoding=UTF-8 
java_command: dataflow.util.CallFlowCreator -whole-program -xml-attributes -keep-line-number -f jimple -p cg.cha enabled:true -app simple.logic.Logic -p cg verbose:true,all-reachable:true,,safe-forname:true,safe-newinstance:true
java_class_path (initial): Z:\01.mydrive\eclipseWorkspace\tmp\bin;Z:\01.mydrive\eclipseWorkspace\tmp\lib\annotations-api.jar;Z:\01.mydrive\eclipseWorkspace\tmp\lib\catalina-ant.jar;Z:\01.mydrive\eclipseWorkspace\tmp\lib\catalina-ha.jar;Z:\01.mydrive\eclipseWorkspace\tmp\lib\catalina-tribes.jar;Z:\01.mydrive\eclipseWorkspace\tmp\lib\catalina.jar;Z:\01.mydrive\eclipseWorkspace\tmp\lib\ecj-4.4.2.jar;Z:\01.mydrive\eclipseWorkspace\tmp\lib\el-api.jar;Z:\01.mydrive\eclipseWorkspace\tmp\lib\jasper-el.jar;Z:\01.mydrive\eclipseWorkspace\tmp\lib\jasper.jar;Z:\01.mydrive\eclipseWorkspace\tmp\lib\jsp-api.jar;Z:\01.mydrive\eclipseWorkspace\tmp\lib\servlet-api.jar;Z:\01.mydrive\eclipseWorkspace\tmp\lib\tomcat-api.jar;Z:\01.mydrive\eclipseWorkspace\tmp\lib\tomcat-coyote.jar;Z:\01.mydrive\eclipseWorkspace\tmp\lib\tomcat-dbcp.jar;Z:\01.mydrive\eclipseWorkspace\tmp\lib\tomcat-i18n-es.jar;Z:\01.mydrive\eclipseWorkspace\tmp\lib\tomcat-i18n-fr.jar;Z:\01.mydrive\eclipseWorkspace\tmp\lib\tomcat-i18n-ja.jar;Z:\01.mydrive\eclipseWorkspace\tmp\lib\tomcat-i18n-ru.jar;Z:\01.mydrive\eclipseWorkspace\tmp\lib\tomcat-jdbc.jar;Z:\01.mydrive\eclipseWorkspace\tmp\lib\tomcat-util.jar;Z:\01.mydrive\eclipseWorkspace\tmp\lib\tomcat7-websocket.jar;Z:\01.mydrive\eclipseWorkspace\tmp\lib\websocket-api.jar;C:\Program Files\eclipse javaEE\plugins\org.junit_4.11.0.v201303080030\junit.jar;C:\Program Files\eclipse javaEE\plugins\org.hamcrest.core_1.3.0.v201303031735.jar;Z:\01.mydrive\eclipseWorkspace\tmp\lib\soot-2.5.0.jar;Z:\01.mydrive\eclipseWorkspace\tmp\lib\rt.jar
Launcher Type: SUN_STANDARD

Environment Variables:
PATH=C:/Program Files/Java/jre1.8.0_241/bin/server;C:/Program Files/Java/jre1.8.0_241/bin;C:/Program Files/Java/jre1.8.0_241/lib/amd64;C:\Program Files (x86)\NVIDIA Corporation\PhysX\Common;C:\Program Files (x86)\Common Files\Oracle\Java\javapath;C:\Program Files\Haskell\bin;C:\Program Files\Haskell Platform\8.2.2\lib\extralibs\bin;C:\Program Files\Haskell Platform\8.2.2\bin;C:\ProgramData\Oracle\Java\javapath;C:\Windows\system32;C:\Windows;C:\Windows\System32\Wbem;C:\Windows\System32\WindowsPowerShell\v1.0\;c:\Program Files (x86)\Microsoft SQL Server\110\Tools\Binn\;c:\Program Files\Microsoft SQL Server\110\Tools\Binn\;c:\Program Files\Microsoft SQL Server\110\DTS\Binn\;C:\Program Files (x86)\Shoes;C:\MinGW\bin;C:\Ruby25-x64\bin;C:\Ruby23-x64\bin;C:\Program Files (x86)\gnuplot\bin;C:\Program Files (x86)\Windows Kits\10\Windows Performance Toolkit\;C:\ProgramData\Anaconda3;C:\Python36\Scripts\;C:\Python36\;C:\Program Files (x86)\LilyPond\usr\bin;C:\Program Files (x86)\Windows Kits\8.1\Windows Performance Toolkit\;C:\Program Files (x86)\PuTTY\;C:\Program Files\IBM\SPSS\Statistics\25\JRE\bin;C:\Program Files\Haskell Platform\8.2.2\mingw\bin;C:\texlive\2018\bin\win32;C:\Program Files\Microsoft VS Code\bin;C:\Program Files (x86)\scala\bin;C:\Program Files\MATLAB\R2018b\bin;C:\Program Files (x86)\Wolfram Research\WolframScript\;C:\Program Files (x86)\mysql\bin;C:\Program Files (x86)\php;C:\Program Files\gs\gs9.50\bin;C:\Users\s1930149\AppData\Local\Microsoft\WindowsApps;;C:\Program Files\eclipse javaEE;
USERNAME=s1930149
OS=Windows_NT
PROCESSOR_IDENTIFIER=Intel64 Family 6 Model 94 Stepping 3, GenuineIntel



---------------  S Y S T E M  ---------------

OS: Windows 10.0 , 64 bit Build 14393 (10.0.14393.2969)

CPU:total 4 (initial active 4) (4 cores per cpu, 1 threads per core) family 6 model 94 stepping 3, cmov, cx8, fxsr, mmx, sse, sse2, sse3, ssse3, sse4.1, sse4.2, popcnt, aes, clmul, erms, rtm, 3dnowpref, lzcnt, tsc, tscinvbit, bmi1, bmi2, adx

Memory: 4k page, physical 8142772k(1055520k free), swap 8142772k(9312k free)

vm_info: Java HotSpot(TM) 64-Bit Server VM (25.241-b07) for windows-amd64 JRE (1.8.0_241-b07), built on Dec 11 2019 10:21:40 by "rejava" with MS VC++ 10.0 (VS2010)

time: Sat Jan 25 21:31:02 2020
timezone: ìåãû (ïWèÄéû)
elapsed time: 53 seconds (0d 0h 0m 53s)

