#
# There is insufficient memory for the Java Runtime Environment to continue.
# Native memory allocation (malloc) failed to allocate 32784 bytes for Chunk::new
# Possible reasons:
#   The system is out of physical RAM or swap space
#   The process is running with CompressedOops enabled, and the Java Heap may be blocking the growth of the native heap
# Possible solutions:
#   Reduce memory load on the system
#   Increase physical memory or swap space
#   Check if swap backing store is full
#   Decrease Java heap size (-Xmx/-Xms)
#   Decrease number of Java threads
#   Decrease Java thread stack sizes (-Xss)
#   Set larger code cache with -XX:ReservedCodeCacheSize=
#   JVM is running with Unscaled Compressed Oops mode in which the Java heap is
#     placed in the first 4GB address space. The Java Heap base address is the
#     maximum limit for the native heap growth. Please use -XX:HeapBaseMinAddress
#     to set the Java Heap base and to place the Java Heap above 4GB virtual address.
# This output file may be truncated or incomplete.
#
#  Out of Memory Error (allocation.cpp:389), pid=2964, tid=0x0000000000002170
#
# JRE version: Java(TM) SE Runtime Environment (8.0_221-b11) (build 1.8.0_221-b11)
# Java VM: Java HotSpot(TM) 64-Bit Server VM (25.221-b11 mixed mode windows-amd64 compressed oops)
# Failed to write core dump. Minidumps are not enabled by default on client versions of Windows
#

---------------  T H R E A D  ---------------

Current thread (0x0000000018708000):  JavaThread "C2 CompilerThread1" daemon [_thread_in_native, id=8560, stack(0x0000000019d60000,0x0000000019e60000)]

Stack: [0x0000000019d60000,0x0000000019e60000]
[error occurred during error reporting (printing stack bounds), id 0xc0000005]

Native frames: (J=compiled Java code, j=interpreted, Vv=VM code, C=native code)


Current CompileTask:
C2: 137879 2926       4       soot.coffi.ByteCode::disassemble_bytecode (3662 bytes)


---------------  P R O C E S S  ---------------

Java Threads: ( => current thread )
  0x0000000019ece000 JavaThread "Service Thread" daemon [_thread_blocked, id=4448, stack(0x000000001a360000,0x000000001a460000)]
  0x0000000019e60800 JavaThread "C1 CompilerThread2" daemon [_thread_blocked, id=3272, stack(0x000000001a260000,0x000000001a360000)]
=>0x0000000018708000 JavaThread "C2 CompilerThread1" daemon [_thread_in_native, id=8560, stack(0x0000000019d60000,0x0000000019e60000)]
  0x000000001875c800 JavaThread "C2 CompilerThread0" daemon [_thread_in_native, id=4192, stack(0x0000000019c60000,0x0000000019d60000)]
  0x000000001875b000 JavaThread "Attach Listener" daemon [_thread_blocked, id=7828, stack(0x0000000019b60000,0x0000000019c60000)]
  0x00000000186fb000 JavaThread "Signal Dispatcher" daemon [_thread_blocked, id=208, stack(0x0000000019a60000,0x0000000019b60000)]
  0x000000000163d800 JavaThread "Finalizer" daemon [_thread_blocked, id=10720, stack(0x0000000019960000,0x0000000019a60000)]
  0x0000000001632800 JavaThread "Reference Handler" daemon [_thread_blocked, id=11216, stack(0x0000000019860000,0x0000000019960000)]
  0x0000000001543800 JavaThread "main" [_thread_in_Java, id=6908, stack(0x0000000003b00000,0x0000000003c00000)]

Other Threads:
  0x00000000186c8000 VMThread [stack: 0x0000000019760000,0x0000000019860000] [id=5852]
  0x0000000019f19000 WatcherThread [stack: 0x000000001a460000,0x000000001a560000] [id=10584]

VM state:not at safepoint (normal execution)

VM Mutex/Monitor currently owned by a thread: None

heap address: 0x0000000083c00000, size: 1988 MB, Compressed Oops mode: 32-bit
Narrow klass base: 0x0000000000000000, Narrow klass shift: 3
Compressed class space size: 1073741824 Address: 0x0000000100000000

Heap:
 PSYoungGen      total 642560K, used 74285K [0x00000000d6980000, 0x00000000ffc00000, 0x0000000100000000)
  eden space 611840K, 9% used [0x00000000d6980000,0x00000000da53b4d8,0x00000000fbf00000)
  from space 30720K, 42% used [0x00000000fde00000,0x00000000fead0000,0x00000000ffc00000)
  to   space 31232K, 0% used [0x00000000fbf00000,0x00000000fbf00000,0x00000000fdd80000)
 ParOldGen       total 174080K, used 143735K [0x0000000083c00000, 0x000000008e600000, 0x00000000d6980000)
  object space 174080K, 82% used [0x0000000083c00000,0x000000008c85ddc0,0x000000008e600000)
 Metaspace       used 9341K, capacity 9942K, committed 10240K, reserved 1058816K
  class space    used 1160K, capacity 1168K, committed 1280K, reserved 1048576K

Card table byte_map: [0x00000000130c0000,0x00000000134b0000] byte_map_base: 0x0000000012ca2000

Marking Bits: (ParMarkBitMap*) 0x00000000658a5ce0
 Begin Bits: [0x0000000013b50000, 0x0000000015a60000)
 End Bits:   [0x0000000015a60000, 0x0000000017970000)

Polling page: 0x0000000001520000

CodeCache: size=245760Kb used=15041Kb max_used=15250Kb free=230718Kb
 bounds [0x0000000003d00000, 0x0000000004d70000, 0x0000000012d00000]
 total_blobs=2221 nmethods=1964 adapters=170
 compilation: enabled

Compilation events (10 events):
Event: 137.335 Thread 0x0000000018708000 nmethod 2922 0x00000000044e5cd0 code [0x00000000044e5e20, 0x00000000044e5f58]
Event: 137.402 Thread 0x0000000018708000 2923 %     4       soot.jimple.toolkits.base.Aggregator::internalAggregate @ 312 (914 bytes)
Event: 137.705 Thread 0x0000000018708000 nmethod 2923% 0x0000000004ae41d0 code [0x0000000004ae4740, 0x0000000004aea020]
Event: 137.705 Thread 0x0000000018708000 2925       4       java.util.Collections$UnmodifiableList::get (11 bytes)
Event: 137.706 Thread 0x0000000019e60800 2927 %     3       soot.jimple.toolkits.base.Aggregator::internalAggregate @ 71 (914 bytes)
Event: 137.706 Thread 0x0000000018708000 nmethod 2925 0x00000000047fe190 code [0x00000000047fe2e0, 0x00000000047fe498]
Event: 137.706 Thread 0x0000000018708000 2926       4       soot.coffi.ByteCode::disassemble_bytecode (3662 bytes)
Event: 137.710 Thread 0x0000000019e60800 nmethod 2927% 0x0000000004b7ff90 code [0x0000000004b80820, 0x0000000004b87b58]
Event: 137.714 Thread 0x0000000019e60800 2929       3       soot.jimple.toolkits.base.Aggregator::internalAggregate (914 bytes)
Event: 137.718 Thread 0x0000000019e60800 nmethod 2929 0x00000000041d7f90 code [0x00000000041d8840, 0x00000000041dfb78]

GC Heap History (10 events):
Event: 130.306 GC heap before
{Heap before GC invocations=16 (full 2):
 PSYoungGen      total 635904K, used 13968K [0x00000000d6980000, 0x00000000ffb80000, 0x0000000100000000)
  eden space 601088K, 0% used [0x00000000d6980000,0x00000000d6980000,0x00000000fb480000)
  from space 34816K, 40% used [0x00000000fd980000,0x00000000fe7242c8,0x00000000ffb80000)
  to   space 36352K, 0% used [0x00000000fb480000,0x00000000fb480000,0x00000000fd800000)
 ParOldGen       total 146432K, used 129239K [0x0000000083c00000, 0x000000008cb00000, 0x00000000d6980000)
  object space 146432K, 88% used [0x0000000083c00000,0x000000008ba35d30,0x000000008cb00000)
 Metaspace       used 9223K, capacity 9814K, committed 9984K, reserved 1058816K
  class space    used 1160K, capacity 1168K, committed 1280K, reserved 1048576K
Event: 130.881 GC heap after
Heap after GC invocations=16 (full 2):
 PSYoungGen      total 635904K, used 0K [0x00000000d6980000, 0x00000000ffb80000, 0x0000000100000000)
  eden space 601088K, 0% used [0x00000000d6980000,0x00000000d6980000,0x00000000fb480000)
  from space 34816K, 0% used [0x00000000fd980000,0x00000000fd980000,0x00000000ffb80000)
  to   space 36352K, 0% used [0x00000000fb480000,0x00000000fb480000,0x00000000fd800000)
 ParOldGen       total 174080K, used 104331K [0x0000000083c00000, 0x000000008e600000, 0x00000000d6980000)
  object space 174080K, 59% used [0x0000000083c00000,0x000000008a1e2c30,0x000000008e600000)
 Metaspace       used 9223K, capacity 9814K, committed 9984K, reserved 1058816K
  class space    used 1160K, capacity 1168K, committed 1280K, reserved 1048576K
}
Event: 132.183 GC heap before
{Heap before GC invocations=17 (full 2):
 PSYoungGen      total 635904K, used 601088K [0x00000000d6980000, 0x00000000ffb80000, 0x0000000100000000)
  eden space 601088K, 100% used [0x00000000d6980000,0x00000000fb480000,0x00000000fb480000)
  from space 34816K, 0% used [0x00000000fd980000,0x00000000fd980000,0x00000000ffb80000)
  to   space 36352K, 0% used [0x00000000fb480000,0x00000000fb480000,0x00000000fd800000)
 ParOldGen       total 174080K, used 104331K [0x0000000083c00000, 0x000000008e600000, 0x00000000d6980000)
  object space 174080K, 59% used [0x0000000083c00000,0x000000008a1e2c30,0x000000008e600000)
 Metaspace       used 9233K, capacity 9814K, committed 9984K, reserved 1058816K
  class space    used 1160K, capacity 1168K, committed 1280K, reserved 1048576K
Event: 132.209 GC heap after
Heap after GC invocations=17 (full 2):
 PSYoungGen      total 637440K, used 14336K [0x00000000d6980000, 0x00000000ffd80000, 0x0000000100000000)
  eden space 601088K, 0% used [0x00000000d6980000,0x00000000d6980000,0x00000000fb480000)
  from space 36352K, 39% used [0x00000000fb480000,0x00000000fc280020,0x00000000fd800000)
  to   space 34304K, 0% used [0x00000000fdc00000,0x00000000fdc00000,0x00000000ffd80000)
 ParOldGen       total 174080K, used 104331K [0x0000000083c00000, 0x000000008e600000, 0x00000000d6980000)
  object space 174080K, 59% used [0x0000000083c00000,0x000000008a1e2c30,0x000000008e600000)
 Metaspace       used 9233K, capacity 9814K, committed 9984K, reserved 1058816K
  class space    used 1160K, capacity 1168K, committed 1280K, reserved 1048576K
}
Event: 134.189 GC heap before
{Heap before GC invocations=18 (full 2):
 PSYoungGen      total 637440K, used 615424K [0x00000000d6980000, 0x00000000ffd80000, 0x0000000100000000)
  eden space 601088K, 100% used [0x00000000d6980000,0x00000000fb480000,0x00000000fb480000)
  from space 36352K, 39% used [0x00000000fb480000,0x00000000fc280020,0x00000000fd800000)
  to   space 34304K, 0% used [0x00000000fdc00000,0x00000000fdc00000,0x00000000ffd80000)
 ParOldGen       total 174080K, used 104331K [0x0000000083c00000, 0x000000008e600000, 0x00000000d6980000)
  object space 174080K, 59% used [0x0000000083c00000,0x000000008a1e2c30,0x000000008e600000)
 Metaspace       used 9269K, capacity 9878K, committed 10240K, reserved 1058816K
  class space    used 1160K, capacity 1168K, committed 1280K, reserved 1048576K
Event: 134.212 GC heap after
Heap after GC invocations=18 (full 2):
 PSYoungGen      total 641536K, used 8224K [0x00000000d6980000, 0x00000000ffd00000, 0x0000000100000000)
  eden space 607744K, 0% used [0x00000000d6980000,0x00000000d6980000,0x00000000fbb00000)
  from space 33792K, 24% used [0x00000000fdc00000,0x00000000fe408010,0x00000000ffd00000)
  to   space 33792K, 0% used [0x00000000fbb00000,0x00000000fbb00000,0x00000000fdc00000)
 ParOldGen       total 174080K, used 118607K [0x0000000083c00000, 0x000000008e600000, 0x00000000d6980000)
  object space 174080K, 68% used [0x0000000083c00000,0x000000008afd3c60,0x000000008e600000)
 Metaspace       used 9269K, capacity 9878K, committed 10240K, reserved 1058816K
  class space    used 1160K, capacity 1168K, committed 1280K, reserved 1048576K
}
Event: 136.460 GC heap before
{Heap before GC invocations=19 (full 2):
 PSYoungGen      total 641536K, used 615968K [0x00000000d6980000, 0x00000000ffd00000, 0x0000000100000000)
  eden space 607744K, 100% used [0x00000000d6980000,0x00000000fbb00000,0x00000000fbb00000)
  from space 33792K, 24% used [0x00000000fdc00000,0x00000000fe408010,0x00000000ffd00000)
  to   space 33792K, 0% used [0x00000000fbb00000,0x00000000fbb00000,0x00000000fdc00000)
 ParOldGen       total 174080K, used 118607K [0x0000000083c00000, 0x000000008e600000, 0x00000000d6980000)
  object space 174080K, 68% used [0x0000000083c00000,0x000000008afd3c60,0x000000008e600000)
 Metaspace       used 9337K, capacity 9942K, committed 10240K, reserved 1058816K
  class space    used 1160K, capacity 1168K, committed 1280K, reserved 1048576K
Event: 136.486 GC heap after
Heap after GC invocations=19 (full 2):
 PSYoungGen      total 641536K, used 17040K [0x00000000d6980000, 0x00000000ffe00000, 0x0000000100000000)
  eden space 607744K, 0% used [0x00000000d6980000,0x00000000d6980000,0x00000000fbb00000)
  from space 33792K, 50% used [0x00000000fbb00000,0x00000000fcba40d0,0x00000000fdc00000)
  to   space 32768K, 0% used [0x00000000fde00000,0x00000000fde00000,0x00000000ffe00000)
 ParOldGen       total 174080K, used 126699K [0x0000000083c00000, 0x000000008e600000, 0x00000000d6980000)
  object space 174080K, 72% used [0x0000000083c00000,0x000000008b7bacc0,0x000000008e600000)
 Metaspace       used 9337K, capacity 9942K, committed 10240K, reserved 1058816K
  class space    used 1160K, capacity 1168K, committed 1280K, reserved 1048576K
}
Event: 137.645 GC heap before
{Heap before GC invocations=20 (full 2):
 PSYoungGen      total 641536K, used 624784K [0x00000000d6980000, 0x00000000ffe00000, 0x0000000100000000)
  eden space 607744K, 100% used [0x00000000d6980000,0x00000000fbb00000,0x00000000fbb00000)
  from space 33792K, 50% used [0x00000000fbb00000,0x00000000fcba40d0,0x00000000fdc00000)
  to   space 32768K, 0% used [0x00000000fde00000,0x00000000fde00000,0x00000000ffe00000)
 ParOldGen       total 174080K, used 126699K [0x0000000083c00000, 0x000000008e600000, 0x00000000d6980000)
  object space 174080K, 72% used [0x0000000083c00000,0x000000008b7bacc0,0x000000008e600000)
 Metaspace       used 9341K, capacity 9942K, committed 10240K, reserved 1058816K
  class space    used 1160K, capacity 1168K, committed 1280K, reserved 1048576K
Event: 137.701 GC heap after
Heap after GC invocations=20 (full 2):
 PSYoungGen      total 642560K, used 13120K [0x00000000d6980000, 0x00000000ffc00000, 0x0000000100000000)
  eden space 611840K, 0% used [0x00000000d6980000,0x00000000d6980000,0x00000000fbf00000)
  from space 30720K, 42% used [0x00000000fde00000,0x00000000fead0000,0x00000000ffc00000)
  to   space 31232K, 0% used [0x00000000fbf00000,0x00000000fbf00000,0x00000000fdd80000)
 ParOldGen       total 174080K, used 143735K [0x0000000083c00000, 0x000000008e600000, 0x00000000d6980000)
  object space 174080K, 82% used [0x0000000083c00000,0x000000008c85ddc0,0x000000008e600000)
 Metaspace       used 9341K, capacity 9942K, committed 10240K, reserved 1058816K
  class space    used 1160K, capacity 1168K, committed 1280K, reserved 1048576K
}

Deoptimization events (10 events):
Event: 136.962 Thread 0x0000000001543800 Uncommon trap: reason=class_check action=maybe_recompile pc=0x0000000004a61c74 method=soot.jimple.toolkits.typing.fast.UseChecker.caseAssignStmt(Lsoot/jimple/AssignStmt;)V @ 61
Event: 136.962 Thread 0x0000000001543800 Uncommon trap: reason=class_check action=maybe_recompile pc=0x0000000004a61c74 method=soot.jimple.toolkits.typing.fast.UseChecker.caseAssignStmt(Lsoot/jimple/AssignStmt;)V @ 61
Event: 136.962 Thread 0x0000000001543800 Uncommon trap: reason=class_check action=maybe_recompile pc=0x0000000004a61c74 method=soot.jimple.toolkits.typing.fast.UseChecker.caseAssignStmt(Lsoot/jimple/AssignStmt;)V @ 61
Event: 137.053 Thread 0x0000000001543800 Uncommon trap: reason=class_check action=maybe_recompile pc=0x000000000423f42c method=soot.jimple.toolkits.typing.fast.AugHierarchy.ancestor_(Lsoot/Type;Lsoot/Type;)Z @ 192
Event: 137.053 Thread 0x0000000001543800 Uncommon trap: reason=class_check action=maybe_recompile pc=0x00000000043401f8 method=soot.jimple.toolkits.typing.fast.AugHierarchy.ancestor_(Lsoot/Type;Lsoot/Type;)Z @ 192
Event: 137.268 Thread 0x0000000001543800 Uncommon trap: reason=unloaded action=reinterpret pc=0x000000000452c798 method=soot.coffi.ByteCode.disassemble_bytecode([BI)Lsoot/coffi/Instruction; @ 2571
Event: 137.274 Thread 0x0000000001543800 Uncommon trap: reason=bimorphic action=maybe_recompile pc=0x0000000004764b78 method=soot.jimple.toolkits.scalar.DeadAssignmentEliminator.internalTransform(Lsoot/Body;Ljava/lang/String;Ljava/util/Map;)V @ 301
Event: 137.402 Thread 0x0000000001543800 Uncommon trap: reason=bimorphic action=maybe_recompile pc=0x0000000004ca1d00 method=soot.jimple.toolkits.base.Aggregator.internalAggregate(Lsoot/jimple/StmtBody;Ljava/util/Map;Z)Z @ 496
Event: 137.428 Thread 0x0000000001543800 Uncommon trap: reason=unstable_if action=reinterpret pc=0x000000000486c3a8 method=soot.jimple.toolkits.base.Aggregator.internalAggregate(Lsoot/jimple/StmtBody;Ljava/util/Map;Z)Z @ 424
Event: 137.475 Thread 0x0000000001543800 Uncommon trap: reason=unstable_if action=reinterpret pc=0x00000000040a0b78 method=soot.jimple.toolkits.base.Aggregator.internalAggregate(Lsoot/jimple/StmtBody;Ljava/util/Map;Z)Z @ 262

Classes redefined (0 events):
No events

Internal exceptions (10 events):
Event: 92.002 Thread 0x0000000001543800 Implicit null exception at 0x00000000041d3655 to 0x00000000041d3681
Event: 92.021 Thread 0x0000000001543800 Implicit null exception at 0x0000000004211fd1 to 0x0000000004211ff5
Event: 93.197 Thread 0x0000000001543800 Implicit null exception at 0x00000000042099f2 to 0x0000000004209e91
Event: 93.845 Thread 0x0000000001543800 Implicit null exception at 0x0000000004088b10 to 0x000000000408acb9
Event: 95.520 Thread 0x0000000001543800 Implicit null exception at 0x000000000418512f to 0x0000000004185191
Event: 125.193 Thread 0x0000000001543800 Implicit null exception at 0x0000000004b8388b to 0x0000000004b84a5d
Event: 128.685 Thread 0x0000000001543800 Implicit null exception at 0x0000000004091110 to 0x000000000409116f
Event: 128.695 Thread 0x0000000001543800 Implicit null exception at 0x0000000004029c85 to 0x0000000004029de1
Event: 128.695 Thread 0x0000000001543800 Implicit null exception at 0x0000000004485246 to 0x0000000004485301
Event: 137.428 Thread 0x0000000001543800 Implicit null exception at 0x0000000004863fb4 to 0x000000000486c341

Events (10 events):
Event: 137.402 Thread 0x0000000001543800 DEOPT PACKING pc=0x0000000004ca1d00 sp=0x0000000003bfe880
Event: 137.402 Thread 0x0000000001543800 DEOPT UNPACKING pc=0x0000000003d4583b sp=0x0000000003bfe880 mode 2
Event: 137.428 Thread 0x0000000001543800 Uncommon trap: trap_request=0xffffff65 fr.pc=0x000000000486c3a8
Event: 137.428 Thread 0x0000000001543800 DEOPT PACKING pc=0x000000000486c3a8 sp=0x0000000003bfe820
Event: 137.428 Thread 0x0000000001543800 DEOPT UNPACKING pc=0x0000000003d4583b sp=0x0000000003bfe880 mode 2
Event: 137.475 Thread 0x0000000001543800 Uncommon trap: trap_request=0xffffff65 fr.pc=0x00000000040a0b78
Event: 137.475 Thread 0x0000000001543800 DEOPT PACKING pc=0x00000000040a0b78 sp=0x0000000003bfe860
Event: 137.475 Thread 0x0000000001543800 DEOPT UNPACKING pc=0x0000000003d4583b sp=0x0000000003bfe878 mode 2
Event: 137.645 Executing VM operation: ParallelGCFailedAllocation
Event: 137.701 Executing VM operation: ParallelGCFailedAllocation done


Dynamic libraries:
0x00007ff698820000 - 0x00007ff698857000 	C:\Program Files\Java\jre1.8.0_221\bin\javaw.exe
0x00007ff9de9b0000 - 0x00007ff9deb80000 	C:\Windows\SYSTEM32\ntdll.dll
0x00007ff9dd610000 - 0x00007ff9dd6bc000 	C:\Windows\System32\KERNEL32.DLL
0x00007ff9daf50000 - 0x00007ff9db16d000 	C:\Windows\System32\KERNELBASE.dll
0x00007ff9dbf40000 - 0x00007ff9dbfe2000 	C:\Windows\System32\ADVAPI32.dll
0x00007ff9ddd60000 - 0x00007ff9dddfe000 	C:\Windows\System32\msvcrt.dll
0x00007ff9dd6c0000 - 0x00007ff9dd719000 	C:\Windows\System32\sechost.dll
0x00007ff9de5d0000 - 0x00007ff9de6f1000 	C:\Windows\System32\RPCRT4.dll
0x00007ff9dd9f0000 - 0x00007ff9ddb55000 	C:\Windows\System32\USER32.dll
0x00007ff9dbbf0000 - 0x00007ff9dbc0e000 	C:\Windows\System32\win32u.dll
0x00007ff9dc090000 - 0x00007ff9dc0c4000 	C:\Windows\System32\GDI32.dll
0x00007ff9db9f0000 - 0x00007ff9dbb71000 	C:\Windows\System32\gdi32full.dll
0x00007ff9d0910000 - 0x00007ff9d0b8a000 	C:\Windows\WinSxS\amd64_microsoft.windows.common-controls_6595b64144ccf1df_6.0.14393.3053_none_7de042968342015d\COMCTL32.dll
0x00007ff9dd720000 - 0x00007ff9dd9e5000 	C:\Windows\System32\combase.dll
0x00007ff9dbe40000 - 0x00007ff9dbf34000 	C:\Windows\System32\ucrtbase.dll
0x00007ff9dbb80000 - 0x00007ff9dbbea000 	C:\Windows\System32\bcryptPrimitives.dll
0x00007ff9de700000 - 0x00007ff9de72e000 	C:\Windows\System32\IMM32.DLL
0x0000000180000000 - 0x000000018000d000 	C:\Windows\KATRK64.DLL
0x00007ff9d8420000 - 0x00007ff9d8433000 	C:\Windows\SYSTEM32\WTSAPI32.dll
0x00007ff9d8b70000 - 0x00007ff9d8c1c000 	C:\Windows\system32\tmumh\20019\AddOn\7.0.0.1169\TmUmEvt64.dll
0x00007ff9dc0d0000 - 0x00007ff9dc0d8000 	C:\Windows\System32\PSAPI.DLL
0x00007ff9ddd00000 - 0x00007ff9ddd52000 	C:\Windows\System32\SHLWAPI.dll
0x0000000068ef0000 - 0x000000006900d000 	C:\Windows\system32\tmumh\20019\TmMon\2.5.0.2090\tmmon64.dll
0x0000000064fa0000 - 0x0000000065072000 	C:\Program Files\Java\jre1.8.0_221\bin\msvcr100.dll
0x0000000065080000 - 0x0000000065925000 	C:\Program Files\Java\jre1.8.0_221\bin\server\jvm.dll
0x00007ff9c8b00000 - 0x00007ff9c8b09000 	C:\Windows\SYSTEM32\WSOCK32.dll
0x00007ff9de060000 - 0x00007ff9de0ca000 	C:\Windows\System32\WS2_32.dll
0x00007ff9d8c80000 - 0x00007ff9d8ca3000 	C:\Windows\SYSTEM32\WINMM.dll
0x00007ff9d1b10000 - 0x00007ff9d1b1a000 	C:\Windows\SYSTEM32\VERSION.dll
0x00007ff9d8c20000 - 0x00007ff9d8c4b000 	C:\Windows\SYSTEM32\WINMMBASE.dll
0x00007ff9db9a0000 - 0x00007ff9db9e2000 	C:\Windows\System32\cfgmgr32.dll
0x00007ff99b3f0000 - 0x00007ff99b3ff000 	C:\Program Files\Java\jre1.8.0_221\bin\verify.dll
0x00007ff99b3c0000 - 0x00007ff99b3e9000 	C:\Program Files\Java\jre1.8.0_221\bin\java.dll
0x00007ff99b370000 - 0x00007ff99b386000 	C:\Program Files\Java\jre1.8.0_221\bin\zip.dll
0x00007ff9dc100000 - 0x00007ff9dd605000 	C:\Windows\System32\SHELL32.dll
0x00007ff9db170000 - 0x00007ff9db84a000 	C:\Windows\System32\windows.storage.dll
0x00007ff9dae40000 - 0x00007ff9dae8c000 	C:\Windows\System32\powrprof.dll
0x00007ff9dae30000 - 0x00007ff9dae3f000 	C:\Windows\System32\kernel.appcore.dll
0x00007ff9db8f0000 - 0x00007ff9db999000 	C:\Windows\System32\shcore.dll
0x00007ff9dae10000 - 0x00007ff9dae24000 	C:\Windows\System32\profapi.dll

VM Arguments:
jvm_args: -Dfile.encoding=UTF-8 
java_command: dataflow.CFG_DF_20190922
java_class_path (initial): Z:\01.mydrive\eclipseWorkspace\tmp\bin;Z:\01.mydrive\eclipseWorkspace\tmp\lib\annotations-api.jar;Z:\01.mydrive\eclipseWorkspace\tmp\lib\catalina-ant.jar;Z:\01.mydrive\eclipseWorkspace\tmp\lib\catalina-ha.jar;Z:\01.mydrive\eclipseWorkspace\tmp\lib\catalina-tribes.jar;Z:\01.mydrive\eclipseWorkspace\tmp\lib\catalina.jar;Z:\01.mydrive\eclipseWorkspace\tmp\lib\ecj-4.4.2.jar;Z:\01.mydrive\eclipseWorkspace\tmp\lib\el-api.jar;Z:\01.mydrive\eclipseWorkspace\tmp\lib\jasper-el.jar;Z:\01.mydrive\eclipseWorkspace\tmp\lib\jasper.jar;Z:\01.mydrive\eclipseWorkspace\tmp\lib\jsp-api.jar;Z:\01.mydrive\eclipseWorkspace\tmp\lib\servlet-api.jar;Z:\01.mydrive\eclipseWorkspace\tmp\lib\tomcat-api.jar;Z:\01.mydrive\eclipseWorkspace\tmp\lib\tomcat-coyote.jar;Z:\01.mydrive\eclipseWorkspace\tmp\lib\tomcat-dbcp.jar;Z:\01.mydrive\eclipseWorkspace\tmp\lib\tomcat-i18n-es.jar;Z:\01.mydrive\eclipseWorkspace\tmp\lib\tomcat-i18n-fr.jar;Z:\01.mydrive\eclipseWorkspace\tmp\lib\tomcat-i18n-ja.jar;Z:\01.mydrive\eclipseWorkspace\tmp\lib\tomcat-i18n-ru.jar;Z:\01.mydrive\eclipseWorkspace\tmp\lib\tomcat-jdbc.jar;Z:\01.mydrive\eclipseWorkspace\tmp\lib\tomcat-util.jar;Z:\01.mydrive\eclipseWorkspace\tmp\lib\tomcat7-websocket.jar;Z:\01.mydrive\eclipseWorkspace\tmp\lib\websocket-api.jar;C:\Program Files\eclipse java\plugins\org.junit_4.11.0.v201303080030\junit.jar;C:\Program Files\eclipse java\plugins\org.hamcrest.core_1.3.0.v201303031735.jar;Z:\01.mydrive\eclipseWorkspace\tmp\lib\soot-2.5.0.jar;Z:\01.mydrive\eclipseWorkspace\tmp\lib\rt.jar
Launcher Type: SUN_STANDARD

Environment Variables:
PATH=C:/Program Files/Java/jre1.8.0_221/bin/server;C:/Program Files/Java/jre1.8.0_221/bin;C:/Program Files/Java/jre1.8.0_221/lib/amd64;C:\Program Files (x86)\NVIDIA Corporation\PhysX\Common;C:\Program Files (x86)\Common Files\Oracle\Java\javapath;C:\Program Files\Haskell\bin;C:\Program Files\Haskell Platform\8.2.2\lib\extralibs\bin;C:\Program Files\Haskell Platform\8.2.2\bin;C:\ProgramData\Oracle\Java\javapath;C:\Windows\system32;C:\Windows;C:\Windows\System32\Wbem;C:\Windows\System32\WindowsPowerShell\v1.0\;c:\Program Files (x86)\Microsoft SQL Server\110\Tools\Binn\;c:\Program Files\Microsoft SQL Server\110\Tools\Binn\;c:\Program Files\Microsoft SQL Server\110\DTS\Binn\;C:\Program Files (x86)\Shoes;C:\MinGW\bin;C:\Ruby25-x64\bin;C:\Ruby23-x64\bin;C:\Program Files (x86)\gnuplot\bin;C:\Program Files (x86)\Windows Kits\10\Windows Performance Toolkit\;C:\ProgramData\Anaconda3;C:\Python36\Scripts\;C:\Python36\;C:\Program Files (x86)\LilyPond\usr\bin;C:\Program Files (x86)\Windows Kits\8.1\Windows Performance Toolkit\;C:\Program Files (x86)\PuTTY\;C:\Program Files\IBM\SPSS\Statistics\25\JRE\bin;C:\Program Files\Haskell Platform\8.2.2\mingw\bin;C:\texlive\2018\bin\win32;C:\Program Files\gs\gs9.27\bin;C:\Program Files\Microsoft VS Code\bin;C:\Program Files (x86)\scala\bin;C:\Program Files\MATLAB\R2018b\bin;C:\Program Files (x86)\Wolfram Research\WolframScript\;C:\Program Files (x86)\Brackets\command;C:\Program Files (x86)\mysql\bin;C:\Program Files (x86)\php;C:\Users\s1930149\AppData\Local\Microsoft\WindowsApps;;C:\Program Files\eclipse java;
USERNAME=s1930149
OS=Windows_NT
PROCESSOR_IDENTIFIER=Intel64 Family 6 Model 94 Stepping 3, GenuineIntel



---------------  S Y S T E M  ---------------

OS: Windows 10.0 , 64 bit Build 14393 (10.0.14393.2969)

CPU:total 4 (initial active 4) (4 cores per cpu, 1 threads per core) family 6 model 94 stepping 3, cmov, cx8, fxsr, mmx, sse, sse2, sse3, ssse3, sse4.1, sse4.2, popcnt, aes, clmul, erms, rtm, 3dnowpref, lzcnt, tsc, tscinvbit, bmi1, bmi2, adx

Memory: 4k page, physical 8142772k(1053496k free), swap 8142772k(4108k free)

vm_info: Java HotSpot(TM) 64-Bit Server VM (25.221-b11) for windows-amd64 JRE (1.8.0_221-b11), built on Jul  4 2019 04:39:29 by "java_re" with MS VC++ 10.0 (VS2010)

time: Tue Oct 08 21:55:13 2019
timezone: ìåãû (ïWèÄéû)
elapsed time: 137 seconds (0d 0h 2m 17s)

