#
# There is insufficient memory for the Java Runtime Environment to continue.
# Native memory allocation (malloc) failed to allocate 32744 bytes for ChunkPool::allocate
# Possible reasons:
#   The system is out of physical RAM or swap space
# Possible solutions:
#   Reduce memory load on the system
#   Increase physical memory or swap space
#   Check if swap backing store is full
#   Decrease Java heap size (-Xmx/-Xms)
#   Decrease number of Java threads
#   Decrease Java thread stack sizes (-Xss)
#   Set larger code cache with -XX:ReservedCodeCacheSize=
# This output file may be truncated or incomplete.
#
#  Out of Memory Error (allocation.cpp:272), pid=9956, tid=0x0000000000002180
#
# JRE version: Java(TM) SE Runtime Environment (8.0_241-b07) (build 1.8.0_241-b07)
# Java VM: Java HotSpot(TM) 64-Bit Server VM (25.241-b07 mixed mode windows-amd64 )
# Failed to write core dump. Minidumps are not enabled by default on client versions of Windows
#

---------------  T H R E A D  ---------------

Current thread (0x0000000034444000):  JavaThread "C2 CompilerThread0" daemon [_thread_in_native, id=8576, stack(0x00000000355a0000,0x00000000356a0000)]

Stack: [0x00000000355a0000,0x00000000356a0000]
[error occurred during error reporting (printing stack bounds), id 0xc0000005]

Native frames: (J=compiled Java code, j=interpreted, Vv=VM code, C=native code)


Current CompileTask:
C2:  52001 2298       4       soot.coffi.ByteCode::disassemble_bytecode (3662 bytes)


---------------  P R O C E S S  ---------------

Java Threads: ( => current thread )
  0x0000000035810000 JavaThread "Service Thread" daemon [_thread_blocked, id=7644, stack(0x0000001d53700000,0x0000001dfcf00000)]
  0x00000000357a3000 JavaThread "C1 CompilerThread2" daemon [_thread_in_native, id=9592, stack(0x0000000035ba0000,0x0000000035ca0000)]
  0x0000000034446800 JavaThread "C2 CompilerThread1" daemon [_thread_in_native, id=9532, stack(0x00000000356a0000,0x00000000357a0000)]
=>0x0000000034444000 JavaThread "C2 CompilerThread0" daemon [_thread_in_native, id=8576, stack(0x00000000355a0000,0x00000000356a0000)]
  0x000000003448e000 JavaThread "Attach Listener" daemon [_thread_blocked, id=7084, stack(0x0000001ca9f00000,0x0000001d53700000)]
  0x000000003443a000 JavaThread "Signal Dispatcher" daemon [_thread_blocked, id=172, stack(0x0000001c00700000,0x0000001ca9f00000)]
  0x000000003441a800 JavaThread "Finalizer" daemon [_thread_blocked, id=4576, stack(0x0000001b56f00000,0x0000001c00700000)]
  0x0000000000e82800 JavaThread "Reference Handler" daemon [_thread_blocked, id=9480, stack(0x0000001aad700000,0x0000001b56f00000)]
  0x0000000000d92800 JavaThread "main" [_thread_in_Java, id=944, stack(0x000000007fff0000,0x00000001297f0000)]

Other Threads:
  0x00000000343f7800 VMThread [stack: 0x00000000354a0000,0x00000000355a0000] [id=6388]
  0x0000000035845800 WatcherThread [stack: 0x0000000035ca0000,0x0000000035da0000] [id=9652]

VM state:not at safepoint (normal execution)

VM Mutex/Monitor currently owned by a thread: None

Heap:
 PSYoungGen      total 717312K, used 67648K [0x00000011c6d00000, 0x00000011f6280000, 0x00000019ea200000)
  eden space 661504K, 1% used [0x00000011c6d00000,0x00000011c79ea750,0x00000011ef300000)
  from space 55808K, 97% used [0x00000011f2780000,0x00000011f5ca5ca0,0x00000011f5e00000)
  to   space 53760K, 0% used [0x00000011ef300000,0x00000011ef300000,0x00000011f2780000)
 ParOldGen       total 233984K, used 134042K [0x0000000180200000, 0x000000018e680000, 0x00000011c6d00000)
  object space 233984K, 57% used [0x0000000180200000,0x00000001884e68f8,0x000000018e680000)
 Metaspace       used 10572K, capacity 10871K, committed 11008K, reserved 12288K

Card table byte_map: [0x00000000127f0000,0x000000001eb50000] byte_map_base: 0x0000000011bef000

Marking Bits: (ParMarkBitMap*) 0x000000006d91be30
 Begin Bits: [0x00000019ea200000, 0x0000001a4bc80000)
 End Bits:   [0x0000001a4bc80000, 0x0000001aad700000)

Polling page: 0x0000000000cd0000

CodeCache: size=245760Kb used=11874Kb max_used=11880Kb free=233885Kb
 bounds [0x0000000003430000, 0x0000000004010000, 0x0000000012430000]
 total_blobs=2402 nmethods=2094 adapters=221
 compilation: enabled

Compilation events (10 events):
Event: 51.890 Thread 0x00000000357a3000 nmethod 2588 0x00000000036d3410 code [0x00000000036d3560, 0x00000000036d36f0]
Event: 51.891 Thread 0x00000000357a3000 2589       2       soot.jimple.toolkits.typing.fast.UseChecker::handleArrayRef (26 bytes)
Event: 51.892 Thread 0x00000000357a3000 nmethod 2589 0x00000000039c4bd0 code [0x00000000039c4d80, 0x00000000039c5158]
Event: 51.892 Thread 0x00000000357a3000 2590       2       soot.jimple.internal.JArrayRef::getIndex (10 bytes)
Event: 51.892 Thread 0x00000000357a3000 nmethod 2590 0x00000000036da950 code [0x00000000036daaa0, 0x00000000036dac30]
Event: 51.892 Thread 0x00000000357a3000 2591       2       soot.jimple.internal.JArrayRef::setIndex (11 bytes)
Event: 51.892 Thread 0x00000000357a3000 nmethod 2591 0x0000000003779150 code [0x00000000037792c0, 0x0000000003779468]
Event: 51.901 Thread 0x00000000357a3000 2592       2       soot.coffi.Instruction_Iinc::nextOffset (19 bytes)
Event: 51.901 Thread 0x00000000357a3000 nmethod 2592 0x000000000378d810 code [0x000000000378d960, 0x000000000378daf0]
Event: 51.944 Thread 0x00000000357a3000 2595   !   3       soot.coffi.CFG::jimplify (2043 bytes)

GC Heap History (10 events):
Event: 49.032 GC heap after
Heap after GC invocations=16 (full 2):
 PSYoungGen      total 604160K, used 16704K [0x00000011c6d00000, 0x00000011ef380000, 0x00000019ea200000)
  eden space 551936K, 0% used [0x00000011c6d00000,0x00000011c6d00000,0x00000011e8800000)
  from space 52224K, 31% used [0x00000011ebd80000,0x00000011ecdd0060,0x00000011ef080000)
  to   space 54784K, 0% used [0x00000011e8800000,0x00000011e8800000,0x00000011ebd80000)
 ParOldGen       total 210944K, used 181550K [0x0000000180200000, 0x000000018d000000, 0x00000011c6d00000)
  object space 210944K, 86% used [0x0000000180200000,0x000000018b34b868,0x000000018d000000)
 Metaspace       used 10518K, capacity 10807K, committed 11008K, reserved 12288K
}
Event: 49.032 GC heap before
{Heap before GC invocations=17 (full 3):
 PSYoungGen      total 604160K, used 16704K [0x00000011c6d00000, 0x00000011ef380000, 0x00000019ea200000)
  eden space 551936K, 0% used [0x00000011c6d00000,0x00000011c6d00000,0x00000011e8800000)
  from space 52224K, 31% used [0x00000011ebd80000,0x00000011ecdd0060,0x00000011ef080000)
  to   space 54784K, 0% used [0x00000011e8800000,0x00000011e8800000,0x00000011ebd80000)
 ParOldGen       total 210944K, used 181550K [0x0000000180200000, 0x000000018d000000, 0x00000011c6d00000)
  object space 210944K, 86% used [0x0000000180200000,0x000000018b34b868,0x000000018d000000)
 Metaspace       used 10518K, capacity 10807K, committed 11008K, reserved 12288K
Event: 49.416 GC heap after
Heap after GC invocations=17 (full 3):
 PSYoungGen      total 604160K, used 0K [0x00000011c6d00000, 0x00000011ef380000, 0x00000019ea200000)
  eden space 551936K, 0% used [0x00000011c6d00000,0x00000011c6d00000,0x00000011e8800000)
  from space 52224K, 0% used [0x00000011ebd80000,0x00000011ebd80000,0x00000011ef080000)
  to   space 54784K, 0% used [0x00000011e8800000,0x00000011e8800000,0x00000011ebd80000)
 ParOldGen       total 233984K, used 134042K [0x0000000180200000, 0x000000018e680000, 0x00000011c6d00000)
  object space 233984K, 57% used [0x0000000180200000,0x00000001884e68f8,0x000000018e680000)
 Metaspace       used 10518K, capacity 10807K, committed 11008K, reserved 12288K
}
Event: 50.017 GC heap before
{Heap before GC invocations=18 (full 3):
 PSYoungGen      total 604160K, used 551936K [0x00000011c6d00000, 0x00000011ef380000, 0x00000019ea200000)
  eden space 551936K, 100% used [0x00000011c6d00000,0x00000011e8800000,0x00000011e8800000)
  from space 52224K, 0% used [0x00000011ebd80000,0x00000011ebd80000,0x00000011ef080000)
  to   space 54784K, 0% used [0x00000011e8800000,0x00000011e8800000,0x00000011ebd80000)
 ParOldGen       total 233984K, used 134042K [0x0000000180200000, 0x000000018e680000, 0x00000011c6d00000)
  object space 233984K, 57% used [0x0000000180200000,0x00000001884e68f8,0x000000018e680000)
 Metaspace       used 10541K, capacity 10807K, committed 11008K, reserved 12288K
Event: 50.030 GC heap after
Heap after GC invocations=18 (full 3):
 PSYoungGen      total 606720K, used 14357K [0x00000011c6d00000, 0x00000011f5e00000, 0x00000019ea200000)
  eden space 551936K, 0% used [0x00000011c6d00000,0x00000011c6d00000,0x00000011e8800000)
  from space 54784K, 26% used [0x00000011e8800000,0x00000011e9605768,0x00000011ebd80000)
  to   space 55808K, 0% used [0x00000011f2780000,0x00000011f2780000,0x00000011f5e00000)
 ParOldGen       total 233984K, used 134042K [0x0000000180200000, 0x000000018e680000, 0x00000011c6d00000)
  object space 233984K, 57% used [0x0000000180200000,0x00000001884e68f8,0x000000018e680000)
 Metaspace       used 10541K, capacity 10807K, committed 11008K, reserved 12288K
}
Event: 50.564 GC heap before
{Heap before GC invocations=19 (full 3):
 PSYoungGen      total 606720K, used 566293K [0x00000011c6d00000, 0x00000011f5e00000, 0x00000019ea200000)
  eden space 551936K, 100% used [0x00000011c6d00000,0x00000011e8800000,0x00000011e8800000)
  from space 54784K, 26% used [0x00000011e8800000,0x00000011e9605768,0x00000011ebd80000)
  to   space 55808K, 0% used [0x00000011f2780000,0x00000011f2780000,0x00000011f5e00000)
 ParOldGen       total 233984K, used 134042K [0x0000000180200000, 0x000000018e680000, 0x00000011c6d00000)
  object space 233984K, 57% used [0x0000000180200000,0x00000001884e68f8,0x000000018e680000)
 Metaspace       used 10556K, capacity 10871K, committed 11008K, reserved 12288K
Event: 50.592 GC heap after
Heap after GC invocations=19 (full 3):
 PSYoungGen      total 717312K, used 26807K [0x00000011c6d00000, 0x00000011f6280000, 0x00000019ea200000)
  eden space 661504K, 0% used [0x00000011c6d00000,0x00000011c6d00000,0x00000011ef300000)
  from space 55808K, 48% used [0x00000011f2780000,0x00000011f41adc58,0x00000011f5e00000)
  to   space 53760K, 0% used [0x00000011ef300000,0x00000011ef300000,0x00000011f2780000)
 ParOldGen       total 233984K, used 134042K [0x0000000180200000, 0x000000018e680000, 0x00000011c6d00000)
  object space 233984K, 57% used [0x0000000180200000,0x00000001884e68f8,0x000000018e680000)
 Metaspace       used 10556K, capacity 10871K, committed 11008K, reserved 12288K
}
Event: 51.264 GC heap before
{Heap before GC invocations=20 (full 3):
 PSYoungGen      total 717312K, used 688311K [0x00000011c6d00000, 0x00000011f6280000, 0x00000019ea200000)
  eden space 661504K, 100% used [0x00000011c6d00000,0x00000011ef300000,0x00000011ef300000)
  from space 55808K, 48% used [0x00000011f2780000,0x00000011f41adc58,0x00000011f5e00000)
  to   space 53760K, 0% used [0x00000011ef300000,0x00000011ef300000,0x00000011f2780000)
 ParOldGen       total 233984K, used 134042K [0x0000000180200000, 0x000000018e680000, 0x00000011c6d00000)
  object space 233984K, 57% used [0x0000000180200000,0x00000001884e68f8,0x000000018e680000)
 Metaspace       used 10567K, capacity 10871K, committed 11008K, reserved 12288K
Event: 51.309 GC heap after
Heap after GC invocations=20 (full 3):
 PSYoungGen      total 715264K, used 39191K [0x00000011c6d00000, 0x00000011f6280000, 0x00000019ea200000)
  eden space 661504K, 0% used [0x00000011c6d00000,0x00000011c6d00000,0x00000011ef300000)
  from space 53760K, 72% used [0x00000011ef300000,0x00000011f1945c70,0x00000011f2780000)
  to   space 55808K, 0% used [0x00000011f2780000,0x00000011f2780000,0x00000011f5e00000)
 ParOldGen       total 233984K, used 134042K [0x0000000180200000, 0x000000018e680000, 0x00000011c6d00000)
  object space 233984K, 57% used [0x0000000180200000,0x00000001884e68f8,0x000000018e680000)
 Metaspace       used 10567K, capacity 10871K, committed 11008K, reserved 12288K
}
Event: 51.947 GC heap before
{Heap before GC invocations=21 (full 3):
 PSYoungGen      total 715264K, used 700695K [0x00000011c6d00000, 0x00000011f6280000, 0x00000019ea200000)
  eden space 661504K, 100% used [0x00000011c6d00000,0x00000011ef300000,0x00000011ef300000)
  from space 53760K, 72% used [0x00000011ef300000,0x00000011f1945c70,0x00000011f2780000)
  to   space 55808K, 0% used [0x00000011f2780000,0x00000011f2780000,0x00000011f5e00000)
 ParOldGen       total 233984K, used 134042K [0x0000000180200000, 0x000000018e680000, 0x00000011c6d00000)
  object space 233984K, 57% used [0x0000000180200000,0x00000001884e68f8,0x000000018e680000)
 Metaspace       used 10572K, capacity 10871K, committed 11008K, reserved 12288K

Deoptimization events (10 events):
Event: 48.327 Thread 0x0000000000d92800 Uncommon trap: reason=unstable_if action=reinterpret pc=0x0000000003d792e8 method=soot.jimple.toolkits.typing.fast.AugEvalFunction.eval_(Lsoot/jimple/toolkits/typing/fast/Typing;Lsoot/Value;Lsoot/jimple/Stmt;Lsoot/jimple/JimpleBody;)Lsoot/Type; @ 929
Event: 48.459 Thread 0x0000000000d92800 Uncommon trap: reason=class_check action=maybe_recompile pc=0x0000000003782dbc method=java.util.AbstractSet.equals(Ljava/lang/Object;)Z @ 8
Event: 48.774 Thread 0x0000000000d92800 Uncommon trap: reason=unstable_if action=reinterpret pc=0x0000000003c3f060 method=java.util.IdentityHashMap.capacity(I)I @ 13
Event: 48.799 Thread 0x0000000000d92800 Uncommon trap: reason=class_check action=maybe_recompile pc=0x0000000003782dbc method=java.util.AbstractSet.equals(Ljava/lang/Object;)Z @ 8
Event: 48.906 Thread 0x0000000000d92800 Uncommon trap: reason=class_check action=maybe_recompile pc=0x0000000003782dbc method=java.util.AbstractSet.equals(Ljava/lang/Object;)Z @ 8
Event: 49.611 Thread 0x0000000000d92800 Uncommon trap: reason=unstable_if action=reinterpret pc=0x0000000003920718 method=soot.util.SmallNumberedMap.findPosition(Lsoot/util/Numberable;)I @ 38
Event: 49.836 Thread 0x0000000000d92800 Uncommon trap: reason=unstable_if action=reinterpret pc=0x0000000003e90388 method=soot.toolkits.scalar.BackwardFlowAnalysis.doAnalysis()V @ 430
Event: 50.093 Thread 0x0000000000d92800 Uncommon trap: reason=unstable_if action=reinterpret pc=0x0000000003e3a5e0 method=soot.toolkits.graph.UnitGraph.getExtendedBasicBlockPathBetween(Lsoot/Unit;Lsoot/Unit;)Ljava/util/List; @ 137
Event: 51.193 Thread 0x0000000000d92800 Uncommon trap: reason=unstable_if action=reinterpret pc=0x00000000037f7df0 method=soot.coffi.CFG.processFlow(Lsoot/coffi/Instruction;Lsoot/coffi/TypeStack;[Lsoot/coffi/cp_info;)Lsoot/coffi/OutFlow; @ 3297
Event: 51.938 Thread 0x0000000000d92800 Uncommon trap: reason=unstable_if action=reinterpret pc=0x0000000003f31068 method=soot.coffi.CFG.jimplify([Lsoot/coffi/cp_info;I)V @ 1575

Classes redefined (0 events):
No events

Internal exceptions (10 events):
Event: 1.427 Thread 0x0000000000d92800 Exception <a 'java/security/PrivilegedActionException'> (0x00000011c7652fb8) thrown at [C:\ade\jenkins\workspace\8-2-build-windows-amd64-cygwin\jdk8u241\331\hotspot\src\share\vm\prims\jvm.cpp, line 1502]
Event: 1.427 Thread 0x0000000000d92800 Exception <a 'java/security/PrivilegedActionException'> (0x00000011c7653538) thrown at [C:\ade\jenkins\workspace\8-2-build-windows-amd64-cygwin\jdk8u241\331\hotspot\src\share\vm\prims\jvm.cpp, line 1502]
Event: 1.428 Thread 0x0000000000d92800 Exception <a 'java/security/PrivilegedActionException'> (0x00000011c7657f00) thrown at [C:\ade\jenkins\workspace\8-2-build-windows-amd64-cygwin\jdk8u241\331\hotspot\src\share\vm\prims\jvm.cpp, line 1502]
Event: 1.428 Thread 0x0000000000d92800 Exception <a 'java/security/PrivilegedActionException'> (0x00000011c7658480) thrown at [C:\ade\jenkins\workspace\8-2-build-windows-amd64-cygwin\jdk8u241\331\hotspot\src\share\vm\prims\jvm.cpp, line 1502]
Event: 22.172 Thread 0x0000000000d92800 Exception <a 'java/lang/ArrayIndexOutOfBoundsException': 18> (0x00000011cb053d08) thrown at [C:\ade\jenkins\workspace\8-2-build-windows-amd64-cygwin\jdk8u241\331\hotspot\src\share\vm\interpreter\interpreterRuntime.cpp, line 368]
Event: 40.636 Thread 0x0000000000d92800 Implicit null exception at 0x000000000360b90e to 0x000000000360b93d
Event: 41.096 Thread 0x0000000000d92800 Implicit null exception at 0x00000000039651c7 to 0x000000000396564d
Event: 41.402 Thread 0x0000000000d92800 Implicit null exception at 0x0000000003839269 to 0x000000000383ade9
Event: 42.069 Thread 0x0000000000d92800 Implicit null exception at 0x00000000038dbedf to 0x00000000038dbf39
Event: 43.604 Thread 0x0000000000d92800 Implicit null exception at 0x00000000039dc669 to 0x00000000039dc9ed

Events (10 events):
Event: 51.624 Thread 0x0000000000d92800 DEOPT PACKING pc=0x0000000003b92dbb sp=0x00000001297ee3f0
Event: 51.624 Thread 0x0000000000d92800 DEOPT UNPACKING pc=0x0000000003477490 sp=0x00000001297ee1f8 mode 0
Event: 51.644 Thread 0x0000000000d92800 DEOPT PACKING pc=0x0000000003b8b7a7 sp=0x00000001297ee280
Event: 51.644 Thread 0x0000000000d92800 DEOPT UNPACKING pc=0x0000000003477490 sp=0x00000001297ee080 mode 0
Event: 51.857 Thread 0x0000000000d92800 DEOPT PACKING pc=0x0000000003b92dbb sp=0x00000001297ee3f0
Event: 51.857 Thread 0x0000000000d92800 DEOPT UNPACKING pc=0x0000000003477490 sp=0x00000001297ee1f8 mode 0
Event: 51.938 Thread 0x0000000000d92800 Uncommon trap: trap_request=0xffffff65 fr.pc=0x0000000003f31068
Event: 51.938 Thread 0x0000000000d92800 DEOPT PACKING pc=0x0000000003f31068 sp=0x00000001297ee6f0
Event: 51.938 Thread 0x0000000000d92800 DEOPT UNPACKING pc=0x000000000347583b sp=0x00000001297ee6b0 mode 2
Event: 51.947 Executing VM operation: ParallelGCFailedAllocation


Dynamic libraries:
0x00007ff647220000 - 0x00007ff647257000 	C:\Program Files\Java\jre1.8.0_241\bin\javaw.exe
0x00007ffde38e0000 - 0x00007ffde3ab0000 	C:\Windows\SYSTEM32\ntdll.dll
0x00007ffde2b20000 - 0x00007ffde2bcc000 	C:\Windows\System32\KERNEL32.DLL
0x00007ffde0a30000 - 0x00007ffde0c4d000 	C:\Windows\System32\KERNELBASE.dll
0x00007ffde2850000 - 0x00007ffde28f2000 	C:\Windows\System32\ADVAPI32.dll
0x00007ffde2da0000 - 0x00007ffde2e3e000 	C:\Windows\System32\msvcrt.dll
0x00007ffde2d40000 - 0x00007ffde2d99000 	C:\Windows\System32\sechost.dll
0x00007ffde23e0000 - 0x00007ffde2501000 	C:\Windows\System32\RPCRT4.dll
0x00007ffde2f40000 - 0x00007ffde30a5000 	C:\Windows\System32\USER32.dll
0x00007ffde0da0000 - 0x00007ffde0dbe000 	C:\Windows\System32\win32u.dll
0x00007ffde2d00000 - 0x00007ffde2d34000 	C:\Windows\System32\GDI32.dll
0x00007ffddfe40000 - 0x00007ffddffc1000 	C:\Windows\System32\gdi32full.dll
0x00007ffdd7c70000 - 0x00007ffdd7eea000 	C:\Windows\WinSxS\amd64_microsoft.windows.common-controls_6595b64144ccf1df_6.0.14393.3053_none_7de042968342015d\COMCTL32.dll
0x00007ffde3560000 - 0x00007ffde3825000 	C:\Windows\System32\combase.dll
0x00007ffde0930000 - 0x00007ffde0a24000 	C:\Windows\System32\ucrtbase.dll
0x00007ffddfdd0000 - 0x00007ffddfe3a000 	C:\Windows\System32\bcryptPrimitives.dll
0x00007ffde38a0000 - 0x00007ffde38ce000 	C:\Windows\System32\IMM32.DLL
0x0000000180000000 - 0x000000018000d000 	C:\Windows\KATRK64.DLL
0x00007ffddccb0000 - 0x00007ffddccc3000 	C:\Windows\SYSTEM32\WTSAPI32.dll
0x00007ffdd7a20000 - 0x00007ffdd7acc000 	C:\Windows\system32\tmumh\20019\AddOn\7.0.0.1169\TmUmEvt64.dll
0x00007ffde30b0000 - 0x00007ffde30b8000 	C:\Windows\System32\PSAPI.DLL
0x00007ffde2380000 - 0x00007ffde23d2000 	C:\Windows\System32\SHLWAPI.dll
0x0000000070ec0000 - 0x0000000070fda000 	C:\Windows\system32\tmumh\20019\TmMon\2.5.0.2095\tmmon64.dll
0x000000006cf90000 - 0x000000006d062000 	C:\Program Files\Java\jre1.8.0_241\bin\msvcr100.dll
0x000000006d0f0000 - 0x000000006d99c000 	C:\Program Files\Java\jre1.8.0_241\bin\server\jvm.dll
0x00007ffdcf3c0000 - 0x00007ffdcf3c9000 	C:\Windows\SYSTEM32\WSOCK32.dll
0x00007ffde3830000 - 0x00007ffde389a000 	C:\Windows\System32\WS2_32.dll
0x00007ffdd7f50000 - 0x00007ffdd7f73000 	C:\Windows\SYSTEM32\WINMM.dll
0x00007ffdd5230000 - 0x00007ffdd523a000 	C:\Windows\SYSTEM32\VERSION.dll
0x00007ffdd7f20000 - 0x00007ffdd7f4b000 	C:\Windows\SYSTEM32\WINMMBASE.dll
0x00007ffde0e20000 - 0x00007ffde0e62000 	C:\Windows\System32\cfgmgr32.dll
0x00007ffddce50000 - 0x00007ffddce5f000 	C:\Program Files\Java\jre1.8.0_241\bin\verify.dll
0x00007ffdd74a0000 - 0x00007ffdd74c9000 	C:\Program Files\Java\jre1.8.0_241\bin\java.dll
0x00007ffdd6630000 - 0x00007ffdd6646000 	C:\Program Files\Java\jre1.8.0_241\bin\zip.dll
0x00007ffde0e70000 - 0x00007ffde2375000 	C:\Windows\System32\SHELL32.dll
0x00007ffddffd0000 - 0x00007ffde06aa000 	C:\Windows\System32\windows.storage.dll
0x00007ffddfd70000 - 0x00007ffddfdbc000 	C:\Windows\System32\powrprof.dll
0x00007ffddfd60000 - 0x00007ffddfd6f000 	C:\Windows\System32\kernel.appcore.dll
0x00007ffde0c50000 - 0x00007ffde0cf9000 	C:\Windows\System32\shcore.dll
0x00007ffddfd40000 - 0x00007ffddfd54000 	C:\Windows\System32\profapi.dll
0x00007ffdc8bf0000 - 0x00007ffdc8c0a000 	C:\Program Files\Java\jre1.8.0_241\bin\net.dll
0x00007ffddf660000 - 0x00007ffddf6bc000 	C:\Windows\system32\mswsock.dll
0x00007ffdc8bd0000 - 0x00007ffdc8be2000 	C:\Program Files\Java\jre1.8.0_241\bin\nio.dll

VM Arguments:
jvm_args: -Xss15000m -Xmx100000M -Dfile.encoding=UTF-8 
java_command: dataflow.util.CGCreator -whole-program -xml-attributes -keep-line-number -f jimple -p cg.cha enabled:true -app simple.logic.Logic -p cg verbose:true,all-reachable:true,,safe-forname:true,safe-newinstance:true
java_class_path (initial): Z:\01.mydrive\eclipseWorkspace\tmp\bin;Z:\01.mydrive\eclipseWorkspace\tmp\lib\annotations-api.jar;Z:\01.mydrive\eclipseWorkspace\tmp\lib\catalina-ant.jar;Z:\01.mydrive\eclipseWorkspace\tmp\lib\catalina-ha.jar;Z:\01.mydrive\eclipseWorkspace\tmp\lib\catalina-tribes.jar;Z:\01.mydrive\eclipseWorkspace\tmp\lib\catalina.jar;Z:\01.mydrive\eclipseWorkspace\tmp\lib\ecj-4.4.2.jar;Z:\01.mydrive\eclipseWorkspace\tmp\lib\el-api.jar;Z:\01.mydrive\eclipseWorkspace\tmp\lib\jasper-el.jar;Z:\01.mydrive\eclipseWorkspace\tmp\lib\jasper.jar;Z:\01.mydrive\eclipseWorkspace\tmp\lib\jsp-api.jar;Z:\01.mydrive\eclipseWorkspace\tmp\lib\servlet-api.jar;Z:\01.mydrive\eclipseWorkspace\tmp\lib\tomcat-api.jar;Z:\01.mydrive\eclipseWorkspace\tmp\lib\tomcat-coyote.jar;Z:\01.mydrive\eclipseWorkspace\tmp\lib\tomcat-dbcp.jar;Z:\01.mydrive\eclipseWorkspace\tmp\lib\tomcat-i18n-es.jar;Z:\01.mydrive\eclipseWorkspace\tmp\lib\tomcat-i18n-fr.jar;Z:\01.mydrive\eclipseWorkspace\tmp\lib\tomcat-i18n-ja.jar;Z:\01.mydrive\eclipseWorkspace\tmp\lib\tomcat-i18n-ru.jar;Z:\01.mydrive\eclipseWorkspace\tmp\lib\tomcat-jdbc.jar;Z:\01.mydrive\eclipseWorkspace\tmp\lib\tomcat-util.jar;Z:\01.mydrive\eclipseWorkspace\tmp\lib\tomcat7-websocket.jar;Z:\01.mydrive\eclipseWorkspace\tmp\lib\websocket-api.jar;C:\Program Files\eclipse javaEE\plugins\org.junit_4.11.0.v201303080030\junit.jar;C:\Program Files\eclipse javaEE\plugins\org.hamcrest.core_1.3.0.v201303031735.jar;Z:\01.mydrive\eclipseWorkspace\tmp\lib\soot-2.5.0.jar;Z:\01.mydrive\eclipseWorkspace\tmp\lib\rt.jar
Launcher Type: SUN_STANDARD

Environment Variables:
PATH=C:/Program Files/Java/jre1.8.0_241/bin/server;C:/Program Files/Java/jre1.8.0_241/bin;C:/Program Files/Java/jre1.8.0_241/lib/amd64;C:\Program Files (x86)\NVIDIA Corporation\PhysX\Common;C:\Program Files (x86)\Common Files\Oracle\Java\javapath;C:\Program Files\Haskell\bin;C:\Program Files\Haskell Platform\8.2.2\lib\extralibs\bin;C:\Program Files\Haskell Platform\8.2.2\bin;C:\ProgramData\Oracle\Java\javapath;C:\Windows\system32;C:\Windows;C:\Windows\System32\Wbem;C:\Windows\System32\WindowsPowerShell\v1.0\;c:\Program Files (x86)\Microsoft SQL Server\110\Tools\Binn\;c:\Program Files\Microsoft SQL Server\110\Tools\Binn\;c:\Program Files\Microsoft SQL Server\110\DTS\Binn\;C:\Program Files (x86)\Shoes;C:\MinGW\bin;C:\Ruby25-x64\bin;C:\Ruby23-x64\bin;C:\Program Files (x86)\gnuplot\bin;C:\Program Files (x86)\Windows Kits\10\Windows Performance Toolkit\;C:\ProgramData\Anaconda3;C:\Python36\Scripts\;C:\Python36\;C:\Program Files (x86)\LilyPond\usr\bin;C:\Program Files (x86)\Windows Kits\8.1\Windows Performance Toolkit\;C:\Program Files (x86)\PuTTY\;C:\Program Files\IBM\SPSS\Statistics\25\JRE\bin;C:\Program Files\Haskell Platform\8.2.2\mingw\bin;C:\texlive\2018\bin\win32;C:\Program Files\Microsoft VS Code\bin;C:\Program Files (x86)\scala\bin;C:\Program Files\MATLAB\R2018b\bin;C:\Program Files (x86)\Wolfram Research\WolframScript\;C:\Program Files (x86)\mysql\bin;C:\Program Files (x86)\php;C:\Program Files\gs\gs9.50\bin;C:\Users\s1930149\AppData\Local\Microsoft\WindowsApps;;C:\Program Files\eclipse javaEE;
USERNAME=s1930149
OS=Windows_NT
PROCESSOR_IDENTIFIER=Intel64 Family 6 Model 94 Stepping 3, GenuineIntel



---------------  S Y S T E M  ---------------

OS: Windows 10.0 , 64 bit Build 14393 (10.0.14393.2969)

CPU:total 4 (initial active 4) (4 cores per cpu, 1 threads per core) family 6 model 94 stepping 3, cmov, cx8, fxsr, mmx, sse, sse2, sse3, ssse3, sse4.1, sse4.2, popcnt, aes, clmul, erms, rtm, 3dnowpref, lzcnt, tsc, tscinvbit, bmi1, bmi2, adx

Memory: 4k page, physical 8142772k(3661336k free), swap 8142772k(5132k free)

vm_info: Java HotSpot(TM) 64-Bit Server VM (25.241-b07) for windows-amd64 JRE (1.8.0_241-b07), built on Dec 11 2019 10:21:40 by "rejava" with MS VC++ 10.0 (VS2010)

time: Thu Jan 30 17:32:37 2020
timezone: ìåãû (ïWèÄéû)
elapsed time: 52 seconds (0d 0h 0m 52s)

