8 03, 2019 11:33:46 午前 simple.logic.Logic create
情報: Success create method execution.
8 03, 2019 11:33:46 午前 simple.logic.Logic read
情報: Read data which is E.
8 03, 2019 11:33:46 午前 simple.logic.Logic read
情報: Read data which is i.
8 03, 2019 11:33:46 午前 simple.logic.Logic read
情報: Read data which is n.
8 03, 2019 11:33:46 午前 simple.logic.Logic read
情報: Read data which is s.
8 03, 2019 11:33:46 午前 simple.logic.Logic read
情報: Read data which is t.
8 03, 2019 11:33:46 午前 simple.logic.Logic read
情報: Read data which is e.
8 03, 2019 11:33:46 午前 simple.logic.Logic read
情報: Read data which is i.
8 03, 2019 11:33:46 午前 simple.logic.Logic read
情報: Read data which is n.
8 03, 2019 11:33:46 午前 simple.logic.Logic read
情報: Read data which is  .
8 03, 2019 11:33:46 午前 simple.logic.Logic read
情報: Read data which is w.
8 03, 2019 11:33:46 午前 simple.logic.Logic read
情報: Read data which is a.
8 03, 2019 11:33:46 午前 simple.logic.Logic read
情報: Read data which is s.
8 03, 2019 11:33:46 午前 simple.logic.Logic read
情報: Read data which is  .
8 03, 2019 11:33:46 午前 simple.logic.Logic read
情報: Read data which is b.
8 03, 2019 11:33:46 午前 simple.logic.Logic read
情報: Read data which is o.
8 03, 2019 11:33:46 午前 simple.logic.Logic read
情報: Read data which is r.
8 03, 2019 11:33:46 午前 simple.logic.Logic read
情報: Read data which is n.
8 03, 2019 11:33:46 午前 simple.logic.Logic read
情報: Read data which is  .
8 03, 2019 11:33:46 午前 simple.logic.Logic read
情報: Read data which is a.
8 03, 2019 11:33:46 午前 simple.logic.Logic read
情報: Read data which is t.
8 03, 2019 11:33:46 午前 simple.logic.Logic read
情報: Read data which is  .
8 03, 2019 11:33:46 午前 simple.logic.Logic read
情報: Read data which is U.
8 03, 2019 11:33:46 午前 simple.logic.Logic read
情報: Read data which is l.
8 03, 2019 11:33:46 午前 simple.logic.Logic read
情報: Read data which is m.
8 03, 2019 11:33:46 午前 simple.logic.Logic read
情報: Read data which is ,.
8 03, 2019 11:33:46 午前 simple.logic.Logic read
情報: Read data which is  .
8 03, 2019 11:33:46 午前 simple.logic.Logic read
情報: Read data which is i.
8 03, 2019 11:33:46 午前 simple.logic.Logic read
情報: Read data which is n.
8 03, 2019 11:33:46 午前 simple.logic.Logic read
情報: Read data which is  .
8 03, 2019 11:33:46 午前 simple.logic.Logic read
情報: Read data which is W.
8 03, 2019 11:33:46 午前 simple.logic.Logic read
情報: Read data which is ü.
8 03, 2019 11:33:46 午前 simple.logic.Logic read
情報: Read data which is r.
8 03, 2019 11:33:46 午前 simple.logic.Logic read
情報: Read data which is t.
8 03, 2019 11:33:46 午前 simple.logic.Logic read
情報: Read data which is t.
8 03, 2019 11:33:46 午前 simple.logic.Logic read
情報: Read data which is e.
8 03, 2019 11:33:46 午前 simple.logic.Logic read
情報: Read data which is m.
8 03, 2019 11:33:46 午前 simple.logic.Logic read
情報: Read data which is b.
8 03, 2019 11:33:46 午前 simple.logic.Logic read
情報: Read data which is e.
8 03, 2019 11:33:46 午前 simple.logic.Logic read
情報: Read data which is r.
8 03, 2019 11:33:46 午前 simple.logic.Logic read
情報: Read data which is g.
8 03, 2019 11:33:46 午前 simple.logic.Logic read
情報: Read data which is ,.
8 03, 2019 11:33:47 午前 simple.logic.Logic read
情報: Read data which is  .
8 03, 2019 11:33:47 午前 simple.logic.Logic read
情報: Read data which is G.
8 03, 2019 11:33:47 午前 simple.logic.Logic read
情報: Read data which is e.
8 03, 2019 11:33:47 午前 simple.logic.Logic read
情報: Read data which is r.
8 03, 2019 11:33:47 午前 simple.logic.Logic read
情報: Read data which is m.
8 03, 2019 11:33:47 午前 simple.logic.Logic read
情報: Read data which is a.
8 03, 2019 11:33:47 午前 simple.logic.Logic read
情報: Read data which is n.
8 03, 2019 11:33:47 午前 simple.logic.Logic read
情報: Read data which is y.
8 03, 2019 11:33:47 午前 simple.logic.Logic read
情報: Read data which is ,.
8 03, 2019 11:33:47 午前 simple.logic.Logic read
情報: Read data which is  .
8 03, 2019 11:33:47 午前 simple.logic.Logic read
情報: Read data which is o.
8 03, 2019 11:33:47 午前 simple.logic.Logic read
情報: Read data which is n.
8 03, 2019 11:33:47 午前 simple.logic.Logic read
情報: Read data which is  .
8 03, 2019 11:33:47 午前 simple.logic.Logic read
情報: Read data which is M.
8 03, 2019 11:33:47 午前 simple.logic.Logic read
情報: Read data which is a.
8 03, 2019 11:33:47 午前 simple.logic.Logic read
情報: Read data which is r.
8 03, 2019 11:33:47 午前 simple.logic.Logic read
情報: Read data which is c.
8 03, 2019 11:33:47 午前 simple.logic.Logic read
情報: Read data which is h.
8 03, 2019 11:33:47 午前 simple.logic.Logic read
情報: Read data which is  .
8 03, 2019 11:33:47 午前 simple.logic.Logic read
情報: Read data which is 1.
8 03, 2019 11:33:47 午前 simple.logic.Logic read
情報: Read data which is 4.
8 03, 2019 11:33:47 午前 simple.logic.Logic read
情報: Read data which is ,.
8 03, 2019 11:33:47 午前 simple.logic.Logic read
情報: Read data which is  .
8 03, 2019 11:33:47 午前 simple.logic.Logic read
情報: Read data which is 1.
8 03, 2019 11:33:47 午前 simple.logic.Logic read
情報: Read data which is 8.
8 03, 2019 11:33:47 午前 simple.logic.Logic read
情報: Read data which is 7.
8 03, 2019 11:33:47 午前 simple.logic.Logic read
情報: Read data which is 9.
8 03, 2019 11:33:47 午前 simple.logic.Logic read
情報: Read data which is ..
8 03, 2019 11:33:47 午前 simple.logic.Logic read
情報: Read data which is  .
8 03, 2019 11:33:47 午前 simple.logic.Logic read
情報: Success read method execution.
8 03, 2019 11:33:47 午前 simple.logic.Logic update
情報: Success to update list data.
8 03, 2019 11:33:47 午前 simple.logic.Logic delete
情報: Success to delete list data.
